
Wed Feb 24 10:02:22 2021
--- STARTING Log ---
Version: 2.1.9-e398d1ea
---
2021-02-24 10:02:22.329 [0.003]: WARNING : [default] Logger: Filedump is true
2021-02-24 10:02:22.329 [0.003]: DEBUG   : [perfs] Perfs output enabled: false
2021-02-24 10:02:29.433 [7.098]: WARNING : [default] LICENSES: 4 FOUND IN "C:/Users/Administrator/Saved Games/BetaServer4/LotAtc Data/Server/Licenses"
2021-02-24 10:02:55.352 [33.023]: WARNING : [default] Logger: Filedump is true
2021-02-24 10:02:55.352 [33.023]: WARNING : [client.main] Magnetic file not found, exiting "C:\\Users\\Administrator\\Saved Games\\BetaServer4\\Mods\\services\\LotAtc\\\\magvar"
2021-02-24 10:02:55.352 [33.023]: WARNING : [client.main] Magnetic file not found, exiting "C:\\Users\\Administrator\\Saved Games\\BetaServer4\\Mods\\services\\LotAtc\\\\magvar"
2021-02-24 10:02:55.352 [33.023]: WARNING : [default] [GM] Set Year 2016
2021-02-24 10:02:55.352 [33.023]: WARNING : [default] [GM] Set Theather angle True true
2021-02-24 10:02:55.352 [33.024]: WARNING : [server.json] "Unable to start the server: The bound address is already in use."
2021-02-24 10:03:23.627 [61.289]: WARNING : [client.main] Category not found  ""
2021-02-24 10:03:23.627 [61.29]: WARNING : [client.main] Category not found  ""
2021-02-24 10:03:23.627 [61.29]: WARNING : [client.main] Category not found  ""
2021-02-24 10:03:23.627 [61.29]: WARNING : [client.main] Category not found  ""
2021-02-24 10:03:23.627 [61.29]: WARNING : [client.main] Category not found  ""
2021-02-24 10:03:23.627 [61.291]: WARNING : [client.main] Category not found  ""
2021-02-24 10:03:23.627 [61.291]: WARNING : [client.main] Category not found  ""
2021-02-24 10:03:23.627 [61.291]: WARNING : [client.main] Category not found  ""
2021-02-24 10:03:23.627 [61.291]: WARNING : [client.main] Category not found  ""
2021-02-24 10:03:23.627 [61.291]: WARNING : [client.main] Category not found  ""
2021-02-24 10:03:23.627 [61.291]: WARNING : [client.main] Category not found  ""
2021-02-24 10:03:23.627 [61.291]: WARNING : [client.main] Category not found  ""
2021-02-24 10:03:23.627 [61.291]: WARNING : [client.main] Category not found  ""
2021-02-24 10:03:23.627 [61.291]: WARNING : [client.main] Category not found  ""
2021-02-24 10:03:23.627 [61.291]: WARNING : [client.main] Category not found  ""
2021-02-24 10:03:23.627 [61.291]: WARNING : [client.main] Category not found  ""
2021-02-24 10:03:23.627 [61.291]: WARNING : [client.main] Category not found  ""
2021-02-24 10:03:23.627 [61.291]: WARNING : [client.main] Category not found  ""
2021-02-24 10:03:23.627 [61.291]: WARNING : [client.main] Category not found  ""
2021-02-24 10:03:23.627 [61.291]: WARNING : [client.main] Category not found  ""
2021-02-24 10:03:23.627 [61.292]: WARNING : [client.main] Category not found  ""
2021-02-24 10:03:23.627 [61.292]: WARNING : [client.main] Category not found  ""
2021-02-24 10:03:23.627 [61.292]: WARNING : [client.main] Category not found  ""
2021-02-24 10:03:23.627 [61.292]: WARNING : [client.main] Category not found  ""
2021-02-24 10:03:23.627 [61.292]: WARNING : [client.main] Category not found  ""
2021-02-24 10:03:23.627 [61.292]: WARNING : [client.main] Category not found  ""
2021-02-24 10:03:23.627 [61.292]: WARNING : [client.main] Category not found  ""
2021-02-24 10:03:23.627 [61.292]: WARNING : [client.main] Category not found  ""
2021-02-24 10:03:23.627 [61.292]: WARNING : [client.main] Category not found  ""
2021-02-24 10:03:23.627 [61.292]: WARNING : [client.main] Category not found  ""
2021-02-24 10:03:23.627 [61.292]: WARNING : [client.main] Category not found  ""
2021-02-24 10:03:23.627 [61.292]: WARNING : [client.main] Category not found  ""
2021-02-24 10:03:23.627 [61.292]: WARNING : [client.main] Category not found  ""
2021-02-24 10:03:23.627 [61.292]: WARNING : [client.main] Category not found  ""
2021-02-24 10:03:23.627 [61.292]: WARNING : [client.main] Category not found  ""
2021-02-24 10:03:23.627 [61.292]: WARNING : [client.main] Category not found  ""
2021-02-24 10:03:23.627 [61.292]: WARNING : [client.main] Category not found  ""
2021-02-24 10:03:23.627 [61.293]: WARNING : [client.main] Category not found  ""
2021-02-24 10:03:23.627 [61.293]: WARNING : [client.main] Category not found  ""
2021-02-24 10:03:23.627 [61.293]: WARNING : [client.main] Category not found  ""
2021-02-24 10:03:23.627 [61.293]: WARNING : [client.main] Category not found  ""
2021-02-24 10:03:23.627 [61.293]: WARNING : [client.main] Category not found  ""
2021-02-24 10:03:23.627 [61.293]: WARNING : [client.main] Category not found  ""
2021-02-24 10:03:23.627 [61.293]: WARNING : [client.main] Category not found  ""
2021-02-24 10:03:23.627 [61.293]: WARNING : [client.main] Category not found  ""
2021-02-24 10:03:23.627 [61.293]: WARNING : [client.main] Category not found  ""
2021-02-24 10:03:23.627 [61.293]: WARNING : [client.main] Category not found  ""
2021-02-24 10:03:23.627 [61.293]: WARNING : [client.main] Category not found  ""
2021-02-24 10:03:23.627 [61.293]: WARNING : [client.main] Category not found  ""
2021-02-24 10:03:23.627 [61.293]: WARNING : [client.main] Category not found  ""
2021-02-24 10:03:23.627 [61.293]: WARNING : [client.main] Category not found  ""
2021-02-24 10:03:23.627 [61.293]: WARNING : [client.main] Category not found  ""
2021-02-24 10:03:23.627 [61.293]: WARNING : [client.main] Category not found  ""
2021-02-24 10:03:23.627 [61.293]: WARNING : [client.main] Category not found  ""
2021-02-24 10:03:23.627 [61.293]: WARNING : [client.main] Category not found  ""
2021-02-24 10:03:23.627 [61.293]: WARNING : [client.main] Category not found  ""
2021-02-24 10:03:23.627 [61.293]: WARNING : [client.main] Category not found  ""
2021-02-24 10:03:23.627 [61.294]: WARNING : [client.main] Category not found  ""
2021-02-24 10:03:23.627 [61.294]: WARNING : [client.main] Category not found  ""
2021-02-24 10:03:23.627 [61.294]: WARNING : [client.main] Category not found  ""
2021-02-24 10:03:23.627 [61.294]: WARNING : [client.main] Category not found  ""
2021-02-24 10:03:23.627 [61.294]: WARNING : [client.main] Category not found  ""
2021-02-24 10:03:23.627 [61.294]: WARNING : [client.main] Category not found  ""
2021-02-24 10:03:23.627 [61.294]: WARNING : [client.main] Category not found  ""
2021-02-24 10:03:23.627 [61.294]: WARNING : [client.main] Category not found  ""
2021-02-24 10:03:23.627 [61.294]: WARNING : [client.main] Category not found  ""
2021-02-24 10:03:23.627 [61.294]: WARNING : [client.main] Category not found  ""
2021-02-24 10:03:23.627 [61.294]: WARNING : [client.main] Category not found  ""
2021-02-24 10:03:23.627 [61.294]: WARNING : [client.main] Category not found  ""
2021-02-24 10:03:23.627 [61.294]: WARNING : [client.main] Category not found  ""
2021-02-24 10:03:23.627 [61.294]: WARNING : [client.main] Category not found  ""
2021-02-24 10:03:23.627 [61.294]: WARNING : [client.main] Category not found  ""
2021-02-24 10:03:23.627 [61.294]: WARNING : [client.main] Category not found  ""
2021-02-24 10:03:23.627 [61.294]: WARNING : [client.main] Category not found  ""
2021-02-24 10:03:23.627 [61.294]: WARNING : [client.main] Category not found  ""
2021-02-24 10:03:23.627 [61.294]: WARNING : [client.main] Category not found  ""
2021-02-24 10:03:23.627 [61.294]: WARNING : [client.main] Category not found  ""
2021-02-24 10:03:23.627 [61.294]: WARNING : [client.main] Category not found  ""
2021-02-24 10:03:23.627 [61.294]: WARNING : [client.main] Category not found  ""
2021-02-24 10:03:23.627 [61.294]: WARNING : [client.main] Category not found  ""
2021-02-24 10:03:23.627 [61.295]: WARNING : [client.main] Category not found  ""
2021-02-24 10:03:23.627 [61.295]: WARNING : [client.main] Category not found  ""
2021-02-24 10:03:23.627 [61.295]: WARNING : [client.main] Category not found  ""
2021-02-24 10:03:23.627 [61.295]: WARNING : [client.main] Category not found  ""
2021-02-24 10:03:23.720 [61.386]: WARNING : [client.main] Category not found  ""
2021-02-24 10:03:23.720 [61.387]: WARNING : [client.main] Category not found  ""
2021-02-24 10:03:23.720 [61.387]: WARNING : [client.main] Category not found  ""
2021-02-24 10:03:23.720 [61.388]: WARNING : [client.main] Category not found  ""
2021-02-24 10:03:23.720 [61.389]: WARNING : [client.main] Category not found  ""
2021-02-24 10:03:23.720 [61.389]: WARNING : [client.main] Category not found  ""
2021-02-24 10:03:23.720 [61.389]: WARNING : [client.main] Category not found  ""
2021-02-24 10:03:23.720 [61.39]: WARNING : [client.main] Category not found  ""
2021-02-24 17:27:26.469 [26704.1]: WARNING : [default] LICENSES: 4 FOUND IN "C:/Users/Administrator/Saved Games/BetaServer4/LotAtc Data/Server/Licenses"
2021-02-24 17:27:32.920 [26710.6]: WARNING : [default] Logger: Filedump is true
2021-02-24 17:27:32.920 [26710.6]: WARNING : [client.main] Magnetic file not found, exiting "C:\\Users\\Administrator\\Saved Games\\BetaServer4\\Mods\\services\\LotAtc\\\\magvar"
2021-02-24 17:27:32.920 [26710.6]: WARNING : [default] [GM] Set Year 2016
2021-02-24 17:27:32.920 [26710.6]: WARNING : [default] [GM] Set Theather angle True true
2021-02-24 17:27:32.920 [26710.6]: WARNING : [server.json] "Unable to start the server: The bound address is already in use."
2021-02-24 17:27:34.201 [26711.9]: WARNING : [client.main] Category not found  ""
2021-02-24 17:27:34.201 [26711.9]: WARNING : [client.main] Category not found  ""
2021-02-24 17:27:34.201 [26711.9]: WARNING : [client.main] Category not found  ""
2021-02-24 17:27:34.201 [26711.9]: WARNING : [client.main] Category not found  ""
2021-02-24 17:27:34.201 [26711.9]: WARNING : [client.main] Category not found  ""
2021-02-24 17:27:34.201 [26711.9]: WARNING : [client.main] Category not found  ""
2021-02-24 17:27:34.201 [26711.9]: WARNING : [client.main] Category not found  ""
2021-02-24 17:27:34.201 [26711.9]: WARNING : [client.main] Category not found  ""
2021-02-24 17:27:34.201 [26711.9]: WARNING : [client.main] Category not found  ""
2021-02-24 17:27:34.201 [26711.9]: WARNING : [client.main] Category not found  ""
2021-02-24 17:27:34.201 [26711.9]: WARNING : [client.main] Category not found  ""
2021-02-24 17:27:34.217 [26711.9]: WARNING : [client.main] Category not found  ""
2021-02-24 17:27:34.217 [26711.9]: WARNING : [client.main] Category not found  ""
2021-02-24 17:27:34.217 [26711.9]: WARNING : [client.main] Category not found  ""
2021-02-24 17:27:34.217 [26711.9]: WARNING : [client.main] Category not found  ""
2021-02-24 17:27:34.217 [26711.9]: WARNING : [client.main] Category not found  ""
2021-02-24 17:27:34.217 [26711.9]: WARNING : [client.main] Category not found  ""
2021-02-24 17:27:34.217 [26711.9]: WARNING : [client.main] Category not found  ""
2021-02-24 17:27:34.217 [26711.9]: WARNING : [client.main] Category not found  ""
2021-02-24 17:27:34.217 [26711.9]: WARNING : [client.main] Category not found  ""
2021-02-24 17:27:34.217 [26711.9]: WARNING : [client.main] Category not found  ""
2021-02-24 17:27:34.217 [26711.9]: WARNING : [client.main] Category not found  ""
2021-02-24 17:27:34.217 [26711.9]: WARNING : [client.main] Category not found  ""
2021-02-24 17:27:34.217 [26711.9]: WARNING : [client.main] Category not found  ""
2021-02-24 17:27:34.217 [26711.9]: WARNING : [client.main] Category not found  ""
2021-02-24 17:27:34.217 [26711.9]: WARNING : [client.main] Category not found  ""
2021-02-24 17:27:34.217 [26711.9]: WARNING : [client.main] Category not found  ""
2021-02-24 17:27:34.217 [26711.9]: WARNING : [client.main] Category not found  ""
2021-02-24 17:27:34.217 [26711.9]: WARNING : [client.main] Category not found  ""
2021-02-24 17:27:34.217 [26711.9]: WARNING : [client.main] Category not found  ""
2021-02-24 17:27:34.217 [26711.9]: WARNING : [client.main] Category not found  ""
2021-02-24 17:27:34.217 [26711.9]: WARNING : [client.main] Category not found  ""
2021-02-24 17:27:34.217 [26711.9]: WARNING : [client.main] Category not found  ""
2021-02-24 17:27:34.217 [26711.9]: WARNING : [client.main] Category not found  ""
2021-02-24 17:27:34.217 [26711.9]: WARNING : [client.main] Category not found  ""
2021-02-24 17:27:34.217 [26711.9]: WARNING : [client.main] Category not found  ""
2021-02-24 17:27:34.217 [26711.9]: WARNING : [client.main] Category not found  ""
2021-02-24 17:27:34.217 [26711.9]: WARNING : [client.main] Category not found  ""
2021-02-24 17:27:34.217 [26711.9]: WARNING : [client.main] Category not found  ""
2021-02-24 17:27:34.217 [26711.9]: WARNING : [client.main] Category not found  ""
2021-02-24 17:27:34.217 [26711.9]: WARNING : [client.main] Category not found  ""
2021-02-24 17:27:34.217 [26711.9]: WARNING : [client.main] Category not found  ""
2021-02-24 17:27:34.217 [26711.9]: WARNING : [client.main] Category not found  ""
2021-02-24 17:27:34.217 [26711.9]: WARNING : [client.main] Category not found  ""
2021-02-24 17:27:34.217 [26711.9]: WARNING : [client.main] Category not found  ""
2021-02-24 17:27:34.217 [26711.9]: WARNING : [client.main] Category not found  ""
2021-02-24 17:27:34.217 [26711.9]: WARNING : [client.main] Category not found  ""
2021-02-24 17:27:34.217 [26711.9]: WARNING : [client.main] Category not found  ""
2021-02-24 17:27:34.217 [26711.9]: WARNING : [client.main] Category not found  ""
2021-02-24 17:27:34.217 [26711.9]: WARNING : [client.main] Category not found  ""
2021-02-24 17:27:34.217 [26711.9]: WARNING : [client.main] Category not found  ""
2021-02-24 17:27:34.217 [26711.9]: WARNING : [client.main] Category not found  ""
2021-02-24 17:27:34.217 [26711.9]: WARNING : [client.main] Category not found  ""
2021-02-24 17:27:34.217 [26711.9]: WARNING : [client.main] Category not found  ""
2021-02-24 17:27:34.217 [26711.9]: WARNING : [client.main] Category not found  ""
2021-02-24 17:27:34.217 [26711.9]: WARNING : [client.main] Category not found  ""
2021-02-24 17:27:34.217 [26711.9]: WARNING : [client.main] Category not found  ""
2021-02-24 17:27:34.217 [26711.9]: WARNING : [client.main] Category not found  ""
2021-02-24 17:27:34.217 [26711.9]: WARNING : [client.main] Category not found  ""
2021-02-24 17:27:34.217 [26711.9]: WARNING : [client.main] Category not found  ""
2021-02-24 17:27:34.217 [26711.9]: WARNING : [client.main] Category not found  ""
2021-02-24 17:27:34.217 [26711.9]: WARNING : [client.main] Category not found  ""
2021-02-24 17:27:34.217 [26711.9]: WARNING : [client.main] Category not found  ""
2021-02-24 17:27:34.217 [26711.9]: WARNING : [client.main] Category not found  ""
2021-02-24 17:27:34.217 [26711.9]: WARNING : [client.main] Category not found  ""
2021-02-24 17:27:34.217 [26711.9]: WARNING : [client.main] Category not found  ""
2021-02-24 17:27:34.217 [26711.9]: WARNING : [client.main] Category not found  ""
2021-02-24 17:27:34.217 [26711.9]: WARNING : [client.main] Category not found  ""
2021-02-24 17:27:34.217 [26711.9]: WARNING : [client.main] Category not found  ""
2021-02-24 17:27:34.217 [26711.9]: WARNING : [client.main] Category not found  ""
2021-02-24 17:27:34.217 [26711.9]: WARNING : [client.main] Category not found  ""
2021-02-24 17:27:34.217 [26711.9]: WARNING : [client.main] Category not found  ""
2021-02-24 17:27:34.217 [26711.9]: WARNING : [client.main] Category not found  ""
2021-02-24 17:27:34.217 [26711.9]: WARNING : [client.main] Category not found  ""
2021-02-24 17:27:34.217 [26711.9]: WARNING : [client.main] Category not found  ""
2021-02-24 17:27:34.217 [26711.9]: WARNING : [client.main] Category not found  ""
2021-02-24 17:27:34.217 [26711.9]: WARNING : [client.main] Category not found  ""
2021-02-24 17:27:34.217 [26711.9]: WARNING : [client.main] Category not found  ""
2021-02-24 17:27:34.217 [26711.9]: WARNING : [client.main] Category not found  ""
2021-02-24 17:27:34.217 [26711.9]: WARNING : [client.main] Category not found  ""
2021-02-24 17:27:34.217 [26711.9]: WARNING : [client.main] Category not found  ""
2021-02-24 17:27:34.217 [26711.9]: WARNING : [client.main] Category not found  ""
2021-02-24 17:27:34.217 [26711.9]: WARNING : [client.main] Category not found  ""
2021-02-24 17:27:34.217 [26711.9]: WARNING : [client.main] Category not found  ""
2021-02-24 17:27:34.311 [26712]: WARNING : [client.main] Category not found  ""
2021-02-24 17:27:34.326 [26712]: WARNING : [client.main] Category not found  ""
2021-02-24 17:27:34.326 [26712]: WARNING : [client.main] Category not found  ""
2021-02-24 17:27:34.326 [26712]: WARNING : [client.main] Category not found  ""
2021-02-24 17:27:34.326 [26712]: WARNING : [client.main] Category not found  ""
2021-02-24 17:27:34.326 [26712]: WARNING : [client.main] Category not found  ""
2021-02-24 17:27:34.326 [26712]: WARNING : [client.main] Category not found  ""
2021-02-24 17:27:34.326 [26712]: WARNING : [client.main] Category not found  ""
2021-02-25 01:11:14.786 [54532.5]: WARNING : [default] LICENSES: 4 FOUND IN "C:/Users/Administrator/Saved Games/BetaServer4/LotAtc Data/Server/Licenses"
2021-02-25 01:11:20.535 [54538.2]: WARNING : [default] Logger: Filedump is true
2021-02-25 01:11:20.535 [54538.2]: WARNING : [client.main] Magnetic file not found, exiting "C:\\Users\\Administrator\\Saved Games\\BetaServer4\\Mods\\services\\LotAtc\\\\magvar"
2021-02-25 01:11:20.535 [54538.2]: WARNING : [default] [GM] Set Year 2016
2021-02-25 01:11:20.535 [54538.2]: WARNING : [default] [GM] Set Theather angle True true
2021-02-25 01:11:20.535 [54538.2]: WARNING : [server.json] "Unable to start the server: The bound address is already in use."
2021-02-25 01:11:21.722 [54539.4]: WARNING : [client.main] Category not found  ""
2021-02-25 01:11:21.722 [54539.4]: WARNING : [client.main] Category not found  ""
2021-02-25 01:11:21.722 [54539.4]: WARNING : [client.main] Category not found  ""
2021-02-25 01:11:21.722 [54539.4]: WARNING : [client.main] Category not found  ""
2021-02-25 01:11:21.722 [54539.4]: WARNING : [client.main] Category not found  ""
2021-02-25 01:11:21.722 [54539.4]: WARNING : [client.main] Category not found  ""
2021-02-25 01:11:21.722 [54539.4]: WARNING : [client.main] Category not found  ""
2021-02-25 01:11:21.722 [54539.4]: WARNING : [client.main] Category not found  ""
2021-02-25 01:11:21.722 [54539.4]: WARNING : [client.main] Category not found  ""
2021-02-25 01:11:21.722 [54539.4]: WARNING : [client.main] Category not found  ""
2021-02-25 01:11:21.722 [54539.4]: WARNING : [client.main] Category not found  ""
2021-02-25 01:11:21.722 [54539.4]: WARNING : [client.main] Category not found  ""
2021-02-25 01:11:21.722 [54539.4]: WARNING : [client.main] Category not found  ""
2021-02-25 01:11:21.722 [54539.4]: WARNING : [client.main] Category not found  ""
2021-02-25 01:11:21.722 [54539.4]: WARNING : [client.main] Category not found  ""
2021-02-25 01:11:21.722 [54539.4]: WARNING : [client.main] Category not found  ""
2021-02-25 01:11:21.722 [54539.4]: WARNING : [client.main] Category not found  ""
2021-02-25 01:11:21.722 [54539.4]: WARNING : [client.main] Category not found  ""
2021-02-25 01:11:21.722 [54539.4]: WARNING : [client.main] Category not found  ""
2021-02-25 01:11:21.722 [54539.4]: WARNING : [client.main] Category not found  ""
2021-02-25 01:11:21.722 [54539.4]: WARNING : [client.main] Category not found  ""
2021-02-25 01:11:21.722 [54539.4]: WARNING : [client.main] Category not found  ""
2021-02-25 01:11:21.722 [54539.4]: WARNING : [client.main] Category not found  ""
2021-02-25 01:11:21.722 [54539.4]: WARNING : [client.main] Category not found  ""
2021-02-25 01:11:21.722 [54539.4]: WARNING : [client.main] Category not found  ""
2021-02-25 01:11:21.722 [54539.4]: WARNING : [client.main] Category not found  ""
2021-02-25 01:11:21.722 [54539.4]: WARNING : [client.main] Category not found  ""
2021-02-25 01:11:21.722 [54539.4]: WARNING : [client.main] Category not found  ""
2021-02-25 01:11:21.722 [54539.4]: WARNING : [client.main] Category not found  ""
2021-02-25 01:11:21.722 [54539.4]: WARNING : [client.main] Category not found  ""
2021-02-25 01:11:21.722 [54539.4]: WARNING : [client.main] Category not found  ""
2021-02-25 01:11:21.722 [54539.4]: WARNING : [client.main] Category not found  ""
2021-02-25 01:11:21.722 [54539.4]: WARNING : [client.main] Category not found  ""
2021-02-25 01:11:21.722 [54539.4]: WARNING : [client.main] Category not found  ""
2021-02-25 01:11:21.722 [54539.4]: WARNING : [client.main] Category not found  ""
2021-02-25 01:11:21.722 [54539.4]: WARNING : [client.main] Category not found  ""
2021-02-25 01:11:21.722 [54539.4]: WARNING : [client.main] Category not found  ""
2021-02-25 01:11:21.722 [54539.4]: WARNING : [client.main] Category not found  ""
2021-02-25 01:11:21.722 [54539.4]: WARNING : [client.main] Category not found  ""
2021-02-25 01:11:21.722 [54539.4]: WARNING : [client.main] Category not found  ""
2021-02-25 01:11:21.722 [54539.4]: WARNING : [client.main] Category not found  ""
2021-02-25 01:11:21.722 [54539.4]: WARNING : [client.main] Category not found  ""
2021-02-25 01:11:21.722 [54539.4]: WARNING : [client.main] Category not found  ""
2021-02-25 01:11:21.722 [54539.4]: WARNING : [client.main] Category not found  ""
2021-02-25 01:11:21.722 [54539.4]: WARNING : [client.main] Category not found  ""
2021-02-25 01:11:21.722 [54539.4]: WARNING : [client.main] Category not found  ""
2021-02-25 01:11:21.722 [54539.4]: WARNING : [client.main] Category not found  ""
2021-02-25 01:11:21.722 [54539.4]: WARNING : [client.main] Category not found  ""
2021-02-25 01:11:21.722 [54539.4]: WARNING : [client.main] Category not found  ""
2021-02-25 01:11:21.722 [54539.4]: WARNING : [client.main] Category not found  ""
2021-02-25 01:11:21.722 [54539.4]: WARNING : [client.main] Category not found  ""
2021-02-25 01:11:21.722 [54539.4]: WARNING : [client.main] Category not found  ""
2021-02-25 01:11:21.722 [54539.4]: WARNING : [client.main] Category not found  ""
2021-02-25 01:11:21.722 [54539.4]: WARNING : [client.main] Category not found  ""
2021-02-25 01:11:21.722 [54539.4]: WARNING : [client.main] Category not found  ""
2021-02-25 01:11:21.722 [54539.4]: WARNING : [client.main] Category not found  ""
2021-02-25 01:11:21.722 [54539.4]: WARNING : [client.main] Category not found  ""
2021-02-25 01:11:21.722 [54539.4]: WARNING : [client.main] Category not found  ""
2021-02-25 01:11:21.722 [54539.4]: WARNING : [client.main] Category not found  ""
2021-02-25 01:11:21.722 [54539.4]: WARNING : [client.main] Category not found  ""
2021-02-25 01:11:21.722 [54539.4]: WARNING : [client.main] Category not found  ""
2021-02-25 01:11:21.722 [54539.4]: WARNING : [client.main] Category not found  ""
2021-02-25 01:11:21.722 [54539.4]: WARNING : [client.main] Category not found  ""
2021-02-25 01:11:21.722 [54539.4]: WARNING : [client.main] Category not found  ""
2021-02-25 01:11:21.722 [54539.4]: WARNING : [client.main] Category not found  ""
2021-02-25 01:11:21.722 [54539.4]: WARNING : [client.main] Category not found  ""
2021-02-25 01:11:21.722 [54539.4]: WARNING : [client.main] Category not found  ""
2021-02-25 01:11:21.722 [54539.4]: WARNING : [client.main] Category not found  ""
2021-02-25 01:11:21.722 [54539.4]: WARNING : [client.main] Category not found  ""
2021-02-25 01:11:21.722 [54539.4]: WARNING : [client.main] Category not found  ""
2021-02-25 01:11:21.722 [54539.4]: WARNING : [client.main] Category not found  ""
2021-02-25 01:11:21.722 [54539.4]: WARNING : [client.main] Category not found  ""
2021-02-25 01:11:21.722 [54539.4]: WARNING : [client.main] Category not found  ""
2021-02-25 01:11:21.722 [54539.4]: WARNING : [client.main] Category not found  ""
2021-02-25 01:11:21.722 [54539.4]: WARNING : [client.main] Category not found  ""
2021-02-25 01:11:21.722 [54539.4]: WARNING : [client.main] Category not found  ""
2021-02-25 01:11:21.722 [54539.4]: WARNING : [client.main] Category not found  ""
2021-02-25 01:11:21.722 [54539.4]: WARNING : [client.main] Category not found  ""
2021-02-25 01:11:21.722 [54539.4]: WARNING : [client.main] Category not found  ""
2021-02-25 01:11:21.722 [54539.4]: WARNING : [client.main] Category not found  ""
2021-02-25 01:11:21.722 [54539.4]: WARNING : [client.main] Category not found  ""
2021-02-25 01:11:21.722 [54539.4]: WARNING : [client.main] Category not found  ""
2021-02-25 01:11:21.722 [54539.4]: WARNING : [client.main] Category not found  ""
2021-02-25 01:11:21.722 [54539.4]: WARNING : [client.main] Category not found  ""
2021-02-25 01:11:21.815 [54539.5]: WARNING : [client.main] Category not found  ""
2021-02-25 01:11:21.815 [54539.5]: WARNING : [client.main] Category not found  ""
2021-02-25 01:11:21.831 [54539.5]: WARNING : [client.main] Category not found  ""
2021-02-25 01:11:21.831 [54539.5]: WARNING : [client.main] Category not found  ""
2021-02-25 01:11:21.831 [54539.5]: WARNING : [client.main] Category not found  ""
2021-02-25 01:11:21.831 [54539.5]: WARNING : [client.main] Category not found  ""
2021-02-25 01:11:21.831 [54539.5]: WARNING : [client.main] Category not found  ""
2021-02-25 01:11:21.831 [54539.5]: WARNING : [client.main] Category not found  ""
2021-02-25 14:40:59.415 [103117]: WARNING : [default] LICENSES: 4 FOUND IN "C:/Users/Administrator/Saved Games/BetaServer4/LotAtc Data/Server/Licenses"
2021-02-25 14:41:05.773 [103123]: WARNING : [default] Logger: Filedump is true
2021-02-25 14:41:05.773 [103123]: WARNING : [client.main] Magnetic file not found, exiting "C:\\Users\\Administrator\\Saved Games\\BetaServer4\\Mods\\services\\LotAtc\\\\magvar"
2021-02-25 14:41:05.773 [103123]: WARNING : [default] [GM] Set Year 2016
2021-02-25 14:41:05.773 [103123]: WARNING : [default] [GM] Set Theather angle True true
2021-02-25 14:41:05.773 [103123]: WARNING : [server.json] "Unable to start the server: The bound address is already in use."
2021-02-25 14:41:06.914 [103125]: WARNING : [client.main] Category not found  ""
2021-02-25 14:41:06.914 [103125]: WARNING : [client.main] Category not found  ""
2021-02-25 14:41:06.914 [103125]: WARNING : [client.main] Category not found  ""
2021-02-25 14:41:06.914 [103125]: WARNING : [client.main] Category not found  ""
2021-02-25 14:41:06.914 [103125]: WARNING : [client.main] Category not found  ""
2021-02-25 14:41:06.914 [103125]: WARNING : [client.main] Category not found  ""
2021-02-25 14:41:06.914 [103125]: WARNING : [client.main] Category not found  ""
2021-02-25 14:41:06.914 [103125]: WARNING : [client.main] Category not found  ""
2021-02-25 14:41:06.914 [103125]: WARNING : [client.main] Category not found  ""
2021-02-25 14:41:06.914 [103125]: WARNING : [client.main] Category not found  ""
2021-02-25 14:41:06.914 [103125]: WARNING : [client.main] Category not found  ""
2021-02-25 14:41:06.914 [103125]: WARNING : [client.main] Category not found  ""
2021-02-25 14:41:06.914 [103125]: WARNING : [client.main] Category not found  ""
2021-02-25 14:41:06.914 [103125]: WARNING : [client.main] Category not found  ""
2021-02-25 14:41:06.914 [103125]: WARNING : [client.main] Category not found  ""
2021-02-25 14:41:06.914 [103125]: WARNING : [client.main] Category not found  ""
2021-02-25 14:41:06.914 [103125]: WARNING : [client.main] Category not found  ""
2021-02-25 14:41:06.914 [103125]: WARNING : [client.main] Category not found  ""
2021-02-25 14:41:06.914 [103125]: WARNING : [client.main] Category not found  ""
2021-02-25 14:41:06.914 [103125]: WARNING : [client.main] Category not found  ""
2021-02-25 14:41:06.914 [103125]: WARNING : [client.main] Category not found  ""
2021-02-25 14:41:06.914 [103125]: WARNING : [client.main] Category not found  ""
2021-02-25 14:41:06.914 [103125]: WARNING : [client.main] Category not found  ""
2021-02-25 14:41:06.914 [103125]: WARNING : [client.main] Category not found  ""
2021-02-25 14:41:06.914 [103125]: WARNING : [client.main] Category not found  ""
2021-02-25 14:41:06.914 [103125]: WARNING : [client.main] Category not found  ""
2021-02-25 14:41:06.914 [103125]: WARNING : [client.main] Category not found  ""
2021-02-25 14:41:06.914 [103125]: WARNING : [client.main] Category not found  ""
2021-02-25 14:41:06.914 [103125]: WARNING : [client.main] Category not found  ""
2021-02-25 14:41:06.914 [103125]: WARNING : [client.main] Category not found  ""
2021-02-25 14:41:06.914 [103125]: WARNING : [client.main] Category not found  ""
2021-02-25 14:41:06.914 [103125]: WARNING : [client.main] Category not found  ""
2021-02-25 14:41:06.914 [103125]: WARNING : [client.main] Category not found  ""
2021-02-25 14:41:06.914 [103125]: WARNING : [client.main] Category not found  ""
2021-02-25 14:41:06.914 [103125]: WARNING : [client.main] Category not found  ""
2021-02-25 14:41:06.914 [103125]: WARNING : [client.main] Category not found  ""
2021-02-25 14:41:06.914 [103125]: WARNING : [client.main] Category not found  ""
2021-02-25 14:41:06.914 [103125]: WARNING : [client.main] Category not found  ""
2021-02-25 14:41:06.914 [103125]: WARNING : [client.main] Category not found  ""
2021-02-25 14:41:06.914 [103125]: WARNING : [client.main] Category not found  ""
2021-02-25 14:41:06.914 [103125]: WARNING : [client.main] Category not found  ""
2021-02-25 14:41:06.914 [103125]: WARNING : [client.main] Category not found  ""
2021-02-25 14:41:06.914 [103125]: WARNING : [client.main] Category not found  ""
2021-02-25 14:41:06.914 [103125]: WARNING : [client.main] Category not found  ""
2021-02-25 14:41:06.914 [103125]: WARNING : [client.main] Category not found  ""
2021-02-25 14:41:06.914 [103125]: WARNING : [client.main] Category not found  ""
2021-02-25 14:41:06.914 [103125]: WARNING : [client.main] Category not found  ""
2021-02-25 14:41:06.914 [103125]: WARNING : [client.main] Category not found  ""
2021-02-25 14:41:06.914 [103125]: WARNING : [client.main] Category not found  ""
2021-02-25 14:41:06.914 [103125]: WARNING : [client.main] Category not found  ""
2021-02-25 14:41:06.914 [103125]: WARNING : [client.main] Category not found  ""
2021-02-25 14:41:06.914 [103125]: WARNING : [client.main] Category not found  ""
2021-02-25 14:41:06.914 [103125]: WARNING : [client.main] Category not found  ""
2021-02-25 14:41:06.914 [103125]: WARNING : [client.main] Category not found  ""
2021-02-25 14:41:06.914 [103125]: WARNING : [client.main] Category not found  ""
2021-02-25 14:41:06.914 [103125]: WARNING : [client.main] Category not found  ""
2021-02-25 14:41:06.914 [103125]: WARNING : [client.main] Category not found  ""
2021-02-25 14:41:06.914 [103125]: WARNING : [client.main] Category not found  ""
2021-02-25 14:41:06.914 [103125]: WARNING : [client.main] Category not found  ""
2021-02-25 14:41:06.914 [103125]: WARNING : [client.main] Category not found  ""
2021-02-25 14:41:06.914 [103125]: WARNING : [client.main] Category not found  ""
2021-02-25 14:41:06.914 [103125]: WARNING : [client.main] Category not found  ""
2021-02-25 14:41:06.914 [103125]: WARNING : [client.main] Category not found  ""
2021-02-25 14:41:06.914 [103125]: WARNING : [client.main] Category not found  ""
2021-02-25 14:41:06.914 [103125]: WARNING : [client.main] Category not found  ""
2021-02-25 14:41:06.914 [103125]: WARNING : [client.main] Category not found  ""
2021-02-25 14:41:06.914 [103125]: WARNING : [client.main] Category not found  ""
2021-02-25 14:41:06.914 [103125]: WARNING : [client.main] Category not found  ""
2021-02-25 14:41:06.914 [103125]: WARNING : [client.main] Category not found  ""
2021-02-25 14:41:06.914 [103125]: WARNING : [client.main] Category not found  ""
2021-02-25 14:41:06.914 [103125]: WARNING : [client.main] Category not found  ""
2021-02-25 14:41:06.914 [103125]: WARNING : [client.main] Category not found  ""
2021-02-25 14:41:06.914 [103125]: WARNING : [client.main] Category not found  ""
2021-02-25 14:41:06.914 [103125]: WARNING : [client.main] Category not found  ""
2021-02-25 14:41:06.914 [103125]: WARNING : [client.main] Category not found  ""
2021-02-25 14:41:06.914 [103125]: WARNING : [client.main] Category not found  ""
2021-02-25 14:41:06.914 [103125]: WARNING : [client.main] Category not found  ""
2021-02-25 14:41:06.914 [103125]: WARNING : [client.main] Category not found  ""
2021-02-25 14:41:06.914 [103125]: WARNING : [client.main] Category not found  ""
2021-02-25 14:41:06.914 [103125]: WARNING : [client.main] Category not found  ""
2021-02-25 14:41:06.914 [103125]: WARNING : [client.main] Category not found  ""
2021-02-25 14:41:06.914 [103125]: WARNING : [client.main] Category not found  ""
2021-02-25 14:41:06.914 [103125]: WARNING : [client.main] Category not found  ""
2021-02-25 14:41:06.914 [103125]: WARNING : [client.main] Category not found  ""
2021-02-25 14:41:07.007 [103125]: WARNING : [client.main] Category not found  ""
2021-02-25 14:41:07.007 [103125]: WARNING : [client.main] Category not found  ""
2021-02-25 14:41:07.007 [103125]: WARNING : [client.main] Category not found  ""
2021-02-25 14:41:07.007 [103125]: WARNING : [client.main] Category not found  ""
2021-02-25 14:41:07.007 [103125]: WARNING : [client.main] Category not found  ""
2021-02-25 14:41:07.007 [103125]: WARNING : [client.main] Category not found  ""
2021-02-25 14:41:07.007 [103125]: WARNING : [client.main] Category not found  ""
2021-02-25 14:41:07.007 [103125]: WARNING : [client.main] Category not found  ""
2021-02-25 22:10:33.208 [130089]: WARNING : [default] LICENSES: 4 FOUND IN "C:/Users/Administrator/Saved Games/BetaServer4/LotAtc Data/Server/Licenses"
2021-02-25 22:10:40.123 [130096]: WARNING : [default] Logger: Filedump is true
2021-02-25 22:10:40.123 [130096]: WARNING : [client.main] Magnetic file not found, exiting "C:\\Users\\Administrator\\Saved Games\\BetaServer4\\Mods\\services\\LotAtc\\\\magvar"
2021-02-25 22:10:40.123 [130096]: WARNING : [default] [GM] Set Year 2016
2021-02-25 22:10:40.123 [130096]: WARNING : [default] [GM] Set Theather angle True true
2021-02-25 22:10:40.123 [130096]: WARNING : [server.json] "Unable to start the server: The bound address is already in use."
2021-02-25 22:10:41.513 [130097]: WARNING : [client.main] Category not found  ""
2021-02-25 22:10:41.513 [130097]: WARNING : [client.main] Category not found  ""
2021-02-25 22:10:41.513 [130097]: WARNING : [client.main] Category not found  ""
2021-02-25 22:10:41.513 [130097]: WARNING : [client.main] Category not found  ""
2021-02-25 22:10:41.513 [130097]: WARNING : [client.main] Category not found  ""
2021-02-25 22:10:41.513 [130097]: WARNING : [client.main] Category not found  ""
2021-02-25 22:10:41.513 [130097]: WARNING : [client.main] Category not found  ""
2021-02-25 22:10:41.513 [130097]: WARNING : [client.main] Category not found  ""
2021-02-25 22:10:41.513 [130097]: WARNING : [client.main] Category not found  ""
2021-02-25 22:10:41.513 [130097]: WARNING : [client.main] Category not found  ""
2021-02-25 22:10:41.513 [130097]: WARNING : [client.main] Category not found  ""
2021-02-25 22:10:41.513 [130097]: WARNING : [client.main] Category not found  ""
2021-02-25 22:10:41.513 [130097]: WARNING : [client.main] Category not found  ""
2021-02-25 22:10:41.513 [130097]: WARNING : [client.main] Category not found  ""
2021-02-25 22:10:41.513 [130097]: WARNING : [client.main] Category not found  ""
2021-02-25 22:10:41.513 [130097]: WARNING : [client.main] Category not found  ""
2021-02-25 22:10:41.513 [130097]: WARNING : [client.main] Category not found  ""
2021-02-25 22:10:41.513 [130097]: WARNING : [client.main] Category not found  ""
2021-02-25 22:10:41.513 [130097]: WARNING : [client.main] Category not found  ""
2021-02-25 22:10:41.513 [130097]: WARNING : [client.main] Category not found  ""
2021-02-25 22:10:41.513 [130097]: WARNING : [client.main] Category not found  ""
2021-02-25 22:10:41.513 [130097]: WARNING : [client.main] Category not found  ""
2021-02-25 22:10:41.513 [130097]: WARNING : [client.main] Category not found  ""
2021-02-25 22:10:41.513 [130097]: WARNING : [client.main] Category not found  ""
2021-02-25 22:10:41.513 [130097]: WARNING : [client.main] Category not found  ""
2021-02-25 22:10:41.513 [130097]: WARNING : [client.main] Category not found  ""
2021-02-25 22:10:41.513 [130097]: WARNING : [client.main] Category not found  ""
2021-02-25 22:10:41.513 [130097]: WARNING : [client.main] Category not found  ""
2021-02-25 22:10:41.513 [130097]: WARNING : [client.main] Category not found  ""
2021-02-25 22:10:41.513 [130097]: WARNING : [client.main] Category not found  ""
2021-02-25 22:10:41.513 [130097]: WARNING : [client.main] Category not found  ""
2021-02-25 22:10:41.513 [130097]: WARNING : [client.main] Category not found  ""
2021-02-25 22:10:41.513 [130097]: WARNING : [client.main] Category not found  ""
2021-02-25 22:10:41.513 [130097]: WARNING : [client.main] Category not found  ""
2021-02-25 22:10:41.513 [130097]: WARNING : [client.main] Category not found  ""
2021-02-25 22:10:41.513 [130097]: WARNING : [client.main] Category not found  ""
2021-02-25 22:10:41.513 [130097]: WARNING : [client.main] Category not found  ""
2021-02-25 22:10:41.513 [130097]: WARNING : [client.main] Category not found  ""
2021-02-25 22:10:41.513 [130097]: WARNING : [client.main] Category not found  ""
2021-02-25 22:10:41.513 [130097]: WARNING : [client.main] Category not found  ""
2021-02-25 22:10:41.513 [130097]: WARNING : [client.main] Category not found  ""
2021-02-25 22:10:41.513 [130097]: WARNING : [client.main] Category not found  ""
2021-02-25 22:10:41.513 [130097]: WARNING : [client.main] Category not found  ""
2021-02-25 22:10:41.513 [130097]: WARNING : [client.main] Category not found  ""
2021-02-25 22:10:41.513 [130097]: WARNING : [client.main] Category not found  ""
2021-02-25 22:10:41.513 [130097]: WARNING : [client.main] Category not found  ""
2021-02-25 22:10:41.513 [130097]: WARNING : [client.main] Category not found  ""
2021-02-25 22:10:41.513 [130097]: WARNING : [client.main] Category not found  ""
2021-02-25 22:10:41.513 [130097]: WARNING : [client.main] Category not found  ""
2021-02-25 22:10:41.513 [130097]: WARNING : [client.main] Category not found  ""
2021-02-25 22:10:41.513 [130097]: WARNING : [client.main] Category not found  ""
2021-02-25 22:10:41.513 [130097]: WARNING : [client.main] Category not found  ""
2021-02-25 22:10:41.513 [130097]: WARNING : [client.main] Category not found  ""
2021-02-25 22:10:41.513 [130097]: WARNING : [client.main] Category not found  ""
2021-02-25 22:10:41.513 [130097]: WARNING : [client.main] Category not found  ""
2021-02-25 22:10:41.513 [130097]: WARNING : [client.main] Category not found  ""
2021-02-25 22:10:41.513 [130097]: WARNING : [client.main] Category not found  ""
2021-02-25 22:10:41.513 [130097]: WARNING : [client.main] Category not found  ""
2021-02-25 22:10:41.513 [130097]: WARNING : [client.main] Category not found  ""
2021-02-25 22:10:41.513 [130097]: WARNING : [client.main] Category not found  ""
2021-02-25 22:10:41.513 [130097]: WARNING : [client.main] Category not found  ""
2021-02-25 22:10:41.513 [130097]: WARNING : [client.main] Category not found  ""
2021-02-25 22:10:41.513 [130097]: WARNING : [client.main] Category not found  ""
2021-02-25 22:10:41.513 [130097]: WARNING : [client.main] Category not found  ""
2021-02-25 22:10:41.513 [130097]: WARNING : [client.main] Category not found  ""
2021-02-25 22:10:41.513 [130097]: WARNING : [client.main] Category not found  ""
2021-02-25 22:10:41.513 [130097]: WARNING : [client.main] Category not found  ""
2021-02-25 22:10:41.513 [130097]: WARNING : [client.main] Category not found  ""
2021-02-25 22:10:41.513 [130097]: WARNING : [client.main] Category not found  ""
2021-02-25 22:10:41.513 [130097]: WARNING : [client.main] Category not found  ""
2021-02-25 22:10:41.513 [130097]: WARNING : [client.main] Category not found  ""
2021-02-25 22:10:41.513 [130097]: WARNING : [client.main] Category not found  ""
2021-02-25 22:10:41.513 [130097]: WARNING : [client.main] Category not found  ""
2021-02-25 22:10:41.513 [130097]: WARNING : [client.main] Category not found  ""
2021-02-25 22:10:41.513 [130097]: WARNING : [client.main] Category not found  ""
2021-02-25 22:10:41.513 [130097]: WARNING : [client.main] Category not found  ""
2021-02-25 22:10:41.513 [130097]: WARNING : [client.main] Category not found  ""
2021-02-25 22:10:41.513 [130097]: WARNING : [client.main] Category not found  ""
2021-02-25 22:10:41.513 [130097]: WARNING : [client.main] Category not found  ""
2021-02-25 22:10:41.513 [130097]: WARNING : [client.main] Category not found  ""
2021-02-25 22:10:41.513 [130097]: WARNING : [client.main] Category not found  ""
2021-02-25 22:10:41.513 [130097]: WARNING : [client.main] Category not found  ""
2021-02-25 22:10:41.513 [130097]: WARNING : [client.main] Category not found  ""
2021-02-25 22:10:41.513 [130097]: WARNING : [client.main] Category not found  ""
2021-02-25 22:10:41.643 [130097]: WARNING : [client.main] Category not found  ""
2021-02-25 22:10:41.643 [130097]: WARNING : [client.main] Category not found  ""
2021-02-25 22:10:41.643 [130097]: WARNING : [client.main] Category not found  ""
2021-02-25 22:10:41.643 [130097]: WARNING : [client.main] Category not found  ""
2021-02-25 22:10:41.643 [130097]: WARNING : [client.main] Category not found  ""
2021-02-25 22:10:41.643 [130097]: WARNING : [client.main] Category not found  ""
2021-02-25 22:10:41.643 [130097]: WARNING : [client.main] Category not found  ""
2021-02-25 22:10:41.643 [130097]: WARNING : [client.main] Category not found  ""
