
Wed Feb 24 10:02:13 2021
--- STARTING Log ---
Version: 2.1.4-76331296
---
2021-02-24 10:02:13.019 [0.001]: WARNING : [default] Logger: Filedump is true
2021-02-24 10:02:13.019 [0.002]: DEBUG   : [perfs] Perfs output enabled: false
2021-02-24 10:02:20.329 [7.315]: WARNING : [default] LICENSES: 4 FOUND IN "C:/Users/Administrator/Saved Games/StableServer3/LotAtc Data/Server/Licenses"
2021-02-24 10:02:40.330 [27.315]: WARNING : [default] Logger: Filedump is true
2021-02-24 10:02:40.330 [27.316]: WARNING : [client.main] Magnetic file not found, exiting "C:\\Users\\Administrator\\Saved Games\\StableServer3\\Mods\\services\\LotAtc\\\\magvar"
2021-02-24 10:02:40.330 [27.316]: WARNING : [client.main] Magnetic file not found, exiting "C:\\Users\\Administrator\\Saved Games\\StableServer3\\Mods\\services\\LotAtc\\\\magvar"
2021-02-24 10:02:40.330 [27.316]: WARNING : [default] [GM] Set Year 2011
2021-02-24 10:02:40.330 [27.316]: WARNING : [default] [GM] Set Theather angle True false
2021-02-24 10:21:37.309 [1164.3]: WARNING : [client.main] Category not found  ""
2021-02-24 10:21:37.309 [1164.3]: WARNING : [client.main] Category not found  ""
2021-02-24 10:21:37.309 [1164.3]: WARNING : [client.main] Category not found  ""
2021-02-24 10:21:37.309 [1164.3]: WARNING : [client.main] Category not found  ""
2021-02-24 10:21:37.309 [1164.3]: WARNING : [client.main] Category not found  ""
2021-02-24 10:21:37.309 [1164.3]: WARNING : [client.main] Category not found  ""
2021-02-24 10:21:37.309 [1164.3]: WARNING : [client.main] Category not found  ""
2021-02-24 10:21:37.309 [1164.3]: WARNING : [client.main] Category not found  ""
2021-02-24 10:21:37.309 [1164.3]: WARNING : [client.main] Category not found  ""
2021-02-24 10:21:37.309 [1164.3]: WARNING : [client.main] Category not found  ""
2021-02-24 10:21:37.309 [1164.3]: WARNING : [client.main] Category not found  ""
2021-02-24 10:21:37.309 [1164.3]: WARNING : [client.main] Category not found  ""
2021-02-24 10:21:37.309 [1164.3]: WARNING : [client.main] Category not found  ""
2021-02-24 10:21:37.309 [1164.3]: WARNING : [client.main] Category not found  ""
2021-02-24 10:21:37.309 [1164.3]: WARNING : [client.main] Category not found  ""
2021-02-24 10:21:37.309 [1164.3]: WARNING : [client.main] Category not found  ""
2021-02-24 10:21:37.309 [1164.3]: WARNING : [client.main] Category not found  ""
2021-02-24 10:21:37.309 [1164.3]: WARNING : [client.main] Category not found  ""
2021-02-24 10:21:37.309 [1164.3]: WARNING : [client.main] Category not found  ""
2021-02-24 10:21:37.309 [1164.3]: WARNING : [client.main] Category not found  ""
2021-02-24 10:21:37.309 [1164.3]: WARNING : [client.main] Category not found  ""
2021-02-24 10:21:37.309 [1164.3]: WARNING : [client.main] Category not found  ""
2021-02-24 10:21:37.309 [1164.3]: WARNING : [client.main] Category not found  ""
2021-02-24 10:21:37.309 [1164.3]: WARNING : [client.main] Category not found  ""
2021-02-24 10:21:37.309 [1164.3]: WARNING : [client.main] Category not found  ""
2021-02-24 10:21:37.309 [1164.3]: WARNING : [client.main] Category not found  ""
2021-02-24 10:21:37.309 [1164.3]: WARNING : [client.main] Category not found  ""
2021-02-24 10:21:37.309 [1164.3]: WARNING : [client.main] Category not found  ""
2021-02-24 10:21:37.309 [1164.3]: WARNING : [client.main] Category not found  ""
2021-02-24 10:21:37.309 [1164.3]: WARNING : [client.main] Category not found  ""
2021-02-24 10:21:37.309 [1164.3]: WARNING : [client.main] Category not found  ""
2021-02-24 10:21:37.309 [1164.3]: WARNING : [client.main] Category not found  ""
2021-02-24 10:21:37.309 [1164.3]: WARNING : [client.main] Category not found  ""
2021-02-24 10:21:37.309 [1164.3]: WARNING : [client.main] Category not found  ""
2021-02-24 10:21:37.309 [1164.3]: WARNING : [client.main] Category not found  ""
2021-02-24 10:21:37.309 [1164.3]: WARNING : [client.main] Category not found  ""
2021-02-24 10:21:37.309 [1164.3]: WARNING : [client.main] Category not found  ""
2021-02-24 10:21:37.309 [1164.3]: WARNING : [client.main] Category not found  ""
2021-02-24 10:21:37.309 [1164.3]: WARNING : [client.main] Category not found  ""
2021-02-24 10:21:37.309 [1164.3]: WARNING : [client.main] Category not found  ""
2021-02-24 10:21:37.309 [1164.31]: WARNING : [client.main] Category not found  ""
2021-02-24 10:21:37.309 [1164.31]: WARNING : [client.main] Category not found  ""
2021-02-24 10:21:37.372 [1164.36]: WARNING : [client.main] Category not found  ""
2021-02-24 10:21:37.372 [1164.36]: WARNING : [client.main] Category not found  ""
2021-02-24 10:21:37.372 [1164.36]: WARNING : [client.main] Category not found  ""
2021-02-24 10:21:37.372 [1164.36]: WARNING : [client.main] Category not found  ""
2021-02-24 10:21:37.372 [1164.36]: WARNING : [client.main] Category not found  ""
2021-02-24 10:21:37.372 [1164.36]: WARNING : [client.main] Category not found  ""
2021-02-24 10:21:37.372 [1164.36]: WARNING : [client.main] Category not found  ""
2021-02-24 21:58:25.896 [42972.9]: WARNING : [default] QSocketNotifier: Socket notifiers cannot be enabled or disabled from another thread
2021-02-24 21:58:52.306 [42999.3]: WARNING : [default] LICENSES: 4 FOUND IN "C:/Users/Administrator/Saved Games/StableServer3/LotAtc Data/Server/Licenses"
2021-02-24 21:58:58.726 [43005.7]: WARNING : [default] Logger: Filedump is true
2021-02-24 21:58:58.726 [43005.7]: WARNING : [client.main] Magnetic file not found, exiting "C:\\Users\\Administrator\\Saved Games\\StableServer3\\Mods\\services\\LotAtc\\\\magvar"
2021-02-24 21:58:58.726 [43005.7]: WARNING : [default] [GM] Set Year 2011
2021-02-24 21:58:58.726 [43005.7]: WARNING : [default] [GM] Set Theather angle True false
2021-02-24 21:59:00.210 [43007.2]: WARNING : [client.main] Category not found  ""
2021-02-24 21:59:00.210 [43007.2]: WARNING : [client.main] Category not found  ""
2021-02-24 21:59:00.210 [43007.2]: WARNING : [client.main] Category not found  ""
2021-02-24 21:59:00.210 [43007.2]: WARNING : [client.main] Category not found  ""
2021-02-24 21:59:00.210 [43007.2]: WARNING : [client.main] Category not found  ""
2021-02-24 21:59:00.210 [43007.2]: WARNING : [client.main] Category not found  ""
2021-02-24 21:59:00.210 [43007.2]: WARNING : [client.main] Category not found  ""
2021-02-24 21:59:00.210 [43007.2]: WARNING : [client.main] Category not found  ""
2021-02-24 21:59:00.210 [43007.2]: WARNING : [client.main] Category not found  ""
2021-02-24 21:59:00.210 [43007.2]: WARNING : [client.main] Category not found  ""
2021-02-24 21:59:00.210 [43007.2]: WARNING : [client.main] Category not found  ""
2021-02-24 21:59:00.210 [43007.2]: WARNING : [client.main] Category not found  ""
2021-02-24 21:59:00.210 [43007.2]: WARNING : [client.main] Category not found  ""
2021-02-24 21:59:00.210 [43007.2]: WARNING : [client.main] Category not found  ""
2021-02-24 21:59:00.210 [43007.2]: WARNING : [client.main] Category not found  ""
2021-02-24 21:59:00.210 [43007.2]: WARNING : [client.main] Category not found  ""
2021-02-24 21:59:00.210 [43007.2]: WARNING : [client.main] Category not found  ""
2021-02-24 21:59:00.210 [43007.2]: WARNING : [client.main] Category not found  ""
2021-02-24 21:59:00.210 [43007.2]: WARNING : [client.main] Category not found  ""
2021-02-24 21:59:00.210 [43007.2]: WARNING : [client.main] Category not found  ""
2021-02-24 21:59:00.210 [43007.2]: WARNING : [client.main] Category not found  ""
2021-02-24 21:59:00.210 [43007.2]: WARNING : [client.main] Category not found  ""
2021-02-24 21:59:00.210 [43007.2]: WARNING : [client.main] Category not found  ""
2021-02-24 21:59:00.210 [43007.2]: WARNING : [client.main] Category not found  ""
2021-02-24 21:59:00.210 [43007.2]: WARNING : [client.main] Category not found  ""
2021-02-24 21:59:00.210 [43007.2]: WARNING : [client.main] Category not found  ""
2021-02-24 21:59:00.210 [43007.2]: WARNING : [client.main] Category not found  ""
2021-02-24 21:59:00.210 [43007.2]: WARNING : [client.main] Category not found  ""
2021-02-24 21:59:00.210 [43007.2]: WARNING : [client.main] Category not found  ""
2021-02-24 21:59:00.210 [43007.2]: WARNING : [client.main] Category not found  ""
2021-02-24 21:59:00.210 [43007.2]: WARNING : [client.main] Category not found  ""
2021-02-24 21:59:00.210 [43007.2]: WARNING : [client.main] Category not found  ""
2021-02-24 21:59:00.210 [43007.2]: WARNING : [client.main] Category not found  ""
2021-02-24 21:59:00.210 [43007.2]: WARNING : [client.main] Category not found  ""
2021-02-24 21:59:00.210 [43007.2]: WARNING : [client.main] Category not found  ""
2021-02-24 21:59:00.210 [43007.2]: WARNING : [client.main] Category not found  ""
2021-02-24 21:59:00.210 [43007.2]: WARNING : [client.main] Category not found  ""
2021-02-24 21:59:00.210 [43007.2]: WARNING : [client.main] Category not found  ""
2021-02-24 21:59:00.210 [43007.2]: WARNING : [client.main] Category not found  ""
2021-02-24 21:59:00.210 [43007.2]: WARNING : [client.main] Category not found  ""
2021-02-24 21:59:00.210 [43007.2]: WARNING : [client.main] Category not found  ""
2021-02-24 21:59:00.210 [43007.2]: WARNING : [client.main] Category not found  ""
2021-02-24 21:59:00.257 [43007.2]: WARNING : [client.main] Category not found  ""
2021-02-24 21:59:00.257 [43007.2]: WARNING : [client.main] Category not found  ""
2021-02-24 21:59:00.257 [43007.2]: WARNING : [client.main] Category not found  ""
2021-02-24 21:59:00.257 [43007.2]: WARNING : [client.main] Category not found  ""
2021-02-24 21:59:00.257 [43007.2]: WARNING : [client.main] Category not found  ""
2021-02-24 21:59:00.257 [43007.2]: WARNING : [client.main] Category not found  ""
2021-02-24 21:59:00.257 [43007.2]: WARNING : [client.main] Category not found  ""
2021-02-25 21:05:33.997 [126199]: WARNING : [default] QSocketNotifier: Socket notifiers cannot be enabled or disabled from another thread
2021-02-25 21:05:54.780 [126220]: WARNING : [default] LICENSES: 4 FOUND IN "C:/Users/Administrator/Saved Games/StableServer3/LotAtc Data/Server/Licenses"
2021-02-25 21:06:02.340 [126227]: WARNING : [default] Logger: Filedump is true
2021-02-25 21:06:02.340 [126227]: WARNING : [client.main] Magnetic file not found, exiting "C:\\Users\\Administrator\\Saved Games\\StableServer3\\Mods\\services\\LotAtc\\\\magvar"
2021-02-25 21:06:02.340 [126227]: WARNING : [default] [GM] Set Year 2011
2021-02-25 21:06:02.340 [126227]: WARNING : [default] [GM] Set Theather angle True false
2021-02-25 21:06:03.928 [126229]: WARNING : [client.main] Category not found  ""
2021-02-25 21:06:03.928 [126229]: WARNING : [client.main] Category not found  ""
2021-02-25 21:06:03.928 [126229]: WARNING : [client.main] Category not found  ""
2021-02-25 21:06:03.928 [126229]: WARNING : [client.main] Category not found  ""
2021-02-25 21:06:03.928 [126229]: WARNING : [client.main] Category not found  ""
2021-02-25 21:06:03.928 [126229]: WARNING : [client.main] Category not found  ""
2021-02-25 21:06:03.928 [126229]: WARNING : [client.main] Category not found  ""
2021-02-25 21:06:03.928 [126229]: WARNING : [client.main] Category not found  ""
2021-02-25 21:06:03.928 [126229]: WARNING : [client.main] Category not found  ""
2021-02-25 21:06:03.928 [126229]: WARNING : [client.main] Category not found  ""
2021-02-25 21:06:03.928 [126229]: WARNING : [client.main] Category not found  ""
2021-02-25 21:06:03.928 [126229]: WARNING : [client.main] Category not found  ""
2021-02-25 21:06:03.928 [126229]: WARNING : [client.main] Category not found  ""
2021-02-25 21:06:03.928 [126229]: WARNING : [client.main] Category not found  ""
2021-02-25 21:06:03.928 [126229]: WARNING : [client.main] Category not found  ""
2021-02-25 21:06:03.928 [126229]: WARNING : [client.main] Category not found  ""
2021-02-25 21:06:03.928 [126229]: WARNING : [client.main] Category not found  ""
2021-02-25 21:06:03.928 [126229]: WARNING : [client.main] Category not found  ""
2021-02-25 21:06:03.928 [126229]: WARNING : [client.main] Category not found  ""
2021-02-25 21:06:03.928 [126229]: WARNING : [client.main] Category not found  ""
2021-02-25 21:06:03.928 [126229]: WARNING : [client.main] Category not found  ""
2021-02-25 21:06:03.928 [126229]: WARNING : [client.main] Category not found  ""
2021-02-25 21:06:03.928 [126229]: WARNING : [client.main] Category not found  ""
2021-02-25 21:06:03.928 [126229]: WARNING : [client.main] Category not found  ""
2021-02-25 21:06:03.928 [126229]: WARNING : [client.main] Category not found  ""
2021-02-25 21:06:03.928 [126229]: WARNING : [client.main] Category not found  ""
2021-02-25 21:06:03.928 [126229]: WARNING : [client.main] Category not found  ""
2021-02-25 21:06:03.928 [126229]: WARNING : [client.main] Category not found  ""
2021-02-25 21:06:03.928 [126229]: WARNING : [client.main] Category not found  ""
2021-02-25 21:06:03.928 [126229]: WARNING : [client.main] Category not found  ""
2021-02-25 21:06:03.928 [126229]: WARNING : [client.main] Category not found  ""
2021-02-25 21:06:03.928 [126229]: WARNING : [client.main] Category not found  ""
2021-02-25 21:06:03.928 [126229]: WARNING : [client.main] Category not found  ""
2021-02-25 21:06:03.928 [126229]: WARNING : [client.main] Category not found  ""
2021-02-25 21:06:03.928 [126229]: WARNING : [client.main] Category not found  ""
2021-02-25 21:06:03.928 [126229]: WARNING : [client.main] Category not found  ""
2021-02-25 21:06:03.928 [126229]: WARNING : [client.main] Category not found  ""
2021-02-25 21:06:03.928 [126229]: WARNING : [client.main] Category not found  ""
2021-02-25 21:06:03.928 [126229]: WARNING : [client.main] Category not found  ""
2021-02-25 21:06:03.928 [126229]: WARNING : [client.main] Category not found  ""
2021-02-25 21:06:03.928 [126229]: WARNING : [client.main] Category not found  ""
2021-02-25 21:06:03.928 [126229]: WARNING : [client.main] Category not found  ""
2021-02-25 21:06:03.999 [126229]: WARNING : [client.main] Category not found  ""
2021-02-25 21:06:04.000 [126229]: WARNING : [client.main] Category not found  ""
2021-02-25 21:06:04.000 [126229]: WARNING : [client.main] Category not found  ""
2021-02-25 21:06:04.000 [126229]: WARNING : [client.main] Category not found  ""
2021-02-25 21:06:04.001 [126229]: WARNING : [client.main] Category not found  ""
2021-02-25 21:06:04.001 [126229]: WARNING : [client.main] Category not found  ""
2021-02-25 21:06:04.001 [126229]: WARNING : [client.main] Category not found  ""
