
Thu Feb 25 14:12:26 2021
--- STARTING Log ---
Version: 2.1.9-e398d1ea
---
2021-02-25 14:12:26.160 [0]: WARNING : [default] Logger: Filedump is true
2021-02-25 14:12:26.160 [0]: DEBUG   : [perfs] Perfs output enabled: false
2021-02-25 14:12:34.611 [8.445]: WARNING : [default] LICENSES: 4 FOUND IN "C:/Users/Administrator/Saved Games/BetaServer1/LotAtc Data/Server/Licenses"
2021-02-25 14:12:50.586 [24.419]: WARNING : [default] Logger: Filedump is true
2021-02-25 14:12:50.586 [24.419]: WARNING : [client.main] Magnetic file not found, exiting "C:\\Users\\Administrator\\Saved Games\\BetaServer1\\Mods\\services\\LotAtc\\\\magvar"
2021-02-25 14:12:50.586 [24.419]: WARNING : [client.main] Magnetic file not found, exiting "C:\\Users\\Administrator\\Saved Games\\BetaServer1\\Mods\\services\\LotAtc\\\\magvar"
2021-02-25 14:12:50.586 [24.419]: WARNING : [default] [GM] Set Year 2011
2021-02-25 14:12:50.586 [24.419]: WARNING : [default] [GM] Set Theather angle True false
2021-02-25 14:12:50.586 [24.419]: WARNING : [server.json] "Unable to start the server: The bound address is already in use."
2021-02-25 14:12:56.689 [30.531]: WARNING : [client.main] Category not found  ""
2021-02-25 14:12:56.689 [30.531]: WARNING : [client.main] Category not found  ""
2021-02-25 14:12:56.689 [30.531]: WARNING : [client.main] Category not found  ""
2021-02-25 14:12:56.689 [30.531]: WARNING : [client.main] Category not found  ""
2021-02-25 14:12:56.689 [30.531]: WARNING : [client.main] Category not found  ""
2021-02-25 14:12:56.689 [30.531]: WARNING : [client.main] Category not found  ""
2021-02-25 14:12:56.689 [30.531]: WARNING : [client.main] Category not found  ""
2021-02-25 14:12:56.689 [30.531]: WARNING : [client.main] Category not found  ""
2021-02-25 14:12:56.689 [30.531]: WARNING : [client.main] Category not found  ""
2021-02-25 14:12:56.689 [30.532]: WARNING : [client.main] Category not found  ""
2021-02-25 14:12:56.689 [30.532]: WARNING : [client.main] Category not found  ""
2021-02-25 14:12:56.689 [30.532]: WARNING : [client.main] Category not found  ""
2021-02-25 14:12:56.689 [30.532]: WARNING : [client.main] Category not found  ""
2021-02-25 14:12:56.689 [30.532]: WARNING : [client.main] Category not found  ""
2021-02-25 14:12:56.689 [30.532]: WARNING : [client.main] Category not found  ""
2021-02-25 14:12:56.689 [30.532]: WARNING : [client.main] Category not found  ""
2021-02-25 14:12:56.689 [30.532]: WARNING : [client.main] Category not found  ""
2021-02-25 14:12:56.689 [30.532]: WARNING : [client.main] Category not found  ""
2021-02-25 14:12:56.689 [30.532]: WARNING : [client.main] Category not found  ""
2021-02-25 14:12:56.689 [30.532]: WARNING : [client.main] Category not found  ""
2021-02-25 14:12:56.689 [30.532]: WARNING : [client.main] Category not found  ""
2021-02-25 14:12:56.689 [30.532]: WARNING : [client.main] Category not found  ""
2021-02-25 14:12:56.689 [30.532]: WARNING : [client.main] Category not found  ""
2021-02-25 14:12:56.689 [30.532]: WARNING : [client.main] Category not found  ""
2021-02-25 14:12:56.689 [30.532]: WARNING : [client.main] Category not found  ""
2021-02-25 14:12:56.689 [30.532]: WARNING : [client.main] Category not found  ""
2021-02-25 14:12:56.704 [30.532]: WARNING : [client.main] Category not found  ""
2021-02-25 14:12:56.704 [30.532]: WARNING : [client.main] Category not found  ""
2021-02-25 14:12:56.704 [30.533]: WARNING : [client.main] Category not found  ""
2021-02-25 14:12:56.704 [30.533]: WARNING : [client.main] Category not found  ""
2021-02-25 14:12:56.704 [30.533]: WARNING : [client.main] Category not found  ""
2021-02-25 14:12:56.704 [30.533]: WARNING : [client.main] Category not found  ""
2021-02-25 14:12:56.704 [30.533]: WARNING : [client.main] Category not found  ""
2021-02-25 14:12:56.704 [30.533]: WARNING : [client.main] Category not found  ""
2021-02-25 14:12:56.704 [30.533]: WARNING : [client.main] Category not found  ""
2021-02-25 14:12:56.704 [30.533]: WARNING : [client.main] Category not found  ""
2021-02-25 14:12:56.704 [30.533]: WARNING : [client.main] Category not found  ""
2021-02-25 14:12:56.704 [30.533]: WARNING : [client.main] Category not found  ""
2021-02-25 14:12:56.704 [30.533]: WARNING : [client.main] Category not found  ""
2021-02-25 14:12:56.704 [30.533]: WARNING : [client.main] Category not found  ""
2021-02-25 14:12:56.704 [30.533]: WARNING : [client.main] Category not found  ""
2021-02-25 14:12:56.704 [30.533]: WARNING : [client.main] Category not found  ""
2021-02-25 14:12:56.798 [30.638]: WARNING : [client.main] Category not found  ""
2021-02-25 14:12:56.798 [30.639]: WARNING : [client.main] Category not found  ""
2021-02-25 14:12:56.798 [30.639]: WARNING : [client.main] Category not found  ""
2021-02-25 14:12:56.798 [30.639]: WARNING : [client.main] Category not found  ""
2021-02-25 14:12:56.798 [30.64]: WARNING : [client.main] Category not found  ""
2021-02-25 14:12:56.798 [30.64]: WARNING : [client.main] Category not found  ""
2021-02-25 14:12:56.798 [30.64]: WARNING : [client.main] Category not found  ""
2021-02-25 14:12:56.814 [30.643]: WARNING : [client.main] Category not found  ""
2021-02-25 14:12:56.814 [30.646]: WARNING : [client.main] Category not found  ""
2021-02-25 17:09:55.655 [10649.5]: WARNING : [default] LICENSES: 4 FOUND IN "C:/Users/Administrator/Saved Games/BetaServer1/LotAtc Data/Server/Licenses"
2021-02-25 17:10:01.476 [10655.3]: WARNING : [default] Logger: Filedump is true
2021-02-25 17:10:01.476 [10655.3]: WARNING : [client.main] Magnetic file not found, exiting "C:\\Users\\Administrator\\Saved Games\\BetaServer1\\Mods\\services\\LotAtc\\\\magvar"
2021-02-25 17:10:01.476 [10655.3]: WARNING : [default] [GM] Set Year 2011
2021-02-25 17:10:01.476 [10655.3]: WARNING : [default] [GM] Set Theather angle True false
2021-02-25 17:10:01.476 [10655.3]: WARNING : [server.json] "Unable to start the server: The bound address is already in use."
2021-02-25 17:10:03.882 [10657.7]: WARNING : [client.main] Category not found  ""
2021-02-25 17:10:03.882 [10657.7]: WARNING : [client.main] Category not found  ""
2021-02-25 17:10:03.882 [10657.7]: WARNING : [client.main] Category not found  ""
2021-02-25 17:10:03.882 [10657.7]: WARNING : [client.main] Category not found  ""
2021-02-25 17:10:03.882 [10657.7]: WARNING : [client.main] Category not found  ""
2021-02-25 17:10:03.882 [10657.7]: WARNING : [client.main] Category not found  ""
2021-02-25 17:10:03.882 [10657.7]: WARNING : [client.main] Category not found  ""
2021-02-25 17:10:03.882 [10657.7]: WARNING : [client.main] Category not found  ""
2021-02-25 17:10:03.882 [10657.7]: WARNING : [client.main] Category not found  ""
2021-02-25 17:10:03.882 [10657.7]: WARNING : [client.main] Category not found  ""
2021-02-25 17:10:03.882 [10657.7]: WARNING : [client.main] Category not found  ""
2021-02-25 17:10:03.882 [10657.7]: WARNING : [client.main] Category not found  ""
2021-02-25 17:10:03.882 [10657.7]: WARNING : [client.main] Category not found  ""
2021-02-25 17:10:03.882 [10657.7]: WARNING : [client.main] Category not found  ""
2021-02-25 17:10:03.882 [10657.7]: WARNING : [client.main] Category not found  ""
2021-02-25 17:10:03.882 [10657.7]: WARNING : [client.main] Category not found  ""
2021-02-25 17:10:03.882 [10657.7]: WARNING : [client.main] Category not found  ""
2021-02-25 17:10:03.882 [10657.7]: WARNING : [client.main] Category not found  ""
2021-02-25 17:10:03.882 [10657.7]: WARNING : [client.main] Category not found  ""
2021-02-25 17:10:03.882 [10657.7]: WARNING : [client.main] Category not found  ""
2021-02-25 17:10:03.882 [10657.7]: WARNING : [client.main] Category not found  ""
2021-02-25 17:10:03.882 [10657.7]: WARNING : [client.main] Category not found  ""
2021-02-25 17:10:03.882 [10657.7]: WARNING : [client.main] Category not found  ""
2021-02-25 17:10:03.882 [10657.7]: WARNING : [client.main] Category not found  ""
2021-02-25 17:10:03.882 [10657.7]: WARNING : [client.main] Category not found  ""
2021-02-25 17:10:03.882 [10657.7]: WARNING : [client.main] Category not found  ""
2021-02-25 17:10:03.882 [10657.7]: WARNING : [client.main] Category not found  ""
2021-02-25 17:10:03.882 [10657.7]: WARNING : [client.main] Category not found  ""
2021-02-25 17:10:03.882 [10657.7]: WARNING : [client.main] Category not found  ""
2021-02-25 17:10:03.882 [10657.7]: WARNING : [client.main] Category not found  ""
2021-02-25 17:10:03.882 [10657.7]: WARNING : [client.main] Category not found  ""
2021-02-25 17:10:03.882 [10657.7]: WARNING : [client.main] Category not found  ""
2021-02-25 17:10:03.882 [10657.7]: WARNING : [client.main] Category not found  ""
2021-02-25 17:10:03.882 [10657.7]: WARNING : [client.main] Category not found  ""
2021-02-25 17:10:03.882 [10657.7]: WARNING : [client.main] Category not found  ""
2021-02-25 17:10:03.882 [10657.7]: WARNING : [client.main] Category not found  ""
2021-02-25 17:10:03.882 [10657.7]: WARNING : [client.main] Category not found  ""
2021-02-25 17:10:03.882 [10657.7]: WARNING : [client.main] Category not found  ""
2021-02-25 17:10:03.882 [10657.7]: WARNING : [client.main] Category not found  ""
2021-02-25 17:10:03.882 [10657.7]: WARNING : [client.main] Category not found  ""
2021-02-25 17:10:03.882 [10657.7]: WARNING : [client.main] Category not found  ""
2021-02-25 17:10:03.882 [10657.7]: WARNING : [client.main] Category not found  ""
2021-02-25 17:10:04.007 [10657.8]: WARNING : [client.main] Category not found  ""
2021-02-25 17:10:04.007 [10657.8]: WARNING : [client.main] Category not found  ""
2021-02-25 17:10:04.007 [10657.8]: WARNING : [client.main] Category not found  ""
2021-02-25 17:10:04.007 [10657.8]: WARNING : [client.main] Category not found  ""
2021-02-25 17:10:04.007 [10657.8]: WARNING : [client.main] Category not found  ""
2021-02-25 17:10:04.007 [10657.8]: WARNING : [client.main] Category not found  ""
2021-02-25 17:10:04.007 [10657.8]: WARNING : [client.main] Category not found  ""
2021-02-25 17:10:04.007 [10657.8]: WARNING : [client.main] Category not found  ""
2021-02-25 17:10:04.007 [10657.8]: WARNING : [client.main] Category not found  ""
2021-02-25 19:16:39.391 [18251]: WARNING : [default] LICENSES: 4 FOUND IN "C:/Users/Administrator/Saved Games/BetaServer1/LotAtc Data/Server/Licenses"
2021-02-25 19:16:45.102 [18256.7]: WARNING : [default] Logger: Filedump is true
2021-02-25 19:16:45.102 [18256.7]: WARNING : [client.main] Magnetic file not found, exiting "C:\\Users\\Administrator\\Saved Games\\BetaServer1\\Mods\\services\\LotAtc\\\\magvar"
2021-02-25 19:16:45.102 [18256.7]: WARNING : [default] [GM] Set Year 2011
2021-02-25 19:16:45.102 [18256.7]: WARNING : [default] [GM] Set Theather angle True false
2021-02-25 19:16:45.102 [18256.7]: WARNING : [server.json] "Unable to start the server: The bound address is already in use."
2021-02-25 19:16:47.771 [18259.4]: WARNING : [client.main] Category not found  ""
2021-02-25 19:16:47.771 [18259.4]: WARNING : [client.main] Category not found  ""
2021-02-25 19:16:47.771 [18259.4]: WARNING : [client.main] Category not found  ""
2021-02-25 19:16:47.771 [18259.4]: WARNING : [client.main] Category not found  ""
2021-02-25 19:16:47.771 [18259.4]: WARNING : [client.main] Category not found  ""
2021-02-25 19:16:47.771 [18259.4]: WARNING : [client.main] Category not found  ""
2021-02-25 19:16:47.771 [18259.4]: WARNING : [client.main] Category not found  ""
2021-02-25 19:16:47.771 [18259.4]: WARNING : [client.main] Category not found  ""
2021-02-25 19:16:47.771 [18259.4]: WARNING : [client.main] Category not found  ""
2021-02-25 19:16:47.771 [18259.4]: WARNING : [client.main] Category not found  ""
2021-02-25 19:16:47.771 [18259.4]: WARNING : [client.main] Category not found  ""
2021-02-25 19:16:47.771 [18259.4]: WARNING : [client.main] Category not found  ""
2021-02-25 19:16:47.771 [18259.4]: WARNING : [client.main] Category not found  ""
2021-02-25 19:16:47.771 [18259.4]: WARNING : [client.main] Category not found  ""
2021-02-25 19:16:47.771 [18259.4]: WARNING : [client.main] Category not found  ""
2021-02-25 19:16:47.787 [18259.4]: WARNING : [client.main] Category not found  ""
2021-02-25 19:16:47.787 [18259.4]: WARNING : [client.main] Category not found  ""
2021-02-25 19:16:47.787 [18259.4]: WARNING : [client.main] Category not found  ""
2021-02-25 19:16:47.787 [18259.4]: WARNING : [client.main] Category not found  ""
2021-02-25 19:16:47.787 [18259.4]: WARNING : [client.main] Category not found  ""
2021-02-25 19:16:47.787 [18259.4]: WARNING : [client.main] Category not found  ""
2021-02-25 19:16:47.787 [18259.4]: WARNING : [client.main] Category not found  ""
2021-02-25 19:16:47.787 [18259.4]: WARNING : [client.main] Category not found  ""
2021-02-25 19:16:47.787 [18259.4]: WARNING : [client.main] Category not found  ""
2021-02-25 19:16:47.787 [18259.4]: WARNING : [client.main] Category not found  ""
2021-02-25 19:16:47.787 [18259.4]: WARNING : [client.main] Category not found  ""
2021-02-25 19:16:47.787 [18259.4]: WARNING : [client.main] Category not found  ""
2021-02-25 19:16:47.787 [18259.4]: WARNING : [client.main] Category not found  ""
2021-02-25 19:16:47.787 [18259.4]: WARNING : [client.main] Category not found  ""
2021-02-25 19:16:47.787 [18259.4]: WARNING : [client.main] Category not found  ""
2021-02-25 19:16:47.787 [18259.4]: WARNING : [client.main] Category not found  ""
2021-02-25 19:16:47.787 [18259.4]: WARNING : [client.main] Category not found  ""
2021-02-25 19:16:47.787 [18259.4]: WARNING : [client.main] Category not found  ""
2021-02-25 19:16:47.787 [18259.4]: WARNING : [client.main] Category not found  ""
2021-02-25 19:16:47.787 [18259.4]: WARNING : [client.main] Category not found  ""
2021-02-25 19:16:47.787 [18259.4]: WARNING : [client.main] Category not found  ""
2021-02-25 19:16:47.787 [18259.4]: WARNING : [client.main] Category not found  ""
2021-02-25 19:16:47.787 [18259.4]: WARNING : [client.main] Category not found  ""
2021-02-25 19:16:47.787 [18259.4]: WARNING : [client.main] Category not found  ""
2021-02-25 19:16:47.787 [18259.4]: WARNING : [client.main] Category not found  ""
2021-02-25 19:16:47.787 [18259.4]: WARNING : [client.main] Category not found  ""
2021-02-25 19:16:47.787 [18259.4]: WARNING : [client.main] Category not found  ""
2021-02-25 19:16:47.865 [18259.5]: WARNING : [client.main] Category not found  ""
2021-02-25 19:16:47.865 [18259.5]: WARNING : [client.main] Category not found  ""
2021-02-25 19:16:47.865 [18259.5]: WARNING : [client.main] Category not found  ""
2021-02-25 19:16:47.865 [18259.5]: WARNING : [client.main] Category not found  ""
2021-02-25 19:16:47.865 [18259.5]: WARNING : [client.main] Category not found  ""
2021-02-25 19:16:47.865 [18259.5]: WARNING : [client.main] Category not found  ""
2021-02-25 19:16:47.865 [18259.5]: WARNING : [client.main] Category not found  ""
2021-02-25 19:16:47.865 [18259.5]: WARNING : [client.main] Category not found  ""
2021-02-25 19:16:47.865 [18259.5]: WARNING : [client.main] Category not found  ""
2021-02-25 20:59:46.962 [24438.6]: WARNING : [default] LICENSES: 4 FOUND IN "C:/Users/Administrator/Saved Games/BetaServer1/LotAtc Data/Server/Licenses"
2021-02-25 20:59:52.636 [24444.3]: WARNING : [default] Logger: Filedump is true
2021-02-25 20:59:52.636 [24444.3]: WARNING : [client.main] Magnetic file not found, exiting "C:\\Users\\Administrator\\Saved Games\\BetaServer1\\Mods\\services\\LotAtc\\\\magvar"
2021-02-25 20:59:52.636 [24444.3]: WARNING : [default] [GM] Set Year 2011
2021-02-25 20:59:52.636 [24444.3]: WARNING : [default] [GM] Set Theather angle True false
2021-02-25 20:59:52.636 [24444.3]: WARNING : [server.json] "Unable to start the server: The bound address is already in use."
2021-02-25 20:59:54.942 [24446.6]: WARNING : [client.main] Category not found  ""
2021-02-25 20:59:54.942 [24446.6]: WARNING : [client.main] Category not found  ""
2021-02-25 20:59:54.942 [24446.6]: WARNING : [client.main] Category not found  ""
2021-02-25 20:59:54.942 [24446.6]: WARNING : [client.main] Category not found  ""
2021-02-25 20:59:54.942 [24446.6]: WARNING : [client.main] Category not found  ""
2021-02-25 20:59:54.942 [24446.6]: WARNING : [client.main] Category not found  ""
2021-02-25 20:59:54.942 [24446.6]: WARNING : [client.main] Category not found  ""
2021-02-25 20:59:54.942 [24446.6]: WARNING : [client.main] Category not found  ""
2021-02-25 20:59:54.942 [24446.6]: WARNING : [client.main] Category not found  ""
2021-02-25 20:59:54.942 [24446.6]: WARNING : [client.main] Category not found  ""
2021-02-25 20:59:54.942 [24446.6]: WARNING : [client.main] Category not found  ""
2021-02-25 20:59:54.942 [24446.6]: WARNING : [client.main] Category not found  ""
2021-02-25 20:59:54.942 [24446.6]: WARNING : [client.main] Category not found  ""
2021-02-25 20:59:54.942 [24446.6]: WARNING : [client.main] Category not found  ""
2021-02-25 20:59:54.942 [24446.6]: WARNING : [client.main] Category not found  ""
2021-02-25 20:59:54.942 [24446.6]: WARNING : [client.main] Category not found  ""
2021-02-25 20:59:54.942 [24446.6]: WARNING : [client.main] Category not found  ""
2021-02-25 20:59:54.942 [24446.6]: WARNING : [client.main] Category not found  ""
2021-02-25 20:59:54.942 [24446.6]: WARNING : [client.main] Category not found  ""
2021-02-25 20:59:54.942 [24446.6]: WARNING : [client.main] Category not found  ""
2021-02-25 20:59:54.942 [24446.6]: WARNING : [client.main] Category not found  ""
2021-02-25 20:59:54.942 [24446.6]: WARNING : [client.main] Category not found  ""
2021-02-25 20:59:54.942 [24446.6]: WARNING : [client.main] Category not found  ""
2021-02-25 20:59:54.942 [24446.6]: WARNING : [client.main] Category not found  ""
2021-02-25 20:59:54.942 [24446.6]: WARNING : [client.main] Category not found  ""
2021-02-25 20:59:54.942 [24446.6]: WARNING : [client.main] Category not found  ""
2021-02-25 20:59:54.942 [24446.6]: WARNING : [client.main] Category not found  ""
2021-02-25 20:59:54.942 [24446.6]: WARNING : [client.main] Category not found  ""
2021-02-25 20:59:54.942 [24446.6]: WARNING : [client.main] Category not found  ""
2021-02-25 20:59:54.942 [24446.6]: WARNING : [client.main] Category not found  ""
2021-02-25 20:59:54.942 [24446.6]: WARNING : [client.main] Category not found  ""
2021-02-25 20:59:54.942 [24446.6]: WARNING : [client.main] Category not found  ""
2021-02-25 20:59:54.942 [24446.6]: WARNING : [client.main] Category not found  ""
2021-02-25 20:59:54.942 [24446.6]: WARNING : [client.main] Category not found  ""
2021-02-25 20:59:54.942 [24446.6]: WARNING : [client.main] Category not found  ""
2021-02-25 20:59:54.942 [24446.6]: WARNING : [client.main] Category not found  ""
2021-02-25 20:59:54.942 [24446.6]: WARNING : [client.main] Category not found  ""
2021-02-25 20:59:54.942 [24446.6]: WARNING : [client.main] Category not found  ""
2021-02-25 20:59:54.942 [24446.6]: WARNING : [client.main] Category not found  ""
2021-02-25 20:59:54.942 [24446.6]: WARNING : [client.main] Category not found  ""
2021-02-25 20:59:54.942 [24446.6]: WARNING : [client.main] Category not found  ""
2021-02-25 20:59:54.942 [24446.6]: WARNING : [client.main] Category not found  ""
2021-02-25 20:59:55.079 [24446.7]: WARNING : [client.main] Category not found  ""
2021-02-25 20:59:55.079 [24446.7]: WARNING : [client.main] Category not found  ""
2021-02-25 20:59:55.079 [24446.7]: WARNING : [client.main] Category not found  ""
2021-02-25 20:59:55.079 [24446.7]: WARNING : [client.main] Category not found  ""
2021-02-25 20:59:55.079 [24446.7]: WARNING : [client.main] Category not found  ""
2021-02-25 20:59:55.079 [24446.7]: WARNING : [client.main] Category not found  ""
2021-02-25 20:59:55.079 [24446.7]: WARNING : [client.main] Category not found  ""
2021-02-25 20:59:55.079 [24446.7]: WARNING : [client.main] Category not found  ""
2021-02-25 20:59:55.079 [24446.7]: WARNING : [client.main] Category not found  ""
