Slmod started at Sep 29, 2021, 20:51:05
28.792  SLMOD INFO: using settings defined in C:\Users\jayir\Saved Games\8.4YA3\Slmod\config.lua
28.799  SLMOD WARNING: ./Scripts/MissionScripting.lua is not up to date.  Installing new ./Scripts/MissionScripting.lua.
28.799  SLMOD INFO: SlmodConfig.lua loaded.
28.807  SLMOD INFO: SlmodUtils.lua loaded.
28.812  SLMOD INFO: SlmodEvents.lua loaded.
28.818  SLMOD INFO: SlmodUnits.lua loaded.
28.824  SLMOD INFO: SlmodMenu.lua loaded.
28.829  SLMOD INFO: SlmodConvMenu.lua loaded.
28.83  SLMOD INFO: SlmodPTSMenu.lua loaded.
28.832  SLMOD INFO: SlmodPOSMenu.lua loaded.
28.839  SLMOD INFO: SlmodAdminMenu.lua loaded
28.846  SLMOD INFO: no stats , loading from file: C:\Users\jayir\Saved Games\8.4YA3\Slmod\\SlmodStats.lua
28.846  SLMOD WARNING: Unable to open SlmodStats.lua , will make a new SlmodStats.lua file.
28.847  SLMOD INFO: no penStats , loading from file: C:\Users\jayir\Saved Games\8.4YA3\Slmod\\SlmodPenaltyStats.lua
28.847  SLMOD WARNING: Unable to open SlmodPenaltyStats.lua , will make a new SlmodPenaltyStats.lua file.
28.847  SLMOD INFO: SlmodStats.lua loaded.
28.852  SLMOD INFO: no metaStats , loading from file: C:\Users\jayir\Saved Games\8.4YA3\Slmod\\SlmodMetaStats.lua
28.852  SLMOD WARNING: Unable to open SlmodMetaStats.lua , will make a new SlmodMetaStats.lua file.
28.852  SLMOD INFO: SlmodMetaStats.lua loaded.
28.858  SLMOD INFO: SlmodAutoAdmin.lua loaded.
28.86  SLMOD INFO: SlmodPingCheck.lua loaded.
28.866  SLMOD INFO: SlmodVote.lua loaded.
28.872  SLMOD INFO: SlmodLibs.lua loaded.
28.874  SLMOD INFO: SlmodDebugger.lua loaded.
28.879  SLMOD INFO: SlmodMOTD.lua loaded.
28.881  SLMOD INFO: SlmodHelp.lua loaded.
28.886  SLMOD INFO: SlmodCallbacks.lua loaded
28.891  SLMOD INFO: SlmodTests.lua loaded.
34.377  SLMOD INFO: Modifying netview... results: , true
34.377  SLMOD INFO: connected client 1
34.377  SLMOD INFO: num clients: 1
