
Wed Feb 24 18:18:35 2021
--- STARTING Log ---
Version: 2.1.9-e398d1ea
---
2021-02-24 18:18:35.877 [0]: WARNING : [default] Logger: Filedump is true
2021-02-24 18:18:35.877 [0]: DEBUG   : [perfs] Perfs output enabled: false
2021-02-24 18:18:42.230 [6.345]: WARNING : [default] LICENSES: 4 FOUND IN "C:/Users/Administrator/Saved Games/StableServer1/LotAtc Data/Server/Licenses"
2021-02-24 18:19:00.741 [24.864]: WARNING : [default] Logger: Filedump is true
2021-02-24 18:19:00.741 [24.864]: WARNING : [client.main] Magnetic file not found, exiting "C:\\Users\\Administrator\\Saved Games\\StableServer1\\Mods\\services\\LotAtc\\\\magvar"
2021-02-24 18:19:00.741 [24.864]: WARNING : [client.main] Magnetic file not found, exiting "C:\\Users\\Administrator\\Saved Games\\StableServer1\\Mods\\services\\LotAtc\\\\magvar"
2021-02-24 18:19:00.741 [24.864]: WARNING : [default] [GM] Set Year 2016
2021-02-24 18:19:00.741 [24.864]: WARNING : [default] [GM] Set Theather angle True true
2021-02-24 18:19:00.757 [24.864]: WARNING : [server.json] "Unable to start the server: The bound address is already in use."
2021-02-24 18:19:53.644 [77.758]: WARNING : [client.main] Category not found  ""
2021-02-24 18:19:53.644 [77.758]: WARNING : [client.main] Category not found  ""
2021-02-24 18:19:53.644 [77.758]: WARNING : [client.main] Category not found  ""
2021-02-24 18:19:53.644 [77.758]: WARNING : [client.main] Category not found  ""
2021-02-24 18:19:53.644 [77.758]: WARNING : [client.main] Category not found  ""
2021-02-24 18:19:53.644 [77.758]: WARNING : [client.main] Category not found  ""
2021-02-24 18:19:53.644 [77.758]: WARNING : [client.main] Category not found  ""
2021-02-24 18:19:53.644 [77.758]: WARNING : [client.main] Category not found  ""
2021-02-24 18:19:53.644 [77.758]: WARNING : [client.main] Category not found  ""
2021-02-24 18:19:53.644 [77.758]: WARNING : [client.main] Category not found  ""
2021-02-24 18:19:53.644 [77.758]: WARNING : [client.main] Category not found  ""
2021-02-24 18:19:53.644 [77.758]: WARNING : [client.main] Category not found  ""
2021-02-24 18:19:53.644 [77.758]: WARNING : [client.main] Category not found  ""
2021-02-24 18:19:53.644 [77.759]: WARNING : [client.main] Category not found  ""
2021-02-24 18:19:53.644 [77.759]: WARNING : [client.main] Category not found  ""
2021-02-24 18:19:53.644 [77.759]: WARNING : [client.main] Category not found  ""
2021-02-24 18:19:53.644 [77.759]: WARNING : [client.main] Category not found  ""
2021-02-24 18:19:53.644 [77.759]: WARNING : [client.main] Category not found  ""
2021-02-24 18:19:53.644 [77.759]: WARNING : [client.main] Category not found  ""
2021-02-24 18:19:53.644 [77.759]: WARNING : [client.main] Category not found  ""
2021-02-24 18:19:53.644 [77.759]: WARNING : [client.main] Category not found  ""
2021-02-24 18:19:53.644 [77.759]: WARNING : [client.main] Category not found  ""
2021-02-24 18:19:53.644 [77.759]: WARNING : [client.main] Category not found  ""
2021-02-24 18:19:53.644 [77.759]: WARNING : [client.main] Category not found  ""
2021-02-24 18:19:53.644 [77.759]: WARNING : [client.main] Category not found  ""
2021-02-24 18:19:53.644 [77.759]: WARNING : [client.main] Category not found  ""
2021-02-24 18:19:53.644 [77.76]: WARNING : [client.main] Category not found  ""
2021-02-24 18:19:53.644 [77.76]: WARNING : [client.main] Category not found  ""
2021-02-24 18:19:53.644 [77.76]: WARNING : [client.main] Category not found  ""
2021-02-24 18:19:53.644 [77.76]: WARNING : [client.main] Category not found  ""
2021-02-24 18:19:53.644 [77.76]: WARNING : [client.main] Category not found  ""
2021-02-24 18:19:53.644 [77.76]: WARNING : [client.main] Category not found  ""
2021-02-24 18:19:53.644 [77.76]: WARNING : [client.main] Category not found  ""
2021-02-24 18:19:53.644 [77.76]: WARNING : [client.main] Category not found  ""
2021-02-24 18:19:53.644 [77.76]: WARNING : [client.main] Category not found  ""
2021-02-24 18:19:53.644 [77.76]: WARNING : [client.main] Category not found  ""
2021-02-24 18:19:53.644 [77.76]: WARNING : [client.main] Category not found  ""
2021-02-24 18:19:53.644 [77.76]: WARNING : [client.main] Category not found  ""
2021-02-24 18:19:53.644 [77.761]: WARNING : [client.main] Category not found  ""
2021-02-24 18:19:53.644 [77.761]: WARNING : [client.main] Category not found  ""
2021-02-24 18:19:53.644 [77.761]: WARNING : [client.main] Category not found  ""
2021-02-24 18:19:53.644 [77.761]: WARNING : [client.main] Category not found  ""
2021-02-24 18:19:53.644 [77.761]: WARNING : [client.main] Category not found  ""
2021-02-24 18:19:53.644 [77.761]: WARNING : [client.main] Category not found  ""
2021-02-24 18:19:53.644 [77.761]: WARNING : [client.main] Category not found  ""
2021-02-24 18:19:53.644 [77.761]: WARNING : [client.main] Category not found  ""
2021-02-24 18:19:53.644 [77.761]: WARNING : [client.main] Category not found  ""
2021-02-24 18:19:53.644 [77.761]: WARNING : [client.main] Category not found  ""
2021-02-24 18:19:53.644 [77.761]: WARNING : [client.main] Category not found  ""
2021-02-24 18:19:53.644 [77.761]: WARNING : [client.main] Category not found  ""
2021-02-24 18:19:53.644 [77.761]: WARNING : [client.main] Category not found  ""
2021-02-24 18:19:53.644 [77.761]: WARNING : [client.main] Category not found  ""
2021-02-24 18:19:53.644 [77.762]: WARNING : [client.main] Category not found  ""
2021-02-24 18:19:53.644 [77.762]: WARNING : [client.main] Category not found  ""
2021-02-24 18:19:53.644 [77.762]: WARNING : [client.main] Category not found  ""
2021-02-24 18:19:53.644 [77.762]: WARNING : [client.main] Category not found  ""
2021-02-24 18:19:53.644 [77.762]: WARNING : [client.main] Category not found  ""
2021-02-24 18:19:53.644 [77.762]: WARNING : [client.main] Category not found  ""
2021-02-24 18:19:53.644 [77.762]: WARNING : [client.main] Category not found  ""
2021-02-24 18:19:53.644 [77.762]: WARNING : [client.main] Category not found  ""
2021-02-24 18:19:53.644 [77.762]: WARNING : [client.main] Category not found  ""
2021-02-24 18:19:53.644 [77.762]: WARNING : [client.main] Category not found  ""
2021-02-24 18:19:53.644 [77.762]: WARNING : [client.main] Category not found  ""
2021-02-24 18:19:53.644 [77.762]: WARNING : [client.main] Category not found  ""
2021-02-24 18:19:53.644 [77.763]: WARNING : [client.main] Category not found  ""
2021-02-24 18:19:53.644 [77.763]: WARNING : [client.main] Category not found  ""
2021-02-24 18:19:53.644 [77.763]: WARNING : [client.main] Category not found  ""
2021-02-24 18:19:53.644 [77.763]: WARNING : [client.main] Category not found  ""
2021-02-24 18:19:53.644 [77.763]: WARNING : [client.main] Category not found  ""
2021-02-24 18:19:53.644 [77.763]: WARNING : [client.main] Category not found  ""
2021-02-24 18:19:53.644 [77.763]: WARNING : [client.main] Category not found  ""
2021-02-24 18:19:53.644 [77.763]: WARNING : [client.main] Category not found  ""
2021-02-24 18:19:53.644 [77.763]: WARNING : [client.main] Category not found  ""
2021-02-24 18:19:53.644 [77.763]: WARNING : [client.main] Category not found  ""
2021-02-24 18:19:53.644 [77.763]: WARNING : [client.main] Category not found  ""
2021-02-24 18:19:53.644 [77.763]: WARNING : [client.main] Category not found  ""
2021-02-24 18:19:53.644 [77.763]: WARNING : [client.main] Category not found  ""
2021-02-24 18:19:53.644 [77.764]: WARNING : [client.main] Category not found  ""
2021-02-24 18:19:53.644 [77.764]: WARNING : [client.main] Category not found  ""
2021-02-24 18:19:53.644 [77.764]: WARNING : [client.main] Category not found  ""
2021-02-24 18:19:53.644 [77.764]: WARNING : [client.main] Category not found  ""
2021-02-24 18:19:53.644 [77.764]: WARNING : [client.main] Category not found  ""
2021-02-24 18:19:53.644 [77.764]: WARNING : [client.main] Category not found  ""
2021-02-24 18:19:53.644 [77.764]: WARNING : [client.main] Category not found  ""
2021-02-24 18:19:53.753 [77.87]: WARNING : [client.main] Category not found  ""
2021-02-24 18:19:53.753 [77.871]: WARNING : [client.main] Category not found  ""
2021-02-24 18:19:53.753 [77.871]: WARNING : [client.main] Category not found  ""
2021-02-24 18:19:53.753 [77.872]: WARNING : [client.main] Category not found  ""
2021-02-24 18:19:53.753 [77.873]: WARNING : [client.main] Category not found  ""
2021-02-24 18:19:53.753 [77.873]: WARNING : [client.main] Category not found  ""
2021-02-24 18:19:53.753 [77.873]: WARNING : [client.main] Category not found  ""
2021-02-24 18:19:53.753 [77.874]: WARNING : [client.main] Category not found  ""
2021-02-25 14:03:08.261 [71072.4]: WARNING : [default] LICENSES: 4 FOUND IN "C:/Users/Administrator/Saved Games/StableServer1/LotAtc Data/Server/Licenses"
2021-02-25 14:03:14.932 [71079]: WARNING : [default] Logger: Filedump is true
2021-02-25 14:03:14.932 [71079]: WARNING : [client.main] Magnetic file not found, exiting "C:\\Users\\Administrator\\Saved Games\\StableServer1\\Mods\\services\\LotAtc\\\\magvar"
2021-02-25 14:03:14.932 [71079]: WARNING : [default] [GM] Set Year 2016
2021-02-25 14:03:14.932 [71079]: WARNING : [default] [GM] Set Theather angle True true
2021-02-25 14:03:14.932 [71079]: WARNING : [server.json] "Unable to start the server: The bound address is already in use."
2021-02-25 14:03:16.072 [71080.2]: WARNING : [client.main] Category not found  ""
2021-02-25 14:03:16.072 [71080.2]: WARNING : [client.main] Category not found  ""
2021-02-25 14:03:16.072 [71080.2]: WARNING : [client.main] Category not found  ""
2021-02-25 14:03:16.072 [71080.2]: WARNING : [client.main] Category not found  ""
2021-02-25 14:03:16.072 [71080.2]: WARNING : [client.main] Category not found  ""
2021-02-25 14:03:16.072 [71080.2]: WARNING : [client.main] Category not found  ""
2021-02-25 14:03:16.072 [71080.2]: WARNING : [client.main] Category not found  ""
2021-02-25 14:03:16.072 [71080.2]: WARNING : [client.main] Category not found  ""
2021-02-25 14:03:16.072 [71080.2]: WARNING : [client.main] Category not found  ""
2021-02-25 14:03:16.072 [71080.2]: WARNING : [client.main] Category not found  ""
2021-02-25 14:03:16.072 [71080.2]: WARNING : [client.main] Category not found  ""
2021-02-25 14:03:16.072 [71080.2]: WARNING : [client.main] Category not found  ""
2021-02-25 14:03:16.072 [71080.2]: WARNING : [client.main] Category not found  ""
2021-02-25 14:03:16.072 [71080.2]: WARNING : [client.main] Category not found  ""
2021-02-25 14:03:16.072 [71080.2]: WARNING : [client.main] Category not found  ""
2021-02-25 14:03:16.072 [71080.2]: WARNING : [client.main] Category not found  ""
2021-02-25 14:03:16.072 [71080.2]: WARNING : [client.main] Category not found  ""
2021-02-25 14:03:16.072 [71080.2]: WARNING : [client.main] Category not found  ""
2021-02-25 14:03:16.072 [71080.2]: WARNING : [client.main] Category not found  ""
2021-02-25 14:03:16.072 [71080.2]: WARNING : [client.main] Category not found  ""
2021-02-25 14:03:16.072 [71080.2]: WARNING : [client.main] Category not found  ""
2021-02-25 14:03:16.072 [71080.2]: WARNING : [client.main] Category not found  ""
2021-02-25 14:03:16.072 [71080.2]: WARNING : [client.main] Category not found  ""
2021-02-25 14:03:16.072 [71080.2]: WARNING : [client.main] Category not found  ""
2021-02-25 14:03:16.072 [71080.2]: WARNING : [client.main] Category not found  ""
2021-02-25 14:03:16.072 [71080.2]: WARNING : [client.main] Category not found  ""
2021-02-25 14:03:16.072 [71080.2]: WARNING : [client.main] Category not found  ""
2021-02-25 14:03:16.072 [71080.2]: WARNING : [client.main] Category not found  ""
2021-02-25 14:03:16.072 [71080.2]: WARNING : [client.main] Category not found  ""
2021-02-25 14:03:16.072 [71080.2]: WARNING : [client.main] Category not found  ""
2021-02-25 14:03:16.072 [71080.2]: WARNING : [client.main] Category not found  ""
2021-02-25 14:03:16.072 [71080.2]: WARNING : [client.main] Category not found  ""
2021-02-25 14:03:16.072 [71080.2]: WARNING : [client.main] Category not found  ""
2021-02-25 14:03:16.072 [71080.2]: WARNING : [client.main] Category not found  ""
2021-02-25 14:03:16.072 [71080.2]: WARNING : [client.main] Category not found  ""
2021-02-25 14:03:16.072 [71080.2]: WARNING : [client.main] Category not found  ""
2021-02-25 14:03:16.072 [71080.2]: WARNING : [client.main] Category not found  ""
2021-02-25 14:03:16.072 [71080.2]: WARNING : [client.main] Category not found  ""
2021-02-25 14:03:16.072 [71080.2]: WARNING : [client.main] Category not found  ""
2021-02-25 14:03:16.072 [71080.2]: WARNING : [client.main] Category not found  ""
2021-02-25 14:03:16.072 [71080.2]: WARNING : [client.main] Category not found  ""
2021-02-25 14:03:16.072 [71080.2]: WARNING : [client.main] Category not found  ""
2021-02-25 14:03:16.072 [71080.2]: WARNING : [client.main] Category not found  ""
2021-02-25 14:03:16.072 [71080.2]: WARNING : [client.main] Category not found  ""
2021-02-25 14:03:16.072 [71080.2]: WARNING : [client.main] Category not found  ""
2021-02-25 14:03:16.072 [71080.2]: WARNING : [client.main] Category not found  ""
2021-02-25 14:03:16.072 [71080.2]: WARNING : [client.main] Category not found  ""
2021-02-25 14:03:16.072 [71080.2]: WARNING : [client.main] Category not found  ""
2021-02-25 14:03:16.072 [71080.2]: WARNING : [client.main] Category not found  ""
2021-02-25 14:03:16.072 [71080.2]: WARNING : [client.main] Category not found  ""
2021-02-25 14:03:16.072 [71080.2]: WARNING : [client.main] Category not found  ""
2021-02-25 14:03:16.072 [71080.2]: WARNING : [client.main] Category not found  ""
2021-02-25 14:03:16.072 [71080.2]: WARNING : [client.main] Category not found  ""
2021-02-25 14:03:16.072 [71080.2]: WARNING : [client.main] Category not found  ""
2021-02-25 14:03:16.072 [71080.2]: WARNING : [client.main] Category not found  ""
2021-02-25 14:03:16.072 [71080.2]: WARNING : [client.main] Category not found  ""
2021-02-25 14:03:16.072 [71080.2]: WARNING : [client.main] Category not found  ""
2021-02-25 14:03:16.072 [71080.2]: WARNING : [client.main] Category not found  ""
2021-02-25 14:03:16.072 [71080.2]: WARNING : [client.main] Category not found  ""
2021-02-25 14:03:16.072 [71080.2]: WARNING : [client.main] Category not found  ""
2021-02-25 14:03:16.072 [71080.2]: WARNING : [client.main] Category not found  ""
2021-02-25 14:03:16.072 [71080.2]: WARNING : [client.main] Category not found  ""
2021-02-25 14:03:16.072 [71080.2]: WARNING : [client.main] Category not found  ""
2021-02-25 14:03:16.072 [71080.2]: WARNING : [client.main] Category not found  ""
2021-02-25 14:03:16.072 [71080.2]: WARNING : [client.main] Category not found  ""
2021-02-25 14:03:16.072 [71080.2]: WARNING : [client.main] Category not found  ""
2021-02-25 14:03:16.072 [71080.2]: WARNING : [client.main] Category not found  ""
2021-02-25 14:03:16.072 [71080.2]: WARNING : [client.main] Category not found  ""
2021-02-25 14:03:16.072 [71080.2]: WARNING : [client.main] Category not found  ""
2021-02-25 14:03:16.072 [71080.2]: WARNING : [client.main] Category not found  ""
2021-02-25 14:03:16.072 [71080.2]: WARNING : [client.main] Category not found  ""
2021-02-25 14:03:16.072 [71080.2]: WARNING : [client.main] Category not found  ""
2021-02-25 14:03:16.072 [71080.2]: WARNING : [client.main] Category not found  ""
2021-02-25 14:03:16.072 [71080.2]: WARNING : [client.main] Category not found  ""
2021-02-25 14:03:16.072 [71080.2]: WARNING : [client.main] Category not found  ""
2021-02-25 14:03:16.072 [71080.2]: WARNING : [client.main] Category not found  ""
2021-02-25 14:03:16.072 [71080.2]: WARNING : [client.main] Category not found  ""
2021-02-25 14:03:16.072 [71080.2]: WARNING : [client.main] Category not found  ""
2021-02-25 14:03:16.072 [71080.2]: WARNING : [client.main] Category not found  ""
2021-02-25 14:03:16.072 [71080.2]: WARNING : [client.main] Category not found  ""
2021-02-25 14:03:16.072 [71080.2]: WARNING : [client.main] Category not found  ""
2021-02-25 14:03:16.072 [71080.2]: WARNING : [client.main] Category not found  ""
2021-02-25 14:03:16.072 [71080.2]: WARNING : [client.main] Category not found  ""
2021-02-25 14:03:16.072 [71080.2]: WARNING : [client.main] Category not found  ""
2021-02-25 14:03:16.181 [71080.3]: WARNING : [client.main] Category not found  ""
2021-02-25 14:03:16.181 [71080.3]: WARNING : [client.main] Category not found  ""
2021-02-25 14:03:16.181 [71080.3]: WARNING : [client.main] Category not found  ""
2021-02-25 14:03:16.181 [71080.3]: WARNING : [client.main] Category not found  ""
2021-02-25 14:03:16.181 [71080.3]: WARNING : [client.main] Category not found  ""
2021-02-25 14:03:16.181 [71080.3]: WARNING : [client.main] Category not found  ""
2021-02-25 14:03:16.181 [71080.3]: WARNING : [client.main] Category not found  ""
2021-02-25 14:03:16.181 [71080.3]: WARNING : [client.main] Category not found  ""
