Slmod started at Aug 05, 2021, 20:00:13
52.568  SLMOD INFO: using settings defined in C:\Users\Administrator\Saved Games\BetaServer1\Slmod\config.lua
52.579  SLMOD INFO: ./Scripts/MissionScripting.lua is up to date, no installation required.
52.591  SLMOD INFO: SlmodUtils.lua loaded.
52.601  SLMOD INFO: SlmodEvents.lua loaded.
52.61  SLMOD INFO: SlmodUnits.lua loaded.
52.622  SLMOD INFO: SlmodMenu.lua loaded.
52.631  SLMOD INFO: SlmodConvMenu.lua loaded.
52.635  SLMOD INFO: SlmodPTSMenu.lua loaded.
52.638  SLMOD INFO: SlmodPOSMenu.lua loaded.
52.649  SLMOD INFO: SlmodAdminMenu.lua loaded
52.659  SLMOD INFO: no stats , loading from file: C:\Users\Administrator\Saved Games\BetaServer1\Slmod\\SlmodStats.lua
55.017  SLMOD INFO: using SlmodStats.lua as defined in C:\Users\Administrator\Saved Games\BetaServer1\Slmod\SlmodStats.lua
60.597  SLMOD INFO: no penStats , loading from file: C:\Users\Administrator\Saved Games\BetaServer1\Slmod\\SlmodPenaltyStats.lua
61.442  SLMOD INFO: using SlmodPenaltyStats.lua as defined in C:\Users\Administrator\Saved Games\BetaServer1\Slmod\SlmodPenaltyStats.lua
63.635  SLMOD INFO: SlmodStats.lua loaded.
63.643  SLMOD INFO: no metaStats , loading from file: C:\Users\Administrator\Saved Games\BetaServer1\Slmod\\SlmodMetaStats.lua
63.723  SLMOD INFO: using SlmodMetaStats.lua as defined in C:\Users\Administrator\Saved Games\BetaServer1\Slmod\SlmodMetaStats.lua
63.728  SLMOD INFO: SlmodMetaStats.lua loaded.
63.738  SLMOD INFO: SlmodAutoAdmin.lua loaded.
63.741  SLMOD INFO: SlmodPingCheck.lua loaded.
63.749  SLMOD INFO: SlmodVote.lua loaded.
63.76  SLMOD INFO: SlmodLibs.lua loaded.
63.764  SLMOD INFO: SlmodDebugger.lua loaded.
63.773  SLMOD INFO: SlmodMOTD.lua loaded.
63.776  SLMOD INFO: SlmodHelp.lua loaded.
63.787  SLMOD INFO: SlmodCallbacks.lua loaded
63.796  SLMOD INFO: SlmodTests.lua loaded.
68.715  SLMOD INFO: Modifying netview... results: , true
68.715  SLMOD INFO: connected client 1
68.715  SLMOD INFO: num clients: 1
91.204  SLMOD INFO: successfully loaded (name = slmod.basicSerialize) function into export.
91.204  SLMOD INFO: successfully loaded (name = slmod.serialize) function into export.
91.205  SLMOD INFO: successfully loaded (name = slmod.oneLineSerialize) function into export.
91.205  SLMOD INFO: successfully loaded (name = slmod.serializeWithCycles) function into export.
91.205  SLMOD INFO: successfully loaded (name = slmod.deepcopy) function into export.
91.206  SLMOD INFO: successfully loaded (name = slmod.tableshow) function into export.
91.207  SLMOD INFO: using banned ucids and/or ips as defined in C:\Users\Administrator\Saved Games\BetaServer1\Slmod\BannedClients.lua
91.207  SLMOD INFO: using server admins as defined in C:\Users\Administrator\Saved Games\BetaServer1\Slmod\ServerAdmins.lua
91.208  SLMOD INFO: load exempt clients
91.208  SLMOD INFO: using exempt ucids as defined in C:\Users\Administrator\Saved Games\BetaServer1\Slmod\ExemptClients.lua
91.255  SLMOD INFO: successfully loaded unitAttributes.
97.069  SLMOD INFO: no misStats , loading from file: C:\Users\Administrator\Saved Games\BetaServer1\Slmod\Mission Stats\\4YA_Cauc_Capture_Base_v1.1_Maykop_BC- Aug 05, 2021 at 16 34 00.lua
97.184  SLMOD INFO: using  as defined in C:\Users\Administrator\Saved Games\BetaServer1\Slmod\Mission Stats\
97.222  SLMOD INFO: weapons_impacting_code loaded successfully to server env
97.222  SLMOD INFO: using random seed 58
97.225  SLMOD INFO: slmod.importMissionZones: zones successfully loaded to net environment.
97.644  SLMOD INFO: successfully completed slmod.getMissionUnitData()
107.346  SLMOD INFO: connected client 2
107.346  SLMOD INFO: num clients: 2
129.893  SLMOD INFO: connected client 3
129.893  SLMOD INFO: num clients: 3
210.036  SLMOD INFO: connected client 4
210.036  SLMOD INFO: num clients: 4
241.657  SLMOD INFO: connected client 5
241.657  SLMOD INFO: num clients: 5
376.091  SLMOD INFO: connected client 6
376.091  SLMOD INFO: num clients: 6
386.807  SLMOD INFO: connected client 7
386.807  SLMOD INFO: num clients: 7
597.919  SLMOD INFO: connected client 8
597.919  SLMOD INFO: num clients: 8
626.21  SLMOD INFO: slmod_onPlayerDisconnect 8
626.21  SLMOD INFO: num clients: 7
661.42  SLMOD INFO: connected client 8
661.42  SLMOD INFO: num clients: 8
662.079  SLMOD INFO: connected client 9
662.079  SLMOD INFO: num clients: 9
675.705  SLMOD INFO: connected client 10
675.705  SLMOD INFO: num clients: 10
681.397  SLMOD INFO: connected client 11
681.397  SLMOD INFO: num clients: 11
757.474  SLMOD INFO: connected client 12
757.474  SLMOD INFO: num clients: 12
829.436  SLMOD INFO: connected client 13
829.436  SLMOD INFO: num clients: 13
835.969  SLMOD INFO: connected client 14
835.969  SLMOD INFO: num clients: 14
957.48  SLMOD INFO: connected client 15
957.48  SLMOD INFO: num clients: 15
976.836  SLMOD INFO: connected client 16
976.836  SLMOD INFO: num clients: 16
1045.445  SLMOD INFO: connected client 17
1045.445  SLMOD INFO: num clients: 17
1048.826  SLMOD INFO: connected client 18
1048.826  SLMOD INFO: num clients: 18
1055.813  SLMOD INFO: connected client 19
1055.813  SLMOD INFO: num clients: 19
1060.523  SLMOD INFO: connected client 20
1060.523  SLMOD INFO: num clients: 20
1208.173  SLMOD INFO: connected client 21
1208.173  SLMOD INFO: num clients: 21
1404.453  SLMOD INFO: connected client 22
1404.453  SLMOD INFO: num clients: 22
1415.134  SLMOD INFO: SlmodStats- hit client unitName: Pilot #496, hits[#hits]: { ["target"] = { [1] = { ["id"] = 2, ["rtid"] = 16787458, ["ip"] = "81.224.225.102:63364", ["coalition"] = "blue", ["addr"] = "81.224.225.102:63364", ["name"] = "HawkEye", ["ucid"] = "6c439ba45bc5c23ef67a064eaef24113", ["motdTime"] = 134.4409767, ["unitName"] = "Pilot #496", ["pingCheck"] = { ["ping"] = 29, ["lastWarnTime"] = 0, ["warnings"] = 0, ["connectTime"] = 1628190068, ["checkActive"] = true, ["avgPing"] = 28, }, }, }, ["inAirHit"] = true, ["time"] = 1267.821, ["initiator"] = "Pilot #351", }  no longer exists, running death logic.
1443.321  SLMOD INFO: connected client 23
1443.321  SLMOD INFO: num clients: 23
1446.624  SLMOD INFO: connected client 24
1446.624  SLMOD INFO: num clients: 24
1504.512  SLMOD INFO: connected client 25
1504.512  SLMOD INFO: num clients: 25
1532.653  SLMOD INFO: connected client 26
1532.653  SLMOD INFO: num clients: 26
1585.653  SLMOD INFO: connected client 27
1585.653  SLMOD INFO: num clients: 27
1613.257  SLMOD INFO: slmod_onPlayerDisconnect 16
1613.257  SLMOD INFO: num clients: 26
1613.675  SLMOD INFO: SlmodStats- hit client unitName: Pilot #495, hits[#hits]: { ["target"] = { [1] = { ["pingCheck"] = { ["ping"] = 25, ["lastWarnTime"] = 0, ["warnings"] = 0, ["connectTime"] = 1628190938, ["checkActive"] = true, ["avgPing"] = 25, }, ["rtid"] = 16787472, ["ip"] = "91.175.171.27:22037", ["coalition"] = "blue", ["addr"] = "91.175.171.27:22037", ["name"] = "Golf 1-2 | Klaaza", ["ucid"] = "1429f622bc8c26289c3ec4b84a41690e", ["motdTime"] = 1031.3484769, ["unitName"] = "Pilot #495", ["id"] = 16, }, }, ["inAirHit"] = true, ["time"] = 1486.873, ["initiator"] = "Unit #234", }  no longer exists, running death logic.
