
Wed Feb 24 10:02:13 2021
--- STARTING Log ---
Version: 2.1.9-e398d1ea
---
2021-02-24 10:02:13.019 [0.001]: WARNING : [default] Logger: Filedump is true
2021-02-24 10:02:13.019 [0.002]: DEBUG   : [perfs] Perfs output enabled: false
2021-02-24 10:02:22.376 [9.364]: WARNING : [default] LICENSES: 4 FOUND IN "C:/Users/Administrator/Saved Games/StableServer2/LotAtc Data/Server/Licenses"
2021-02-24 10:02:44.277 [31.262]: WARNING : [default] Logger: Filedump is true
2021-02-24 10:02:44.277 [31.262]: WARNING : [client.main] Magnetic file not found, exiting "C:\\Users\\Administrator\\Saved Games\\StableServer2\\Mods\\services\\LotAtc\\\\magvar"
2021-02-24 10:02:44.277 [31.262]: WARNING : [client.main] Magnetic file not found, exiting "C:\\Users\\Administrator\\Saved Games\\StableServer2\\Mods\\services\\LotAtc\\\\magvar"
2021-02-24 10:02:44.277 [31.262]: WARNING : [default] [GM] Set Year 2011
2021-02-24 10:02:44.277 [31.262]: WARNING : [default] [GM] Set Theather angle True false
2021-02-24 10:02:44.277 [31.263]: WARNING : [server.json] "Unable to start the server: The bound address is already in use."
2021-02-24 10:07:21.491 [308.479]: WARNING : [client.main] Category not found  ""
2021-02-24 10:07:21.491 [308.48]: WARNING : [client.main] Category not found  ""
2021-02-24 10:07:21.491 [308.48]: WARNING : [client.main] Category not found  ""
2021-02-24 10:07:21.491 [308.48]: WARNING : [client.main] Category not found  ""
2021-02-24 10:07:21.491 [308.48]: WARNING : [client.main] Category not found  ""
2021-02-24 10:07:21.491 [308.48]: WARNING : [client.main] Category not found  ""
2021-02-24 10:07:21.491 [308.48]: WARNING : [client.main] Category not found  ""
2021-02-24 10:07:21.491 [308.48]: WARNING : [client.main] Category not found  ""
2021-02-24 10:07:21.491 [308.48]: WARNING : [client.main] Category not found  ""
2021-02-24 10:07:21.491 [308.48]: WARNING : [client.main] Category not found  ""
2021-02-24 10:07:21.491 [308.48]: WARNING : [client.main] Category not found  ""
2021-02-24 10:07:21.491 [308.48]: WARNING : [client.main] Category not found  ""
2021-02-24 10:07:21.491 [308.48]: WARNING : [client.main] Category not found  ""
2021-02-24 10:07:21.491 [308.481]: WARNING : [client.main] Category not found  ""
2021-02-24 10:07:21.491 [308.481]: WARNING : [client.main] Category not found  ""
2021-02-24 10:07:21.491 [308.481]: WARNING : [client.main] Category not found  ""
2021-02-24 10:07:21.491 [308.481]: WARNING : [client.main] Category not found  ""
2021-02-24 10:07:21.491 [308.481]: WARNING : [client.main] Category not found  ""
2021-02-24 10:07:21.491 [308.481]: WARNING : [client.main] Category not found  ""
2021-02-24 10:07:21.491 [308.481]: WARNING : [client.main] Category not found  ""
2021-02-24 10:07:21.491 [308.481]: WARNING : [client.main] Category not found  ""
2021-02-24 10:07:21.491 [308.481]: WARNING : [client.main] Category not found  ""
2021-02-24 10:07:21.491 [308.481]: WARNING : [client.main] Category not found  ""
2021-02-24 10:07:21.491 [308.481]: WARNING : [client.main] Category not found  ""
2021-02-24 10:07:21.491 [308.481]: WARNING : [client.main] Category not found  ""
2021-02-24 10:07:21.491 [308.481]: WARNING : [client.main] Category not found  ""
2021-02-24 10:07:21.491 [308.481]: WARNING : [client.main] Category not found  ""
2021-02-24 10:07:21.491 [308.481]: WARNING : [client.main] Category not found  ""
2021-02-24 10:07:21.491 [308.481]: WARNING : [client.main] Category not found  ""
2021-02-24 10:07:21.491 [308.481]: WARNING : [client.main] Category not found  ""
2021-02-24 10:07:21.491 [308.481]: WARNING : [client.main] Category not found  ""
2021-02-24 10:07:21.491 [308.481]: WARNING : [client.main] Category not found  ""
2021-02-24 10:07:21.491 [308.481]: WARNING : [client.main] Category not found  ""
2021-02-24 10:07:21.491 [308.481]: WARNING : [client.main] Category not found  ""
2021-02-24 10:07:21.491 [308.482]: WARNING : [client.main] Category not found  ""
2021-02-24 10:07:21.491 [308.482]: WARNING : [client.main] Category not found  ""
2021-02-24 10:07:21.491 [308.482]: WARNING : [client.main] Category not found  ""
2021-02-24 10:07:21.491 [308.482]: WARNING : [client.main] Category not found  ""
2021-02-24 10:07:21.491 [308.482]: WARNING : [client.main] Category not found  ""
2021-02-24 10:07:21.491 [308.482]: WARNING : [client.main] Category not found  ""
2021-02-24 10:07:21.491 [308.482]: WARNING : [client.main] Category not found  ""
2021-02-24 10:07:21.491 [308.482]: WARNING : [client.main] Category not found  ""
2021-02-24 10:07:21.585 [308.574]: WARNING : [client.main] Category not found  ""
2021-02-24 10:07:21.585 [308.574]: WARNING : [client.main] Category not found  ""
2021-02-24 10:07:21.585 [308.575]: WARNING : [client.main] Category not found  ""
2021-02-24 10:07:21.585 [308.575]: WARNING : [client.main] Category not found  ""
2021-02-24 10:07:21.585 [308.575]: WARNING : [client.main] Category not found  ""
2021-02-24 10:07:21.585 [308.575]: WARNING : [client.main] Category not found  ""
2021-02-24 10:07:21.585 [308.575]: WARNING : [client.main] Category not found  ""
2021-02-24 10:07:21.585 [308.578]: WARNING : [client.main] Category not found  ""
2021-02-24 10:07:21.585 [308.579]: WARNING : [client.main] Category not found  ""
2021-02-24 15:52:45.313 [21032.3]: WARNING : [default] LICENSES: 4 FOUND IN "C:/Users/Administrator/Saved Games/StableServer2/LotAtc Data/Server/Licenses"
2021-02-24 15:52:50.931 [21037.9]: WARNING : [default] Logger: Filedump is true
2021-02-24 15:52:50.931 [21037.9]: WARNING : [client.main] Magnetic file not found, exiting "C:\\Users\\Administrator\\Saved Games\\StableServer2\\Mods\\services\\LotAtc\\\\magvar"
2021-02-24 15:52:50.931 [21037.9]: WARNING : [default] [GM] Set Year 2011
2021-02-24 15:52:50.931 [21037.9]: WARNING : [default] [GM] Set Theather angle True false
2021-02-24 15:52:50.931 [21037.9]: WARNING : [server.json] "Unable to start the server: The bound address is already in use."
2021-02-24 15:52:53.196 [21040.2]: WARNING : [client.main] Category not found  ""
2021-02-24 15:52:53.196 [21040.2]: WARNING : [client.main] Category not found  ""
2021-02-24 15:52:53.196 [21040.2]: WARNING : [client.main] Category not found  ""
2021-02-24 15:52:53.196 [21040.2]: WARNING : [client.main] Category not found  ""
2021-02-24 15:52:53.196 [21040.2]: WARNING : [client.main] Category not found  ""
2021-02-24 15:52:53.196 [21040.2]: WARNING : [client.main] Category not found  ""
2021-02-24 15:52:53.196 [21040.2]: WARNING : [client.main] Category not found  ""
2021-02-24 15:52:53.196 [21040.2]: WARNING : [client.main] Category not found  ""
2021-02-24 15:52:53.196 [21040.2]: WARNING : [client.main] Category not found  ""
2021-02-24 15:52:53.196 [21040.2]: WARNING : [client.main] Category not found  ""
2021-02-24 15:52:53.196 [21040.2]: WARNING : [client.main] Category not found  ""
2021-02-24 15:52:53.196 [21040.2]: WARNING : [client.main] Category not found  ""
2021-02-24 15:52:53.196 [21040.2]: WARNING : [client.main] Category not found  ""
2021-02-24 15:52:53.196 [21040.2]: WARNING : [client.main] Category not found  ""
2021-02-24 15:52:53.196 [21040.2]: WARNING : [client.main] Category not found  ""
2021-02-24 15:52:53.196 [21040.2]: WARNING : [client.main] Category not found  ""
2021-02-24 15:52:53.196 [21040.2]: WARNING : [client.main] Category not found  ""
2021-02-24 15:52:53.196 [21040.2]: WARNING : [client.main] Category not found  ""
2021-02-24 15:52:53.196 [21040.2]: WARNING : [client.main] Category not found  ""
2021-02-24 15:52:53.196 [21040.2]: WARNING : [client.main] Category not found  ""
2021-02-24 15:52:53.196 [21040.2]: WARNING : [client.main] Category not found  ""
2021-02-24 15:52:53.196 [21040.2]: WARNING : [client.main] Category not found  ""
2021-02-24 15:52:53.196 [21040.2]: WARNING : [client.main] Category not found  ""
2021-02-24 15:52:53.196 [21040.2]: WARNING : [client.main] Category not found  ""
2021-02-24 15:52:53.196 [21040.2]: WARNING : [client.main] Category not found  ""
2021-02-24 15:52:53.196 [21040.2]: WARNING : [client.main] Category not found  ""
2021-02-24 15:52:53.196 [21040.2]: WARNING : [client.main] Category not found  ""
2021-02-24 15:52:53.196 [21040.2]: WARNING : [client.main] Category not found  ""
2021-02-24 15:52:53.196 [21040.2]: WARNING : [client.main] Category not found  ""
2021-02-24 15:52:53.196 [21040.2]: WARNING : [client.main] Category not found  ""
2021-02-24 15:52:53.196 [21040.2]: WARNING : [client.main] Category not found  ""
2021-02-24 15:52:53.196 [21040.2]: WARNING : [client.main] Category not found  ""
2021-02-24 15:52:53.196 [21040.2]: WARNING : [client.main] Category not found  ""
2021-02-24 15:52:53.196 [21040.2]: WARNING : [client.main] Category not found  ""
2021-02-24 15:52:53.196 [21040.2]: WARNING : [client.main] Category not found  ""
2021-02-24 15:52:53.196 [21040.2]: WARNING : [client.main] Category not found  ""
2021-02-24 15:52:53.196 [21040.2]: WARNING : [client.main] Category not found  ""
2021-02-24 15:52:53.196 [21040.2]: WARNING : [client.main] Category not found  ""
2021-02-24 15:52:53.196 [21040.2]: WARNING : [client.main] Category not found  ""
2021-02-24 15:52:53.196 [21040.2]: WARNING : [client.main] Category not found  ""
2021-02-24 15:52:53.196 [21040.2]: WARNING : [client.main] Category not found  ""
2021-02-24 15:52:53.196 [21040.2]: WARNING : [client.main] Category not found  ""
2021-02-24 15:52:53.290 [21040.3]: WARNING : [client.main] Category not found  ""
2021-02-24 15:52:53.290 [21040.3]: WARNING : [client.main] Category not found  ""
2021-02-24 15:52:53.290 [21040.3]: WARNING : [client.main] Category not found  ""
2021-02-24 15:52:53.290 [21040.3]: WARNING : [client.main] Category not found  ""
2021-02-24 15:52:53.290 [21040.3]: WARNING : [client.main] Category not found  ""
2021-02-24 15:52:53.290 [21040.3]: WARNING : [client.main] Category not found  ""
2021-02-24 15:52:53.290 [21040.3]: WARNING : [client.main] Category not found  ""
2021-02-24 15:52:53.290 [21040.3]: WARNING : [client.main] Category not found  ""
2021-02-24 15:52:53.290 [21040.3]: WARNING : [client.main] Category not found  ""
2021-02-24 18:52:46.728 [31833.7]: WARNING : [default] LICENSES: 4 FOUND IN "C:/Users/Administrator/Saved Games/StableServer2/LotAtc Data/Server/Licenses"
2021-02-24 18:52:52.784 [31839.8]: WARNING : [default] Logger: Filedump is true
2021-02-24 18:52:52.784 [31839.8]: WARNING : [client.main] Magnetic file not found, exiting "C:\\Users\\Administrator\\Saved Games\\StableServer2\\Mods\\services\\LotAtc\\\\magvar"
2021-02-24 18:52:52.784 [31839.8]: WARNING : [default] [GM] Set Year 2011
2021-02-24 18:52:52.784 [31839.8]: WARNING : [default] [GM] Set Theather angle True false
2021-02-24 18:52:52.784 [31839.8]: WARNING : [server.json] "Unable to start the server: The bound address is already in use."
2021-02-24 18:52:55.393 [31842.4]: WARNING : [client.main] Category not found  ""
2021-02-24 18:52:55.393 [31842.4]: WARNING : [client.main] Category not found  ""
2021-02-24 18:52:55.393 [31842.4]: WARNING : [client.main] Category not found  ""
2021-02-24 18:52:55.393 [31842.4]: WARNING : [client.main] Category not found  ""
2021-02-24 18:52:55.393 [31842.4]: WARNING : [client.main] Category not found  ""
2021-02-24 18:52:55.393 [31842.4]: WARNING : [client.main] Category not found  ""
2021-02-24 18:52:55.393 [31842.4]: WARNING : [client.main] Category not found  ""
2021-02-24 18:52:55.393 [31842.4]: WARNING : [client.main] Category not found  ""
2021-02-24 18:52:55.393 [31842.4]: WARNING : [client.main] Category not found  ""
2021-02-24 18:52:55.393 [31842.4]: WARNING : [client.main] Category not found  ""
2021-02-24 18:52:55.393 [31842.4]: WARNING : [client.main] Category not found  ""
2021-02-24 18:52:55.393 [31842.4]: WARNING : [client.main] Category not found  ""
2021-02-24 18:52:55.393 [31842.4]: WARNING : [client.main] Category not found  ""
2021-02-24 18:52:55.393 [31842.4]: WARNING : [client.main] Category not found  ""
2021-02-24 18:52:55.393 [31842.4]: WARNING : [client.main] Category not found  ""
2021-02-24 18:52:55.393 [31842.4]: WARNING : [client.main] Category not found  ""
2021-02-24 18:52:55.393 [31842.4]: WARNING : [client.main] Category not found  ""
2021-02-24 18:52:55.393 [31842.4]: WARNING : [client.main] Category not found  ""
2021-02-24 18:52:55.393 [31842.4]: WARNING : [client.main] Category not found  ""
2021-02-24 18:52:55.393 [31842.4]: WARNING : [client.main] Category not found  ""
2021-02-24 18:52:55.393 [31842.4]: WARNING : [client.main] Category not found  ""
2021-02-24 18:52:55.393 [31842.4]: WARNING : [client.main] Category not found  ""
2021-02-24 18:52:55.393 [31842.4]: WARNING : [client.main] Category not found  ""
2021-02-24 18:52:55.393 [31842.4]: WARNING : [client.main] Category not found  ""
2021-02-24 18:52:55.393 [31842.4]: WARNING : [client.main] Category not found  ""
2021-02-24 18:52:55.393 [31842.4]: WARNING : [client.main] Category not found  ""
2021-02-24 18:52:55.393 [31842.4]: WARNING : [client.main] Category not found  ""
2021-02-24 18:52:55.393 [31842.4]: WARNING : [client.main] Category not found  ""
2021-02-24 18:52:55.393 [31842.4]: WARNING : [client.main] Category not found  ""
2021-02-24 18:52:55.393 [31842.4]: WARNING : [client.main] Category not found  ""
2021-02-24 18:52:55.393 [31842.4]: WARNING : [client.main] Category not found  ""
2021-02-24 18:52:55.393 [31842.4]: WARNING : [client.main] Category not found  ""
2021-02-24 18:52:55.393 [31842.4]: WARNING : [client.main] Category not found  ""
2021-02-24 18:52:55.393 [31842.4]: WARNING : [client.main] Category not found  ""
2021-02-24 18:52:55.393 [31842.4]: WARNING : [client.main] Category not found  ""
2021-02-24 18:52:55.393 [31842.4]: WARNING : [client.main] Category not found  ""
2021-02-24 18:52:55.393 [31842.4]: WARNING : [client.main] Category not found  ""
2021-02-24 18:52:55.393 [31842.4]: WARNING : [client.main] Category not found  ""
2021-02-24 18:52:55.393 [31842.4]: WARNING : [client.main] Category not found  ""
2021-02-24 18:52:55.393 [31842.4]: WARNING : [client.main] Category not found  ""
2021-02-24 18:52:55.393 [31842.4]: WARNING : [client.main] Category not found  ""
2021-02-24 18:52:55.393 [31842.4]: WARNING : [client.main] Category not found  ""
2021-02-24 18:52:55.486 [31842.5]: WARNING : [client.main] Category not found  ""
2021-02-24 18:52:55.486 [31842.5]: WARNING : [client.main] Category not found  ""
2021-02-24 18:52:55.486 [31842.5]: WARNING : [client.main] Category not found  ""
2021-02-24 18:52:55.486 [31842.5]: WARNING : [client.main] Category not found  ""
2021-02-24 18:52:55.486 [31842.5]: WARNING : [client.main] Category not found  ""
2021-02-24 18:52:55.486 [31842.5]: WARNING : [client.main] Category not found  ""
2021-02-24 18:52:55.486 [31842.5]: WARNING : [client.main] Category not found  ""
2021-02-24 18:52:55.486 [31842.5]: WARNING : [client.main] Category not found  ""
2021-02-24 18:52:55.486 [31842.5]: WARNING : [client.main] Category not found  ""
2021-02-24 21:55:05.428 [42772.4]: WARNING : [default] LICENSES: 4 FOUND IN "C:/Users/Administrator/Saved Games/StableServer2/LotAtc Data/Server/Licenses"
2021-02-24 21:55:10.806 [42777.8]: WARNING : [default] Logger: Filedump is true
2021-02-24 21:55:10.822 [42777.8]: WARNING : [client.main] Magnetic file not found, exiting "C:\\Users\\Administrator\\Saved Games\\StableServer2\\Mods\\services\\LotAtc\\\\magvar"
2021-02-24 21:55:10.822 [42777.8]: WARNING : [default] [GM] Set Year 2011
2021-02-24 21:55:10.822 [42777.8]: WARNING : [default] [GM] Set Theather angle True false
2021-02-24 21:55:10.822 [42777.8]: WARNING : [server.json] "Unable to start the server: The bound address is already in use."
2021-02-24 21:55:13.290 [42780.3]: WARNING : [client.main] Category not found  ""
2021-02-24 21:55:13.290 [42780.3]: WARNING : [client.main] Category not found  ""
2021-02-24 21:55:13.290 [42780.3]: WARNING : [client.main] Category not found  ""
2021-02-24 21:55:13.290 [42780.3]: WARNING : [client.main] Category not found  ""
2021-02-24 21:55:13.290 [42780.3]: WARNING : [client.main] Category not found  ""
2021-02-24 21:55:13.290 [42780.3]: WARNING : [client.main] Category not found  ""
2021-02-24 21:55:13.290 [42780.3]: WARNING : [client.main] Category not found  ""
2021-02-24 21:55:13.290 [42780.3]: WARNING : [client.main] Category not found  ""
2021-02-24 21:55:13.290 [42780.3]: WARNING : [client.main] Category not found  ""
2021-02-24 21:55:13.290 [42780.3]: WARNING : [client.main] Category not found  ""
2021-02-24 21:55:13.290 [42780.3]: WARNING : [client.main] Category not found  ""
2021-02-24 21:55:13.290 [42780.3]: WARNING : [client.main] Category not found  ""
2021-02-24 21:55:13.290 [42780.3]: WARNING : [client.main] Category not found  ""
2021-02-24 21:55:13.290 [42780.3]: WARNING : [client.main] Category not found  ""
2021-02-24 21:55:13.290 [42780.3]: WARNING : [client.main] Category not found  ""
2021-02-24 21:55:13.290 [42780.3]: WARNING : [client.main] Category not found  ""
2021-02-24 21:55:13.290 [42780.3]: WARNING : [client.main] Category not found  ""
2021-02-24 21:55:13.290 [42780.3]: WARNING : [client.main] Category not found  ""
2021-02-24 21:55:13.290 [42780.3]: WARNING : [client.main] Category not found  ""
2021-02-24 21:55:13.290 [42780.3]: WARNING : [client.main] Category not found  ""
2021-02-24 21:55:13.290 [42780.3]: WARNING : [client.main] Category not found  ""
2021-02-24 21:55:13.290 [42780.3]: WARNING : [client.main] Category not found  ""
2021-02-24 21:55:13.290 [42780.3]: WARNING : [client.main] Category not found  ""
2021-02-24 21:55:13.290 [42780.3]: WARNING : [client.main] Category not found  ""
2021-02-24 21:55:13.290 [42780.3]: WARNING : [client.main] Category not found  ""
2021-02-24 21:55:13.290 [42780.3]: WARNING : [client.main] Category not found  ""
2021-02-24 21:55:13.290 [42780.3]: WARNING : [client.main] Category not found  ""
2021-02-24 21:55:13.290 [42780.3]: WARNING : [client.main] Category not found  ""
2021-02-24 21:55:13.290 [42780.3]: WARNING : [client.main] Category not found  ""
2021-02-24 21:55:13.290 [42780.3]: WARNING : [client.main] Category not found  ""
2021-02-24 21:55:13.290 [42780.3]: WARNING : [client.main] Category not found  ""
2021-02-24 21:55:13.290 [42780.3]: WARNING : [client.main] Category not found  ""
2021-02-24 21:55:13.290 [42780.3]: WARNING : [client.main] Category not found  ""
2021-02-24 21:55:13.290 [42780.3]: WARNING : [client.main] Category not found  ""
2021-02-24 21:55:13.290 [42780.3]: WARNING : [client.main] Category not found  ""
2021-02-24 21:55:13.290 [42780.3]: WARNING : [client.main] Category not found  ""
2021-02-24 21:55:13.290 [42780.3]: WARNING : [client.main] Category not found  ""
2021-02-24 21:55:13.290 [42780.3]: WARNING : [client.main] Category not found  ""
2021-02-24 21:55:13.290 [42780.3]: WARNING : [client.main] Category not found  ""
2021-02-24 21:55:13.290 [42780.3]: WARNING : [client.main] Category not found  ""
2021-02-24 21:55:13.290 [42780.3]: WARNING : [client.main] Category not found  ""
2021-02-24 21:55:13.290 [42780.3]: WARNING : [client.main] Category not found  ""
2021-02-24 21:55:13.399 [42780.4]: WARNING : [client.main] Category not found  ""
2021-02-24 21:55:13.399 [42780.4]: WARNING : [client.main] Category not found  ""
2021-02-24 21:55:13.399 [42780.4]: WARNING : [client.main] Category not found  ""
2021-02-24 21:55:13.399 [42780.4]: WARNING : [client.main] Category not found  ""
2021-02-24 21:55:13.399 [42780.4]: WARNING : [client.main] Category not found  ""
2021-02-24 21:55:13.399 [42780.4]: WARNING : [client.main] Category not found  ""
2021-02-24 21:55:13.399 [42780.4]: WARNING : [client.main] Category not found  ""
2021-02-24 21:55:13.399 [42780.4]: WARNING : [client.main] Category not found  ""
2021-02-24 21:55:13.399 [42780.4]: WARNING : [client.main] Category not found  ""
2021-02-25 02:30:32.593 [59299.6]: WARNING : [default] LICENSES: 4 FOUND IN "C:/Users/Administrator/Saved Games/StableServer2/LotAtc Data/Server/Licenses"
2021-02-25 02:30:37.107 [59304.1]: WARNING : [default] Logger: Filedump is true
2021-02-25 02:30:37.107 [59304.1]: WARNING : [client.main] Magnetic file not found, exiting "C:\\Users\\Administrator\\Saved Games\\StableServer2\\Mods\\services\\LotAtc\\\\magvar"
2021-02-25 02:30:37.107 [59304.1]: WARNING : [default] [GM] Set Year 2011
2021-02-25 02:30:37.107 [59304.1]: WARNING : [default] [GM] Set Theather angle True false
2021-02-25 02:30:37.107 [59304.1]: WARNING : [server.json] "Unable to start the server: The bound address is already in use."
2021-02-25 02:30:39.435 [59306.4]: WARNING : [client.main] Category not found  ""
2021-02-25 02:30:39.435 [59306.4]: WARNING : [client.main] Category not found  ""
2021-02-25 02:30:39.435 [59306.4]: WARNING : [client.main] Category not found  ""
2021-02-25 02:30:39.435 [59306.4]: WARNING : [client.main] Category not found  ""
2021-02-25 02:30:39.435 [59306.4]: WARNING : [client.main] Category not found  ""
2021-02-25 02:30:39.435 [59306.4]: WARNING : [client.main] Category not found  ""
2021-02-25 02:30:39.435 [59306.4]: WARNING : [client.main] Category not found  ""
2021-02-25 02:30:39.435 [59306.4]: WARNING : [client.main] Category not found  ""
2021-02-25 02:30:39.435 [59306.4]: WARNING : [client.main] Category not found  ""
2021-02-25 02:30:39.435 [59306.4]: WARNING : [client.main] Category not found  ""
2021-02-25 02:30:39.435 [59306.4]: WARNING : [client.main] Category not found  ""
2021-02-25 02:30:39.435 [59306.4]: WARNING : [client.main] Category not found  ""
2021-02-25 02:30:39.435 [59306.4]: WARNING : [client.main] Category not found  ""
2021-02-25 02:30:39.435 [59306.4]: WARNING : [client.main] Category not found  ""
2021-02-25 02:30:39.435 [59306.4]: WARNING : [client.main] Category not found  ""
2021-02-25 02:30:39.435 [59306.4]: WARNING : [client.main] Category not found  ""
2021-02-25 02:30:39.435 [59306.4]: WARNING : [client.main] Category not found  ""
2021-02-25 02:30:39.435 [59306.4]: WARNING : [client.main] Category not found  ""
2021-02-25 02:30:39.435 [59306.4]: WARNING : [client.main] Category not found  ""
2021-02-25 02:30:39.435 [59306.4]: WARNING : [client.main] Category not found  ""
2021-02-25 02:30:39.435 [59306.4]: WARNING : [client.main] Category not found  ""
2021-02-25 02:30:39.435 [59306.4]: WARNING : [client.main] Category not found  ""
2021-02-25 02:30:39.435 [59306.4]: WARNING : [client.main] Category not found  ""
2021-02-25 02:30:39.435 [59306.4]: WARNING : [client.main] Category not found  ""
2021-02-25 02:30:39.435 [59306.4]: WARNING : [client.main] Category not found  ""
2021-02-25 02:30:39.435 [59306.4]: WARNING : [client.main] Category not found  ""
2021-02-25 02:30:39.435 [59306.4]: WARNING : [client.main] Category not found  ""
2021-02-25 02:30:39.435 [59306.4]: WARNING : [client.main] Category not found  ""
2021-02-25 02:30:39.435 [59306.4]: WARNING : [client.main] Category not found  ""
2021-02-25 02:30:39.435 [59306.4]: WARNING : [client.main] Category not found  ""
2021-02-25 02:30:39.435 [59306.4]: WARNING : [client.main] Category not found  ""
2021-02-25 02:30:39.435 [59306.4]: WARNING : [client.main] Category not found  ""
2021-02-25 02:30:39.435 [59306.4]: WARNING : [client.main] Category not found  ""
2021-02-25 02:30:39.435 [59306.4]: WARNING : [client.main] Category not found  ""
2021-02-25 02:30:39.435 [59306.4]: WARNING : [client.main] Category not found  ""
2021-02-25 02:30:39.435 [59306.4]: WARNING : [client.main] Category not found  ""
2021-02-25 02:30:39.435 [59306.4]: WARNING : [client.main] Category not found  ""
2021-02-25 02:30:39.435 [59306.4]: WARNING : [client.main] Category not found  ""
2021-02-25 02:30:39.435 [59306.4]: WARNING : [client.main] Category not found  ""
2021-02-25 02:30:39.435 [59306.4]: WARNING : [client.main] Category not found  ""
2021-02-25 02:30:39.435 [59306.4]: WARNING : [client.main] Category not found  ""
2021-02-25 02:30:39.435 [59306.4]: WARNING : [client.main] Category not found  ""
2021-02-25 02:30:39.513 [59306.5]: WARNING : [client.main] Category not found  ""
2021-02-25 02:30:39.513 [59306.5]: WARNING : [client.main] Category not found  ""
2021-02-25 02:30:39.513 [59306.5]: WARNING : [client.main] Category not found  ""
2021-02-25 02:30:39.513 [59306.5]: WARNING : [client.main] Category not found  ""
2021-02-25 02:30:39.513 [59306.5]: WARNING : [client.main] Category not found  ""
2021-02-25 02:30:39.513 [59306.5]: WARNING : [client.main] Category not found  ""
2021-02-25 02:30:39.513 [59306.5]: WARNING : [client.main] Category not found  ""
2021-02-25 02:30:39.513 [59306.5]: WARNING : [client.main] Category not found  ""
2021-02-25 02:30:39.513 [59306.5]: WARNING : [client.main] Category not found  ""
2021-02-25 09:33:25.793 [84672.8]: WARNING : [default] LICENSES: 4 FOUND IN "C:/Users/Administrator/Saved Games/StableServer2/LotAtc Data/Server/Licenses"
2021-02-25 09:33:30.776 [84677.8]: WARNING : [default] Logger: Filedump is true
2021-02-25 09:33:30.776 [84677.8]: WARNING : [client.main] Magnetic file not found, exiting "C:\\Users\\Administrator\\Saved Games\\StableServer2\\Mods\\services\\LotAtc\\\\magvar"
2021-02-25 09:33:30.776 [84677.8]: WARNING : [default] [GM] Set Year 2011
2021-02-25 09:33:30.776 [84677.8]: WARNING : [default] [GM] Set Theather angle True false
2021-02-25 09:33:30.776 [84677.8]: WARNING : [server.json] "Unable to start the server: The bound address is already in use."
2021-02-25 09:33:32.916 [84679.9]: WARNING : [client.main] Category not found  ""
2021-02-25 09:33:32.916 [84679.9]: WARNING : [client.main] Category not found  ""
2021-02-25 09:33:32.916 [84679.9]: WARNING : [client.main] Category not found  ""
2021-02-25 09:33:32.916 [84679.9]: WARNING : [client.main] Category not found  ""
2021-02-25 09:33:32.916 [84679.9]: WARNING : [client.main] Category not found  ""
2021-02-25 09:33:32.916 [84679.9]: WARNING : [client.main] Category not found  ""
2021-02-25 09:33:32.916 [84679.9]: WARNING : [client.main] Category not found  ""
2021-02-25 09:33:32.916 [84679.9]: WARNING : [client.main] Category not found  ""
2021-02-25 09:33:32.916 [84679.9]: WARNING : [client.main] Category not found  ""
2021-02-25 09:33:32.916 [84679.9]: WARNING : [client.main] Category not found  ""
2021-02-25 09:33:32.916 [84679.9]: WARNING : [client.main] Category not found  ""
2021-02-25 09:33:32.916 [84679.9]: WARNING : [client.main] Category not found  ""
2021-02-25 09:33:32.916 [84679.9]: WARNING : [client.main] Category not found  ""
2021-02-25 09:33:32.916 [84679.9]: WARNING : [client.main] Category not found  ""
2021-02-25 09:33:32.916 [84679.9]: WARNING : [client.main] Category not found  ""
2021-02-25 09:33:32.916 [84679.9]: WARNING : [client.main] Category not found  ""
2021-02-25 09:33:32.916 [84679.9]: WARNING : [client.main] Category not found  ""
2021-02-25 09:33:32.916 [84679.9]: WARNING : [client.main] Category not found  ""
2021-02-25 09:33:32.916 [84679.9]: WARNING : [client.main] Category not found  ""
2021-02-25 09:33:32.916 [84679.9]: WARNING : [client.main] Category not found  ""
2021-02-25 09:33:32.916 [84679.9]: WARNING : [client.main] Category not found  ""
2021-02-25 09:33:32.916 [84679.9]: WARNING : [client.main] Category not found  ""
2021-02-25 09:33:32.916 [84679.9]: WARNING : [client.main] Category not found  ""
2021-02-25 09:33:32.916 [84679.9]: WARNING : [client.main] Category not found  ""
2021-02-25 09:33:32.916 [84679.9]: WARNING : [client.main] Category not found  ""
2021-02-25 09:33:32.916 [84679.9]: WARNING : [client.main] Category not found  ""
2021-02-25 09:33:32.916 [84679.9]: WARNING : [client.main] Category not found  ""
2021-02-25 09:33:32.916 [84679.9]: WARNING : [client.main] Category not found  ""
2021-02-25 09:33:32.916 [84679.9]: WARNING : [client.main] Category not found  ""
2021-02-25 09:33:32.916 [84679.9]: WARNING : [client.main] Category not found  ""
2021-02-25 09:33:32.916 [84679.9]: WARNING : [client.main] Category not found  ""
2021-02-25 09:33:32.916 [84679.9]: WARNING : [client.main] Category not found  ""
2021-02-25 09:33:32.916 [84679.9]: WARNING : [client.main] Category not found  ""
2021-02-25 09:33:32.916 [84679.9]: WARNING : [client.main] Category not found  ""
2021-02-25 09:33:32.916 [84679.9]: WARNING : [client.main] Category not found  ""
2021-02-25 09:33:32.916 [84679.9]: WARNING : [client.main] Category not found  ""
2021-02-25 09:33:32.916 [84679.9]: WARNING : [client.main] Category not found  ""
2021-02-25 09:33:32.916 [84679.9]: WARNING : [client.main] Category not found  ""
2021-02-25 09:33:32.916 [84679.9]: WARNING : [client.main] Category not found  ""
2021-02-25 09:33:32.916 [84679.9]: WARNING : [client.main] Category not found  ""
2021-02-25 09:33:32.916 [84679.9]: WARNING : [client.main] Category not found  ""
2021-02-25 09:33:32.916 [84679.9]: WARNING : [client.main] Category not found  ""
2021-02-25 09:33:33.010 [84680]: WARNING : [client.main] Category not found  ""
2021-02-25 09:33:33.010 [84680]: WARNING : [client.main] Category not found  ""
2021-02-25 09:33:33.010 [84680]: WARNING : [client.main] Category not found  ""
2021-02-25 09:33:33.010 [84680]: WARNING : [client.main] Category not found  ""
2021-02-25 09:33:33.010 [84680]: WARNING : [client.main] Category not found  ""
2021-02-25 09:33:33.010 [84680]: WARNING : [client.main] Category not found  ""
2021-02-25 09:33:33.010 [84680]: WARNING : [client.main] Category not found  ""
2021-02-25 09:33:33.010 [84680]: WARNING : [client.main] Category not found  ""
2021-02-25 09:33:33.010 [84680]: WARNING : [client.main] Category not found  ""
2021-02-25 15:53:04.657 [107452]: WARNING : [default] LICENSES: 4 FOUND IN "C:/Users/Administrator/Saved Games/StableServer2/LotAtc Data/Server/Licenses"
2021-02-25 15:53:10.692 [107458]: WARNING : [default] Logger: Filedump is true
2021-02-25 15:53:10.692 [107458]: WARNING : [client.main] Magnetic file not found, exiting "C:\\Users\\Administrator\\Saved Games\\StableServer2\\Mods\\services\\LotAtc\\\\magvar"
2021-02-25 15:53:10.692 [107458]: WARNING : [default] [GM] Set Year 2011
2021-02-25 15:53:10.692 [107458]: WARNING : [default] [GM] Set Theather angle True false
2021-02-25 15:53:10.692 [107458]: WARNING : [server.json] "Unable to start the server: The bound address is already in use."
2021-02-25 15:53:13.316 [107460]: WARNING : [client.main] Category not found  ""
2021-02-25 15:53:13.316 [107460]: WARNING : [client.main] Category not found  ""
2021-02-25 15:53:13.316 [107460]: WARNING : [client.main] Category not found  ""
2021-02-25 15:53:13.316 [107460]: WARNING : [client.main] Category not found  ""
2021-02-25 15:53:13.316 [107460]: WARNING : [client.main] Category not found  ""
2021-02-25 15:53:13.316 [107460]: WARNING : [client.main] Category not found  ""
2021-02-25 15:53:13.316 [107460]: WARNING : [client.main] Category not found  ""
2021-02-25 15:53:13.316 [107460]: WARNING : [client.main] Category not found  ""
2021-02-25 15:53:13.316 [107460]: WARNING : [client.main] Category not found  ""
2021-02-25 15:53:13.316 [107460]: WARNING : [client.main] Category not found  ""
2021-02-25 15:53:13.316 [107460]: WARNING : [client.main] Category not found  ""
2021-02-25 15:53:13.316 [107460]: WARNING : [client.main] Category not found  ""
2021-02-25 15:53:13.316 [107460]: WARNING : [client.main] Category not found  ""
2021-02-25 15:53:13.316 [107460]: WARNING : [client.main] Category not found  ""
2021-02-25 15:53:13.316 [107460]: WARNING : [client.main] Category not found  ""
2021-02-25 15:53:13.316 [107460]: WARNING : [client.main] Category not found  ""
2021-02-25 15:53:13.316 [107460]: WARNING : [client.main] Category not found  ""
2021-02-25 15:53:13.316 [107460]: WARNING : [client.main] Category not found  ""
2021-02-25 15:53:13.316 [107460]: WARNING : [client.main] Category not found  ""
2021-02-25 15:53:13.316 [107460]: WARNING : [client.main] Category not found  ""
2021-02-25 15:53:13.316 [107460]: WARNING : [client.main] Category not found  ""
2021-02-25 15:53:13.316 [107460]: WARNING : [client.main] Category not found  ""
2021-02-25 15:53:13.316 [107460]: WARNING : [client.main] Category not found  ""
2021-02-25 15:53:13.316 [107460]: WARNING : [client.main] Category not found  ""
2021-02-25 15:53:13.316 [107460]: WARNING : [client.main] Category not found  ""
2021-02-25 15:53:13.316 [107460]: WARNING : [client.main] Category not found  ""
2021-02-25 15:53:13.316 [107460]: WARNING : [client.main] Category not found  ""
2021-02-25 15:53:13.316 [107460]: WARNING : [client.main] Category not found  ""
2021-02-25 15:53:13.316 [107460]: WARNING : [client.main] Category not found  ""
2021-02-25 15:53:13.316 [107460]: WARNING : [client.main] Category not found  ""
2021-02-25 15:53:13.316 [107460]: WARNING : [client.main] Category not found  ""
2021-02-25 15:53:13.316 [107460]: WARNING : [client.main] Category not found  ""
2021-02-25 15:53:13.316 [107460]: WARNING : [client.main] Category not found  ""
2021-02-25 15:53:13.316 [107460]: WARNING : [client.main] Category not found  ""
2021-02-25 15:53:13.316 [107460]: WARNING : [client.main] Category not found  ""
2021-02-25 15:53:13.316 [107460]: WARNING : [client.main] Category not found  ""
2021-02-25 15:53:13.316 [107460]: WARNING : [client.main] Category not found  ""
2021-02-25 15:53:13.316 [107460]: WARNING : [client.main] Category not found  ""
2021-02-25 15:53:13.316 [107460]: WARNING : [client.main] Category not found  ""
2021-02-25 15:53:13.316 [107460]: WARNING : [client.main] Category not found  ""
2021-02-25 15:53:13.316 [107460]: WARNING : [client.main] Category not found  ""
2021-02-25 15:53:13.316 [107460]: WARNING : [client.main] Category not found  ""
2021-02-25 15:53:13.410 [107460]: WARNING : [client.main] Category not found  ""
2021-02-25 15:53:13.410 [107460]: WARNING : [client.main] Category not found  ""
2021-02-25 15:53:13.410 [107460]: WARNING : [client.main] Category not found  ""
2021-02-25 15:53:13.410 [107460]: WARNING : [client.main] Category not found  ""
2021-02-25 15:53:13.410 [107460]: WARNING : [client.main] Category not found  ""
2021-02-25 15:53:13.410 [107460]: WARNING : [client.main] Category not found  ""
2021-02-25 15:53:13.410 [107460]: WARNING : [client.main] Category not found  ""
2021-02-25 15:53:13.410 [107460]: WARNING : [client.main] Category not found  ""
2021-02-25 15:53:13.426 [107460]: WARNING : [client.main] Category not found  ""
2021-02-25 20:07:09.558 [122694]: WARNING : [default] LICENSES: 4 FOUND IN "C:/Users/Administrator/Saved Games/StableServer2/LotAtc Data/Server/Licenses"
2021-02-25 20:07:16.007 [122701]: WARNING : [default] Logger: Filedump is true
2021-02-25 20:07:16.007 [122701]: WARNING : [client.main] Magnetic file not found, exiting "C:\\Users\\Administrator\\Saved Games\\StableServer2\\Mods\\services\\LotAtc\\\\magvar"
2021-02-25 20:07:16.007 [122701]: WARNING : [default] [GM] Set Year 2011
2021-02-25 20:07:16.007 [122701]: WARNING : [default] [GM] Set Theather angle True false
2021-02-25 20:07:16.007 [122701]: WARNING : [server.json] "Unable to start the server: The bound address is already in use."
2021-02-25 20:07:19.053 [122704]: WARNING : [client.main] Category not found  ""
2021-02-25 20:07:19.053 [122704]: WARNING : [client.main] Category not found  ""
2021-02-25 20:07:19.053 [122704]: WARNING : [client.main] Category not found  ""
2021-02-25 20:07:19.053 [122704]: WARNING : [client.main] Category not found  ""
2021-02-25 20:07:19.053 [122704]: WARNING : [client.main] Category not found  ""
2021-02-25 20:07:19.053 [122704]: WARNING : [client.main] Category not found  ""
2021-02-25 20:07:19.053 [122704]: WARNING : [client.main] Category not found  ""
2021-02-25 20:07:19.053 [122704]: WARNING : [client.main] Category not found  ""
2021-02-25 20:07:19.053 [122704]: WARNING : [client.main] Category not found  ""
2021-02-25 20:07:19.053 [122704]: WARNING : [client.main] Category not found  ""
2021-02-25 20:07:19.053 [122704]: WARNING : [client.main] Category not found  ""
2021-02-25 20:07:19.053 [122704]: WARNING : [client.main] Category not found  ""
2021-02-25 20:07:19.053 [122704]: WARNING : [client.main] Category not found  ""
2021-02-25 20:07:19.053 [122704]: WARNING : [client.main] Category not found  ""
2021-02-25 20:07:19.053 [122704]: WARNING : [client.main] Category not found  ""
2021-02-25 20:07:19.053 [122704]: WARNING : [client.main] Category not found  ""
2021-02-25 20:07:19.053 [122704]: WARNING : [client.main] Category not found  ""
2021-02-25 20:07:19.053 [122704]: WARNING : [client.main] Category not found  ""
2021-02-25 20:07:19.053 [122704]: WARNING : [client.main] Category not found  ""
2021-02-25 20:07:19.053 [122704]: WARNING : [client.main] Category not found  ""
2021-02-25 20:07:19.053 [122704]: WARNING : [client.main] Category not found  ""
2021-02-25 20:07:19.053 [122704]: WARNING : [client.main] Category not found  ""
2021-02-25 20:07:19.053 [122704]: WARNING : [client.main] Category not found  ""
2021-02-25 20:07:19.053 [122704]: WARNING : [client.main] Category not found  ""
2021-02-25 20:07:19.053 [122704]: WARNING : [client.main] Category not found  ""
2021-02-25 20:07:19.053 [122704]: WARNING : [client.main] Category not found  ""
2021-02-25 20:07:19.053 [122704]: WARNING : [client.main] Category not found  ""
2021-02-25 20:07:19.053 [122704]: WARNING : [client.main] Category not found  ""
2021-02-25 20:07:19.053 [122704]: WARNING : [client.main] Category not found  ""
2021-02-25 20:07:19.053 [122704]: WARNING : [client.main] Category not found  ""
2021-02-25 20:07:19.053 [122704]: WARNING : [client.main] Category not found  ""
2021-02-25 20:07:19.053 [122704]: WARNING : [client.main] Category not found  ""
2021-02-25 20:07:19.053 [122704]: WARNING : [client.main] Category not found  ""
2021-02-25 20:07:19.053 [122704]: WARNING : [client.main] Category not found  ""
2021-02-25 20:07:19.053 [122704]: WARNING : [client.main] Category not found  ""
2021-02-25 20:07:19.053 [122704]: WARNING : [client.main] Category not found  ""
2021-02-25 20:07:19.053 [122704]: WARNING : [client.main] Category not found  ""
2021-02-25 20:07:19.053 [122704]: WARNING : [client.main] Category not found  ""
2021-02-25 20:07:19.053 [122704]: WARNING : [client.main] Category not found  ""
2021-02-25 20:07:19.053 [122704]: WARNING : [client.main] Category not found  ""
2021-02-25 20:07:19.053 [122704]: WARNING : [client.main] Category not found  ""
2021-02-25 20:07:19.053 [122704]: WARNING : [client.main] Category not found  ""
2021-02-25 20:07:19.174 [122704]: WARNING : [client.main] Category not found  ""
2021-02-25 20:07:19.174 [122704]: WARNING : [client.main] Category not found  ""
2021-02-25 20:07:19.174 [122704]: WARNING : [client.main] Category not found  ""
2021-02-25 20:07:19.174 [122704]: WARNING : [client.main] Category not found  ""
2021-02-25 20:07:19.174 [122704]: WARNING : [client.main] Category not found  ""
2021-02-25 20:07:19.174 [122704]: WARNING : [client.main] Category not found  ""
2021-02-25 20:07:19.174 [122704]: WARNING : [client.main] Category not found  ""
2021-02-25 20:07:19.174 [122704]: WARNING : [client.main] Category not found  ""
2021-02-25 20:07:19.174 [122704]: WARNING : [client.main] Category not found  ""
