
Tue Apr 13 18:11:51 2021
--- STARTING Log ---
Version: 2.1.9-e398d1ea
---
2021-04-13 17:11:51.080 [0]: WARNING : [default] Logger: Filedump is true
2021-04-13 17:11:51.081 [0]: DEBUG   : [perfs] Perfs output enabled: false
2021-04-13 17:11:59.453 [8.382]: WARNING : [default] LICENSES: 4 FOUND IN "C:/Users/Administrator/Saved Games/BetaEvent/LotAtc Data/Server/Licenses"
2021-04-13 17:12:13.911 [22.84]: WARNING : [default] Logger: Filedump is true
2021-04-13 17:12:13.911 [22.84]: WARNING : [client.main] Magnetic file not found, exiting "C:\\Users\\Administrator\\Saved Games\\BetaEvent\\Mods\\services\\LotAtc\\\\magvar"
2021-04-13 17:12:13.911 [22.84]: WARNING : [client.main] Magnetic file not found, exiting "C:\\Users\\Administrator\\Saved Games\\BetaEvent\\Mods\\services\\LotAtc\\\\magvar"
2021-04-13 17:12:13.911 [22.84]: WARNING : [default] [GM] Set Year 2011
2021-04-13 17:12:13.911 [22.84]: WARNING : [default] [GM] Set Theather angle True false
2021-04-13 17:12:13.911 [22.84]: WARNING : [server.json] "Unable to start the server: The bound address is already in use."
2021-04-13 17:13:35.692 [104.617]: WARNING : [client.main] Category not found  ""
2021-04-13 17:13:35.692 [104.617]: WARNING : [client.main] Category not found  ""
2021-04-13 17:13:35.692 [104.617]: WARNING : [client.main] Category not found  ""
2021-04-13 17:13:35.692 [104.617]: WARNING : [client.main] Category not found  ""
2021-04-13 17:13:35.692 [104.617]: WARNING : [client.main] Category not found  ""
2021-04-13 17:13:35.692 [104.617]: WARNING : [client.main] Category not found  ""
2021-04-13 17:13:35.692 [104.617]: WARNING : [client.main] Category not found  ""
2021-04-13 17:13:35.692 [104.617]: WARNING : [client.main] Category not found  ""
2021-04-13 17:13:35.692 [104.617]: WARNING : [client.main] Category not found  ""
2021-04-13 17:13:35.692 [104.617]: WARNING : [client.main] Category not found  ""
2021-04-13 17:13:35.692 [104.617]: WARNING : [client.main] Category not found  ""
2021-04-13 17:13:35.692 [104.617]: WARNING : [client.main] Category not found  ""
2021-04-13 17:13:35.692 [104.617]: WARNING : [client.main] Category not found  ""
2021-04-13 17:13:35.692 [104.617]: WARNING : [client.main] Category not found  ""
2021-04-13 17:13:35.692 [104.618]: WARNING : [client.main] Category not found  ""
2021-04-13 17:13:35.692 [104.618]: WARNING : [client.main] Category not found  ""
2021-04-13 17:13:35.692 [104.618]: WARNING : [client.main] Category not found  ""
2021-04-13 17:13:35.692 [104.618]: WARNING : [client.main] Category not found  ""
2021-04-13 17:13:35.692 [104.618]: WARNING : [client.main] Category not found  ""
2021-04-13 17:13:35.692 [104.618]: WARNING : [client.main] Category not found  ""
2021-04-13 17:13:35.692 [104.618]: WARNING : [client.main] Category not found  ""
2021-04-13 17:13:35.692 [104.618]: WARNING : [client.main] Category not found  ""
2021-04-13 17:13:35.692 [104.618]: WARNING : [client.main] Category not found  ""
2021-04-13 17:13:35.692 [104.618]: WARNING : [client.main] Category not found  ""
2021-04-13 17:13:35.692 [104.618]: WARNING : [client.main] Category not found  ""
2021-04-13 17:13:35.692 [104.618]: WARNING : [client.main] Category not found  ""
2021-04-13 17:13:35.692 [104.618]: WARNING : [client.main] Category not found  ""
2021-04-13 17:13:35.692 [104.618]: WARNING : [client.main] Category not found  ""
2021-04-13 17:13:35.692 [104.618]: WARNING : [client.main] Category not found  ""
2021-04-13 17:13:35.692 [104.618]: WARNING : [client.main] Category not found  ""
2021-04-13 17:13:35.692 [104.618]: WARNING : [client.main] Category not found  ""
2021-04-13 17:13:35.692 [104.618]: WARNING : [client.main] Category not found  ""
2021-04-13 17:13:35.692 [104.618]: WARNING : [client.main] Category not found  ""
2021-04-13 17:13:35.692 [104.619]: WARNING : [client.main] Category not found  ""
2021-04-13 17:13:35.692 [104.619]: WARNING : [client.main] Category not found  ""
2021-04-13 17:13:35.692 [104.619]: WARNING : [client.main] Category not found  ""
2021-04-13 17:13:35.692 [104.619]: WARNING : [client.main] Category not found  ""
2021-04-13 17:13:35.692 [104.619]: WARNING : [client.main] Category not found  ""
2021-04-13 17:13:35.692 [104.619]: WARNING : [client.main] Category not found  ""
2021-04-13 17:13:35.692 [104.619]: WARNING : [client.main] Category not found  ""
2021-04-13 17:13:35.692 [104.619]: WARNING : [client.main] Category not found  ""
2021-04-13 17:13:35.692 [104.619]: WARNING : [client.main] Category not found  ""
2021-04-13 17:13:35.739 [104.666]: WARNING : [client.main] Category not found  ""
2021-04-13 17:13:35.739 [104.666]: WARNING : [client.main] Category not found  ""
2021-04-13 17:13:35.739 [104.667]: WARNING : [client.main] Category not found  ""
2021-04-13 17:13:35.739 [104.667]: WARNING : [client.main] Category not found  ""
2021-04-13 17:13:35.739 [104.667]: WARNING : [client.main] Category not found  ""
2021-04-13 17:13:35.739 [104.668]: WARNING : [client.main] Category not found  ""
2021-04-13 17:13:35.739 [104.669]: WARNING : [client.main] Category not found  ""
[21:27:14 +01:00] [I] 
[21:27:14 +01:00] [I] --- STARTING LOG ---
[21:27:14 +01:00] [I] Date: Tue May 4 21:27:14 2021
[21:27:14 +01:00] [I] Version: 2.2.1-219e6df2
[21:27:14 +01:00] [I] Machine: Windows Server 2016 Version 1809
[21:27:14 +01:00] [I] --------------------
[21:27:14 +01:00] [W] [default] Logger: Filedump is true
[21:27:23 +01:00] [W] [default] ------------ LOAD DB ------------ 394
[21:27:23 +01:00] [W] [default] ------------ LOAD DB DONE ------------ 394
[21:27:23 +01:00] [W] [default] LICENSES: 4 FOUND IN "C:/Users/Administrator/Saved Games/BetaEvent/LotAtc Data/Server/Licenses"
[21:27:23 +01:00] [C] [default] ------> Start ERROR: "The bound address is already in use"
[21:27:23 +01:00] [W] [default] ERROR "Unknown protocol specified"
[21:27:57 +01:00] [W] [default] Logger: Filedump is false
[21:27:58 +01:00] [W] [default] [GM] Set Year 2011
[21:27:58 +01:00] [W] [default] [GM] Set Theather angle True true
[21:27:58 +01:00] [W] [server.json] "Unable to start the server: The bound address is already in use."
[23:49:14 +01:00] [I] 
[23:49:14 +01:00] [I] --- STARTING LOG ---
[23:49:14 +01:00] [I] Date: Sat May 8 23:49:14 2021
[23:49:14 +01:00] [I] Version: 2.2.1-219e6df2
[23:49:14 +01:00] [I] Machine: Windows Server 2016 Version 1809
[23:49:14 +01:00] [I] --------------------
[23:49:14 +01:00] [W] [default] Logger: Filedump is true
[23:49:23 +01:00] [W] [default] ------------ LOAD DB ------------ 394
[23:49:23 +01:00] [W] [default] ------------ LOAD DB DONE ------------ 394
[23:49:23 +01:00] [W] [default] LICENSES: 4 FOUND IN "C:/Users/Administrator/Saved Games/BetaEvent/LotAtc Data/Server/Licenses"
[23:49:23 +01:00] [C] [default] ------> Start ERROR: "The bound address is already in use"
[23:49:23 +01:00] [W] [default] ERROR "Unknown protocol specified"
[23:49:46 +01:00] [W] [default] Logger: Filedump is false
[23:49:46 +01:00] [W] [default] [GM] Set Year 2011
[23:49:46 +01:00] [W] [default] [GM] Set Theather angle True false
[23:49:46 +01:00] [W] [server.json] "Unable to start the server: The bound address is already in use."
[00:19:39 +01:00] [I] 
[00:19:39 +01:00] [I] --- STARTING LOG ---
[00:19:39 +01:00] [I] Date: Sun May 9 00:19:39 2021
[00:19:39 +01:00] [I] Version: 2.2.1-219e6df2
[00:19:39 +01:00] [I] Machine: Windows Server 2016 Version 1809
[00:19:39 +01:00] [I] --------------------
[00:19:39 +01:00] [W] [default] Logger: Filedump is true
[00:19:48 +01:00] [W] [default] ------------ LOAD DB ------------ 394
[00:19:48 +01:00] [W] [default] ------------ LOAD DB DONE ------------ 394
[00:19:48 +01:00] [W] [default] LICENSES: 4 FOUND IN "C:/Users/Administrator/Saved Games/BetaEvent/LotAtc Data/Server/Licenses"
[00:19:48 +01:00] [C] [default] ------> Start ERROR: "The bound address is already in use"
[00:19:48 +01:00] [W] [default] ERROR "Unknown protocol specified"
[00:20:02 +01:00] [W] [default] Logger: Filedump is false
[00:20:02 +01:00] [W] [default] [GM] Set Year 2011
[00:20:02 +01:00] [W] [default] [GM] Set Theather angle True false
[00:20:02 +01:00] [W] [server.json] "Unable to start the server: The bound address is already in use."
[00:37:25 +01:00] [I] 
[00:37:25 +01:00] [I] --- STARTING LOG ---
[00:37:25 +01:00] [I] Date: Sun May 9 00:37:25 2021
[00:37:25 +01:00] [I] Version: 2.2.1-219e6df2
[00:37:25 +01:00] [I] Machine: Windows Server 2016 Version 1809
[00:37:25 +01:00] [I] --------------------
[00:37:25 +01:00] [W] [default] Logger: Filedump is true
[00:37:34 +01:00] [W] [default] ------------ LOAD DB ------------ 394
[00:37:34 +01:00] [W] [default] ------------ LOAD DB DONE ------------ 394
[00:37:34 +01:00] [W] [default] LICENSES: 4 FOUND IN "C:/Users/Administrator/Saved Games/BetaEvent/LotAtc Data/Server/Licenses"
[00:37:34 +01:00] [C] [default] ------> Start ERROR: "The bound address is already in use"
[00:37:34 +01:00] [W] [default] ERROR "Unknown protocol specified"
[00:37:48 +01:00] [W] [default] Logger: Filedump is false
[00:37:48 +01:00] [W] [default] [GM] Set Year 2011
[00:37:48 +01:00] [W] [default] [GM] Set Theather angle True false
[00:37:48 +01:00] [W] [server.json] "Unable to start the server: The bound address is already in use."
[00:42:48 +01:00] [I] 
[00:42:48 +01:00] [I] --- STARTING LOG ---
[00:42:48 +01:00] [I] Date: Sun May 9 00:42:48 2021
[00:42:48 +01:00] [I] Version: 2.2.1-219e6df2
[00:42:48 +01:00] [I] Machine: Windows Server 2016 Version 1809
[00:42:48 +01:00] [I] --------------------
[00:42:48 +01:00] [W] [default] Logger: Filedump is true
[00:42:56 +01:00] [W] [default] ------------ LOAD DB ------------ 394
[00:42:56 +01:00] [W] [default] ------------ LOAD DB DONE ------------ 394
[00:42:56 +01:00] [W] [default] LICENSES: 4 FOUND IN "C:/Users/Administrator/Saved Games/BetaEvent/LotAtc Data/Server/Licenses"
[00:42:56 +01:00] [C] [default] ------> Start ERROR: "The bound address is already in use"
[00:42:56 +01:00] [W] [default] ERROR "Unknown protocol specified"
[00:43:09 +01:00] [W] [default] Logger: Filedump is false
[00:43:09 +01:00] [W] [default] [GM] Set Year 2011
[00:43:09 +01:00] [W] [default] [GM] Set Theather angle True false
[00:43:09 +01:00] [W] [server.json] "Unable to start the server: The bound address is already in use."
[15:26:49 +01:00] [W] [default] ------------ LOAD DB ------------ 394
[15:26:49 +01:00] [W] [default] ------------ LOAD DB DONE ------------ 394
[15:26:49 +01:00] [W] [default] LICENSES: 4 FOUND IN "C:/Users/Administrator/Saved Games/BetaEvent/LotAtc Data/Server/Licenses"
[15:26:49 +01:00] [C] [default] ------> Start ERROR: "The bound address is already in use"
[15:26:49 +01:00] [W] [default] ERROR "Unknown protocol specified"
[15:26:54 +01:00] [W] [default] Logger: Filedump is false
[15:26:54 +01:00] [W] [default] [GM] Set Year 2011
[15:26:54 +01:00] [W] [default] [GM] Set Theather angle True false
[15:26:54 +01:00] [W] [server.json] "Unable to start the server: The bound address is already in use."
[15:38:22 +01:00] [W] [default] ------------ LOAD DB ------------ 394
[15:38:22 +01:00] [W] [default] ------------ LOAD DB DONE ------------ 394
[15:38:22 +01:00] [W] [default] LICENSES: 4 FOUND IN "C:/Users/Administrator/Saved Games/BetaEvent/LotAtc Data/Server/Licenses"
[15:38:22 +01:00] [C] [default] ------> Start ERROR: "The bound address is already in use"
[15:38:22 +01:00] [W] [default] ERROR "Unknown protocol specified"
[15:38:27 +01:00] [W] [default] Logger: Filedump is false
[15:38:27 +01:00] [W] [default] [GM] Set Year 2011
[15:38:27 +01:00] [W] [default] [GM] Set Theather angle True false
[15:38:27 +01:00] [W] [server.json] "Unable to start the server: The bound address is already in use."
[17:15:15 +01:00] [W] [default] ------------ LOAD DB ------------ 394
[17:15:15 +01:00] [W] [default] ------------ LOAD DB DONE ------------ 394
[17:15:15 +01:00] [W] [default] LICENSES: 4 FOUND IN "C:/Users/Administrator/Saved Games/BetaEvent/LotAtc Data/Server/Licenses"
[17:15:15 +01:00] [C] [default] ------> Start ERROR: "The bound address is already in use"
[17:15:15 +01:00] [W] [default] ERROR "Unknown protocol specified"
[17:15:20 +01:00] [W] [default] Logger: Filedump is false
[17:15:20 +01:00] [W] [default] [GM] Set Year 2011
[17:15:20 +01:00] [W] [default] [GM] Set Theather angle True false
[17:15:20 +01:00] [W] [server.json] "Unable to start the server: The bound address is already in use."
[17:39:00 +01:00] [W] [default] ------------ LOAD DB ------------ 394
[17:39:00 +01:00] [W] [default] ------------ LOAD DB DONE ------------ 394
[17:39:00 +01:00] [W] [default] LICENSES: 4 FOUND IN "C:/Users/Administrator/Saved Games/BetaEvent/LotAtc Data/Server/Licenses"
[17:39:00 +01:00] [C] [default] ------> Start ERROR: "The bound address is already in use"
[17:39:00 +01:00] [W] [default] ERROR "Unknown protocol specified"
[17:39:05 +01:00] [W] [default] Logger: Filedump is false
[17:39:05 +01:00] [W] [default] [GM] Set Year 2011
[17:39:05 +01:00] [W] [default] [GM] Set Theather angle True false
[17:39:05 +01:00] [W] [server.json] "Unable to start the server: The bound address is already in use."
[17:40:26 +01:00] [W] [default] ------------ LOAD DB ------------ 394
[17:40:26 +01:00] [W] [default] ------------ LOAD DB DONE ------------ 394
[17:40:26 +01:00] [[18:11:48 +01:00] [I] 
[18:11:48 +01:00] [I] --- STARTING LOG ---
[18:11:48 +01:00] [I] Date: Sun May 9 18:11:48 2021
[18:11:48 +01:00] [I] Version: 2.2.1-219e6df2
[18:11:48 +01:00] [I] Machine: Windows Server 2016 Version 1809
[18:11:48 +01:00] [I] --------------------
[18:11:48 +01:00] [W] [default] Logger: Filedump is true
[18:12:03 +01:00] [W] [default] ------------ LOAD DB ------------ 394
[18:12:03 +01:00] [W] [default] ------------ LOAD DB DONE ------------ 394
[18:12:03 +01:00] [W] [default] LICENSES: 4 FOUND IN "C:/Users/Administrator/Saved Games/BetaEvent/LotAtc Data/Server/Licenses"
[18:12:03 +01:00] [C] [default] ------> Start ERROR: "The bound address is already in use"
[18:12:03 +01:00] [W] [default] ERROR "Unknown protocol specified"
[18:12:24 +01:00] [W] [default] Logger: Filedump is false
[18:12:24 +01:00] [W] [default] [GM] Set Year 2011
[18:12:24 +01:00] [W] [default] [GM] Set Theather angle True false
[18:12:24 +01:00] [W] [server.json] "Unable to start the server: The bound address is already in use."
[18:30:26 +01:00] [W] [default] ------------ LOAD DB ------------ 394
[18:30:26 +01:00] [W] [default] ------------ LOAD DB DONE ------------ 394
[18:30:26 +01:00] [W] [default] LICENSES: 4 FOUND IN "C:/Users/Administrator/Saved Games/BetaEvent/LotAtc Data/Server/Licenses"
[18:30:26 +01:00] [C] [default] ------> Start ERROR: "The bound address is already in use"
[18:30:26 +01:00] [W] [default] ERROR "Unknown protocol specified"
[18:30:35 +01:00] [W] [default] Logger: Filedump is false
[18:30:35 +01:00] [W] [default] [GM] Set Year 2011
[18:30:35 +01:00] [W] [default] [GM] Set Theather angle True false
[18:30:35 +01:00] [W] [server.json] "Unable to start the server: The bound address is already in use."
[03:39:12 +01:00] [W] [default] ------------ LOAD DB ------------ 394
[03:39:13 +01:00] [W] [default] ------------ LOAD DB DONE ------------ 394
[03:39:13 +01:00] [W] [default] LICENSES: 4 FOUND IN "C:/Users/Administrator/Saved Games/BetaEvent/LotAtc Data/Server/Licenses"
[03:39:13 +01:00] [C] [default] ------> Start ERROR: "The bound address is already in use"
[03:39:13 +01:00] [W] [default] ERROR "Unknown protocol specified"
[03:39:22 +01:00] [W] [default] Logger: Filedump is false
[03:39:22 +01:00] [W] [default] [GM] Set Year 2011
[03:39:22 +01:00] [W] [default] [GM] Set Theather angle True false
[03:39:22 +01:00] [W] [server.json] "Unable to start the server: The bound address is already in use."
[15:43:12 +01:00] [I] 
[15:43:12 +01:00] [I] --- STARTING LOG ---
[15:43:12 +01:00] [I] Date: Wed May 12 15:43:12 2021
[15:43:12 +01:00] [I] Version: 2.2.1-219e6df2
[15:43:12 +01:00] [I] Machine: Windows Server 2016 Version 1809
[15:43:12 +01:00] [I] --------------------
[15:43:12 +01:00] [W] [default] Logger: Filedump is true
[15:43:21 +01:00] [W] [default] ------------ LOAD DB ------------ 394
[15:43:21 +01:00] [W] [default] ------------ LOAD DB DONE ------------ 394
[15:43:21 +01:00] [W] [default] LICENSES: 4 FOUND IN "C:/Users/Administrator/Saved Games/BetaEvent/LotAtc Data/Server/Licenses"
[15:43:21 +01:00] [W] [default] ERROR "Unknown protocol specified"
[15:43:52 +01:00] [W] [default] Logger: Filedump is false
[15:43:52 +01:00] [W] [default] [GM] Set Year 2011
[15:43:52 +01:00] [W] [default] [GM] Set Theather angle True true
[15:43:52 +01:00] [W] [server.json] "Unable to start the server: The bound address is already in use."
[15:44:45 +01:00] [I] 
[15:44:45 +01:00] [I] --- STARTING LOG ---
[15:44:45 +01:00] [I] Date: Wed May 12 15:44:45 2021
[15:44:45 +01:00] [I] Version: 2.2.1-219e6df2
[15:44:45 +01:00] [I] Machine: Windows Server 2016 Version 1809
[15:44:45 +01:00] [I] --------------------
[15:44:45 +01:00] [W] [default] Logger: Filedump is true
[15:44:53 +01:00] [W] [default] ------------ LOAD DB ------------ 394
[15:44:53 +01:00] [W] [default] ------------ LOAD DB DONE ------------ 394
[15:44:53 +01:00] [W] [default] LICENSES: 4 FOUND IN "C:/Users/Administrator/Saved Games/BetaEvent/LotAtc Data/Server/Licenses"
[15:44:53 +01:00] [W] [default] ERROR "Unknown protocol specified"
[15:45:14 +01:00] [W] [default] Logger: Filedump is false
[15:45:14 +01:00] [W] [default] [GM] Set Year 2011
[15:45:14 +01:00] [W] [default] [GM] Set Theather angle True true
[15:45:14 +01:00] [W] [server.json] "Unable to start the server: The bound address is already in use."
[15:48:28 +01:00] [I] 
[15:48:28 +01:00] [I] --- STARTING LOG ---
[15:48:28 +01:00] [I] Date: Wed May 12 15:48:28 2021
[15:48:28 +01:00] [I] Version: 2.2.1-219e6df2
[15:48:28 +01:00] [I] Machine: Windows Server 2016 Version 1809
[15:48:28 +01:00] [I] --------------------
[15:48:28 +01:00] [W] [default] Logger: Filedump is true
[15:48:37 +01:00] [W] [default] ------------ LOAD DB ------------ 394
[15:48:37 +01:00] [W] [default] ------------ LOAD DB DONE ------------ 394
[15:48:37 +01:00] [W] [default] LICENSES: 4 FOUND IN "C:/Users/Administrator/Saved Games/BetaEvent/LotAtc Data/Server/Licenses"
[15:48:37 +01:00] [W] [default] ERROR "Unknown protocol specified"
[15:48:59 +01:00] [W] [default] Logger: Filedump is false
[15:48:59 +01:00] [W] [default] [GM] Set Year 2011
[15:48:59 +01:00] [W] [default] [GM] Set Theather angle True true
[15:48:59 +01:00] [W] [server.json] "Unable to start the server: The bound address is already in use."
[14:50:19 +01:00] [W] [clienthandler] Init
[14:50:50 +01:00] [W] [clientserver] "[NetServerThread]" SOCKET ERROR "The remote host closed the connection"
[14:50:50 +01:00] [W] [clienthandler] Finish
[14:50:50 +01:00] [W] [clientserver] CLIENT WILL BE DESTROYED
[14:50:50 +01:00] [W] [clienthandler] Client deleted
[21:21:45 +01:00] [W] [clienthandler] Init
[21:21:46 +01:00] [W] [clientserver] ASK FOR REGISTRATION...
[21:21:46 +01:00] [W] [client.auth] Check incoming IP QHostAddress("::ffff:88.130.48.166")
[21:21:46 +01:00] [W] [client.auth] IP QHostAddress("::ffff:88.130.48.166") validated
[21:21:46 +01:00] [W] [default] LOAD USER DRAWINGS "C:/Users/Administrator/Saved Games/BetaEvent/Mods/services/LotAtc/userdb/drawings"
[21:21:46 +01:00] [W] [default] Enable flag is false for in drawing QUrl("file:///C:/Users/Administrator/Saved Games/BetaEvent/Mods/services/LotAtc/userdb/drawings/blue/example.json")
[21:21:46 +01:00] [W] [default] LOAD 0
[21:21:46 +01:00] [W] [default] Init tracker...
[21:21:46 +01:00] [W] [default] [TacView tracker] Check enabled  false
[21:21:46 +01:00] [W] [default] [Log tracker] Check enabled  false
[21:21:46 +01:00] [W] [default] LOAD USER ASSETS "C:/Users/Administrator/LotAtc Data/Server"
[21:21:46 +01:00] [W] [default] LOAD USER ASSETS "C:/Users/Administrator/Saved Games/BetaEvent/Mods/services/LotAtc/userdb"
[21:21:46 +01:00] [W] [clientserver] REGISTRATION OF "Synthfan" | 1 | "LotAtc - Individual Edition" is true ""
[21:21:46 +01:00] [W] [clientserver] REGISTRATION DONE
[21:23:22 +01:00] [W] [clientserver] "[NetServerThread]" SOCKET ERROR "The remote host closed the connection"
[21:23:22 +01:00] [W] [clienthandler] Finish
[21:23:22 +01:00] [W] [clientserver] CLIENT WILL BE DESTROYED
[21:23:22 +01:00] [W] [clienthandler] Client deleted
[21:52:29 +01:00] [W] [default] QSqlDatabasePrivate::removeDatabase: connection 'relief-1539743087176' is still in use, all queries will cease to work.
[21:53:20 +01:00] [I] 
[21:53:20 +01:00] [I] --- STARTING LOG ---
[21:53:20 +01:00] [I] Date: Fri May 14 21:53:20 2021
[21:53:20 +01:00] [I] Version: 2.2.1-219e6df2
[21:53:20 +01:00] [I] Machine: Windows Server 2016 Version 1809
[21:53:20 +01:00] [I] --------------------
[21:53:20 +01:00] [W] [default] Logger: Filedump is true
[01:56:18 +01:00] [I] 
[01:56:18 +01:00] [I] --- STARTING LOG ---
[01:56:18 +01:00] [I] Date: Sun May 16 01:56:18 2021
[01:56:18 +01:00] [I] Version: 2.2.1-219e6df2
[01:56:18 +01:00] [I] Machine: Windows Server 2016 Version 1809
[01:56:18 +01:00] [I] --------------------
[01:56:18 +01:00] [W] [default] Logger: Filedump is true
[01:56:34 +01:00] [W] [default] ------------ LOAD DB ------------ 394
[01:56:34 +01:00] [W] [default] ------------ LOAD DB DONE ------------ 394
[01:56:34 +01:00] [W] [default] LICENSES: 4 FOUND IN "C:/Users/Administrator/Saved Games/BetaEvent/LotAtc Data/Server/Licenses"
[01:56:34 +01:00] [W] [default] ERROR "Unknown protocol specified"
[01:57:05 +01:00] [W] [default] Logger: Filedump is false
[01:57:05 +01:00] [W] [default] [GM] Set Year 2011
[01:57:05 +01:00] [W] [default] [GM] Set Theather angle True true
[01:57:05 +01:00] [W] [server.json] "Unable to start the server: The bound address is already in use."
[02:49:00 +01:00] [W] [default] ------------ LOAD DB ------------ 394
[02:49:00 +01:00] [W] [default] ------------ LOAD DB DONE ------------ 394
[02:49:00 +01:00] [W] [default] LICENSES: 4 FOUND IN "C:/Users/Administrator/Saved Games/BetaEvent/LotAtc Data/Server/Licenses"
[02:49:00 +01:00] [W] [default] ERROR "Unknown protocol specified"
[02:49:09 +01:00] [W] [default] Logger: Filedump is false
[02:49:09 +01:00] [W] [default] [GM] Set Year 2011
[02:49:09 +01:00] [W] [default] [GM] Set Theather angle True true
[02:49:09 +01:00] [W] [server.json] "Unable to start the server: The bound address is already in use."
[20:42:20 +01:00] [I] 
[20:42:20 +01:00] [I] --- STARTING LOG ---
[20:42:20 +01:00] [I] Date: Wed Jun 16 20:42:20 2021
[20:42:20 +01:00] [I] Version: 2.2.1-219e6df2
[20:42:20 +01:00] [I] Machine: Windows Server 2016 Version 1809
[20:42:20 +01:00] [I] --------------------
[20:42:20 +01:00] [W] [default] Logger: Filedump is true
[20:42:30 +01:00] [W] [default] ------------ LOAD DB ------------ 411
[20:42:30 +01:00] [W] [default] ------------ LOAD DB DONE ------------ 411
[20:42:30 +01:00] [W] [default] LICENSES: 4 FOUND IN "C:/Users/Administrator/Saved Games/BetaEvent/LotAtc Data/Server/Licenses"
[20:42:30 +01:00] [W] [default] ERROR "Unknown protocol specified"
[20:42:53 +01:00] [W] [default] Logger: Filedump is false
[20:42:53 +01:00] [W] [default] [GM] Set Year 2008
[20:42:53 +01:00] [W] [default] [GM] Set Theather angle True false
[20:42:53 +01:00] [W] [server.json] "Unable to start the server: The bound address is already in use."
[20:50:49 +01:00] [I] 
[20:50:49 +01:00] [I] --- STARTING LOG ---
[20:50:49 +01:00] [I] Date: Wed Jun 16 20:50:49 2021
[20:50:49 +01:00] [I] Version: 2.2.1-219e6df2
[20:50:49 +01:00] [I] Machine: Windows Server 2016 Version 1809
[20:50:49 +01:00] [I] --------------------
[20:50:49 +01:00] [W] [default] Logger: Filedump is true
[20:50:58 +01:00] [W] [default] ------------ LOAD DB ------------ 411
[20:50:58 +01:00] [W] [default] ------------ LOAD DB DONE ------------ 411
[20:50:58 +01:00] [W] [default] LICENSES: 4 FOUND IN "C:/Users/Administrator/Saved Games/BetaEvent/LotAtc Data/Server/Licenses"
[20:50:58 +01:00] [W] [default] ERROR "Unknown protocol specified"
[20:51:10 +01:00] [W] [default] Logger: Filedump is false
[20:51:10 +01:00] [W] [default] [GM] Set Year 2008
[20:51:10 +01:00] [W] [default] [GM] Set Theather angle True false
[20:51:10 +01:00] [W] [server.json] "Unable to start the server: The bound address is already in use."
[20:55:51 +01:00] [W] [default] ------------ LOAD DB ------------ 411
[20:55:51 +01:00] [W] [default] ------------ LOAD DB DONE ------------ 411
[20:55:51 +01:00] [W] [default] LICENSES: 4 FOUND IN "C:/Users/Administrator/Saved Games/BetaEvent/LotAtc Data/Server/Licenses"
[20:55:51 +01:00] [W] [default] ERROR "Unknown protocol specified"
[20:55:57 +01:00] [W] [default] Logger: Filedump is false
[20:55:57 +01:00] [W] [default] [GM] Set Year 2008
[20:55:57 +01:00] [W] [default] [GM] Set Theather angle True false
[20:55:57 +01:00] [W] [server.json] "Unable to start the server: The bound address is already in use."
[20:57:58 +01:00] [I] 
[20:57:58 +01:00] [I] --- STARTING LOG ---
[20:57:58 +01:00] [I] Date: Wed Jun 16 20:57:58 2021
[20:57:58 +01:00] [I] Version: 2.2.1-219e6df2
[20:57:58 +01:00] [I] Machine: Windows Server 2016 Version 1809
[20:57:58 +01:00] [I] --------------------
[20:57:58 +01:00] [W] [default] Logger: Filedump is true
[20:58:07 +01:00] [W] [default] ------------ LOAD DB ------------ 411
[20:58:07 +01:00] [W] [default] ------------ LOAD DB DONE ------------ 411
[20:58:07 +01:00] [W] [default] LICENSES: 4 FOUND IN "C:/Users/Administrator/Saved Games/BetaEvent/LotAtc Data/Server/Licenses"
[20:58:07 +01:00] [W] [default] ERROR "Unknown protocol specified"
[20:58:38 +01:00] [W] [default] Logger: Filedump is false
[20:58:38 +01:00] [W] [default] [GM] Set Year 2019
[20:58:38 +01:00] [W] [default] [GM] Set Theather angle True true
[20:58:38 +01:00] [W] [server.json] "Unable to start the server: The bound address is already in use."
[22:20:17 +01:00] [W] [default] ------------ LOAD DB ------------ 411
[22:20:17 +01:00] [W] [default] ------------ LOAD DB DONE ------------ 411
[22:20:17 +01:00] [W] [default] LICENSES: 4 FOUND IN "C:/Users/Administrator/Saved Games/BetaEvent/LotAtc Data/Server/Licenses"
[22:20:17 +01:00] [W] [default] ERROR "Unknown protocol specified"
[22:20:23 +01:00] [W] [default] Logger: Filedump is false
[22:20:23 +01:00] [W] [default] [GM] Set Year 2019
[22:20:23 +01:00] [W] [default] [GM] Set Theather angle True true
[22:20:23 +01:00] [W] [server.json] "Unable to start the server: The bound address is already in use."
[22:21:28 +01:00] [I] 
[22:21:28 +01:00] [I] --- STARTING LOG ---
[22:21:28 +01:00] [I] Date: Wed Jun 16 22:21:28 2021
[22:21:28 +01:00] [I] Version: 2.2.1-219e6df2
[22:21:28 +01:00] [I] Machine: Windows Server 2016 Version 1809
[22:21:28 +01:00] [I] --------------------
[22:21:28 +01:00] [W] [default] Logger: Filedump is true
[22:21:37 +01:00] [W] [default] ------------ LOAD DB ------------ 411
[22:21:37 +01:00] [W] [default] ------------ LOAD DB DONE ------------ 411
[22:21:37 +01:00] [W] [default] LICENSES: 4 FOUND IN "C:/Users/Administrator/Saved Games/BetaEvent/LotAtc Data/Server/Licenses"
[22:21:37 +01:00] [W] [default] ERROR "Unknown protocol specified"
[22:21:49 +01:00] [W] [default] Logger: Filedump is false
[22:21:49 +01:00] [W] [default] [GM] Set Year 2008
[22:21:49 +01:00] [W] [default] [GM] Set Theather angle True false
[22:21:49 +01:00] [W] [server.json] "Unable to start the server: The bound address is already in use."
[13:49:27 +01:00] [W] [default] ------------ LOAD DB ------------ 411
[13:49:27 +01:00] [W] [default] ------------ LOAD DB DONE ------------ 411
[13:49:27 +01:00] [W] [default] LICENSES: 4 FOUND IN "C:/Users/Administrator/Saved Games/BetaEvent/LotAtc Data/Server/Licenses"
[13:49:27 +01:00] [W] [default] ERROR "Unknown protocol specified"
[13:49:33 +01:00] [W] [default] Logger: Filedump is false
[13:49:33 +01:00] [W] [default] [GM] Set Year 2008
[13:49:33 +01:00] [W] [default] [GM] Set Theather angle True false
[13:49:33 +01:00] [W] [server.json] "Unable to start the server: The bound address is already in use."
[14:29:46 +01:00] [I] 
[14:29:46 +01:00] [I] --- STARTING LOG ---
[14:29:46 +01:00] [I] Date: Thu Jun 17 14:29:46 2021
[14:29:46 +01:00] [I] Version: 2.2.1-219e6df2
[14:29:46 +01:00] [I] Machine: Windows Server 2016 Version 1809
[14:29:46 +01:00] [I] --------------------
[14:29:46 +01:00] [W] [default] Logger: Filedump is true
[14:29:54 +01:00] [W] [default] ------------ LOAD DB ------------ 411
[14:29:54 +01:00] [W] [default] ------------ LOAD DB DONE ------------ 411
[14:29:54 +01:00] [W] [default] LICENSES: 4 FOUND IN "C:/Users/Administrator/Saved Games/BetaEvent/LotAtc Data/Server/Licenses"
[14:29:54 +01:00] [W] [default] ERROR "Unknown protocol specified"
[14:30:01 +01:00] [W] [default] Logger: Filedump is false
[14:30:01 +01:00] [W] [default] [GM] Set Year 2011
[14:30:01 +01:00] [W] [default] [GM] Set Theather angle True false
[14:30:01 +01:00] [W] [server.json] "Unable to start the server: The bound address is already in use."
[15:08:52 +01:00] [W] [default] ------------ LOAD DB ------------ 411
[15:08:52 +01:00] [W] [default] ------------ LOAD DB DONE ------------ 411
[15:08:52 +01:00] [W] [default] LICENSES: 4 FOUND IN "C:/Users/Administrator/Saved Games/BetaEvent/LotAtc Data/Server/Licenses"
[15:08:52 +01:00] [W] [default] ERROR "Unknown protocol specified"
[15:08:54 +01:00] [W] [default] Logger: Filedump is false
[15:08:54 +01:00] [W] [default] [GM] Set Year 2011
[15:08:54 +01:00] [W] [default] [GM] Set Theather angle True false
[15:08:54 +01:00] [W] [server.json] "Unable to start the server: The bound address is already in use."
[15:43:06 +01:00] [W] [default] ------------ LOAD DB ------------ 411
[15:43:06 +01:00] [W] [default] ------------ LOAD DB DONE ------------ 411
[15:43:06 +01:00] [W] [default] LICENSES: 4 FOUND IN "C:/Users/Administrator/Saved Games/BetaEvent/LotAtc Data/Server/Licenses"
[15:43:06 +01:00] [W] [default] ERROR "Unknown protocol specified"
[15:43:08 +01:00] [W] [default] Logger: Filedump is false
[15:43:08 +01:00] [W] [default] [GM] Set Year 2011
[15:43:08 +01:00] [W] [default] [GM] Set Theather angle True false
[15:43:08 +01:00] [W] [server.json] "Unable to start the server: The bound address is already in use."
[16:32:10 +01:00] [I] 
[16:32:10 +01:00] [I] --- STARTING LOG ---
[16:32:10 +01:00] [I] Date: Thu Jun 17 16:32:10 2021
[16:32:10 +01:00] [I] Version: 2.2.1-219e6df2
[16:32:10 +01:00] [I] Machine: Windows Server 2016 Version 1809
[16:32:10 +01:00] [I] --------------------
[16:32:10 +01:00] [W] [default] Logger: Filedump is true
[16:32:19 +01:00] [W] [default] ------------ LOAD DB ------------ 411
[16:32:19 +01:00] [W] [default] ------------ LOAD DB DONE ------------ 411
[16:32:19 +01:00] [W] [default] LICENSES: 4 FOUND IN "C:/Users/Administrator/Saved Games/BetaEvent/LotAtc Data/Server/Licenses"
[16:32:19 +01:00] [W] [default] ERROR "Unknown protocol specified"
[16:32:25 +01:00] [W] [default] Logger: Filedump is false
[16:32:25 +01:00] [W] [default] [GM] Set Year 2011
[16:32:25 +01:00] [W] [default] [GM] Set Theather angle True false
[16:32:25 +01:00] [W] [server.json] "Unable to start the server: The bound address is already in use."
[17:22:32 +01:00] [I] 
[17:22:32 +01:00] [I] --- STARTING LOG ---
[17:22:32 +01:00] [I] Date: Thu Jun 17 17:22:32 2021
[17:22:32 +01:00] [I] Version: 2.2.1-219e6df2
[17:22:32 +01:00] [I] Machine: Windows Server 2016 Version 1809
[17:22:32 +01:00] [I] --------------------
[17:22:32 +01:00] [W] [default] Logger: Filedump is true
[17:22:40 +01:00] [W] [default] ------------ LOAD DB ------------ 411
[17:22:40 +01:00] [W] [default] ------------ LOAD DB DONE ------------ 411
[17:22:40 +01:00] [W] [default] LICENSES: 4 FOUND IN "C:/Users/Administrator/Saved Games/BetaEvent/LotAtc Data/Server/Licenses"
[17:22:40 +01:00] [W] [default] ERROR "Unknown protocol specified"
[17:22:51 +01:00] [W] [default] Logger: Filedump is false
[17:22:51 +01:00] [W] [default] [GM] Set Year 2008
[17:22:51 +01:00] [W] [default] [GM] Set Theather angle True false
[17:22:51 +01:00] [W] [server.json] "Unable to start the server: The bound address is already in use."
[18:44:28 +01:00] [W] [default] ------------ LOAD DB ------------ 411
[18:44:28 +01:00] [W] [default] ------------ LOAD DB DONE ------------ 411
[18:44:28 +01:00] [W] [default] LICENSES: 4 FOUND IN "C:/Users/Administrator/Saved Games/BetaEvent/LotAtc Data/Server/Licenses"
[18:44:28 +01:00] [W] [default] ERROR "Unknown protocol specified"
[18:44:34 +01:00] [W] [default] Logger: Filedump is false
[18:44:34 +01:00] [W] [default] [GM] Set Year 2008
[18:44:34 +01:00] [W] [default] [GM] Set Theather angle True false
[18:44:34 +01:00] [W] [server.json] "Unable to start the server: The bound address is already in use."
[19:00:29 +01:00] [I] 
[19:00:29 +01:00] [I] --- STARTING LOG ---
[19:00:29 +01:00] [I] Date: Thu Jun 17 19:00:29 2021
[19:00:29 +01:00] [I] Version: 2.2.1-219e6df2
[19:00:29 +01:00] [I] Machine: Windows Server 2016 Version 1809
[19:00:29 +01:00] [I] --------------------
[19:00:29 +01:00] [W] [default] Logger: Filedump is true
[19:00:38 +01:00] [W] [default] ------------ LOAD DB ------------ 411
[19:00:38 +01:00] [W] [default] ------------ LOAD DB DONE ------------ 411
[19:00:38 +01:00] [W] [default] LICENSES: 4 FOUND IN "C:/Users/Administrator/Saved Games/BetaEvent/LotAtc Data/Server/Licenses"
[19:00:38 +01:00] [W] [default] ERROR "Unknown protocol specified"
[19:00:58 +01:00] [W] [default] Logger: Filedump is false
[19:00:58 +01:00] [W] [default] [GM] Set Year 2008
[19:00:58 +01:00] [W] [default] [GM] Set Theather angle True false
[19:00:58 +01:00] [W] [server.json] "Unable to start the server: The bound address is already in use."
[08:53:46 +01:00] [I] 
[08:53:46 +01:00] [I] --- STARTING LOG ---
[08:53:46 +01:00] [I] Date: Sun Jun 20 08:53:46 2021
[08:53:46 +01:00] [I] Version: 2.2.1-219e6df2
[08:53:46 +01:00] [I] Machine: Windows Server 2016 Version 1809
[08:53:46 +01:00] [I] --------------------
[08:53:46 +01:00] [W] [default] Logger: Filedump is true
[08:53:54 +01:00] [W] [default] ------------ LOAD DB ------------ 411
[08:53:54 +01:00] [W] [default] ------------ LOAD DB DONE ------------ 411
[08:53:54 +01:00] [W] [default] LICENSES: 4 FOUND IN "C:/Users/Administrator/Saved Games/BetaEvent/LotAtc Data/Server/Licenses"
[08:53:54 +01:00] [W] [default] ERROR "Unknown protocol specified"
[08:54:14 +01:00] [W] [default] Logger: Filedump is false
[08:54:14 +01:00] [W] [default] [GM] Set Year 2008
[08:54:14 +01:00] [W] [default] [GM] Set Theather angle True false
[08:54:14 +01:00] [W] [server.json] "Unable to start the server: The bound address is already in use."
[12:16:37 +01:00] [W] [default] ------------ LOAD DB ------------ 411
[12:16:37 +01:00] [W] [default] ------------ LOAD DB DONE ------------ 411
[12:16:37 +01:00] [W] [default] LICENSES: 4 FOUND IN "C:/Users/Administrator/Saved Games/BetaEvent/LotAtc Data/Server/Licenses"
[12:16:37 +01:00] [W] [default] ERROR "Unknown protocol specified"
[12:16:44 +01:00] [W] [default] Logger: Filedump is false
[12:16:44 +01:00] [W] [default] [GM] Set Year 2008
[12:16:44 +01:00] [W] [default] [GM] Set Theather angle True false
[12:16:44 +01:00] [W] [server.json] "Unable to start the server: The bound address is already in use."
[15:55:47 +01:00] [I] 
[15:55:47 +01:00] [I] --- STARTING LOG ---
[15:55:47 +01:00] [I] Date: Sun Jun 20 15:55:47 2021
[15:55:47 +01:00] [I] Version: 2.2.1-219e6df2
[15:55:47 +01:00] [I] Machine: Windows Server 2016 Version 1809
[15:55:47 +01:00] [I] --------------------
[15:55:47 +01:00] [W] [default] Logger: Filedump is true
[15:55:56 +01:00] [W] [default] ------------ LOAD DB ------------ 411
[15:55:56 +01:00] [W] [default] ------------ LOAD DB DONE ------------ 411
[15:55:56 +01:00] [W] [default] LICENSES: 4 FOUND IN "C:/Users/Administrator/Saved Games/BetaEvent/LotAtc Data/Server/Licenses"
[15:55:56 +01:00] [W] [default] ERROR "Unknown protocol specified"
[15:56:03 +01:00] [W] [default] Logger: Filedump is false
[15:56:03 +01:00] [W] [default] [GM] Set Year 2011
[15:56:03 +01:00] [W] [default] [GM] Set Theather angle True false
[15:56:03 +01:00] [W] [server.json] "Unable to start the server: The bound address is already in use."
[16:06:00 +01:00] [I] 
[16:06:00 +01:00] [I] --- STARTING LOG ---
[16:06:00 +01:00] [I] Date: Sun Jun 20 16:06:00 2021
[16:06:00 +01:00] [I] Version: 2.2.1-219e6df2
[16:06:00 +01:00] [I] Machine: Windows Server 2016 Version 1809
[16:06:00 +01:00] [I] --------------------
[16:06:00 +01:00] [W] [default] Logger: Filedump is true
[16:06:09 +01:00] [W] [default] ------------ LOAD DB ------------ 411
[16:06:09 +01:00] [W] [default] ------------ LOAD DB DONE ------------ 411
[16:06:09 +01:00] [W] [default] LICENSES: 4 FOUND IN "C:/Users/Administrator/Saved Games/BetaEvent/LotAtc Data/Server/Licenses"
[16:06:09 +01:00] [W] [default] ERROR "Unknown protocol specified"
[16:06:15 +01:00] [W] [default] Logger: Filedump is false
[16:06:15 +01:00] [W] [default] [GM] Set Year 2011
[16:06:15 +01:00] [W] [default] [GM] Set Theather angle True false
[16:06:15 +01:00] [W] [server.json] "Unable to start the server: The bound address is already in use."
[16:14:48 +01:00] [I] 
[16:14:48 +01:00] [I] --- STARTING LOG ---
[16:14:48 +01:00] [I] Date: Sun Jun 20 16:14:48 2021
[16:14:48 +01:00] [I] Version: 2.2.1-219e6df2
[16:14:48 +01:00] [I] Machine: Windows Server 2016 Version 1809
[16:14:48 +01:00] [I] --------------------
[16:14:48 +01:00] [W] [default] Logger: Filedump is true
[16:14:56 +01:00] [W] [default] ------------ LOAD DB ------------ 411
[16:14:56 +01:00] [W] [default] ------------ LOAD DB DONE ------------ 411
[16:14:56 +01:00] [W] [default] LICENSES: 4 FOUND IN "C:/Users/Administrator/Saved Games/BetaEvent/LotAtc Data/Server/Licenses"
[16:14:56 +01:00] [W] [default] ERROR "Unknown protocol specified"
[16:15:03 +01:00] [W] [default] Logger: Filedump is false
[16:15:03 +01:00] [W] [default] [GM] Set Year 2011
[16:15:03 +01:00] [W] [default] [GM] Set Theather angle True false
[16:15:03 +01:00] [W] [server.json] "Unable to start the server: The bound address is already in use."
[16:48:35 +01:00] [I] 
[16:48:35 +01:00] [I] --- STARTING LOG ---
[16:48:35 +01:00] [I] Date: Sun Jun 20 16:48:35 2021
[16:48:35 +01:00] [I] Version: 2.2.1-219e6df2
[16:48:35 +01:00] [I] Machine: Windows Server 2016 Version 1809
[16:48:35 +01:00] [I] --------------------
[16:48:35 +01:00] [W] [default] Logger: Filedump is true
[16:48:43 +01:00] [W] [default] ------------ LOAD DB ------------ 411
[16:48:43 +01:00] [W] [default] ------------ LOAD DB DONE ------------ 411
[16:48:43 +01:00] [W] [default] LICENSES: 4 FOUND IN "C:/Users/Administrator/Saved Games/BetaEvent/LotAtc Data/Server/Licenses"
[16:48:43 +01:00] [W] [default] ERROR "Unknown protocol specified"
[16:48:50 +01:00] [W] [default] Logger: Filedump is false
[16:48:50 +01:00] [W] [default] [GM] Set Year 2011
[16:48:50 +01:00] [W] [default] [GM] Set Theather angle True false
[16:48:50 +01:00] [W] [server.json] "Unable to start the server: The bound address is already in use."
[17:07:02 +01:00] [I] 
[17:07:02 +01:00] [I] --- STARTING LOG ---
[17:07:02 +01:00] [I] Date: Sun Jun 20 17:07:02 2021
[17:07:02 +01:00] [I] Version: 2.2.1-219e6df2
[17:07:02 +01:00] [I] Machine: Windows Server 2016 Version 1809
[17:07:02 +01:00] [I] --------------------
[17:07:02 +01:00] [W] [default] Logger: Filedump is true
[17:07:11 +01:00] [W] [default] ------------ LOAD DB ------------ 411
[17:07:11 +01:00] [W] [default] ------------ LOAD DB DONE ------------ 411
[17:07:11 +01:00] [W] [default] LICENSES: 4 FOUND IN "C:/Users/Administrator/Saved Games/BetaEvent/LotAtc Data/Server/Licenses"
[17:07:11 +01:00] [W] [default] ERROR "Unknown protocol specified"
[17:07:17 +01:00] [W] [default] Logger: Filedump is false
[17:07:17 +01:00] [W] [default] [GM] Set Year 2011
[17:07:17 +01:00] [W] [default] [GM] Set Theather angle True false
[17:07:17 +01:00] [W] [server.json] "Unable to start the server: The bound address is already in use."
[17:10:46 +01:00] [I] 
[17:10:46 +01:00] [I] --- STARTING LOG ---
[17:10:46 +01:00] [I] Date: Sun Jun 20 17:10:46 2021
[17:10:46 +01:00] [I] Version: 2.2.1-219e6df2
[17:10:46 +01:00] [I] Machine: Windows Server 2016 Version 1809
[17:10:46 +01:00] [I] --------------------
[17:10:46 +01:00] [W] [default] Logger: Filedump is true
[17:10:55 +01:00] [W] [default] ------------ LOAD DB ------------ 411
[17:10:55 +01:00] [W] [default] ------------ LOAD DB DONE ------------ 411
[17:10:55 +01:00] [W] [default] LICENSES: 4 FOUND IN "C:/Users/Administrator/Saved Games/BetaEvent/LotAtc Data/Server/Licenses"
[17:10:55 +01:00] [W] [default] ERROR "Unknown protocol specified"
[17:11:02 +01:00] [W] [default] Logger: Filedump is false
[17:11:02 +01:00] [W] [default] [GM] Set Year 2011
[17:11:02 +01:00] [W] [default] [GM] Set Theather angle True false
[17:11:02 +01:00] [W] [server.json] "Unable to start the server: The bound address is already in use."
[17:39:07 +01:00] [I] 
[17:39:07 +01:00] [I] --- STARTING LOG ---
[17:39:07 +01:00] [I] Date: Sun Jun 20 17:39:07 2021
[17:39:07 +01:00] [I] Version: 2.2.1-219e6df2
[17:39:07 +01:00] [I] Machine: Windows Server 2016 Version 1809
[17:39:07 +01:00] [I] --------------------
[17:39:07 +01:00] [W] [default] Logger: Filedump is true
[17:39:15 +01:00] [W] [default] ------------ LOAD DB ------------ 411
[17:39:15 +01:00] [W] [default] ------------ LOAD DB DONE ------------ 411
[17:39:15 +01:00] [W] [default] LICENSES: 4 FOUND IN "C:/Users/Administrator/Saved Games/BetaEvent/LotAtc Data/Server/Licenses"
[17:39:15 +01:00] [W] [default] ERROR "Unknown protocol specified"
[17:39:22 +01:00] [W] [default] Logger: Filedump is false
[17:39:22 +01:00] [W] [default] [GM] Set Year 2011
[17:39:22 +01:00] [W] [default] [GM] Set Theather angle True false
[17:39:22 +01:00] [W] [server.json] "Unable to start the server: The bound address is already in use."
