
Wed Feb 24 10:02:13 2021
--- STARTING Log ---
Version: 2.1.4-76331296
---
2021-02-24 10:02:13.019 [0.001]: WARNING : [default] Logger: Filedump is true
2021-02-24 10:02:13.019 [0.002]: DEBUG   : [perfs] Perfs output enabled: false
2021-02-24 10:02:20.111 [7.095]: WARNING : [default] LICENSES: 4 FOUND IN "C:/Users/Administrator/Saved Games/StableServer4/LotAtc Data/Server/Licenses"
2021-02-24 10:02:46.276 [33.272]: WARNING : [default] Logger: Filedump is true
2021-02-24 10:02:46.276 [33.272]: WARNING : [client.main] Magnetic file not found, exiting "C:\\Users\\Administrator\\Saved Games\\StableServer4\\Mods\\services\\LotAtc\\\\magvar"
2021-02-24 10:02:46.276 [33.272]: WARNING : [client.main] Magnetic file not found, exiting "C:\\Users\\Administrator\\Saved Games\\StableServer4\\Mods\\services\\LotAtc\\\\magvar"
2021-02-24 10:02:46.276 [33.272]: WARNING : [default] [GM] Set Year 2011
2021-02-24 10:02:46.276 [33.272]: WARNING : [default] [GM] Set Theather angle True true
2021-02-24 10:02:46.292 [33.273]: WARNING : [server.json] "Unable to start the server: The bound address is already in use."
2021-02-24 13:57:53.750 [14140.7]: WARNING : [client.main] Category not found  ""
2021-02-24 13:57:53.750 [14140.7]: WARNING : [client.main] Category not found  ""
2021-02-24 13:57:53.750 [14140.7]: WARNING : [client.main] Category not found  ""
2021-02-24 13:57:53.750 [14140.7]: WARNING : [client.main] Category not found  ""
2021-02-24 13:57:53.750 [14140.7]: WARNING : [client.main] Category not found  ""
2021-02-24 13:57:53.750 [14140.7]: WARNING : [client.main] Category not found  ""
2021-02-24 13:57:53.750 [14140.7]: WARNING : [client.main] Category not found  ""
2021-02-24 13:57:53.750 [14140.7]: WARNING : [client.main] Category not found  ""
2021-02-24 13:57:53.750 [14140.7]: WARNING : [client.main] Category not found  ""
2021-02-24 13:57:53.750 [14140.7]: WARNING : [client.main] Category not found  ""
2021-02-24 13:57:53.750 [14140.7]: WARNING : [client.main] Category not found  ""
2021-02-24 13:57:53.750 [14140.7]: WARNING : [client.main] Category not found  ""
2021-02-24 13:57:53.750 [14140.7]: WARNING : [client.main] Category not found  ""
2021-02-24 13:57:53.750 [14140.7]: WARNING : [client.main] Category not found  ""
2021-02-24 13:57:53.750 [14140.7]: WARNING : [client.main] Category not found  ""
2021-02-24 13:57:53.750 [14140.7]: WARNING : [client.main] Category not found  ""
2021-02-24 13:57:53.750 [14140.7]: WARNING : [client.main] Category not found  ""
2021-02-24 13:57:53.750 [14140.7]: WARNING : [client.main] Category not found  ""
2021-02-24 13:57:53.750 [14140.7]: WARNING : [client.main] Category not found  ""
2021-02-24 13:57:53.750 [14140.7]: WARNING : [client.main] Category not found  ""
2021-02-24 13:57:53.750 [14140.7]: WARNING : [client.main] Category not found  ""
2021-02-24 13:57:53.750 [14140.7]: WARNING : [client.main] Category not found  ""
2021-02-24 13:57:53.750 [14140.7]: WARNING : [client.main] Category not found  ""
2021-02-24 13:57:53.750 [14140.7]: WARNING : [client.main] Category not found  ""
2021-02-24 13:57:53.750 [14140.7]: WARNING : [client.main] Category not found  ""
2021-02-24 13:57:53.750 [14140.7]: WARNING : [client.main] Category not found  ""
2021-02-24 13:57:53.750 [14140.7]: WARNING : [client.main] Category not found  ""
2021-02-24 13:57:53.750 [14140.7]: WARNING : [client.main] Category not found  ""
2021-02-24 13:57:53.750 [14140.7]: WARNING : [client.main] Category not found  ""
2021-02-24 13:57:53.750 [14140.7]: WARNING : [client.main] Category not found  ""
2021-02-24 13:57:53.750 [14140.7]: WARNING : [client.main] Category not found  ""
2021-02-24 13:57:53.750 [14140.7]: WARNING : [client.main] Category not found  ""
2021-02-24 13:57:53.750 [14140.7]: WARNING : [client.main] Category not found  ""
2021-02-24 13:57:53.750 [14140.7]: WARNING : [client.main] Category not found  ""
2021-02-24 13:57:53.750 [14140.7]: WARNING : [client.main] Category not found  ""
2021-02-24 13:57:53.750 [14140.7]: WARNING : [client.main] Category not found  ""
2021-02-24 13:57:53.750 [14140.7]: WARNING : [client.main] Category not found  ""
2021-02-24 13:57:53.750 [14140.7]: WARNING : [client.main] Category not found  ""
2021-02-24 13:57:53.750 [14140.7]: WARNING : [client.main] Category not found  ""
2021-02-24 13:57:53.750 [14140.7]: WARNING : [client.main] Category not found  ""
2021-02-24 13:57:53.750 [14140.7]: WARNING : [client.main] Category not found  ""
2021-02-24 13:57:53.750 [14140.7]: WARNING : [client.main] Category not found  ""
2021-02-24 13:57:53.750 [14140.7]: WARNING : [client.main] Category not found  ""
2021-02-24 13:57:53.750 [14140.7]: WARNING : [client.main] Category not found  ""
2021-02-24 13:57:53.750 [14140.7]: WARNING : [client.main] Category not found  ""
2021-02-24 13:57:53.750 [14140.7]: WARNING : [client.main] Category not found  ""
2021-02-24 13:57:53.750 [14140.7]: WARNING : [client.main] Category not found  ""
2021-02-24 13:57:53.750 [14140.7]: WARNING : [client.main] Category not found  ""
2021-02-24 13:57:53.750 [14140.7]: WARNING : [client.main] Category not found  ""
2021-02-24 13:57:53.750 [14140.7]: WARNING : [client.main] Category not found  ""
2021-02-24 13:57:53.750 [14140.7]: WARNING : [client.main] Category not found  ""
2021-02-24 13:57:53.750 [14140.7]: WARNING : [client.main] Category not found  ""
2021-02-24 13:57:53.750 [14140.7]: WARNING : [client.main] Category not found  ""
2021-02-24 13:57:53.750 [14140.7]: WARNING : [client.main] Category not found  ""
2021-02-24 13:57:53.750 [14140.7]: WARNING : [client.main] Category not found  ""
2021-02-24 13:57:53.750 [14140.7]: WARNING : [client.main] Category not found  ""
2021-02-24 13:57:53.750 [14140.7]: WARNING : [client.main] Category not found  ""
2021-02-24 13:57:53.750 [14140.7]: WARNING : [client.main] Category not found  ""
2021-02-24 13:57:53.750 [14140.7]: WARNING : [client.main] Category not found  ""
2021-02-24 13:57:53.750 [14140.7]: WARNING : [client.main] Category not found  ""
2021-02-24 13:57:53.750 [14140.7]: WARNING : [client.main] Category not found  ""
2021-02-24 13:57:53.750 [14140.7]: WARNING : [client.main] Category not found  ""
2021-02-24 13:57:53.750 [14140.7]: WARNING : [client.main] Category not found  ""
2021-02-24 13:57:53.750 [14140.7]: WARNING : [client.main] Category not found  ""
2021-02-24 13:57:53.750 [14140.7]: WARNING : [client.main] Category not found  ""
2021-02-24 13:57:53.750 [14140.7]: WARNING : [client.main] Category not found  ""
2021-02-24 13:57:53.750 [14140.7]: WARNING : [client.main] Category not found  ""
2021-02-24 13:57:53.750 [14140.7]: WARNING : [client.main] Category not found  ""
2021-02-24 13:57:53.750 [14140.7]: WARNING : [client.main] Category not found  ""
2021-02-24 13:57:53.750 [14140.7]: WARNING : [client.main] Category not found  ""
2021-02-24 13:57:53.750 [14140.7]: WARNING : [client.main] Category not found  ""
2021-02-24 13:57:53.750 [14140.7]: WARNING : [client.main] Category not found  ""
2021-02-24 13:57:53.828 [14140.8]: WARNING : [client.main] Category not found  ""
2021-02-24 13:57:53.828 [14140.8]: WARNING : [client.main] Category not found  ""
2021-02-24 13:57:53.828 [14140.8]: WARNING : [client.main] Category not found  ""
2021-02-24 13:57:53.828 [14140.8]: WARNING : [client.main] Category not found  ""
2021-02-24 13:57:53.828 [14140.8]: WARNING : [client.main] Category not found  ""
2021-02-24 13:57:53.828 [14140.8]: WARNING : [client.main] Category not found  ""
2021-02-25 11:44:18.261 [92525.3]: WARNING : [default] LICENSES: 4 FOUND IN "C:/Users/Administrator/Saved Games/StableServer4/LotAtc Data/Server/Licenses"
2021-02-25 11:44:24.462 [92531.5]: WARNING : [default] Logger: Filedump is true
2021-02-25 11:44:24.462 [92531.5]: WARNING : [client.main] Magnetic file not found, exiting "C:\\Users\\Administrator\\Saved Games\\StableServer4\\Mods\\services\\LotAtc\\\\magvar"
2021-02-25 11:44:24.462 [92531.5]: WARNING : [default] [GM] Set Year 2011
2021-02-25 11:44:24.462 [92531.5]: WARNING : [default] [GM] Set Theather angle True true
2021-02-25 11:44:24.462 [92531.5]: WARNING : [server.json] "Unable to start the server: The bound address is already in use."
2021-02-25 11:44:25.681 [92532.7]: WARNING : [client.main] Category not found  ""
2021-02-25 11:44:25.681 [92532.7]: WARNING : [client.main] Category not found  ""
2021-02-25 11:44:25.681 [92532.7]: WARNING : [client.main] Category not found  ""
2021-02-25 11:44:25.681 [92532.7]: WARNING : [client.main] Category not found  ""
2021-02-25 11:44:25.681 [92532.7]: WARNING : [client.main] Category not found  ""
2021-02-25 11:44:25.681 [92532.7]: WARNING : [client.main] Category not found  ""
2021-02-25 11:44:25.681 [92532.7]: WARNING : [client.main] Category not found  ""
2021-02-25 11:44:25.681 [92532.7]: WARNING : [client.main] Category not found  ""
2021-02-25 11:44:25.681 [92532.7]: WARNING : [client.main] Category not found  ""
2021-02-25 11:44:25.681 [92532.7]: WARNING : [client.main] Category not found  ""
2021-02-25 11:44:25.681 [92532.7]: WARNING : [client.main] Category not found  ""
2021-02-25 11:44:25.681 [92532.7]: WARNING : [client.main] Category not found  ""
2021-02-25 11:44:25.681 [92532.7]: WARNING : [client.main] Category not found  ""
2021-02-25 11:44:25.681 [92532.7]: WARNING : [client.main] Category not found  ""
2021-02-25 11:44:25.681 [92532.7]: WARNING : [client.main] Category not found  ""
2021-02-25 11:44:25.681 [92532.7]: WARNING : [client.main] Category not found  ""
2021-02-25 11:44:25.681 [92532.7]: WARNING : [client.main] Category not found  ""
2021-02-25 11:44:25.681 [92532.7]: WARNING : [client.main] Category not found  ""
2021-02-25 11:44:25.681 [92532.7]: WARNING : [client.main] Category not found  ""
2021-02-25 11:44:25.681 [92532.7]: WARNING : [client.main] Category not found  ""
2021-02-25 11:44:25.681 [92532.7]: WARNING : [client.main] Category not found  ""
2021-02-25 11:44:25.681 [92532.7]: WARNING : [client.main] Category not found  ""
2021-02-25 11:44:25.681 [92532.7]: WARNING : [client.main] Category not found  ""
2021-02-25 11:44:25.681 [92532.7]: WARNING : [client.main] Category not found  ""
2021-02-25 11:44:25.681 [92532.7]: WARNING : [client.main] Category not found  ""
2021-02-25 11:44:25.681 [92532.7]: WARNING : [client.main] Category not found  ""
2021-02-25 11:44:25.681 [92532.7]: WARNING : [client.main] Category not found  ""
2021-02-25 11:44:25.681 [92532.7]: WARNING : [client.main] Category not found  ""
2021-02-25 11:44:25.681 [92532.7]: WARNING : [client.main] Category not found  ""
2021-02-25 11:44:25.681 [92532.7]: WARNING : [client.main] Category not found  ""
2021-02-25 11:44:25.681 [92532.7]: WARNING : [client.main] Category not found  ""
2021-02-25 11:44:25.681 [92532.7]: WARNING : [client.main] Category not found  ""
2021-02-25 11:44:25.681 [92532.7]: WARNING : [client.main] Category not found  ""
2021-02-25 11:44:25.681 [92532.7]: WARNING : [client.main] Category not found  ""
2021-02-25 11:44:25.681 [92532.7]: WARNING : [client.main] Category not found  ""
2021-02-25 11:44:25.681 [92532.7]: WARNING : [client.main] Category not found  ""
2021-02-25 11:44:25.681 [92532.7]: WARNING : [client.main] Category not found  ""
2021-02-25 11:44:25.681 [92532.7]: WARNING : [client.main] Category not found  ""
2021-02-25 11:44:25.681 [92532.7]: WARNING : [client.main] Category not found  ""
2021-02-25 11:44:25.681 [92532.7]: WARNING : [client.main] Category not found  ""
2021-02-25 11:44:25.681 [92532.7]: WARNING : [client.main] Category not found  ""
2021-02-25 11:44:25.681 [92532.7]: WARNING : [client.main] Category not found  ""
2021-02-25 11:44:25.681 [92532.7]: WARNING : [client.main] Category not found  ""
2021-02-25 11:44:25.681 [92532.7]: WARNING : [client.main] Category not found  ""
2021-02-25 11:44:25.681 [92532.7]: WARNING : [client.main] Category not found  ""
2021-02-25 11:44:25.681 [92532.7]: WARNING : [client.main] Category not found  ""
2021-02-25 11:44:25.681 [92532.7]: WARNING : [client.main] Category not found  ""
2021-02-25 11:44:25.681 [92532.7]: WARNING : [client.main] Category not found  ""
2021-02-25 11:44:25.681 [92532.7]: WARNING : [client.main] Category not found  ""
2021-02-25 11:44:25.681 [92532.7]: WARNING : [client.main] Category not found  ""
2021-02-25 11:44:25.681 [92532.7]: WARNING : [client.main] Category not found  ""
2021-02-25 11:44:25.681 [92532.7]: WARNING : [client.main] Category not found  ""
2021-02-25 11:44:25.681 [92532.7]: WARNING : [client.main] Category not found  ""
2021-02-25 11:44:25.681 [92532.7]: WARNING : [client.main] Category not found  ""
2021-02-25 11:44:25.681 [92532.7]: WARNING : [client.main] Category not found  ""
2021-02-25 11:44:25.681 [92532.7]: WARNING : [client.main] Category not found  ""
2021-02-25 11:44:25.681 [92532.7]: WARNING : [client.main] Category not found  ""
2021-02-25 11:44:25.681 [92532.7]: WARNING : [client.main] Category not found  ""
2021-02-25 11:44:25.681 [92532.7]: WARNING : [client.main] Category not found  ""
2021-02-25 11:44:25.681 [92532.7]: WARNING : [client.main] Category not found  ""
2021-02-25 11:44:25.681 [92532.7]: WARNING : [client.main] Category not found  ""
2021-02-25 11:44:25.681 [92532.7]: WARNING : [client.main] Category not found  ""
2021-02-25 11:44:25.681 [92532.7]: WARNING : [client.main] Category not found  ""
2021-02-25 11:44:25.681 [92532.7]: WARNING : [client.main] Category not found  ""
2021-02-25 11:44:25.681 [92532.7]: WARNING : [client.main] Category not found  ""
2021-02-25 11:44:25.681 [92532.7]: WARNING : [client.main] Category not found  ""
2021-02-25 11:44:25.681 [92532.7]: WARNING : [client.main] Category not found  ""
2021-02-25 11:44:25.681 [92532.7]: WARNING : [client.main] Category not found  ""
2021-02-25 11:44:25.681 [92532.7]: WARNING : [client.main] Category not found  ""
2021-02-25 11:44:25.681 [92532.7]: WARNING : [client.main] Category not found  ""
2021-02-25 11:44:25.681 [92532.7]: WARNING : [client.main] Category not found  ""
2021-02-25 11:44:25.681 [92532.7]: WARNING : [client.main] Category not found  ""
2021-02-25 11:44:25.774 [92532.8]: WARNING : [client.main] Category not found  ""
2021-02-25 11:44:25.774 [92532.8]: WARNING : [client.main] Category not found  ""
2021-02-25 11:44:25.774 [92532.8]: WARNING : [client.main] Category not found  ""
2021-02-25 11:44:25.774 [92532.8]: WARNING : [client.main] Category not found  ""
2021-02-25 11:44:25.774 [92532.8]: WARNING : [client.main] Category not found  ""
2021-02-25 11:44:25.774 [92532.8]: WARNING : [client.main] Category not found  ""
