Slmod started at Jul 26, 2021, 21:52:33
40  SLMOD INFO: using settings defined in C:\Users\Administrator\Saved Games\BetaServer3\Slmod\config.lua
40.019  SLMOD INFO: ./Scripts/MissionScripting.lua is up to date, no installation required.
40.03  SLMOD INFO: SlmodUtils.lua loaded.
40.039  SLMOD INFO: SlmodEvents.lua loaded.
40.05  SLMOD INFO: SlmodUnits.lua loaded.
40.06  SLMOD INFO: SlmodMenu.lua loaded.
40.069  SLMOD INFO: SlmodConvMenu.lua loaded.
40.079  SLMOD INFO: SlmodPTSMenu.lua loaded.
40.088  SLMOD INFO: SlmodPOSMenu.lua loaded.
40.101  SLMOD INFO: SlmodAdminMenu.lua loaded
40.114  SLMOD INFO: no stats , loading from file: C:\Users\Administrator\Saved Games\BetaServer3\Slmod\\SlmodStats.lua
40.42  SLMOD INFO: using SlmodStats.lua as defined in C:\Users\Administrator\Saved Games\BetaServer3\Slmod\SlmodStats.lua
41.287  SLMOD INFO: no penStats , loading from file: C:\Users\Administrator\Saved Games\BetaServer3\Slmod\\SlmodPenaltyStats.lua
41.355  SLMOD INFO: using SlmodPenaltyStats.lua as defined in C:\Users\Administrator\Saved Games\BetaServer3\Slmod\SlmodPenaltyStats.lua
41.75  SLMOD INFO: SlmodStats.lua loaded.
41.761  SLMOD INFO: no metaStats , loading from file: C:\Users\Administrator\Saved Games\BetaServer3\Slmod\\SlmodMetaStats.lua
41.763  SLMOD INFO: using SlmodMetaStats.lua as defined in C:\Users\Administrator\Saved Games\BetaServer3\Slmod\SlmodMetaStats.lua
41.769  SLMOD INFO: SlmodMetaStats.lua loaded.
41.781  SLMOD INFO: SlmodAutoAdmin.lua loaded.
41.791  SLMOD INFO: SlmodPingCheck.lua loaded.
41.803  SLMOD INFO: SlmodVote.lua loaded.
41.816  SLMOD INFO: SlmodLibs.lua loaded.
41.826  SLMOD INFO: SlmodDebugger.lua loaded.
41.84  SLMOD INFO: SlmodMOTD.lua loaded.
41.85  SLMOD INFO: SlmodHelp.lua loaded.
41.862  SLMOD INFO: SlmodCallbacks.lua loaded
41.872  SLMOD INFO: SlmodTests.lua loaded.
