[22:27:55 +01:00] [I] 
[22:27:55 +01:00] [I] --- STARTING LOG ---
[22:27:55 +01:00] [I] Date        : Thu Aug 26 22:27:55 2021
[22:27:55 +01:00] [I] Version     : 2.2.2-cdfce462
[22:27:55 +01:00] [I] Machine     : Windows 10 Version 2009
[22:27:55 +01:00] [I] LotAtc path : C:\Program Files\LotAtc\
[22:27:55 +01:00] [I] --------------------
[22:27:55 +01:00] [W] [default] Logger: Filedump is true
[22:27:55 +01:00] [I] [mainentry] Create Main entry for LotAtc on 25180
[22:27:55 +01:00] [I] [mainentry] ModPath: "C:\\Users\\jayir\\Saved Games\\8.4YA3\\Mods\\services\\LotAtc\\"
[22:27:55 +01:00] [I] [mainentry] PLUGINS  "C:/Users/jayir/Saved Games/8.4YA3/Mods/services/LotAtc/plugins"
[22:28:03 +01:00] [W] [default] ------------ LOAD DB ------------ 415
[22:28:03 +01:00] [W] [default] ------------ LOAD DB DONE ------------ 415
[22:28:03 +01:00] [I] [mainentry] Use port 10328
[22:28:03 +01:00] [I] [mainentry] Launch server...
[22:28:03 +01:00] [I] [mainentry] Create main server
[22:28:03 +01:00] [W] [default] LICENSES: 4 FOUND IN "C:/Users/jayir/Saved Games/8.4YA3/LotAtc Data/Server/Licenses"
[22:28:03 +01:00] [I] [mainentry] Create main server -- done
[22:28:03 +01:00] [I] [mainentry] Launch server...DONE
[22:28:20 +01:00] [I] [mainentry] [MAIN] New Mission
[22:28:20 +01:00] [I] [mainentry] [MAIN] NAME "4YA_Capture_Bases_Persian_Large_v25B"
[22:28:20 +01:00] [W] [default] Logger: Filedump is false
[22:28:20 +01:00] [I] [client.main] LOAD MAGN: "C:\\Users\\jayir\\Saved Games\\8.4YA3\\Mods\\services\\LotAtc\\\\magvar"
[22:28:20 +01:00] [I] [client.main] LOAD MAGN: "C:\\Users\\jayir\\Saved Games\\8.4YA3\\Mods\\services\\LotAtc\\\\magvar"
[22:28:20 +01:00] [W] [default] [GM] Set Year 2011
[22:28:20 +01:00] [W] [default] [GM] Set Theather angle True true
[22:28:20 +01:00] [I] [mainentry] OPTIONS RECEIVED: ("airport_radar_mode", "allowed_users_file", "approach_all_airports", "automatic_type", "block_dcs_ip", "blue_max_clients", "blue_password", "chat_connect_message", "chat_filter", "dedicated_mode", "dedicated_profile", "dump_json_filename", "dump_json_stats", "enable_debug", "export_log", "export_tacview", "force_player_name", "ground_radar", "ignore_radar_name", "jsonserver_port", "locked", "max_loop_unit", "minimal_detection_limit", "minimum_frame_update", "mission_datas", "modelisation", "name", "neutral_coalition_by_default", "perfs_tests", "port", "profile_file", "profile_name", "radar", "red_max_clients", "red_password", "relief_filter", "short", "show_datas", "show_sams", "show_weapons", "speed_filter", "srs_server", "srs_transponder_port", "srs_use_transponder", "theatre", "tracking_delay", "update_search_for_new", "update_time", "use_admin_commands", "use_atc", "use_callsign", "use_chat", "use_jsonserver", "use_log", "use_range_resolution", "use_rcs", "use_realtracking", "virtual_awacs_altitude", "virtual_awacs_bulls", "virtual_awacs_name", "virtual_awacs_range")
[22:28:20 +01:00] [I] [clientserver] Awacs range> 400
[22:28:20 +01:00] [I] [clientserver] Ignore radar name> "lotatc_ignore_"
[22:28:20 +01:00] [I] [clientserver] Theatre> "PersianGulf"
[22:28:20 +01:00] [I] [clientserver] PROFILE: "Realistic - see only what you can really see"
[22:28:20 +01:00] [I] [clientserver]   - "airport_radar_mode" : "2"
[22:28:20 +01:00] [I] [clientserver]   - "allowed_users_file" : ""
[22:28:20 +01:00] [I] [clientserver]   - "approach_all_airports" : "1"
[22:28:20 +01:00] [I] [clientserver]   - "automatic_type" : "1"
[22:28:20 +01:00] [I] [clientserver]   - "block_dcs_ip" : "none"
[22:28:20 +01:00] [I] [clientserver]   - "blue_max_clients" : "-1"
[22:28:20 +01:00] [I] [clientserver]   - "blue_password" : "blue"
[22:28:20 +01:00] [I] [clientserver]   - "chat_connect_message" : "none"
[22:28:20 +01:00] [I] [clientserver]   - "chat_filter" : ""
[22:28:20 +01:00] [I] [clientserver]   - "dedicated_mode" : "true"
[22:28:20 +01:00] [I] [clientserver]   - "dedicated_profile" : "realistic.lua"
[22:28:20 +01:00] [I] [clientserver]   - "dump_json_filename" : "stats.json"
[22:28:20 +01:00] [I] [clientserver]   - "dump_json_stats" : "false"
[22:28:20 +01:00] [I] [clientserver]   - "enable_debug" : "false"
[22:28:20 +01:00] [I] [clientserver]   - "export_log" : "false"
[22:28:20 +01:00] [I] [clientserver]   - "export_tacview" : "false"
[22:28:20 +01:00] [I] [clientserver]   - "force_player_name" : "false"
[22:28:20 +01:00] [I] [clientserver]   - "ground_radar" : "0"
[22:28:20 +01:00] [I] [clientserver]   - "ignore_radar_name" : "lotatc_ignore_"
[22:28:20 +01:00] [I] [clientserver]   - "jsonserver_port" : "8081"
[22:28:20 +01:00] [I] [clientserver]   - "locked" : "true"
[22:28:20 +01:00] [I] [clientserver]   - "max_loop_unit" : "50"
[22:28:20 +01:00] [I] [clientserver]   - "minimal_detection_limit" : "5001"
[22:28:20 +01:00] [I] [clientserver]   - "minimum_frame_update" : "0.3"
[22:28:20 +01:00] [I] [clientserver]   - "mission_datas" : ""
[22:28:20 +01:00] [I] [clientserver]   - "modelisation" : "global"
[22:28:20 +01:00] [I] [clientserver]   - "name" : "realistic"
[22:28:20 +01:00] [I] [clientserver]   - "neutral_coalition_by_default" : "false"
[22:28:20 +01:00] [I] [clientserver]   - "perfs_tests" : "false"
[22:28:20 +01:00] [I] [clientserver]   - "port" : "10328"
[22:28:20 +01:00] [I] [clientserver]   - "profile_file" : "realistic.lua"
[22:28:20 +01:00] [I] [clientserver]   - "profile_name" : "Realistic - see only what you can really see"
[22:28:20 +01:00] [I] [clientserver]   - "radar" : "3"
[22:28:20 +01:00] [I] [clientserver]   - "red_max_clients" : "-1"
[22:28:20 +01:00] [I] [clientserver]   - "red_password" : "red"
[22:28:20 +01:00] [I] [clientserver]   - "relief_filter" : "true"
[22:28:20 +01:00] [I] [clientserver]   - "short" : "Realistic"
[22:28:20 +01:00] [I] [clientserver]   - "show_datas" : "false"
[22:28:20 +01:00] [I] [clientserver]   - "show_sams" : "false"
[22:28:20 +01:00] [I] [clientserver]   - "show_weapons" : "true"
[22:28:20 +01:00] [I] [clientserver]   - "speed_filter" : "true"
[22:28:20 +01:00] [I] [clientserver]   - "srs_server" : "127.0.0.1"
[22:28:20 +01:00] [I] [clientserver]   - "srs_transponder_port" : "10712"
[22:28:20 +01:00] [I] [clientserver]   - "srs_use_transponder" : "true"
[22:28:20 +01:00] [I] [clientserver]   - "theatre" : "PersianGulf"
[22:28:20 +01:00] [I] [clientserver]   - "tracking_delay" : "6"
[22:28:20 +01:00] [I] [clientserver]   - "update_search_for_new" : "10"
[22:28:20 +01:00] [I] [clientserver]   - "update_time" : "2"
[22:28:20 +01:00] [I] [clientserver]   - "use_admin_commands" : "false"
[22:28:20 +01:00] [I] [clientserver]   - "use_atc" : "true"
[22:28:20 +01:00] [I] [clientserver]   - "use_callsign" : "0"
[22:28:20 +01:00] [I] [clientserver]   - "use_chat" : "true"
[22:28:20 +01:00] [I] [clientserver]   - "use_jsonserver" : "true"
[22:28:20 +01:00] [I] [clientserver]   - "use_log" : "true"
[22:28:20 +01:00] [I] [clientserver]   - "use_range_resolution" : "true"
[22:28:20 +01:00] [I] [clientserver]   - "use_rcs" : "true"
[22:28:20 +01:00] [I] [clientserver]   - "use_realtracking" : "false"
[22:28:20 +01:00] [I] [clientserver]   - "virtual_awacs_altitude" : "8000"
[22:28:20 +01:00] [I] [clientserver]   - "virtual_awacs_bulls" : "false"
[22:28:20 +01:00] [I] [clientserver]   - "virtual_awacs_name" : ""
[22:28:20 +01:00] [I] [clientserver]   - "virtual_awacs_range" : "400"
[22:28:20 +01:00] [I] [clientserver] -- MODELISATION is "global" --
[22:28:20 +01:00] [I] [clientserver] Dump json stats: false
[22:28:20 +01:00] [I] [clientserver] Chat Filters: ("^-.*")
[22:28:20 +01:00] [I] [clientserver] Block Ip mode: "none"
[22:28:20 +01:00] [I] [client.auth] Password for blue: "blue" | for red: "red"
[22:28:20 +01:00] [I] [clientserver] Launch Json server on port 8081
[22:28:20 +01:00] [W] [server.json] "Unable to start the server: The bound address is already in use."
[22:28:20 +01:00] [I] [clientserver] Accept clients now
[22:28:20 +01:00] [I] [mainentry] Start server...
[22:28:20 +01:00] [I] [clientserver] Start simu signal - Send init data
[22:28:20 +01:00] [I] [clientserver] [NetServer] Start listening on  10328
[22:2