Slmod started at Aug 05, 2021, 20:00:13
52.812  SLMOD INFO: using settings defined in C:\Users\Administrator\Saved Games\BetaServer4\Slmod\config.lua
52.824  SLMOD INFO: ./Scripts/MissionScripting.lua is up to date, no installation required.
52.835  SLMOD INFO: SlmodUtils.lua loaded.
52.846  SLMOD INFO: SlmodEvents.lua loaded.
52.854  SLMOD INFO: SlmodUnits.lua loaded.
52.863  SLMOD INFO: SlmodMenu.lua loaded.
52.873  SLMOD INFO: SlmodConvMenu.lua loaded.
52.876  SLMOD INFO: SlmodPTSMenu.lua loaded.
52.879  SLMOD INFO: SlmodPOSMenu.lua loaded.
52.89  SLMOD INFO: SlmodAdminMenu.lua loaded
52.9  SLMOD INFO: no stats , loading from file: C:\Users\Administrator\Saved Games\BetaServer4\Slmod\\SlmodStats.lua
53.867  SLMOD INFO: using SlmodStats.lua as defined in C:\Users\Administrator\Saved Games\BetaServer4\Slmod\SlmodStats.lua
56.542  SLMOD INFO: no penStats , loading from file: C:\Users\Administrator\Saved Games\BetaServer4\Slmod\\SlmodPenaltyStats.lua
56.805  SLMOD INFO: using SlmodPenaltyStats.lua as defined in C:\Users\Administrator\Saved Games\BetaServer4\Slmod\SlmodPenaltyStats.lua
57.52  SLMOD INFO: SlmodStats.lua loaded.
57.529  SLMOD INFO: no metaStats , loading from file: C:\Users\Administrator\Saved Games\BetaServer4\Slmod\\SlmodMetaStats.lua
57.744  SLMOD INFO: using SlmodMetaStats.lua as defined in C:\Users\Administrator\Saved Games\BetaServer4\Slmod\SlmodMetaStats.lua
57.753  SLMOD INFO: SlmodMetaStats.lua loaded.
57.763  SLMOD INFO: SlmodAutoAdmin.lua loaded.
57.767  SLMOD INFO: SlmodPingCheck.lua loaded.
57.775  SLMOD INFO: SlmodVote.lua loaded.
57.795  SLMOD INFO: SlmodLibs.lua loaded.
57.798  SLMOD INFO: SlmodDebugger.lua loaded.
57.805  SLMOD INFO: SlmodMOTD.lua loaded.
57.808  SLMOD INFO: SlmodHelp.lua loaded.
57.818  SLMOD INFO: SlmodCallbacks.lua loaded
57.828  SLMOD INFO: SlmodTests.lua loaded.
63.669  SLMOD INFO: Modifying netview... results: , true
63.669  SLMOD INFO: connected client 1
63.669  SLMOD INFO: num clients: 1
94.096  SLMOD INFO: successfully loaded (name = slmod.basicSerialize) function into export.
94.096  SLMOD INFO: successfully loaded (name = slmod.serialize) function into export.
94.097  SLMOD INFO: successfully loaded (name = slmod.oneLineSerialize) function into export.
94.097  SLMOD INFO: successfully loaded (name = slmod.serializeWithCycles) function into export.
94.097  SLMOD INFO: successfully loaded (name = slmod.deepcopy) function into export.
94.098  SLMOD INFO: successfully loaded (name = slmod.tableshow) function into export.
94.1  SLMOD INFO: using banned ucids and/or ips as defined in C:\Users\Administrator\Saved Games\BetaServer4\Slmod\BannedClients.lua
94.101  SLMOD INFO: using server admins as defined in C:\Users\Administrator\Saved Games\BetaServer4\Slmod\ServerAdmins.lua
94.101  SLMOD INFO: load exempt clients
94.101  SLMOD INFO: using exempt ucids as defined in C:\Users\Administrator\Saved Games\BetaServer4\Slmod\ExemptClients.lua
94.141  SLMOD INFO: successfully loaded unitAttributes.
96.465  SLMOD INFO: no misStats , loading from file: C:\Users\Administrator\Saved Games\BetaServer4\Slmod\Mission Stats\\4YA_Syria_Capture_Bases_BLUE-KING_v31ClearDay- Aug 05, 2021 at 15 14 12.lua
96.56  SLMOD INFO: using  as defined in C:\Users\Administrator\Saved Games\BetaServer4\Slmod\Mission Stats\
96.568  SLMOD INFO: weapons_impacting_code loaded successfully to server env
96.568  SLMOD INFO: using random seed 57
96.569  SLMOD INFO: slmod.importMissionZones: zones successfully loaded to net environment.
96.755  SLMOD INFO: successfully completed slmod.getMissionUnitData()
139.177  SLMOD INFO: successfully loaded (name = slmod.basicSerialize) function into export.
139.177  SLMOD INFO: successfully loaded (name = slmod.serialize) function into export.
139.178  SLMOD INFO: successfully loaded (name = slmod.oneLineSerialize) function into export.
139.178  SLMOD INFO: successfully loaded (name = slmod.serializeWithCycles) function into export.
139.178  SLMOD INFO: successfully loaded (name = slmod.deepcopy) function into export.
139.179  SLMOD INFO: successfully loaded (name = slmod.tableshow) function into export.
139.18  SLMOD INFO: using banned ucids and/or ips as defined in C:\Users\Administrator\Saved Games\BetaServer4\Slmod\BannedClients.lua
139.18  SLMOD INFO: using server admins as defined in C:\Users\Administrator\Saved Games\BetaServer4\Slmod\ServerAdmins.lua
139.18  SLMOD INFO: load exempt clients
139.18  SLMOD INFO: using exempt ucids as defined in C:\Users\Administrator\Saved Games\BetaServer4\Slmod\ExemptClients.lua
139.216  SLMOD INFO: successfully loaded unitAttributes.
141.198  SLMOD INFO: no misStats , loading from file: C:\Users\Administrator\Saved Games\BetaServer4\Slmod\Mission Stats\\4YA_Syria_Capture_Bases_BLUE-KING_v31MedCloud- Aug 05, 2021 at 20 00 57.lua
141.201  SLMOD INFO: using  as defined in C:\Users\Administrator\Saved Games\BetaServer4\Slmod\Mission Stats\
141.204  SLMOD INFO: weapons_impacting_code loaded successfully to server env
141.204  SLMOD INFO: using random seed 102
141.206  SLMOD INFO: slmod.importMissionZones: zones successfully loaded to net environment.
141.476  SLMOD INFO: successfully completed slmod.getMissionUnitData()
299.173  SLMOD INFO: connected client 2
299.173  SLMOD INFO: num clients: 2
563.009  SLMOD INFO: connected client 3
563.009  SLMOD INFO: num clients: 3
577.706  SLMOD INFO: connected client 4
577.706  SLMOD INFO: num clients: 4
783.262  SLMOD INFO: slmod_onPlayerDisconnect 4
783.263  SLMOD INFO: num clients: 3
886.791  SLMOD INFO: slmod_onPlayerDisconnect 2
886.791  SLMOD INFO: num clients: 2
1215.411  SLMOD INFO: connected client 2
1215.412  SLMOD INFO: num clients: 3
1232.771  SLMOD INFO: connected client 4
1232.771  SLMOD INFO: num clients: 4
1374.421  SLMOD INFO: connected client 5
1374.421  SLMOD INFO: num clients: 5
