Slmod started at Sep 26, 2021, 14:53:48
26.87  SLMOD INFO: using settings defined in C:\Users\Administrator\Saved Games\BetaServer1\Slmod\config.lua
26.881  SLMOD INFO: ./Scripts/MissionScripting.lua is up to date, no installation required.
26.883  SLMOD INFO: SlmodUtils.lua loaded.
26.885  SLMOD INFO: SlmodEvents.lua loaded.
26.887  SLMOD INFO: SlmodUnits.lua loaded.
26.889  SLMOD INFO: SlmodMenu.lua loaded.
26.891  SLMOD INFO: SlmodConvMenu.lua loaded.
26.893  SLMOD INFO: SlmodPTSMenu.lua loaded.
26.894  SLMOD INFO: SlmodPOSMenu.lua loaded.
26.897  SLMOD INFO: SlmodAdminMenu.lua loaded
26.901  SLMOD INFO: no stats , loading from file: C:\Users\Administrator\Saved Games\BetaServer1\Slmod\\SlmodStats.lua
26.901  SLMOD INFO: using SlmodStats.lua as defined in C:\Users\Administrator\Saved Games\BetaServer1\Slmod\SlmodStats.lua
26.902  SLMOD INFO: no penStats , loading from file: C:\Users\Administrator\Saved Games\BetaServer1\Slmod\\SlmodPenaltyStats.lua
26.902  SLMOD INFO: using SlmodPenaltyStats.lua as defined in C:\Users\Administrator\Saved Games\BetaServer1\Slmod\SlmodPenaltyStats.lua
26.902  SLMOD INFO: SlmodStats.lua loaded.
26.904  SLMOD INFO: no metaStats , loading from file: C:\Users\Administrator\Saved Games\BetaServer1\Slmod\\SlmodMetaStats.lua
26.906  SLMOD INFO: using SlmodMetaStats.lua as defined in C:\Users\Administrator\Saved Games\BetaServer1\Slmod\SlmodMetaStats.lua
26.91  SLMOD INFO: SlmodMetaStats.lua loaded.
26.913  SLMOD INFO: SlmodAutoAdmin.lua loaded.
26.915  SLMOD INFO: SlmodPingCheck.lua loaded.
26.918  SLMOD INFO: SlmodVote.lua loaded.
26.922  SLMOD INFO: SlmodLibs.lua loaded.
26.923  SLMOD INFO: SlmodDebugger.lua loaded.
26.925  SLMOD INFO: SlmodMOTD.lua loaded.
26.927  SLMOD INFO: SlmodHelp.lua loaded.
26.929  SLMOD INFO: SlmodCallbacks.lua loaded
26.931  SLMOD INFO: SlmodTests.lua loaded.
31.712  SLMOD INFO: Modifying netview... results: , true
31.712  SLMOD INFO: connected client 1
31.712  SLMOD INFO: num clients: 1
44.58  SLMOD INFO: successfully loaded (name = slmod.basicSerialize) function into export.
44.58  SLMOD INFO: successfully loaded (name = slmod.serialize) function into export.
44.58  SLMOD INFO: successfully loaded (name = slmod.oneLineSerialize) function into export.
44.581  SLMOD INFO: successfully loaded (name = slmod.serializeWithCycles) function into export.
44.581  SLMOD INFO: successfully loaded (name = slmod.deepcopy) function into export.
44.581  SLMOD INFO: successfully loaded (name = slmod.tableshow) function into export.
44.582  SLMOD INFO: using banned ucids and/or ips as defined in C:\Users\Administrator\Saved Games\BetaServer1\Slmod\BannedClients.lua
44.582  SLMOD INFO: using server admins as defined in C:\Users\Administrator\Saved Games\BetaServer1\Slmod\ServerAdmins.lua
44.582  SLMOD INFO: load exempt clients
44.582  SLMOD INFO: using exempt ucids as defined in C:\Users\Administrator\Saved Games\BetaServer1\Slmod\ExemptClients.lua
44.618  SLMOD INFO: successfully loaded unitAttributes.
44.623  SLMOD INFO: no misStats , loading from file: C:\Users\Administrator\Saved Games\BetaServer1\Slmod\Mission Stats\\4YA_Cauc_Capture_Base_v3.4_Maykop_BC- Sep 26, 2021 at 14 36 51.lua
44.623  SLMOD INFO: using  as defined in C:\Users\Administrator\Saved Games\BetaServer1\Slmod\Mission Stats\
44.627  SLMOD INFO: weapons_impacting_code loaded successfully to server env
44.627  SLMOD INFO: using random seed 3246
44.63  SLMOD INFO: slmod.importMissionZones: zones successfully loaded to net environment.
44.706  SLMOD INFO: successfully completed slmod.getMissionUnitData()
