[13:45:27 +00:00] [I] 
[13:45:27 +00:00] [I] --- STARTING LOG ---
[13:45:27 +00:00] [I] Date: Wed Nov 3 13:45:27 2021
[13:45:27 +00:00] [I] Version: 2.2.1-219e6df2
[13:45:27 +00:00] [I] Machine: Windows Server 2016 Version 1809
[13:45:27 +00:00] [I] --------------------
[13:45:27 +00:00] [W] [default] Logger: Filedump is true
[13:45:33 +00:00] [W] [default] ------------ LOAD DB ------------ 424
[13:45:33 +00:00] [W] [default] ------------ LOAD DB DONE ------------ 424
[13:45:33 +00:00] [W] [default] LICENSES: 4 FOUND IN "C:/Users/Administrator/Saved Games/StableServer1/LotAtc Data/Server/Licenses"
[13:45:33 +00:00] [W] [default] ERROR "Unknown protocol specified"
[13:46:03 +00:00] [W] [default] Logger: Filedump is false
[13:46:03 +00:00] [W] [default] [GM] Set Year 2016
[13:46:03 +00:00] [W] [default] [GM] Set Theather angle True true
[13:46:03 +00:00] [W] [server.json] "Unable to start the server: The bound address is already in use."
[09:26:06 +00:00] [I] 
[09:26:06 +00:00] [I] --- STARTING LOG ---
[09:26:06 +00:00] [I] Date: Sat Nov 6 09:26:06 2021
[09:26:06 +00:00] [I] Version: 2.2.1-219e6df2
[09:26:06 +00:00] [I] Machine: Windows Server 2016 Version 1809
[09:26:06 +00:00] [I] --------------------
[09:26:06 +00:00] [W] [default] Logger: Filedump is true
[09:26:12 +00:00] [W] [default] ------------ LOAD DB ------------ 424
[09:26:12 +00:00] [W] [default] ------------ LOAD DB DONE ------------ 424
[09:26:12 +00:00] [W] [default] LICENSES: 4 FOUND IN "C:/Users/Administrator/Saved Games/StableServer1/LotAtc Data/Server/Licenses"
[09:26:13 +00:00] [W] [default] ERROR "Unknown protocol specified"
[09:26:53 +00:00] [W] [default] Logger: Filedump is false
[09:26:53 +00:00] [W] [default] [GM] Set Year 2016
[09:26:53 +00:00] [W] [default] [GM] Set Theather angle True true
[09:26:55 +00:00] [W] [default] QSocketNotifier: Socket notifiers cannot be enabled or disabled from another thread
[09:32:34 +00:00] [I] 
[09:32:34 +00:00] [I] --- STARTING LOG ---
[09:32:34 +00:00] [I] Date: Sat Nov 6 09:32:34 2021
[09:32:34 +00:00] [I] Version: 2.2.1-219e6df2
[09:32:34 +00:00] [I] Machine: Windows Server 2016 Version 1809
[09:32:34 +00:00] [I] --------------------
[09:32:34 +00:00] [W] [default] Logger: Filedump is true
[09:32:40 +00:00] [W] [default] ------------ LOAD DB ------------ 424
[09:32:41 +00:00] [W] [default] ------------ LOAD DB DONE ------------ 424
[09:32:41 +00:00] [W] [default] LICENSES: 4 FOUND IN "C:/Users/Administrator/Saved Games/StableServer1/LotAtc Data/Server/Licenses"
[09:32:41 +00:00] [W] [default] ERROR "Unknown protocol specified"
[09:33:13 +00:00] [W] [default] Logger: Filedump is false
[09:33:13 +00:00] [W] [default] [GM] Set Year 2016
[09:33:13 +00:00] [W] [default] [GM] Set Theather angle True true
[09:33:13 +00:00] [W] [server.json] "Unable to start the server: The bound address is already in use."
[06:55:46 +00:00] [I] 
[06:55:46 +00:00] [I] --- STARTING LOG ---
[06:55:46 +00:00] [I] Date: Fri Dec 10 06:55:46 2021
[06:55:46 +00:00] [I] Version: 2.2.1-219e6df2
[06:55:46 +00:00] [I] Machine: Windows Server 2016 Version 1809
[06:55:46 +00:00] [I] --------------------
[06:55:46 +00:00] [W] [default] Logger: Filedump is true
[06:55:50 +00:00] [W] [default] ------------ LOAD DB ------------ 424
[06:55:50 +00:00] [W] [default] ------------ LOAD DB DONE ------------ 424
[06:55:50 +00:00] [W] [default] LICENSES: 4 FOUND IN "C:/Users/Administrator/Saved Games/StableServer1/LotAtc Data/Server/Licenses"
[06:55:50 +00:00] [W] [default] ERROR "Unknown protocol specified"
