Slmod started at Aug 26, 2021, 22:27:50
64.47  SLMOD INFO: using settings defined in C:\Users\jayir\Saved Games\7.4YA2\Slmod\config.lua
64.486  SLMOD INFO: ./Scripts/MissionScripting.lua is up to date, no installation required.
64.495  SLMOD INFO: SlmodUtils.lua loaded.
64.501  SLMOD INFO: SlmodEvents.lua loaded.
64.507  SLMOD INFO: SlmodUnits.lua loaded.
64.513  SLMOD INFO: SlmodMenu.lua loaded.
64.519  SLMOD INFO: SlmodConvMenu.lua loaded.
64.524  SLMOD INFO: SlmodPTSMenu.lua loaded.
64.529  SLMOD INFO: SlmodPOSMenu.lua loaded.
64.535  SLMOD INFO: SlmodAdminMenu.lua loaded
64.542  SLMOD INFO: no stats , loading from file: C:\Users\jayir\Saved Games\7.4YA2\Slmod\\SlmodStats.lua
64.749  SLMOD INFO: using SlmodStats.lua as defined in C:\Users\jayir\Saved Games\7.4YA2\Slmod\SlmodStats.lua
65.263  SLMOD INFO: no penStats , loading from file: C:\Users\jayir\Saved Games\7.4YA2\Slmod\\SlmodPenaltyStats.lua
65.287  SLMOD INFO: using SlmodPenaltyStats.lua as defined in C:\Users\jayir\Saved Games\7.4YA2\Slmod\SlmodPenaltyStats.lua
65.47  SLMOD INFO: SlmodStats.lua loaded.
65.477  SLMOD INFO: no metaStats , loading from file: C:\Users\jayir\Saved Games\7.4YA2\Slmod\\SlmodMetaStats.lua
65.548  SLMOD INFO: using SlmodMetaStats.lua as defined in C:\Users\jayir\Saved Games\7.4YA2\Slmod\SlmodMetaStats.lua
65.554  SLMOD INFO: SlmodMetaStats.lua loaded.
65.562  SLMOD INFO: SlmodAutoAdmin.lua loaded.
65.567  SLMOD INFO: SlmodPingCheck.lua loaded.
65.573  SLMOD INFO: SlmodVote.lua loaded.
65.581  SLMOD INFO: SlmodLibs.lua loaded.
65.585  SLMOD INFO: SlmodDebugger.lua loaded.
65.59  SLMOD INFO: SlmodMOTD.lua loaded.
65.594  SLMOD INFO: SlmodHelp.lua loaded.
65.599  SLMOD INFO: SlmodCallbacks.lua loaded
65.605  SLMOD INFO: SlmodTests.lua loaded.
71.271  SLMOD INFO: Modifying netview... results: , true
71.271  SLMOD INFO: connected client 1
71.271  SLMOD INFO: num clients: 1
88.274  SLMOD INFO: successfully loaded (name = slmod.basicSerialize) function into export.
88.275  SLMOD INFO: successfully loaded (name = slmod.serialize) function into export.
88.276  SLMOD INFO: successfully loaded (name = slmod.oneLineSerialize) function into export.
88.276  SLMOD INFO: successfully loaded (name = slmod.serializeWithCycles) function into export.
88.276  SLMOD INFO: successfully loaded (name = slmod.deepcopy) function into export.
88.277  SLMOD INFO: successfully loaded (name = slmod.tableshow) function into export.
88.278  SLMOD INFO: using banned ucids and/or ips as defined in C:\Users\jayir\Saved Games\7.4YA2\Slmod\BannedClients.lua
88.279  SLMOD INFO: using server admins as defined in C:\Users\jayir\Saved Games\7.4YA2\Slmod\ServerAdmins.lua
88.279  SLMOD INFO: load exempt clients
88.279  SLMOD INFO: using exempt ucids as defined in C:\Users\jayir\Saved Games\7.4YA2\Slmod\ExemptClients.lua
88.317  SLMOD INFO: successfully loaded unitAttributes.
88.908  SLMOD INFO: no misStats , loading from file: C:\Users\jayir\Saved Games\7.4YA2\Slmod\Mission Stats\\4YA_Marianas_LS_V.1.2- Aug 26, 2021 at 20 20 29.lua
88.92  SLMOD INFO: using  as defined in C:\Users\jayir\Saved Games\7.4YA2\Slmod\Mission Stats\
88.925  SLMOD INFO: weapons_impacting_code loaded successfully to server env
88.925  SLMOD INFO: using random seed 3295
88.926  SLMOD INFO: slmod.importMissionZones: zones successfully loaded to net environment.
89.103  SLMOD INFO: successfully completed slmod.getMissionUnitData()
