[06:22:00 -08:00] [I] 
[06:22:00 -08:00] [I] --- STARTING LOG ---
[06:22:00 -08:00] [I] Date: Sat Nov 27 06:22:00 2021
[06:22:00 -08:00] [I] Version: 2.2.1-219e6df2
[06:22:00 -08:00] [I] Machine: Windows Server 2016 Version 1809
[06:22:00 -08:00] [I] --------------------
[06:22:00 -08:00] [W] [default] Logger: Filedump is true
[06:22:05 -08:00] [W] [default] ------------ LOAD DB ------------ 426
[06:22:05 -08:00] [W] [default] ------------ LOAD DB DONE ------------ 426
[06:22:05 -08:00] [W] [default] LICENSES: 4 FOUND IN "C:/Users/Administrator/Saved Games/BetaServer3/LotAtc Data/Server/Licenses"
[06:22:05 -08:00] [W] [default] ERROR "Unknown protocol specified"
[06:22:12 -08:00] [W] [default] Logger: Filedump is false
[06:22:12 -08:00] [W] [default] [GM] Set Year 2016
[06:22:12 -08:00] [W] [default] [GM] Set Theather angle True true
[06:22:12 -08:00] [W] [server.json] "Unable to start the server: The bound address is already in use."
[06:47:48 -08:00] [W] [clienthandler] Init
[06:47:48 -08:00] [W] [clientserver] ASK FOR REGISTRATION...
[06:47:48 -08:00] [W] [client.auth] Check incoming IP QHostAddress("::ffff:217.45.171.19")
[06:47:48 -08:00] [W] [client.auth] IP QHostAddress("::ffff:217.45.171.19") validated
[06:47:48 -08:00] [W] [default] LOAD USER DRAWINGS "C:/Users/Administrator/Saved Games/BetaServer3/Mods/services/LotAtc/userdb/drawings"
[06:47:48 -08:00] [W] [default] Enable flag is false for in drawing QUrl("file:///C:/Users/Administrator/Saved Games/BetaServer3/Mods/services/LotAtc/userdb/drawings/blue/example.json")
[06:47:48 -08:00] [W] [default] LOAD 0
[06:47:48 -08:00] [W] [default] Init tracker...
[06:47:48 -08:00] [W] [default] [TacView tracker] Check enabled  false
[06:47:48 -08:00] [W] [default] [Log tracker] Check enabled  false
[06:47:48 -08:00] [W] [default] LOAD USER ASSETS "C:/Users/Administrator/LotAtc Data/Server"
[06:47:48 -08:00] [W] [default] LOAD USER ASSETS "C:/Users/Administrator/Saved Games/BetaServer3/Mods/services/LotAtc/userdb"
[06:47:48 -08:00] [W] [feature.relief] ___________________________________________________________
[06:47:48 -08:00] [W] [feature.relief] Cannot open "marianaislands.db" db, file does not exists ("C:\\Program Files\\LotAtc\\reliefs/", "C:/Users/Administrator/LotAtc Data/")
[06:47:48 -08:00] [W] [feature.relief] RELIEF WILL NOT WORK, INSTALL RELIEF FILES see https:\\www.lotatc.com\download.html
[06:47:48 -08:00] [W] [feature.relief] ___________________________________________________________
[06:47:48 -08:00] [W] [clientserver] REGISTRATION OF "troller" | 1 | "LotAtc Server Side License - Individual Edition" is true "You are using a server license"
[06:47:48 -08:00] [W] [clientserver] REGISTRATION DONE
[06:47:50 -08:00] [W] [clientserver] "[NetServerThread]" SOCKET ERROR "The remote host closed the connection"
[06:47:50 -08:00] [W] [clienthandler] Finish
[06:47:50 -08:00] [W] [clientserver] CLIENT WILL BE DESTROYED
[06:47:50 -08:00] [W] [clienthandler] Client deleted
[21:01:44 -08:00] [W] [default] ------------ LOAD DB ------------ 426
[21:01:44 -08:00] [W] [default] ------------ LOAD DB DONE ------------ 426
[21:01:44 -08:00] [W] [default] LICENSES: 4 FOUND IN "C:/Users/Administrator/Saved Games/BetaServer3/LotAtc Data/Server/Licenses"
[21:01:44 -08:00] [W] [default] ERROR "Unknown protocol specified"
[21:01:47 -08:00] [W] [default] Logger: Filedump is false
[21:01:47 -08:00] [W] [default] [GM] Set Year 2016
[21:01:47 -08:00] [W] [default] [GM] Set Theather angle True true
[21:01:47 -08:00] [W] [server.json] "Unable to start the server: The bound address is already in use."
[06:07:51 -08:00] [I] 
[06:07:51 -08:00] [I] --- STARTING LOG ---
[06:07:51 -08:00] [I] Date: Sun Nov 28 06:07:51 2021
[06:07:51 -08:00] [I] Version: 2.2.1-219e6df2
[06:07:51 -08:00] [I] Machine: Windows Server 2016 Version 1809
[06:07:51 -08:00] [I] --------------------
[06:07:51 -08:00] [W] [default] Logger: Filedump is true
[06:07:55 -08:00] [W] [default] ------------ LOAD DB ------------ 426
[06:07:55 -08:00] [W] [default] ------------ LOAD DB DONE ------------ 426
[06:07:56 -08:00] [W] [default] LICENSES: 4 FOUND IN "C:/Users/Administrator/Saved Games/BetaServer3/LotAtc Data/Server/Licenses"
[06:07:56 -08:00] [W] [default] ERROR "Unknown protocol specified"
[06:08:08 -08:00] [W] [default] Logger: Filedump is false
[06:08:08 -08:00] [W] [default] [GM] Set Year 2016
[06:08:08 -08:00] [W] [default] [GM] Set Theather angle True true
[06:22:27 -08:00] [W] [default] QSocketNotifier: Socket notifiers cannot be enabled or disabled from another thread
[06:22:59 -08:00] [I] 
[06:22:59 -08:00] [I] --- STARTING LOG ---
[06:22:59 -08:00] [I] Date: Sun Nov 28 06:22:59 2021
[06:22:59 -08:00] [I] Version: 2.2.1-219e6df2
[06:22:59 -08:00] [I] Machine: Windows Server 2016 Version 1809
[06:22:59 -08:00] [I] --------------------
[06:22:59 -08:00] [W] [default] Logger: Filedump is true
[06:23:04 -08:00] [W] [default] ------------ LOAD DB ------------ 426
[06:23:04 -08:00] [W] [default] ------------ LOAD DB DONE ------------ 426
[06:23:04 -08:00] [W] [default] LICENSES: 4 FOUND IN "C:/Users/Administrator/Saved Games/BetaServer3/LotAtc Data/Server/Licenses"
[06:23:04 -08:00] [W] [default] ERROR "Unknown protocol specified"
[06:23:12 -08:00] [W] [default] Logger: Filedump is false
[06:23:12 -08:00] [W] [default] [GM] Set Year 2016
[06:23:12 -08:00] [W] [default] [GM] Set Theather angle True true
[19:08:56 -08:00] [W] [default] QSocketNotifier: Socket notifiers cannot be enabled or disabled from another thread
[19:08:58 -08:00] [W] [default] ------------ LOAD DB ------------ 426
[19:08:58 -08:00] [W] [default] ------------ LOAD DB DONE ------------ 426
[19:08:58 -08:00] [W] [default] LICENSES: 4 FOUND IN "C:/Users/Administrator/Saved Games/BetaServer3/LotAtc Data/Server/Licenses"
[19:08:58 -08:00] [W] [default] ERROR "Unknown protocol specified"
[19:09:01 -08:00] [W] [default] Logger: Filedump is false
[19:09:01 -08:00] [W] [default] [GM] Set Year 2016
[19:09:01 -08:00] [W] [default] [GM] Set Theather angle True true
[14:12:02 -08:00] [W] [default] QSocketNotifier: Socket notifiers cannot be enabled or disabled from another thread
[14:12:03 -08:00] [W] [default] ------------ LOAD DB ------------ 426
[14:12:03 -08:00] [W] [default] ------------ LOAD DB DONE ------------ 426
[14:12:03 -08:00] [W] [default] LICENSES: 4 FOUND IN "C:/Users/Administrator/Saved Games/BetaServer3/LotAtc Data/Server/Licenses"
[14:12:04 -08:00] [W] [default] ERROR "Unknown protocol specified"
[14:12:06 -08:00] [W] [default] Logger: Filedump is false
[14:12:06 -08:00] [W] [default] [GM] Set Year 2016
[14:12:06 -08:00] [W] [default] [GM] Set Theather angle True true
[07:21:34 -08:00] [W] [default] QSocketNotifier: Socket notifiers cannot be enabled or disabled from another thread
[07:21:35 -08:00] [W] [default] ------------ LOAD DB ------------ 426
[07:21:35 -08:00] [W] [default] ------------ LOAD DB DONE ------------ 426
[07:21:35 -08:00] [W] [default] LICENSES: 4 FOUND IN "C:/Users/Administrator/Saved Games/BetaServer3/LotAtc Data/Server/Licenses"
[07:21:35 -08:00] [W] [default] ERROR "Unknown protocol specified"
[07:21:38 -08:00] [W] [default] Logger: Filedump is false
[07:21:38 -08:00] [W] [default] [GM] Set Year 2016
[07:21:38 -08:00] [W] [default] [GM] Set Theather angle True true
[10:48:35 -08:00] [W] [default] QSocketNotifier: Socket notifiers cannot be enabled or disabled from another thread
[10:48:36 -08:00] [W] [default] ------------ LOAD DB ------------ 426
[10:48:36 -08:00] [W] [default] ------------ LOAD DB DONE ------------ 426
[10:48:36 -08:00] [W] [default] LICENSES: 4 FOUND IN "C:/Users/Administrator/Saved Games/BetaServer3/LotAtc Data/Server/Licenses"
[10:48:37 -08:00] [W] [default] ERROR "Unknown protocol specified"
[10:48:39 -08:00] [W] [default] Logger: Filedump is false
[10:48:39 -08:00] [W] [default] [GM] Set Year 2016
[10:48:39 -08:00] [W] [default] [GM] Set Theather angle True true
[10:50:47 -08:00] [W] [default] QSocketNotifier: Socket notifiers cannot be enabled or disabled from another thread
[10:50:48 -08:00] [W] [default] ------------ LOAD DB ------------ 426
[10:50:48 -08:00] [W] [default] ------------ LOAD DB DONE ------------ 426
[10:50:48 -08:00] [W] [default] LICENSES: 4 FOUND IN "C:/Users/Administrator/Saved Games/BetaServer3/LotAtc Data/Server/Licenses"
[10:50:48 -08:00] [W] [default] ERROR "Unknown protocol specified"
[10:50:51 -08:00] [W] [default] Logger: Filedump is false
[10:50:51 -08:00] [W] [default] [GM] Set Year 2016
[10:50:51 -08:00] [W] [default] [GM] Set Theather angle True true
[01:52:30 -08:00] [W] [default] QSocketNotifier: Socket notifiers cannot be enabled or disabled from another thread
[01:52:31 -08:00] [W] [default] ------------ LOAD DB ------------ 426
[01:52:31 -08:00] [W] [default] ------------ LOAD DB DONE ------------ 426
[01:52:31 -08:00] [W] [default] LICENSES: 4 FOUND IN "C:/Users/Administrator/Saved Games/BetaServer3/LotAtc Data/Server/Licenses"
[01:52:31 -08:00] [W] [default] ERROR "Unknown protocol specified"
[01:52:34 -08:00] [W] [default] Logger: Filedump is false
[01:52:34 -08:00] [W] [default] [GM] Set Year 2016
[01:52:34 -08:00] [W] [default] [GM] Set Theather angle True true
[13:14:29 -08:00] [W] [default] QSocketNotifier: Socket notifiers cannot be enabled or disabled from another thread
[13:14:30 -08:00] [W] [default] ------------ LOAD DB ------------ 426
[13:14:30 -08:00] [W] [default] ------------ LOAD DB DONE ------------ 426
[13:14:30 -08:00] [W] [default] LICENSES: 4 FOUND IN "C:/Users/Administrator/Saved Games/BetaServer3/LotAtc Data/Server/Licenses"
[13:14:31 -08:00] [W] [default] ERROR "Unknown protocol specified"
[13:14:34 -08:00] [W] [default] Logger: Filedump is false
[13:14:34 -08:00] [W] [default] [GM] Set Year 2016
[13:14:34 -08:00] [W] [default] [GM] Set Theather angle True true
[14:53:32 -08:00] [W] [default] QSocketNotifier: Socket notifiers cannot be enabled or disabled from another thread
[14:53:33 -08:00] [W] [default] ------------ LOAD DB ------------ 426
[14:53:33 -08:00] [W] [default] ------------ LOAD DB DONE ------------ 426
[14:53:33 -08:00] [W] [default] LICENSES: 4 FOUND IN "C:/Users/Administrator/Saved Games/BetaServer3/LotAtc Data/Server/Licenses"
[14:53:33 -08:00] [W] [default] ERROR "Unknown protocol specified"
[14:53:36 -08:00] [W] [default] Logger: Filedump is false
[14:53:36 -08:00] [W] [default] [GM] Set Year 2016
[14:53:36 -08:00] [W] [default] [GM] Set Theather angle True true
[23:03:19 -08:00] [W] [default] QSocketNotifier: Socket notifiers cannot be enabled or disabled from another thread
[23:03:21 -08:00] [W] [default] ------------ LOAD DB ------------ 426
[23:03:21 -08:00] [W] [default] ------------ LOAD DB DONE ------------ 426
[23:03:21 -08:00] [W] [default] LICENSES: 4 FOUND IN "C:/Users/Administrator/Saved Games/BetaServer3/LotAtc Data/Server/Licenses"
[23:03:21 -08:00] [W] [default] ERROR "Unknown protocol specified"
[23:03:24 -08:00] [W] [default] Logger: Filedump is false
[23:03:24 -08:00] [W] [default] [GM] Set Year 2016
[23:03:24 -08:00] [W] [default] [GM] Set Theather angle True true
[08:11:30 -08:00] [W] [default] QSocketNotifier: Socket notifiers cannot be enabled or disabled from another thread
[08:11:32 -08:00] [W] [default] ------------ LOAD DB ------------ 426
[08:11:32 -08:00] [W] [default] ------------ LOAD DB DONE ------------ 426
[08:11:32 -08:00] [W] [default] LICENSES: 4 FOUND IN "C:/Users/Administrator/Saved Games/BetaServer3/LotAtc Data/Server/Licenses"
[08:11:32 -08:00] [W] [default] ERROR "Unknown protocol specified"
[08:11:34 -08:00] [W] [default] Logger: Filedump is false
[08:11:34 -08:00] [W] [default] [GM] Set Year 2016
[08:11:34 -08:00] [W] [default] [GM] Set Theather angle True true
[17:31:18 -08:00] [W] [default] QSocketNotifier: Socket notifiers cannot be enabled or disabled from another thread
[17:31:20 -08:00] [W] [default] ------------ LOAD DB ------------ 426
[17:31:20 -08:00] [W] [default] ------------ LOAD DB DONE ------------ 426
[17:31:20 -08:00] [W] [default] LICENSES: 4 FOUND IN "C:/Users/Administrator/Saved Games/BetaServer3/LotAtc Data/Server/Licenses"
[17:31:20 -08:00] [W] [default] ERROR "Unknown protocol specified"
[17:31:23 -08:00] [W] [default] Logger: Filedump is false
[17:31:23 -08:00] [W] [default] [GM] Set Year 2016
[17:31:23 -08:00] [W] [default] [GM] Set Theather angle True true
[04:19:39 -08:00] [W] [default] QSocketNotifier: Socket notifiers cannot be enabled or disabled from another thread
[04:19:41 -08:00] [W] [default] ------------ LOAD DB ------------ 426
[04:19:41 -08:00] [W] [default] ------------ LOAD DB DONE ------------ 426
[04:19:41 -08:00] [W] [default] LICENSES: 4 FOUND IN "C:/Users/Administrator/Saved Games/BetaServer3/LotAtc Data/Server/Licenses"
[04:19:41 -08:00] [W] [default] ERROR "Unknown protocol specified"
[04:19:44 -08:00] [W] [default] Logger: Filedump is false
[04:19:44 -08:00] [W] [default] [GM] Set Year 2016
[04:19:44 -08:00] [W] [default] [GM] Set Theather angle True true
[17:01:01 -08:00] [W] [default] QSocketNotifier: Socket notifiers cannot be enabled or disabled from another thread
[17:01:02 -08:00] [W] [default] ------------ LOAD DB ------------ 426
[17:01:02 -08:00] [W] [default] ------------ LOAD DB DONE ------------ 426
[17:01:02 -08:00] [W] [default] LICENSES: 4 FOUND IN "C:/Users/Administrator/Saved Games/BetaServer3/LotAtc Data/Server/Licenses"
[17:01:02 -08:00] [W] [default] ERROR "Unknown protocol specified"
[17:01:05 -08:00] [W] [default] Logger: Filedump is false
[17:01:05 -08:00] [W] [default] [GM] Set Year 2016
[17:01:05 -08:00] [W] [default] [GM] Set Theather angle True true
[13:17:06 -08:00] [W] [default] QSocketNotifier: Socket notifiers cannot be enabled or disabled from another thread
[13:17:09 -08:00] [W] [default] ------------ LOAD DB ------------ 426
[13:17:09 -08:00] [W] [default] ------------ LOAD DB DONE ------------ 426
[13:17:09 -08:00] [W] [default] LICENSES: 4 FOUND IN "C:/Users/Administrator/Saved Games/BetaServer3/LotAtc Data/Server/Licenses"
[13:17:09 -08:00] [W] [default] ERROR "Unknown protocol specified"
[13:17:12 -08:00] [W] [default] Logger: Filedump is false
[13:17:12 -08:00] [W] [default] [GM] Set Year 2016
[13:17:12 -08:00] [W] [default] [GM] Set Theather angle True true
[03:25:49 -08:00] [W] [default] QSocketNotifier: Socket notifiers cannot be enabled or disabled from another thread
[03:26:46 -08:00] [I] 
[03:26:46 -08:00] [I] --- STARTING LOG ---
[03:26:46 -08:00] [I] Date: Tue Dec 7 03:26:46 2021
[03:26:46 -08:00] [I] Version: 2.2.1-219e6df2
[03:26:46 -08:00] [I] Machine: Windows Server 2016 Version 1809
[03:26:46 -08:00] [I] --------------------
[03:26:46 -08:00] [W] [default] Logger: Filedump is true
[03:26:52 -08:00] [W] [default] ------------ LOAD DB ------------ 426
[03:26:52 -08:00] [W] [default] ------------ LOAD DB DONE ------------ 426
[03:26:52 -08:00] [W] [default] LICENSES: 4 FOUND IN "C:/Users/Administrator/Saved Games/BetaServer3/LotAtc Data/Server/Licenses"
[03:26:52 -08:00] [W] [default] ERROR "Unknown protocol specified"
[03:27:06 -08:00] [W] [default] Logger: Filedump is false
[03:27:06 -08:00] [W] [default] [GM] Set Year 2016
[03:27:06 -08:00] [W] [default] [GM] Set Theather angle True true
[17:56:27 -08:00] [W] [clienthandler] Init
[17:56:28 -08:00] [W] [clientserver] "[NetServerThread]" SOCKET ERROR "The remote host closed the connection"
[17:56:28 -08:00] [W] [clienthandler] Finish
[17:56:28 -08:00] [W] [clientserver] CLIENT WILL BE DESTROYED
[17:56:28 -08:00] [W] [clienthandler] Client deleted
[17:56:28 -08:00] [W] [clienthandler] Init
[17:56:31 -08:00] [W] [clientserver] "[NetServerThread]" SOCKET ERROR "The remote host closed the connection"
[17:56:31 -08:00] [W] [clienthandler] Finish
[17:56:31 -08:00] [W] [clientserver] CLIENT WILL BE DESTROYED
[17:56:31 -08:00] [W] [clienthandler] Client deleted
[17:56:31 -08:00] [W] [clienthandler] Init
[17:56:35 -08:00] [W] [clientserver] "[NetServerThread]" SOCKET ERROR "The remote host closed the connection"
[17:56:35 -08:00] [W] [clienthandler] Finish
[17:56:35 -08:00] [W] [clientserver] CLIENT WILL BE DESTROYED
[17:56:35 -08:00] [W] [clienthandler] Client deleted
[17:56:35 -08:00] [W] [clienthandler] Init
[17:56:35 -08:00] [W] [clientserver] "[NetServerThread]" SOCKET ERROR "The remote host closed the connection"
[17:56:35 -08:00] [W] [clienthandler] Finish
[17:56:35 -08:00] [W] [clientserver] CLIENT WILL BE DESTROYED
[17:56:35 -08:00] [W] [clienthandler] Client deleted
[18:06:10 -08:00] [W] [clienthandler] Init
[18:06:11 -08:00] [W] [clientserver] "[NetServerThread]" SOCKET ERROR "The remote host closed the connection"
[18:06:11 -08:00] [W] [clienthandler] Finish
[18:06:11 -08:00] [W] [clientserver] CLIENT WILL BE DESTROYED
[18:06:11 -08:00] [W] [clienthandler] Client deleted
[18:06:12 -08:00] [W] [clienthandler] Init
[18:06:13 -08:00] [W] [clientserver] "[NetServerThread]" SOCKET ERROR "The remote host closed the connection"
[18:06:13 -08:00] [W] [clienthandler] Finish
[18:06:13 -08:00] [W] [clientserver] CLIENT WILL BE DESTROYED
[18:06:13 -08:00] [W] [clienthandler] Client deleted
[18:06:13 -08:00] [W] [clienthandler] Init
[18:06:15 -08:00] [W] [clientserver] "[NetServerThread]" SOCKET ERROR "The remote host closed the connection"
[18:06:15 -08:00] [W] [clienthandler] Finish
[18:06:15 -08:00] [W] [clientserver] CLIENT WILL BE DESTROYED
[18:06:15 -08:00] [W] [clienthandler] Client deleted
[18:14:37 -08:00] [W] [clienthandler] Init
[18:14:38 -08:00] [W] [clientserver] "[NetServerThread]" SOCKET ERROR "The remote host closed the connection"
[18:14:38 -08:00] [W] [clienthandler] Finish
[18:14:38 -08:00] [W] [clientserver] CLIENT WILL BE DESTROYED
[18:14:38 -08:00] [W] [clienthandler] Client deleted
[18:14:38 -08:00] [W] [clienthandler] Init
[18:14:40 -08:00] [W] [clientserver] "[NetServerThread]" SOCKET ERROR "The remote host closed the connection"
[18:14:40 -08:00] [W] [clienthandler] Finish
[18:14:40 -08:00] [W] [clientserver] CLIENT WILL BE DESTROYED
[18:14:40 -08:00] [W] [clienthandler] Client deleted
[18:14:40 -08:00] [W] [clienthandler] Init
[18:14:43 -08:00] [W] [clientserver] "[NetServerThread]" SOCKET ERROR "The remote host closed the connection"
[18:14:43 -08:00] [W] [clienthandler] Finish
[18:14:43 -08:00] [W] [clientserver] CLIENT WILL BE DESTROYED
[18:14:43 -08:00] [W] [clienthandler] Client deleted
[13:18:35 -08:00] [W] [default] QSocketNotifier: Socket notifiers cannot be enabled or disabled from another thread
[13:18:42 -08:00] [W] [default] ------------ LOAD DB ------------ 426
[13:18:42 -08:00] [W] [default] ------------ LOAD DB DONE ------------ 426
[13:18:42 -08:00] [W] [default] LICENSES: 4 FOUND IN "C:/Users/Administrator/Saved Games/BetaServer3/LotAtc Data/Server/Licenses"
[13:18:42 -08:00] [W] [default] ERROR "Unknown protocol specified"
[13:18:49 -08:00] [W] [default] Logger: Filedump is false
[13:18:49 -08:00] [W] [default] [GM] Set Year 2016
[13:18:49 -08:00] [W] [default] [GM] Set Theather angle True true
[11:20:45 -08:00] [W] [default] QSocketNotifier: Socket notifiers cannot be enabled or disabled from another thread
[11:20:54 -08:00] [W] [default] ------------ LOAD DB ------------ 426
[11:20:54 -08:00] [W] [default] ------------ LOAD DB DONE ------------ 426
[11:20:54 -08:00] [W] [default] LICENSES: 4 FOUND IN "C:/Users/Administrator/Saved Games/BetaServer3/LotAtc Data/Server/Licenses"
[11:20:54 -08:00] [W] [default] ERROR "Unknown protocol specified"
[11:21:01 -08:00] [W] [default] Logger: Filedump is false
[11:21:01 -08:00] [W] [default] [GM] Set Year 2016
[11:21:01 -08:00] [W] [default] [GM] Set Theather angle True true
[22:40:41 -08:00] [W] [default] QSocketNotifier: Socket notifiers cannot be enabled or disabled from another thread
[22:40:47 -08:00] [W] [default] ------------ LOAD DB ------------ 426
[22:40:47 -08:00] [W] [default] ------------ LOAD DB DONE ------------ 426
[22:40:47 -08:00] [W] [default] LICENSES: 4 FOUND IN "C:/Users/Administrator/Saved Games/BetaServer3/LotAtc Data/Server/Licenses"
[22:40:47 -08:00] [W] [default] ERROR "Unknown protocol specified"
[22:40:53 -08:00] [W] [default] Logger: Filedump is false
[22:40:53 -08:00] [W] [default] [GM] Set Year 2016
[22:40:53 -08:00] [W] [default] [GM] Set Theather angle True true
[03:15:42 -08:00] [W] [default] QSocketNotifier: Socket notifiers cannot be enabled or disabled from another thread
