[1880:081C][2021-05-03T11:14:02]i001: Burn v3.10.4.4718, Windows v10.0 (Build 17763: Service Pack 0), path: C:\Windows\Temp\{DECA3A18-460C-4B2C-8340-B2D15EDEE718}\.cr\VC_redist.x64.exe
[1880:081C][2021-05-03T11:14:02]i009: Command Line: '-burn.clean.room=C:\Users\Administrator\Downloads\DCS-SimpleRadioStandalone-1.9.6.0\VC_redist.x64.exe -burn.filehandle.attached=680 -burn.filehandle.self=644 /install /norestart /quiet /log vc_redist_2017_x64.log'
[1880:081C][2021-05-03T11:14:02]i000: Setting string variable 'WixBundleOriginalSource' to value 'C:\Users\Administrator\Downloads\DCS-SimpleRadioStandalone-1.9.6.0\VC_redist.x64.exe'
[1880:081C][2021-05-03T11:14:02]i000: Setting string variable 'WixBundleOriginalSourceFolder' to value 'C:\Users\Administrator\Downloads\DCS-SimpleRadioStandalone-1.9.6.0\'
[1880:081C][2021-05-03T11:14:02]i000: Setting string variable 'WixBundleLog' to value 'C:\Users\Administrator\Downloads\DCS-SimpleRadioStandalone-1.9.6.0\vc_redist_2017_x64.log'
[1880:081C][2021-05-03T11:14:02]i000: Setting string variable 'WixBundleManufacturer' to value 'Microsoft Corporation'
[1880:2C98][2021-05-03T11:14:02]i000: Setting version variable 'WixBundleFileVersion' to value '14.23.27820.0'
[1880:081C][2021-05-03T11:14:02]i100: Detect begin, 10 packages
[1880:081C][2021-05-03T11:14:02]i000: Setting version variable 'windows_uCRT_DetectKey' to value '10.0.17763.1490'
[1880:081C][2021-05-03T11:14:02]i000: Setting numeric variable 'windows_uCRT_DetectKeyExists' to value 1
[1880:081C][2021-05-03T11:14:02]i052: Condition '(VersionNT = v6.3 AND NOT VersionNT64) AND (windows_uCRT_DetectKeyExists AND windows_uCRT_DetectKey >= v10.0.10240.0)' evaluates to false.
[1880:081C][2021-05-03T11:14:02]i052: Condition '(VersionNT = v6.3 AND VersionNT64) AND (windows_uCRT_DetectKeyExists AND windows_uCRT_DetectKey >= v10.0.10240.0)' evaluates to false.
[1880:081C][2021-05-03T11:14:02]i052: Condition '(VersionNT = v6.2 AND NOT VersionNT64) AND (windows_uCRT_DetectKeyExists AND windows_uCRT_DetectKey >= v10.0.10240.0)' evaluates to false.
[1880:081C][2021-05-03T11:14:02]i052: Condition '(VersionNT = v6.2 AND VersionNT64) AND (windows_uCRT_DetectKeyExists AND windows_uCRT_DetectKey >= v10.0.10240.0)' evaluates to false.
[1880:081C][2021-05-03T11:14:02]i052: Condition '(VersionNT = v6.1 AND NOT VersionNT64) AND (windows_uCRT_DetectKeyExists AND windows_uCRT_DetectKey >= v10.0.10240.0)' evaluates to false.
[1880:081C][2021-05-03T11:14:02]i052: Condition '(VersionNT = v6.1 AND VersionNT64) AND (windows_uCRT_DetectKeyExists AND windows_uCRT_DetectKey >= v10.0.10240.0)' evaluates to false.
[1880:081C][2021-05-03T11:14:02]i052: Condition '(VersionNT = v6.0 AND NOT VersionNT64) AND (windows_uCRT_DetectKeyExists AND windows_uCRT_DetectKey >= v10.0.10240.0)' evaluates to false.
[1880:081C][2021-05-03T11:14:02]i052: Condition '(VersionNT = v6.0 AND VersionNT64) AND (windows_uCRT_DetectKeyExists AND windows_uCRT_DetectKey >= v10.0.10240.0)' evaluates to false.
[1880:081C][2021-05-03T11:14:02]i101: Detected package: Windows81_x86, state: Absent, cached: None
[1880:081C][2021-05-03T11:14:02]i101: Detected package: Windows81_x64, state: Absent, cached: None
[1880:081C][2021-05-03T11:14:02]i101: Detected package: Windows8_x86, state: Absent, cached: None
[1880:081C][2021-05-03T11:14:02]i101: Detected package: Windows8_x64, state: Absent, cached: None
[1880:081C][2021-05-03T11:14:02]i101: Detected package: Windows7_MSU_x86, state: Absent, cached: None
[1880:081C][2021-05-03T11:14:02]i101: Detected package: Windows7_MSU_x64, state: Absent, cached: None
[1880:081C][2021-05-03T11:14:02]i101: Detected package: WindowsVista_MSU_x86, state: Absent, cached: None
[1880:081C][2021-05-03T11:14:02]i101: Detected package: WindowsVista_MSU_x64, state: Absent, cached: None
[1880:081C][2021-05-03T11:14:02]i101: Detected package: vcRuntimeMinimum_x64, state: Present, cached: Complete
[1880:081C][2021-05-03T11:14:02]i101: Detected package: vcRuntimeAdditional_x64, state: Present, cached: Complete
[1880:081C][2021-05-03T11:14:02]i052: Condition 'VersionNT64 >= v6.0 OR (VersionNT64 = v5.2 AND ServicePackLevel >= 1)' evaluates to true.
[1880:081C][2021-05-03T11:14:02]i199: Detect complete, result: 0x0
[1880:081C][2021-05-03T11:14:02]i200: Plan begin, 10 packages, action: Modify
[1880:081C][2021-05-03T11:14:02]i052: Condition 'VersionNT = v6.3 AND NOT VersionNT64' evaluates to false.
[1880:081C][2021-05-03T11:14:02]w321: Skipping dependency registration on package with no dependency providers: Windows81_x86
[1880:081C][2021-05-03T11:14:02]i052: Condition 'VersionNT = v6.3 AND VersionNT64' evaluates to false.
[1880:081C][2021-05-03T11:14:02]w321: Skipping dependency registration on package with no dependency providers: Windows81_x64
[1880:081C][2021-05-03T11:14:02]i052: Condition 'VersionNT = v6.2 AND NOT VersionNT64' evaluates to false.
[1880:081C][2021-05-03T11:14:02]w321: Skipping dependency registration on package with no dependency providers: Windows8_x86
[1880:081C][2021-05-03T11:14:02]i052: Condition 'VersionNT = v6.2 AND VersionNT64' evaluates to false.
[1880:081C][2021-05-03T11:14:02]w321: Skipping dependency registration on package with no dependency providers: Windows8_x64
[1880:081C][2021-05-03T11:14:02]i052: Condition 'VersionNT = v6.1 AND NOT VersionNT64' evaluates to false.
[1880:081C][2021-05-03T11:14:02]w321: Skipping dependency registration on package with no dependency providers: Windows7_MSU_x86
[1880:081C][2021-05-03T11:14:02]i052: Condition 'VersionNT = v6.1 AND VersionNT64' evaluates to false.
[1880:081C][2021-05-03T11:14:02]w321: Skipping dependency registration on package with no dependency providers: Windows7_MSU_x64
[1880:081C][2021-05-03T11:14:02]i052: Condition 'VersionNT = v6.0 AND NOT VersionNT64' evaluates to false.
[1880:081C][2021-05-03T11:14:02]w321: Skipping dependency registration on package with no dependency providers: WindowsVista_MSU_x86
[1880:081C][2021-05-03T11:14:02]i052: Condition 'VersionNT = v6.0 AND VersionNT64' evaluates to false.
[1880:081C][2021-05-03T11:14:02]w321: Skipping dependency registration on package with no dependency providers: WindowsVista_MSU_x64
[1880:081C][2021-05-03T11:14:02]i052: Condition '(VersionNT64)' evaluates to true.
[1880:081C][2021-05-03T11:14:02]i052: Condition '(VersionNT64)' evaluates to true.
[1880:081C][2021-05-03T11:14:02]i201: Planned package: Windows81_x86, state: Absent, default requested: Absent, ba requested: Absent, execute: None, rollback: None, cache: No, uncache: No, dependency: None
[1880:081C][2021-05-03T11:14:02]i201: Planned package: Windows81_x64, state: Absent, default requested: Absent, ba requested: Absent, execute: None, rollback: None, cache: No, uncache: No, dependency: None
[1880:081C][2021-05-03T11:14:02]i201: Planned package: Windows8_x86, state: Absent, default requested: Absent, ba requested: Absent, execute: None, rollback: None, cache: No, uncache: No, dependency: None
[1880:081C][2021-05-03T11:14:02]i201: Planned package: Windows8_x64, state: Absent, default requested: Absent, ba requested: Absent, execute: None, rollback: None, cache: No, uncache: No, dependency: None
[1880:081C][2021-05-03T11:14:02]i201: Planned package: Windows7_MSU_x86, state: Absent, default requested: Absent, ba requested: Absent, execute: None, rollback: None, cache: No, uncache: No, dependency: None
[1880:081C][2021-05-03T11:14:02]i201: Planned package: Windows7_MSU_x64, state: Absent, default requested: Absent, ba requested: Absent, execute: None, rollback: None, cache: No, uncache: No, dependency: None
[1880:081C][2021-05-03T11:14:02]i201: Planned package: WindowsVista_MSU_x86, state: Absent, default requested: Absent, ba requested: Absent, execute: None, rollback: None, cache: No, uncache: No, dependency: None
[1880:081C][2021-05-03T11:14:02]i201: Planned package: WindowsVista_MSU_x64, state: Absent, default requested: Absent, ba requested: Absent, execute: None, rollback: None, cache: No, uncache: No, dependency: None
[1880:081C][2021-05-03T11:14:02]i201: Planned package: vcRuntimeMinimum_x64, state: Present, default requested: Present, ba requested: Present, execute: None, rollback: None, cache: No, uncache: No, dependency: Register
[1880:081C][2021-05-03T11:14:02]i201: Planned package: vcRuntimeAdditional_x64, state: Present, default requested: Present, ba requested: Present, execute: None, rollback: None, cache: No, uncache: No, dependency: Register
[1880:081C][2021-05-03T11:14:02]i299: Plan complete, result: 0x0
[1880:081C][2021-05-03T11:14:02]i300: Apply begin
[1880:081C][2021-05-03T11:14:02]i010: Launching elevated engine process.
[1880:081C][2021-05-03T11:14:02]i011: Launched elevated engine process.
[1880:081C][2021-05-03T11:14:02]i012: Connected to elevated engine.
[2178:278C][2021-05-03T11:14:02]i358: Pausing automatic updates.
[2178:278C][2021-05-03T11:14:02]i359: Paused automatic updates.
[2178:278C][2021-05-03T11:14:02]i360: Creating a system restore point.
[2178:278C][2021-05-03T11:14:02]i362: System restore disabled, system restore point not created.
[2178:278C][2021-05-03T11:14:02]i371: Updating session, registration key: SOFTWARE\Microsoft\Windows\CurrentVersion\Uninstall\{852adda4-4c78-4a38-b583-c0b360a329d6}, resume: Active, restart initiated: No, disable resume: No
[2178:278C][2021-05-03T11:14:02]i325: Registering dependency: {852adda4-4c78-4a38-b583-c0b360a329d6} on package provider: Microsoft.VS.VC_RuntimeMinimumVSU_amd64,v14, package: vcRuntimeMinimum_x64
[2178:278C][2021-05-03T11:14:02]i325: Registering dependency: {852adda4-4c78-4a38-b583-c0b360a329d6} on package provider: Microsoft.VS.VC_RuntimeAdditionalVSU_amd64,v14, package: vcRuntimeAdditional_x64
[2178:278C][2021-05-03T11:14:02]i372: Session end, registration key: SOFTWARE\Microsoft\Windows\CurrentVersion\Uninstall\{852adda4-4c78-4a38-b583-c0b360a329d6}, resume: ARP, restart: None, disable resume: No
[2178:278C][2021-05-03T11:14:02]i371: Updating session, registration key: SOFTWARE\Microsoft\Windows\CurrentVersion\Uninstall\{852adda4-4c78-4a38-b583-c0b360a329d6}, resume: ARP, restart initiated: No, disable resume: No
[1880:081C][2021-05-03T11:14:02]i399: Apply complete, result: 0x0, restart: None, ba requested restart:  No
[1880:081C][2021-05-03T11:14:02]i500: Shutting down, exit code: 0x0
[1880:081C][2021-05-03T11:14:02]i410: Variable: SystemFolder = C:\Windows\system32\
[1880:081C][2021-05-03T11:14:02]i410: Variable: VersionNT = 10.0.0.0
[1880:081C][2021-05-03T11:14:02]i410: Variable: VersionNT64 = 10.0.0.0
[1880:081C][2021-05-03T11:14:02]i410: Variable: windows_uCRT_DetectKey = 10.0.17763.1490
[1880:081C][2021-05-03T11:14:02]i410: Variable: windows_uCRT_DetectKeyExists = 1
[1880:081C][2021-05-03T11:14:02]i410: Variable: WixBundleAction = 6
[1880:081C][2021-05-03T11:14:02]i410: Variable: WixBundleElevated = 1
[1880:081C][2021-05-03T11:14:02]i410: Variable: WixBundleFileVersion = 14.23.27820.0
[1880:081C][2021-05-03T11:14:02]i410: Variable: WixBundleInstalled = 1
[1880:081C][2021-05-03T11:14:02]i410: Variable: WixBundleLog = C:\Users\Administrator\Downloads\DCS-SimpleRadioStandalone-1.9.6.0\vc_redist_2017_x64.log
[1880:081C][2021-05-03T11:14:02]i410: Variable: WixBundleManufacturer = Microsoft Corporation
[1880:081C][2021-05-03T11:14:02]i410: Variable: WixBundleName = Microsoft Visual C++ 2015-2019 Redistributable (x64) - 14.23.27820
[1880:081C][2021-05-03T11:14:02]i410: Variable: WixBundleOriginalSource = C:\Users\Administrator\AppData\Local\Temp\2\tmp8F7F.tmp\extract\VC_redist.x64.exe
[1880:081C][2021-05-03T11:14:02]i410: Variable: WixBundleOriginalSourceFolder = C:\Users\Administrator\AppData\Local\Temp\2\tmp8F7F.tmp\extract\
[1880:081C][2021-05-03T11:14:02]i410: Variable: WixBundleProviderKey = VC,redist.x64,amd64,14.23,bundle
[1880:081C][2021-05-03T11:14:02]i410: Variable: WixBundleSourceProcessFolder = C:\Users\Administrator\Downloads\DCS-SimpleRadioStandalone-1.9.6.0\
[1880:081C][2021-05-03T11:14:02]i410: Variable: WixBundleSourceProcessPath = C:\Users\Administrator\Downloads\DCS-SimpleRadioStandalone-1.9.6.0\VC_redist.x64.exe
[1880:081C][2021-05-03T11:14:02]i410: Variable: WixBundleTag = 
[1880:081C][2021-05-03T11:14:02]i410: Variable: WixBundleVersion = 14.23.27820.0
[1880:081C][2021-05-03T11:14:02]i007: Exit code: 0x0, restarting: No
