[06:14:35 -08:00] [I] 
[06:14:35 -08:00] [I] --- STARTING LOG ---
[06:14:35 -08:00] [I] Date: Sat Nov 27 06:14:35 2021
[06:14:35 -08:00] [I] Version: 2.2.1-219e6df2
[06:14:35 -08:00] [I] Machine: Windows Server 2016 Version 1809
[06:14:35 -08:00] [I] --------------------
[06:14:35 -08:00] [W] [default] Logger: Filedump is true
[06:14:41 -08:00] [W] [default] ------------ LOAD DB ------------ 426
[06:14:41 -08:00] [W] [default] ------------ LOAD DB DONE ------------ 426
[06:14:42 -08:00] [W] [default] LICENSES: 4 FOUND IN "C:/Users/Administrator/Saved Games/BetaServer4/LotAtc Data/Server/Licenses"
[06:14:42 -08:00] [W] [default] ERROR "Unknown protocol specified"
[06:14:42 -08:00] [W] [clienthandler] Init
[06:14:46 -08:00] [W] [clienthandler] Init
[06:14:47 -08:00] [W] [clientserver] "[NetServerThread]" SOCKET ERROR "The remote host closed the connection"
[06:14:47 -08:00] [W] [clienthandler] Finish
[06:14:53 -08:00] [W] [clienthandler] Init
[06:14:53 -08:00] [W] [clientserver] "[NetServerThread]" SOCKET ERROR "The remote host closed the connection"
[06:14:53 -08:00] [W] [clienthandler] Finish
[06:14:58 -08:00] [W] [clienthandler] Init
[06:15:02 -08:00] [W] [default] Logger: Filedump is false
[06:15:02 -08:00] [W] [default] [GM] Set Year 2016
[06:15:02 -08:00] [W] [default] [GM] Set Theather angle True true
[06:15:10 -08:00] [W] [clientserver] "[NetServerThread]" SOCKET ERROR "The remote host closed the connection"
[06:15:10 -08:00] [W] [clienthandler] Finish
[06:15:10 -08:00] [W] [clientserver] CLIENT WILL BE DESTROYED
[06:15:10 -08:00] [W] [clienthandler] Client deleted
[06:15:14 -08:00] [W] [clienthandler] Init
[06:15:14 -08:00] [W] [clientserver] ASK FOR REGISTRATION...
[06:15:14 -08:00] [W] [client.auth] Check incoming IP QHostAddress("::ffff:217.45.171.19")
[06:15:14 -08:00] [W] [client.auth] IP QHostAddress("::ffff:217.45.171.19") validated
[06:15:14 -08:00] [W] [default] LOAD USER DRAWINGS "C:/Users/Administrator/Saved Games/BetaServer4/Mods/services/LotAtc/userdb/drawings"
[06:15:14 -08:00] [W] [default] Enable flag is false for in drawing QUrl("file:///C:/Users/Administrator/Saved Games/BetaServer4/Mods/services/LotAtc/userdb/drawings/blue/example.json")
[06:15:14 -08:00] [W] [default] LOAD 0
[06:15:14 -08:00] [W] [default] Init tracker...
[06:15:14 -08:00] [W] [default] [TacView tracker] Check enabled  false
[06:15:14 -08:00] [W] [default] [Log tracker] Check enabled  false
[06:15:14 -08:00] [W] [default] LOAD USER ASSETS "C:/Users/Administrator/LotAtc Data/Server"
[06:15:14 -08:00] [W] [default] LOAD USER ASSETS "C:/Users/Administrator/Saved Games/BetaServer4/Mods/services/LotAtc/userdb"
[06:15:14 -08:00] [W] [feature.relief] ___________________________________________________________
[06:15:14 -08:00] [W] [feature.relief] Cannot open "syria.db" db, file does not exists ("C:\\Program Files\\LotAtc\\reliefs/", "C:/Users/Administrator/LotAtc Data/")
[06:15:14 -08:00] [W] [feature.relief] RELIEF WILL NOT WORK, INSTALL RELIEF FILES see https:\\www.lotatc.com\download.html
[06:15:14 -08:00] [W] [feature.relief] ___________________________________________________________
[06:15:14 -08:00] [W] [clientserver] REGISTRATION OF "troller" | 1 | "LotAtc Server Side License - Individual Edition" is true "You are using a server license"
[06:15:14 -08:00] [W] [clientserver] REGISTRATION DONE
[06:47:29 -08:00] [W] [clientserver] "[NetServerThread]" SOCKET ERROR "The remote host closed the connection"
[06:47:29 -08:00] [W] [clienthandler] Finish
[06:47:29 -08:00] [W] [clientserver] CLIENT WILL BE DESTROYED
[06:47:29 -08:00] [W] [clienthandler] Client deleted
[06:47:55 -08:00] [W] [clienthandler] Init
[06:47:55 -08:00] [W] [clientserver] ASK FOR REGISTRATION...
[06:47:55 -08:00] [W] [client.auth] Check incoming IP QHostAddress("::ffff:217.45.171.19")
[06:47:55 -08:00] [W] [client.auth] IP QHostAddress("::ffff:217.45.171.19") validated
[06:47:55 -08:00] [W] [clientserver] REGISTRATION OF "troller" | 1 | "LotAtc Server Side License - Individual Edition" is true "You are using a server license"
[06:47:55 -08:00] [W] [clientserver] REGISTRATION DONE
[06:47:58 -08:00] [W] [clientserver] "[NetServerThread]" SOCKET ERROR "The remote host closed the connection"
[06:47:58 -08:00] [W] [clienthandler] Finish
[06:47:58 -08:00] [W] [clientserver] CLIENT WILL BE DESTROYED
[06:47:58 -08:00] [W] [clienthandler] Client deleted
[06:48:23 -08:00] [W] [clientserver] "[NetServerThread]" SOCKET ERROR "The remote host closed the connection"
[06:48:23 -08:00] [W] [clienthandler] Finish
[06:48:23 -08:00] [W] [clientserver] CLIENT WILL BE DESTROYED
[06:48:23 -08:00] [W] [clienthandler] Client deleted
[23:08:12 -08:00] [W] [default] ------------ LOAD DB ------------ 426
[23:08:12 -08:00] [W] [default] ------------ LOAD DB DONE ------------ 426
[02:17:28 -08:00] [W] [default] [TacView tracker] Check enabled  false
[02:17:28 -08:00] [W] [default] [Log tracker] Check enabled  false
[02:17:28 -08:00] [W] [default] Logger: Filedump is false
[02:17:28 -08:00] [W] [default] [GM] Set Year 2020
[02:17:28 -08:00] [W] [default] [GM] Set Theather angle True true
[02:18:05 -08:00] [I] 
[02:18:05 -08:00] [I] --- STARTING LOG ---
[02:18:05 -08:00] [I] Date: Sun Nov 28 02:18:05 2021
[02:18:05 -08:00] [I] Version: 2.2.1-219e6df2
[02:18:05 -08:00] [I] Machine: Windows Server 2016 Version 1809
[02:18:05 -08:00] [I] --------------------
[02:18:05 -08:00] [W] [default] Logger: Filedump is true
[02:18:11 -08:00] [W] [default] ------------ LOAD DB ------------ 426
[02:18:11 -08:00] [W] [default] ------------ LOAD DB DONE ------------ 426
[02:18:11 -08:00] [W] [default] LICENSES: 4 FOUND IN "C:/Users/Administrator/Saved Games/BetaServer4/LotAtc Data/Server/Licenses"
[02:18:11 -08:00] [W] [default] ERROR "Unknown protocol specified"
[02:18:30 -08:00] [W] [default] Logger: Filedump is false
[02:18:31 -08:00] [W] [default] [GM] Set Year 2016
[02:18:31 -08:00] [W] [default] [GM] Set Theather angle True true
[04:55:21 -08:00] [W] [default] QSocketNotifier: Socket notifiers cannot be enabled or disabled from another thread
[06:07:51 -08:00] [I] 
[06:07:51 -08:00] [I] --- STARTING LOG ---
[06:07:51 -08:00] [I] Date: Sun Nov 28 06:07:51 2021
[06:07:51 -08:00] [I] Version: 2.2.1-219e6df2
[06:07:51 -08:00] [I] Machine: Windows Server 2016 Version 1809
[06:07:51 -08:00] [I] --------------------
[06:07:51 -08:00] [W] [default] Logger: Filedump is true
[06:07:58 -08:00] [W] [default] ------------ LOAD DB ------------ 426
[06:07:58 -08:00] [W] [default] ------------ LOAD DB DONE ------------ 426
[06:07:58 -08:00] [W] [default] LICENSES: 4 FOUND IN "C:/Users/Administrator/Saved Games/BetaServer4/LotAtc Data/Server/Licenses"
[06:07:58 -08:00] [W] [default] ERROR "Unknown protocol specified"
[06:08:27 -08:00] [W] [default] Logger: Filedump is false
[06:08:27 -08:00] [W] [default] [GM] Set Year 2016
[06:08:27 -08:00] [W] [default] [GM] Set Theather angle True true
[06:08:27 -08:00] [W] [server.json] "Unable to start the server: The bound address is already in use."
[15:43:50 -08:00] [W] [default] ------------ LOAD DB ------------ 426
[15:43:50 -08:00] [W] [default] ------------ LOAD DB DONE ------------ 426
[15:43:50 -08:00] [W] [default] LICENSES: 4 FOUND IN "C:/Users/Administrator/Saved Games/BetaServer4/LotAtc Data/Server/Licenses"
[15:43:50 -08:00] [W] [default] ERROR "Unknown protocol specified"
[15:43:59 -08:00] [W] [default] Logger: Filedump is false
[15:43:59 -08:00] [W] [default] [GM] Set Year 2020
[15:43:59 -08:00] [W] [default] [GM] Set Theather angle True true
[15:43:59 -08:00] [W] [server.json] "Unable to start the server: The bound address is already in use."
[09:33:54 -08:00] [W] [default] ------------ LOAD DB ------------ 426
[09:33:54 -08:00] [W] [default] ------------ LOAD DB DONE ------------ 426
[09:33:54 -08:00] [W] [default] LICENSES: 4 FOUND IN "C:/Users/Administrator/Saved Games/BetaServer4/LotAtc Data/Server/Licenses"
[09:33:54 -08:00] [W] [default] ERROR "Unknown protocol specified"
[09:34:03 -08:00] [W] [default] Logger: Filedump is false
[09:34:03 -08:00] [W] [default] [GM] Set Year 2020
[09:34:03 -08:00] [W] [default] [GM] Set Theather angle True true
[09:34:03 -08:00] [W] [server.json] "Unable to start the server: The bound address is already in use."
[17:57:39 -08:00] [I] 
[17:57:39 -08:00] [I] --- STARTING LOG ---
[17:57:39 -08:00] [I] Date: Mon Nov 29 17:57:39 2021
[17:57:39 -08:00] [I] Version: 2.2.1-219e6df2
[17:57:39 -08:00] [I] Machine: Windows Server 2016 Version 1809
[17:57:39 -08:00] [I] --------------------
[17:57:39 -08:00] [W] [default] Logger: Filedump is true
[17:57:45 -08:00] [W] [default] ------------ LOAD DB ------------ 426
[17:57:45 -08:00] [W] [default] ------------ LOAD DB DONE ------------ 426
[17:57:45 -08:00] [W] [default] LICENSES: 4 FOUND IN "C:/Users/Administrator/Saved Games/BetaServer4/LotAtc Data/Server/Licenses"
[17:57:45 -08:00] [W] [default] ERROR "Unknown protocol specified"
[17:58:05 -08:00] [W] [default] Logger: Filedump is false
[17:58:05 -08:00] [W] [default] [GM] Set Year 2016
[17:58:05 -08:00] [W] [default] [GM] Set Theather angle True true
[17:58:05 -08:00] [W] [server.json] "Unable to start the server: The bound address is already in use."
[13:46:44 -08:00] [W] [default] ------------ LOAD DB ------------ 426
[13:46:44 -08:00] [W] [default] ------------ LOAD DB DONE ------------ 426
[13:46:44 -08:00] [W] [default] LICENSES: 4 FOUND IN "C:/Users/Administrator/Saved Games/BetaServer4/LotAtc Data/Server/Licenses"
[13:46:44 -08:00] [W] [default] ERROR "Unknown protocol specified"
[13:46:52 -08:00] [W] [default] Logger: Filedump is false
[13:46:52 -08:00] [W] [default] [GM] Set Year 2020
[13:46:52 -08:00] [W] [default] [GM] Set Theather angle True true
[13:46:52 -08:00] [W] [server.json] "Unable to start the server: The bound address is already in use."
[01:22:06 -08:00] [W] [default] ------------ LOAD DB ------------ 426
[01:22:06 -08:00] [W] [default] ------------ LOAD DB DONE ------------ 426
[01:22:06 -08:00] [W] [default] LICENSES: 4 FOUND IN "C:/Users/Administrator/Saved Games/BetaServer4/LotAtc Data/Server/Licenses"
[01:22:06 -08:00] [W] [default] ERROR "Unknown protocol specified"
[01:22:14 -08:00] [W] [default] Logger: Filedump is false
[01:22:14 -08:00] [W] [default] [GM] Set Year 2020
[01:22:14 -08:00] [W] [default] [GM] Set Theather angle True true
[01:22:14 -08:00] [W] [server.json] "Unable to start the server: The bound address is already in use."
[12:31:55 -08:00] [W] [default] ------------ LOAD DB ------------ 426
[12:31:55 -08:00] [W] [default] ------------ LOAD DB DONE ------------ 426
[12:31:55 -08:00] [W] [default] LICENSES: 4 FOUND IN "C:/Users/Administrator/Saved Games/BetaServer4/LotAtc Data/Server/Licenses"
[12:31:55 -08:00] [W] [default] ERROR "Unknown protocol specified"
[12:32:04 -08:00] [W] [default] Logger: Filedump is false
[12:32:04 -08:00] [W] [default] [GM] Set Year 2020
[12:32:04 -08:00] [W] [default] [GM] Set Theather angle True true
[12:32:04 -08:00] [W] [server.json] "Unable to start the server: The bound address is already in use."
[03:14:29 -08:00] [W] [default] ------------ LOAD DB ------------ 426
[03:14:29 -08:00] [W] [default] ------------ LOAD DB DONE ------------ 426
[03:14:29 -08:00] [W] [default] LICENSES: 4 FOUND IN "C:/Users/Administrator/Saved Games/BetaServer4/LotAtc Data/Server/Licenses"
[03:14:30 -08:00] [W] [default] ERROR "Unknown protocol specified"
[03:14:38 -08:00] [W] [default] Logger: Filedump is false
[03:14:38 -08:00] [W] [default] [GM] Set Year 2016
[03:14:38 -08:00] [W] [default] [GM] Set Theather angle True true
[03:14:38 -08:00] [W] [server.json] "Unable to start the server: The bound address is already in use."
[19:14:07 -08:00] [W] [default] ------------ LOAD DB ------------ 426
[19:14:07 -08:00] [W] [default] ------------ LOAD DB DONE ------------ 426
[19:14:07 -08:00] [W] [default] LICENSES: 4 FOUND IN "C:/Users/Administrator/Saved Games/BetaServer4/LotAtc Data/Server/Licenses"
[19:14:07 -08:00] [W] [default] ERROR "Unknown protocol specified"
[19:14:15 -08:00] [W] [default] Logger: Filedump is false
[19:14:15 -08:00] [W] [default] [GM] Set Year 2020
[19:14:15 -08:00] [W] [default] [GM] Set Theather angle True true
[19:14:15 -08:00] [W] [server.json] "Unable to start the server: The bound address is already in use."
[08:43:08 -08:00] [W] [default] ------------ LOAD DB ------------ 426
[08:43:08 -08:00] [W] [default] ------------ LOAD DB DONE ------------ 426
[08:43:08 -08:00] [W] [default] LICENSES: 4 FOUND IN "C:/Users/Administrator/Saved Games/BetaServer4/LotAtc Data/Server/Licenses"
[08:43:09 -08:00] [W] [default] ERROR "Unknown protocol specified"
[08:43:17 -08:00] [W] [default] Logger: Filedump is false
[08:43:17 -08:00] [W] [default] [GM] Set Year 2020
[08:43:17 -08:00] [W] [default] [GM] Set Theather angle True true
[08:43:17 -08:00] [W] [server.json] "Unable to start the server: The bound address is already in use."
[16:01:52 -08:00] [W] [clienthandler] Init
[16:01:52 -08:00] [W] [clientserver] "[NetServerThread]" SOCKET ERROR "The remote host closed the connection"
[16:01:52 -08:00] [W] [clienthandler] Finish
[16:01:52 -08:00] [W] [clientserver] CLIENT WILL BE DESTROYED
[16:01:52 -08:00] [W] [clienthandler] Client deleted
[16:01:53 -08:00] [W] [clienthandler] Init
[16:03:35 -08:00] [W] [clientserver] "[NetServerThread]" SOCKET ERROR "The remote host closed the connection"
[16:03:35 -08:00] [W] [clienthandler] Finish
[16:03:35 -08:00] [W] [clientserver] CLIENT WILL BE DESTROYED
[16:03:35 -08:00] [W] [clienthandler] Client deleted
[19:50:25 -08:00] [W] [default] ------------ LOAD DB ------------ 426
[19:50:25 -08:00] [W] [default] ------------ LOAD DB DONE ------------ 426
[19:50:25 -08:00] [W] [default] LICENSES: 4 FOUND IN "C:/Users/Administrator/Saved Games/BetaServer4/LotAtc Data/Server/Licenses"
[19:50:25 -08:00] [W] [default] ERROR "Unknown protocol specified"
[19:50:33 -08:00] [W] [default] Logger: Filedump is false
[19:50:33 -08:00] [W] [default] [GM] Set Year 2020
[19:50:33 -08:00] [W] [default] [GM] Set Theather angle True true
[19:50:33 -08:00] [W] [server.json] "Unable to start the server: The bound address is already in use."
[06:52:16 -08:00] [W] [default] ------------ LOAD DB ------------ 426
[06:52:16 -08:00] [W] [default] ------------ LOAD DB DONE ------------ 426
[06:52:16 -08:00] [W] [default] LICENSES: 4 FOUND IN "C:/Users/Administrator/Saved Games/BetaServer4/LotAtc Data/Server/Licenses"
[06:52:16 -08:00] [W] [default] ERROR "Unknown protocol specified"
[06:52:24 -08:00] [W] [default] Logger: Filedump is false
[06:52:24 -08:00] [W] [default] [GM] Set Year 2016
[06:52:24 -08:00] [W] [default] [GM] Set Theather angle True true
[06:52:24 -08:00] [W] [server.json] "Unable to start the server: The bound address is already in use."
[19:56:16 -08:00] [W] [default] ------------ LOAD DB ------------ 426
[19:56:16 -08:00] [W] [default] ------------ LOAD DB DONE ------------ 426
[19:56:16 -08:00] [W] [default] LICENSES: 4 FOUND IN "C:/Users/Administrator/Saved Games/BetaServer4/LotAtc Data/Server/Licenses"
[19:56:16 -08:00] [W] [default] ERROR "Unknown protocol specified"
[19:56:24 -08:00] [W] [default] Logger: Filedump is false
[19:56:24 -08:00] [W] [default] [GM] Set Year 2020
[19:56:24 -08:00] [W] [default] [GM] Set Theather angle True true
[19:56:24 -08:00] [W] [server.json] "Unable to start the server: The bound address is already in use."
[18:49:31 -08:00] [I] 
[18:49:31 -08:00] [I] --- STARTING LOG ---
[18:49:31 -08:00] [I] Date: Sun Dec 5 18:49:31 2021
[18:49:31 -08:00] [I] Version: 2.2.1-219e6df2
[18:49:31 -08:00] [I] Machine: Windows Server 2016 Version 1809
[18:49:31 -08:00] [I] --------------------
[18:49:31 -08:00] [W] [default] Logger: Filedump is true
[18:49:37 -08:00] [W] [default] ------------ LOAD DB ------------ 426
[18:49:37 -08:00] [W] [default] ------------ LOAD DB DONE ------------ 426
[18:49:37 -08:00] [W] [default] LICENSES: 4 FOUND IN "C:/Users/Administrator/Saved Games/BetaServer4/LotAtc Data/Server/Licenses"
[18:49:37 -08:00] [W] [default] ERROR "Unknown protocol specified"
[18:49:56 -08:00] [W] [default] Logger: Filedump is false
[18:49:56 -08:00] [W] [default] [GM] Set Year 2016
[18:49:56 -08:00] [W] [default] [GM] Set Theather angle True true
[18:49:56 -08:00] [W] [server.json] "Unable to start the server: The bound address is already in use."
[11:14:30 -08:00] [W] [default] ------------ LOAD DB ------------ 426
[11:14:30 -08:00] [W] [default] ------------ LOAD DB DONE ------------ 426
[11:14:30 -08:00] [W] [default] LICENSES: 4 FOUND IN "C:/Users/Administrator/Saved Games/BetaServer4/LotAtc Data/Server/Licenses"
[11:14:30 -08:00] [W] [default] ERROR "Unknown protocol specified"
[11:14:39 -08:00] [W] [default] Logger: Filedump is false
[11:14:39 -08:00] [W] [default] [GM] Set Year 2020
[11:14:39 -08:00] [W] [default] [GM] Set Theather angle True true
[11:14:39 -08:00] [W] [server.json] "Unable to start the server: The bound address is already in use."
[22:57:36 -08:00] [W] [default] ------------ LOAD DB ------------ 426
[22:57:36 -08:00] [W] [default] ------------ LOAD DB DONE ------------ 426
[22:57:36 -08:00] [W] [default] LICENSES: 4 FOUND IN "C:/Users/Administrator/Saved Games/BetaServer4/LotAtc Data/Server/Licenses"
[22:57:36 -08:00] [W] [default] ERROR "Unknown protocol specified"
[22:57:44 -08:00] [W] [default] Logger: Filedump is false
[22:57:44 -08:00] [W] [default] [GM] Set Year 2020
[22:57:44 -08:00] [W] [default] [GM] Set Theather angle True true
[22:57:44 -08:00] [W] [server.json] "Unable to start the server: The bound address is already in use."
[03:27:06 -08:00] [I] 
[03:27:06 -08:00] [I] --- STARTING LOG ---
[03:27:06 -08:00] [I] Date: Tue Dec 7 03:27:06 2021
[03:27:06 -08:00] [I] Version: 2.2.1-219e6df2
[03:27:06 -08:00] [I] Machine: Windows Server 2016 Version 1809
[03:27:06 -08:00] [I] --------------------
[03:27:06 -08:00] [W] [default] Logger: Filedump is true
[03:27:14 -08:00] [W] [default] ------------ LOAD DB ------------ 426
[03:27:14 -08:00] [W] [default] ------------ LOAD DB DONE ------------ 426
[03:27:14 -08:00] [W] [default] LICENSES: 4 FOUND IN "C:/Users/Administrator/Saved Games/BetaServer4/LotAtc Data/Server/Licenses"
[03:27:14 -08:00] [W] [default] ERROR "Unknown protocol specified"
[03:27:44 -08:00] [W] [default] Logger: Filedump is false
[03:27:44 -08:00] [W] [default] [GM] Set Year 2016
[03:27:44 -08:00] [W] [default] [GM] Set Theather angle True true
[03:27:44 -08:00] [W] [server.json] "Unable to start the server: The bound address is already in use."
[19:45:44 -08:00] [W] [default] ------------ LOAD DB ------------ 426
[19:45:44 -08:00] [W] [default] ------------ LOAD DB DONE ------------ 426
[19:45:44 -08:00] [W] [default] LICENSES: 4 FOUND IN "C:/Users/Administrator/Saved Games/BetaServer4/LotAtc Data/Server/Licenses"
[19:45:45 -08:00] [W] [default] ERROR "Unknown protocol specified"
[19:46:02 -08:00] [W] [default] Logger: Filedump is false
[19:46:02 -08:00] [W] [default] [GM] Set Year 2020
[19:46:02 -08:00] [W] [default] [GM] Set Theather angle True true
[19:46:02 -08:00] [W] [server.json] "Unable to start the server: The bound address is already in use."
[12:58:18 -08:00] [W] [default] ------------ LOAD DB ------------ 426
[12:58:18 -08:00] [W] [default] ------------ LOAD DB DONE ------------ 426
[12:58:18 -08:00] [W] [default] LICENSES: 4 FOUND IN "C:/Users/Administrator/Saved Games/BetaServer4/LotAtc Data/Server/Licenses"
[12:58:19 -08:00] [W] [default] ERROR "Unknown protocol specified"
[12:58:36 -08:00] [W] [default] Logger: Filedump is false
[12:58:36 -08:00] [W] [default] [GM] Set Year 2020
[12:58:36 -08:00] [W] [default] [GM] Set Theather angle True true
[12:58:36 -08:00] [W] [server.json] "Unable to start the server: The bound address is already in use."
[10:33:29 -08:00] [W] [default] ------------ LOAD DB ------------ 426
[10:33:29 -08:00] [W] [default] ------------ LOAD DB DONE ------------ 426
[10:33:29 -08:00] [W] [default] LICENSES: 4 FOUND IN "C:/Users/Administrator/Saved Games/BetaServer4/LotAtc Data/Server/Licenses"
[10:33:29 -08:00] [W] [default] ERROR "Unknown protocol specified"
[10:33:46 -08:00] [W] [default] Logger: Filedump is false
[10:33:46 -08:00] [W] [default] [GM] Set Year 2020
[10:33:46 -08:00] [W] [default] [GM] Set Theather angle True true
[10:33:46 -08:00] [W] [server.json] "Unable to start the server: The bound address is already in use."
[07:08:27 -08:00] [W] [default] ------------ LOAD DB ------------ 426
[07:08:27 -08:00] [W] [default] ------------ LOAD DB DONE ------------ 426
[07:08:27 -08:00] [W] [default] LICENSES: 4 FOUND IN "C:/Users/Administrator/Saved Games/BetaServer4/LotAtc Data/Server/Licenses"
[07:08:28 -08:00] [W] [default] ERROR "Unknown protocol specified"
[07:08:46 -08:00] [W] [default] Logger: Filedump is false
[07:08:46 -08:00] [W] [default] [GM] Set Year 2016
[07:08:46 -08:00] [W] [default] [GM] Set Theather angle True true
[07:08:46 -08:00] [W] [server.json] "Unable to start the server: The bound address is already in use."
