events = 
{
	[1] = 
	{
		t	=	0,
		type	=	"mission start",
		ta	=	21600,
	}, -- end of [1]
	[2] = 
	{
		type	=	"mission end",
		t	=	0,
	}, -- end of [2]
} -- end of events
callsign	=	"[TN] Rhino"
triggers_state = 	{}
result	=	0
world_state = 
{
	[1] = 
	{
		y	=	-65903.5,
		x	=	-141602.140625,
		unitId	=	1114,
		heading	=	-0,
		coalition	=	"blue",
		country	=	2,
		type	=	"FARP",
	}, -- end of [1]
	[2] = 
	{
		y	=	-30015.34765625,
		x	=	-87523.953125,
		unitId	=	1139,
		heading	=	-0,
		coalition	=	"blue",
		country	=	2,
		type	=	"FARP",
	}, -- end of [2]
	[3] = 
	{
		y	=	-23857.6953125,
		x	=	84973.1171875,
		unitId	=	1148,
		heading	=	-0,
		coalition	=	"blue",
		country	=	2,
		type	=	"FARP",
	}, -- end of [3]
	[4] = 
	{
		y	=	-191925.40625,
		x	=	64260.62109375,
		unitId	=	1157,
		heading	=	-0,
		coalition	=	"blue",
		country	=	2,
		type	=	"FARP",
	}, -- end of [4]
	[5] = 
	{
		y	=	-202913.703125,
		x	=	148278.765625,
		unitId	=	1166,
		heading	=	-0,
		coalition	=	"blue",
		country	=	2,
		type	=	"FARP",
	}, -- end of [5]
	[6] = 
	{
		y	=	145634.21875,
		x	=	260031.3125,
		unitId	=	1176,
		heading	=	-0,
		coalition	=	"blue",
		country	=	2,
		type	=	"FARP",
	}, -- end of [6]
	[7] = 
	{
		y	=	-52608.66796875,
		x	=	-106892.5859375,
		unitId	=	1636,
		heading	=	-0,
		coalition	=	"blue",
		country	=	2,
		type	=	"FARP",
	}, -- end of [7]
	[8] = 
	{
		y	=	-16309.234375,
		x	=	-18190.150390625,
		unitId	=	1654,
		heading	=	-0,
		coalition	=	"blue",
		country	=	2,
		type	=	"FARP",
	}, -- end of [8]
	[9] = 
	{
		y	=	-92198.828125,
		x	=	43009.73828125,
		unitId	=	1723,
		heading	=	-0,
		coalition	=	"blue",
		country	=	2,
		type	=	"FARP",
	}, -- end of [9]
	[10] = 
	{
		y	=	-89672.21875,
		x	=	28494.537109375,
		heading	=	-4.7783718109131,
		unitId	=	1547,
		speed	=	0,
		coalition	=	"red",
		country	=	7,
		type	=	"Stennis",
	}, -- end of [10]
	[11] = 
	{
		y	=	-89050.6171875,
		x	=	28948.830078125,
		heading	=	-4.7783718109131,
		unitId	=	1548,
		speed	=	7.7083334922791,
		coalition	=	"red",
		country	=	7,
		type	=	"REZKY",
	}, -- end of [11]
	[12] = 
	{
		y	=	-90355.21875,
		x	=	28455.197265625,
		heading	=	-4.7783718109131,
		unitId	=	1549,
		speed	=	7.7083334922791,
		coalition	=	"red",
		country	=	7,
		type	=	"NEUSTRASH",
	}, -- end of [12]
	[13] = 
	{
		y	=	-88875.1953125,
		x	=	28210.12890625,
		heading	=	-4.7783718109131,
		unitId	=	1550,
		speed	=	7.7083334922791,
		coalition	=	"red",
		country	=	7,
		type	=	"ALBATROS",
	}, -- end of [13]
	[14] = 
	{
		y	=	-109222.796875,
		x	=	51352.12890625,
		heading	=	-2.1726548671722,
		unitId	=	1551,
		speed	=	5.5555553436279,
		coalition	=	"red",
		country	=	7,
		type	=	"ALBATROS",
	}, -- end of [14]
	[15] = 
	{
		y	=	-103688.2421875,
		x	=	-88974.453125,
		heading	=	-5.6504211425781,
		unitId	=	1552,
		speed	=	5.5555553436279,
		coalition	=	"red",
		country	=	7,
		type	=	"ALBATROS",
	}, -- end of [15]
	[16] = 
	{
		y	=	41965.5078125,
		x	=	95508.7890625,
		heading	=	-5.3410277366638,
		unitId	=	1556,
		speed	=	5.5555553436279,
		coalition	=	"red",
		country	=	7,
		type	=	"ALBATROS",
	}, -- end of [16]
	[17] = 
	{
		y	=	21204.669921875,
		x	=	-117279.09375,
		heading	=	-5.1551337242126,
		unitId	=	1557,
		speed	=	5.5555553436279,
		coalition	=	"red",
		country	=	7,
		type	=	"Stennis",
	}, -- end of [17]
	[18] = 
	{
		y	=	-244905.53125,
		x	=	-184733.234375,
		heading	=	-5.4525690078735,
		unitId	=	1191,
		speed	=	12.847222328186,
		coalition	=	"blue",
		country	=	0,
		type	=	"KUZNECOW",
	}, -- end of [18]
	[19] = 
	{
		y	=	-206234.375,
		x	=	-188144.390625,
		heading	=	-5.5182189941406,
		unitId	=	1195,
		speed	=	9.25,
		coalition	=	"blue",
		country	=	0,
		type	=	"NEUSTRASH",
	}, -- end of [19]
	[20] = 
	{
		y	=	-206447.640625,
		x	=	-188091.0625,
		heading	=	-5.5217895507813,
		unitId	=	1196,
		speed	=	9.25,
		coalition	=	"blue",
		country	=	0,
		type	=	"NEUSTRASH",
	}, -- end of [20]
	[21] = 
	{
		y	=	-244576.328125,
		x	=	-186228.296875,
		heading	=	-5.4305267333984,
		unitId	=	1186,
		speed	=	12.847222328186,
		coalition	=	"blue",
		country	=	2,
		type	=	"CVN_73",
	}, -- end of [21]
	[22] = 
	{
		y	=	-246487.671875,
		x	=	-186237.546875,
		heading	=	-5.4520716667175,
		unitId	=	1192,
		speed	=	12.847222328186,
		coalition	=	"blue",
		country	=	2,
		type	=	"LHA_Tarawa",
	}, -- end of [22]
	[23] = 
	{
		y	=	-246325,
		x	=	-184766,
		heading	=	-5.4783916473389,
		unitId	=	1194,
		speed	=	12.847222328186,
		coalition	=	"blue",
		country	=	2,
		type	=	"Stennis",
	}, -- end of [23]
	[24] = 
	{
		y	=	-139362.109375,
		x	=	-213359.28125,
		heading	=	-4.5553092956543,
		unitId	=	1104,
		speed	=	0,
		coalition	=	"blue",
		country	=	2,
		type	=	"outpost_road",
	}, -- end of [24]
	[25] = 
	{
		y	=	-247741.609375,
		x	=	-276457.375,
		heading	=	-1.4835299253464,
		unitId	=	1484,
		speed	=	0,
		coalition	=	"blue",
		country	=	2,
		type	=	"HEMTT TFFT",
	}, -- end of [25]
	[26] = 
	{
		y	=	-248119.234375,
		x	=	-276211.1875,
		heading	=	-3.1241393089294,
		unitId	=	1485,
		speed	=	0,
		coalition	=	"blue",
		country	=	2,
		type	=	"HEMTT TFFT",
	}, -- end of [26]
	[27] = 
	{
		y	=	-248597.078125,
		x	=	-275566.6875,
		heading	=	-0.29670602083206,
		unitId	=	1486,
		speed	=	0,
		coalition	=	"blue",
		country	=	2,
		type	=	"HEMTT TFFT",
	}, -- end of [27]
	[28] = 
	{
		y	=	-248607.84375,
		x	=	-275575.625,
		heading	=	-0.29670602083206,
		unitId	=	1487,
		speed	=	0,
		coalition	=	"blue",
		country	=	2,
		type	=	"M-1 Abrams",
	}, -- end of [28]
	[29] = 
	{
		y	=	-249586.171875,
		x	=	-274612.40625,
		heading	=	-0.29670602083206,
		unitId	=	1492,
		speed	=	0,
		coalition	=	"blue",
		country	=	2,
		type	=	"HEMTT TFFT",
	}, -- end of [29]
	[30] = 
	{
		alt	=	2607.5275878906,
		type	=	"Su-33",
		country	=	7,
		coalition	=	"red",
		x	=	380718.0625,
		speed	=	169.58332824707,
		heading	=	2.4169754981995,
		y	=	-353077.625,
		unitId	=	416,
	}, -- end of [30]
	[31] = 
	{
		alt	=	1997.7629394531,
		type	=	"Su-27",
		country	=	7,
		coalition	=	"red",
		x	=	454077.1875,
		speed	=	138.88888549805,
		heading	=	-2.5790364742279,
		y	=	64977.8046875,
		unitId	=	417,
	}, -- end of [31]
	[32] = 
	{
		alt	=	1753.2716064453,
		type	=	"F/A-18C",
		country	=	7,
		coalition	=	"red",
		x	=	452498.8125,
		speed	=	0,
		heading	=	-1.9882395267487,
		y	=	71995.953125,
		unitId	=	418,
	}, -- end of [32]
	[33] = 
	{
		alt	=	1998.4210205078,
		type	=	"F-16C bl.50",
		country	=	7,
		coalition	=	"red",
		x	=	160682,
		speed	=	220.97222900391,
		heading	=	-2.0379602909088,
		y	=	368950.15625,
		unitId	=	419,
	}, -- end of [33]
	[34] = 
	{
		alt	=	1488.7490234375,
		type	=	"Mirage 2000-5",
		country	=	7,
		coalition	=	"red",
		x	=	381902.46875,
		speed	=	0,
		heading	=	-1.6951971054077,
		y	=	-353669.46875,
		unitId	=	420,
	}, -- end of [34]
	[35] = 
	{
		alt	=	1489.2395019531,
		type	=	"Su-30",
		country	=	7,
		coalition	=	"red",
		x	=	381877,
		speed	=	0,
		heading	=	-1.6952652931213,
		y	=	-353682.125,
		unitId	=	421,
	}, -- end of [35]
	[36] = 
	{
		alt	=	249.59614562988,
		type	=	"MiG-29S",
		country	=	7,
		coalition	=	"red",
		x	=	-213016.03125,
		speed	=	0,
		heading	=	-1.430055975914,
		y	=	-65014.59765625,
		unitId	=	424,
	}, -- end of [36]
	[37] = 
	{
		alt	=	249.59614562988,
		type	=	"MiG-29S",
		country	=	7,
		coalition	=	"red",
		x	=	-213213.765625,
		speed	=	0,
		heading	=	-1.4300603866577,
		y	=	-65041.56640625,
		unitId	=	425,
	}, -- end of [37]
	[38] = 
	{
		alt	=	23.909479141235,
		type	=	"Su-27",
		country	=	7,
		coalition	=	"red",
		x	=	-63691.94921875,
		speed	=	0,
		heading	=	-0.09667544066906,
		y	=	-30817.431640625,
		unitId	=	426,
	}, -- end of [38]
	[39] = 
	{
		alt	=	23.909479141235,
		type	=	"Su-27",
		country	=	7,
		coalition	=	"red",
		x	=	-63694.73828125,
		speed	=	0,
		heading	=	-0.095670118927956,
		y	=	-30853.76953125,
		unitId	=	427,
	}, -- end of [39]
	[40] = 
	{
		alt	=	1753.5947265625,
		type	=	"Su-33",
		country	=	7,
		coalition	=	"red",
		x	=	452548.90625,
		speed	=	0,
		heading	=	-1.9882340431213,
		y	=	71975.953125,
		unitId	=	428,
	}, -- end of [40]
	[41] = 
	{
		alt	=	6.5351085662842,
		type	=	"F-5E-3",
		country	=	7,
		coalition	=	"red",
		x	=	-31308.9609375,
		speed	=	0,
		heading	=	-4.8082242012024,
		y	=	-122117.25,
		unitId	=	1455,
	}, -- end of [41]
	[42] = 
	{
		alt	=	6.5351085662842,
		type	=	"F-5E-3",
		country	=	7,
		coalition	=	"red",
		x	=	-31279.609375,
		speed	=	0,
		heading	=	-4.8233613967896,
		y	=	-122120.1796875,
		unitId	=	1457,
	}, -- end of [42]
	[43] = 
	{
		alt	=	1998.1750488281,
		type	=	"F-14A",
		country	=	7,
		coalition	=	"red",
		x	=	450439.875,
		speed	=	220.97222900391,
		heading	=	-2.9993686676025,
		y	=	31373.423828125,
		unitId	=	1458,
	}, -- end of [43]
	[44] = 
	{
		alt	=	31.288352966309,
		type	=	"F/A-18C",
		country	=	7,
		coalition	=	"red",
		x	=	-1017.7062988281,
		speed	=	0,
		heading	=	-4.4559125900269,
		y	=	-600.94244384766,
		unitId	=	1471,
	}, -- end of [44]
	[45] = 
	{
		alt	=	7.7045621871948,
		type	=	"Su-27",
		country	=	7,
		coalition	=	"red",
		x	=	-27752.537109375,
		speed	=	0,
		heading	=	-0.13413405418396,
		y	=	-169999.421875,
		unitId	=	1544,
	}, -- end of [45]
	[46] = 
	{
		alt	=	7.6338815689087,
		type	=	"Su-27",
		country	=	7,
		coalition	=	"red",
		x	=	-27712.953125,
		speed	=	0,
		heading	=	-4.8965711593628,
		y	=	-170050.65625,
		unitId	=	1545,
	}, -- end of [46]
	[47] = 
	{
		alt	=	23.925928115845,
		type	=	"F-15C",
		country	=	7,
		coalition	=	"red",
		x	=	-63740.1953125,
		speed	=	0,
		heading	=	-4.7799882888794,
		y	=	-30828.798828125,
		unitId	=	1546,
	}, -- end of [47]
	[48] = 
	{
		alt	=	-1.845999956131,
		type	=	"F/A-18C",
		country	=	7,
		coalition	=	"red",
		x	=	28482.685546875,
		speed	=	138.88888549805,
		heading	=	1.4380874633789,
		y	=	-89625.6953125,
		unitId	=	1553,
	}, -- end of [48]
	[49] = 
	{
		alt	=	-1.845999956131,
		type	=	"F/A-18C",
		country	=	7,
		coalition	=	"red",
		x	=	28510.421875,
		speed	=	138.88888549805,
		heading	=	1.4380874633789,
		y	=	-89719.78125,
		unitId	=	1554,
	}, -- end of [49]
	[50] = 
	{
		alt	=	-1.845999956131,
		type	=	"F/A-18C",
		country	=	7,
		coalition	=	"red",
		x	=	28501.03515625,
		speed	=	138.88888549805,
		heading	=	1.4380874633789,
		y	=	-89630.375,
		unitId	=	1555,
	}, -- end of [50]
	[51] = 
	{
		alt	=	39.165149688721,
		type	=	"MiG-29S",
		country	=	7,
		coalition	=	"red",
		x	=	-142039.0625,
		speed	=	0,
		heading	=	-5.7222218513489,
		y	=	-108352.65625,
		unitId	=	1558,
	}, -- end of [51]
	[52] = 
	{
		alt	=	39.165149688721,
		type	=	"MiG-29S",
		country	=	7,
		coalition	=	"red",
		x	=	-142092.1875,
		speed	=	0,
		heading	=	-5.722222328186,
		y	=	-108267.7109375,
		unitId	=	1559,
	}, -- end of [52]
	[53] = 
	{
		alt	=	7617.5,
		type	=	"C-130",
		country	=	7,
		coalition	=	"red",
		x	=	91619.8671875,
		speed	=	169.44444274902,
		heading	=	2.0534191131592,
		y	=	-465277.34375,
		unitId	=	1560,
	}, -- end of [53]
	[54] = 
	{
		alt	=	7618.4208984375,
		type	=	"F-16C bl.52d",
		country	=	7,
		coalition	=	"red",
		x	=	93817.0546875,
		speed	=	220.97222900391,
		heading	=	-0,
		y	=	-467421.09375,
		unitId	=	1561,
	}, -- end of [54]
	[55] = 
	{
		alt	=	7618.1538085938,
		type	=	"F/A-18C",
		country	=	7,
		coalition	=	"red",
		x	=	92149.4453125,
		speed	=	179.86111450195,
		heading	=	-0,
		y	=	-468092.8125,
		unitId	=	1562,
	}, -- end of [55]
	[56] = 
	{
		alt	=	62.147167205811,
		type	=	"SA342Minigun",
		country	=	7,
		coalition	=	"red",
		x	=	-112548.1328125,
		speed	=	0,
		heading	=	2.6057643890381,
		y	=	-79446.0234375,
		unitId	=	1460,
	}, -- end of [56]
	[57] = 
	{
		alt	=	11.115213394165,
		type	=	"Mi-8MT",
		country	=	7,
		coalition	=	"red",
		x	=	72746.6796875,
		speed	=	0,
		heading	=	2.3696775436401,
		y	=	-49051.56640625,
		unitId	=	1461,
	}, -- end of [57]
	[58] = 
	{
		y	=	-173813.953125,
		x	=	-211911.578125,
		heading	=	0,
		unitId	=	12,
		speed	=	0,
		coalition	=	"red",
		country	=	7,
		type	=	"BTR-80",
	}, -- end of [58]
	[59] = 
	{
		y	=	-173744.984375,
		x	=	-212478.828125,
		heading	=	0,
		unitId	=	13,
		speed	=	0,
		coalition	=	"red",
		country	=	7,
		type	=	"Leopard-2",
	}, -- end of [59]
	[60] = 
	{
		y	=	-174424.96875,
		x	=	-209838.796875,
		heading	=	0,
		unitId	=	14,
		speed	=	0,
		coalition	=	"red",
		country	=	7,
		type	=	"M-1 Abrams",
	}, -- end of [60]
	[61] = 
	{
		y	=	-174170.875,
		x	=	-211815.796875,
		heading	=	0,
		unitId	=	15,
		speed	=	0,
		coalition	=	"red",
		country	=	7,
		type	=	"ZSU-23-4 Shilka",
	}, -- end of [61]
	[62] = 
	{
		y	=	-174489.9375,
		x	=	-211258.90625,
		heading	=	-1.3788102865219,
		unitId	=	16,
		speed	=	0,
		coalition	=	"red",
		country	=	7,
		type	=	"Vulcan",
	}, -- end of [62]
	[63] = 
	{
		y	=	-172334.234375,
		x	=	-211404.421875,
		heading	=	-1.2566369771957,
		unitId	=	17,
		speed	=	0,
		coalition	=	"red",
		country	=	7,
		type	=	"ZSU-23-4 Shilka",
	}, -- end of [63]
	[64] = 
	{
		y	=	-175552.609375,
		x	=	-211610.109375,
		heading	=	0,
		unitId	=	18,
		speed	=	0,
		coalition	=	"red",
		country	=	7,
		type	=	"Tor 9A331",
	}, -- end of [64]
	[65] = 
	{
		y	=	-173224.71875,
		x	=	-210707.515625,
		heading	=	0,
		unitId	=	19,
		speed	=	0,
		coalition	=	"red",
		country	=	7,
		type	=	"Osa 9A33 ln",
	}, -- end of [65]
	[66] = 
	{
		y	=	-173101.3125,
		x	=	-210787.375,
		heading	=	0,
		unitId	=	20,
		speed	=	0,
		coalition	=	"red",
		country	=	7,
		type	=	"Ural-375 ZU-23 Insurgent",
	}, -- end of [66]
	[67] = 
	{
		y	=	-173176.328125,
		x	=	-210789.78125,
		heading	=	0,
		unitId	=	21,
		speed	=	0,
		coalition	=	"red",
		country	=	7,
		type	=	"Hummer",
	}, -- end of [67]
	[68] = 
	{
		y	=	-172406.828125,
		x	=	-211358.453125,
		heading	=	0,
		unitId	=	22,
		speed	=	0,
		coalition	=	"red",
		country	=	7,
		type	=	"Ural-375",
	}, -- end of [68]
	[69] = 
	{
		y	=	-171680.875,
		x	=	-212740.171875,
		heading	=	0,
		unitId	=	23,
		speed	=	0,
		coalition	=	"red",
		country	=	7,
		type	=	"Gepard",
	}, -- end of [69]
	[70] = 
	{
		y	=	-172904.859375,
		x	=	-212385.546875,
		heading	=	0,
		unitId	=	24,
		speed	=	0,
		coalition	=	"red",
		country	=	7,
		type	=	"ZSU-23-4 Shilka",
	}, -- end of [70]
	[71] = 
	{
		y	=	-171579.234375,
		x	=	-211138.25,
		heading	=	0,
		unitId	=	25,
		speed	=	0,
		coalition	=	"red",
		country	=	7,
		type	=	"2S6 Tunguska",
	}, -- end of [71]
	[72] = 
	{
		y	=	-173781.28125,
		x	=	-209485.5,
		heading	=	0,
		unitId	=	26,
		speed	=	0,
		coalition	=	"red",
		country	=	7,
		type	=	"Tor 9A331",
	}, -- end of [72]
	[73] = 
	{
		y	=	-182080.546875,
		x	=	-190468.3125,
		heading	=	0,
		unitId	=	42,
		speed	=	0,
		coalition	=	"red",
		country	=	7,
		type	=	"BTR-80",
	}, -- end of [73]
	[74] = 
	{
		y	=	-180691.234375,
		x	=	-191494.390625,
		heading	=	0,
		unitId	=	43,
		speed	=	0,
		coalition	=	"red",
		country	=	7,
		type	=	"BMD-1",
	}, -- end of [74]
	[75] = 
	{
		y	=	-181377.9375,
		x	=	-190980.015625,
		heading	=	0,
		unitId	=	44,
		speed	=	0,
		coalition	=	"red",
		country	=	7,
		type	=	"BRDM-2",
	}, -- end of [75]
	[76] = 
	{
		y	=	-180306.78125,
		x	=	-191531.515625,
		heading	=	0,
		unitId	=	45,
		speed	=	0,
		coalition	=	"red",
		country	=	7,
		type	=	"M-2 Bradley",
	}, -- end of [76]
	[77] = 
	{
		y	=	-182515.375,
		x	=	-190932.296875,
		heading	=	0,
		unitId	=	46,
		speed	=	0,
		coalition	=	"red",
		country	=	7,
		type	=	"M-2 Bradley",
	}, -- end of [77]
	[78] = 
	{
		y	=	-180961.671875,
		x	=	-192220.875,
		heading	=	0,
		unitId	=	47,
		speed	=	0,
		coalition	=	"red",
		country	=	7,
		type	=	"Osa 9A33 ln",
	}, -- end of [78]
	[79] = 
	{
		y	=	-183631.609375,
		x	=	-190094.453125,
		heading	=	0,
		unitId	=	48,
		speed	=	0,
		coalition	=	"red",
		country	=	7,
		type	=	"Tor 9A331",
	}, -- end of [79]
	[80] = 
	{
		y	=	-160372.859375,
		x	=	-190125.96875,
		heading	=	0,
		unitId	=	49,
		speed	=	0,
		coalition	=	"red",
		country	=	7,
		type	=	"SA-11 Buk LN 9A310M1",
	}, -- end of [80]
	[81] = 
	{
		y	=	-162353.03125,
		x	=	-189097.296875,
		heading	=	0,
		unitId	=	50,
		speed	=	0,
		coalition	=	"red",
		country	=	7,
		type	=	"Cobra",
	}, -- end of [81]
	[82] = 
	{
		y	=	-160367.71875,
		x	=	-190069.390625,
		heading	=	0,
		unitId	=	51,
		speed	=	0,
		coalition	=	"red",
		country	=	7,
		type	=	"SA-11 Buk SR 9S18M1",
	}, -- end of [82]
	[83] = 
	{
		y	=	-161780.671875,
		x	=	-189385.265625,
		heading	=	0,
		unitId	=	52,
		speed	=	0,
		coalition	=	"red",
		country	=	7,
		type	=	"BMP-1",
	}, -- end of [83]
	[84] = 
	{
		y	=	-163160.46875,
		x	=	-188930.6875,
		heading	=	0,
		unitId	=	53,
		speed	=	0,
		coalition	=	"red",
		country	=	7,
		type	=	"M-2 Bradley",
	}, -- end of [84]
	[85] = 
	{
		y	=	-164735,
		x	=	-190327.21875,
		heading	=	-0.68067818880081,
		unitId	=	54,
		speed	=	0,
		coalition	=	"red",
		country	=	7,
		type	=	"LAV-25",
	}, -- end of [85]
	[86] = 
	{
		y	=	-160300.859375,
		x	=	-190071.953125,
		heading	=	0,
		unitId	=	55,
		speed	=	0,
		coalition	=	"red",
		country	=	7,
		type	=	"SA-11 Buk CC 9S470M1",
	}, -- end of [86]
	[87] = 
	{
		y	=	-160075.828125,
		x	=	-190880.75,
		heading	=	0,
		unitId	=	56,
		speed	=	0,
		coalition	=	"red",
		country	=	7,
		type	=	"Gepard",
	}, -- end of [87]
	[88] = 
	{
		y	=	-161528.359375,
		x	=	-190632.484375,
		heading	=	-6.2831854820251,
		unitId	=	57,
		speed	=	0,
		coalition	=	"red",
		country	=	7,
		type	=	"ZSU-23-4 Shilka",
	}, -- end of [88]
	[89] = 
	{
		y	=	-160208.515625,
		x	=	-192453.984375,
		heading	=	-9.0949025654402e-13,
		unitId	=	58,
		speed	=	0,
		coalition	=	"red",
		country	=	7,
		type	=	"Osa 9A33 ln",
	}, -- end of [89]
	[90] = 
	{
		y	=	-162505.890625,
		x	=	-187863.46875,
		heading	=	-0.78539830446243,
		unitId	=	59,
		speed	=	0,
		coalition	=	"red",
		country	=	7,
		type	=	"Osa 9A33 ln",
	}, -- end of [90]
	[91] = 
	{
		y	=	-160421.71875,
		x	=	-190087.390625,
		heading	=	0,
		unitId	=	1505,
		speed	=	0,
		coalition	=	"red",
		country	=	7,
		type	=	"SA-11 Buk LN 9A310M1",
	}, -- end of [91]
	[92] = 
	{
		y	=	-175469.4375,
		x	=	-189271,
		heading	=	0,
		unitId	=	60,
		speed	=	0,
		coalition	=	"red",
		country	=	7,
		type	=	"BTR-80",
	}, -- end of [92]
	[93] = 
	{
		y	=	-176469.328125,
		x	=	-189374.234375,
		heading	=	-6.2831854820251,
		unitId	=	61,
		speed	=	0,
		coalition	=	"red",
		country	=	7,
		type	=	"BMP-3",
	}, -- end of [93]
	[94] = 
	{
		y	=	-175146.703125,
		x	=	-190049.71875,
		heading	=	0,
		unitId	=	62,
		speed	=	0,
		coalition	=	"red",
		country	=	7,
		type	=	"M1126 Stryker ICV",
	}, -- end of [94]
	[95] = 
	{
		y	=	-175985.453125,
		x	=	-190638.90625,
		heading	=	0,
		unitId	=	63,
		speed	=	0,
		coalition	=	"red",
		country	=	7,
		type	=	"Marder",
	}, -- end of [95]
	[96] = 
	{
		y	=	-176948.046875,
		x	=	-189289.765625,
		heading	=	0,
		unitId	=	64,
		speed	=	0,
		coalition	=	"red",
		country	=	7,
		type	=	"M-2 Bradley",
	}, -- end of [96]
	[97] = 
	{
		y	=	-174707.78125,
		x	=	-190772.3125,
		heading	=	0,
		unitId	=	65,
		speed	=	0,
		coalition	=	"red",
		country	=	7,
		type	=	"2S6 Tunguska",
	}, -- end of [97]
	[98] = 
	{
		y	=	-175873.515625,
		x	=	-188796.734375,
		heading	=	0,
		unitId	=	66,
		speed	=	0,
		coalition	=	"red",
		country	=	7,
		type	=	"Tor 9A331",
	}, -- end of [98]
	[99] = 
	{
		y	=	-65316.64453125,
		x	=	-211466.859375,
		heading	=	0,
		unitId	=	67,
		speed	=	0,
		coalition	=	"red",
		country	=	7,
		type	=	"LAV-25",
	}, -- end of [99]
	[100] = 
	{
		y	=	-65196.21875,
		x	=	-213205.5,
		heading	=	-1.6406096220016,
		unitId	=	68,
		speed	=	0,
		coalition	=	"red",
		country	=	7,
		type	=	"M-1 Abrams",
	}, -- end of [100]
	[101] = 
	{
		y	=	-65995.5078125,
		x	=	-209951,
		heading	=	-1.5358899831772,
		unitId	=	69,
		speed	=	0,
		coalition	=	"red",
		country	=	7,
		type	=	"BMP-3",
	}, -- end of [101]
	[102] = 
	{
		y	=	-64661.46875,
		x	=	-210448.078125,
		heading	=	0,
		unitId	=	70,
		speed	=	0,
		coalition	=	"red",
		country	=	7,
		type	=	"BMP-3",
	}, -- end of [102]
	[103] = 
	{
		y	=	-64374.69140625,
		x	=	-209411.4375,
		heading	=	0,
		unitId	=	71,
		speed	=	0,
		coalition	=	"red",
		country	=	7,
		type	=	"BMP-3",
	}, -- end of [103]
	[104] = 
	{
		y	=	-65995.5078125,
		x	=	-208525.609375,
		heading	=	-1.4556271119015e-11,
		unitId	=	72,
		speed	=	0,
		coalition	=	"red",
		country	=	7,
		type	=	"Roland Radar",
	}, -- end of [104]
	[105] = 
	{
		y	=	-64289.72265625,
		x	=	-209141.65625,
		heading	=	-1.448623418808,
		unitId	=	73,
		speed	=	0,
		coalition	=	"red",
		country	=	7,
		type	=	"Gepard",
	}, -- end of [105]
	[106] = 
	{
		y	=	-64451.16796875,
		x	=	-208504.375,
		heading	=	-1.6580628156662,
		unitId	=	74,
		speed	=	0,
		coalition	=	"red",
		country	=	7,
		type	=	"Stinger comm",
	}, -- end of [106]
	[107] = 
	{
		y	=	-65874.421875,
		x	=	-209428.421875,
		heading	=	-5.8176824468958e-11,
		unitId	=	75,
		speed	=	0,
		coalition	=	"red",
		country	=	7,
		type	=	"Gepard",
	}, -- end of [107]
	[108] = 
	{
		y	=	-63968.95703125,
		x	=	-209927.625,
		heading	=	-6.2831854820251,
		unitId	=	76,
		speed	=	0,
		coalition	=	"red",
		country	=	7,
		type	=	"Osa 9A33 ln",
	}, -- end of [108]
	[109] = 
	{
		y	=	-65683.2421875,
		x	=	-209734.3125,
		heading	=	-1.6057026386261,
		unitId	=	77,
		speed	=	0,
		coalition	=	"red",
		country	=	7,
		type	=	"M-109",
	}, -- end of [109]
	[110] = 
	{
		y	=	-65896.1875,
		x	=	-211530.84375,
		heading	=	0,
		unitId	=	78,
		speed	=	0,
		coalition	=	"red",
		country	=	7,
		type	=	"Predator TrojanSpirit",
	}, -- end of [110]
	[111] = 
	{
		y	=	-65814.9453125,
		x	=	-210562.78125,
		heading	=	0,
		unitId	=	79,
		speed	=	0,
		coalition	=	"red",
		country	=	7,
		type	=	"BMP-3",
	}, -- end of [111]
	[112] = 
	{
		y	=	-65936.0234375,
		x	=	-208557.484375,
		heading	=	-1.5707963705063,
		unitId	=	80,
		speed	=	0,
		coalition	=	"red",
		country	=	7,
		type	=	"Roland ADS",
	}, -- end of [112]
	[113] = 
	{
		y	=	-108707.6875,
		x	=	-140022.421875,
		heading	=	0,
		unitId	=	81,
		speed	=	0,
		coalition	=	"red",
		country	=	7,
		type	=	"AAV7",
	}, -- end of [113]
	[114] = 
	{
		y	=	-110496.8125,
		x	=	-140389.1875,
		heading	=	0,
		unitId	=	82,
		speed	=	0,
		coalition	=	"red",
		country	=	7,
		type	=	"AAV7",
	}, -- end of [114]
	[115] = 
	{
		y	=	-110118.8359375,
		x	=	-139824.09375,
		heading	=	0,
		unitId	=	83,
		speed	=	0,
		coalition	=	"red",
		country	=	7,
		type	=	"BTR_D",
	}, -- end of [115]
	[116] = 
	{
		y	=	-110869.9140625,
		x	=	-139361.890625,
		heading	=	0,
		unitId	=	84,
		speed	=	0,
		coalition	=	"red",
		country	=	7,
		type	=	"BMP-1",
	}, -- end of [116]
	[117] = 
	{
		y	=	-112259.109375,
		x	=	-137821.796875,
		heading	=	0,
		unitId	=	85,
		speed	=	0,
		coalition	=	"red",
		country	=	7,
		type	=	"BMP-3",
	}, -- end of [117]
	[118] = 
	{
		y	=	-109682.796875,
		x	=	-141433.4375,
		heading	=	-0.68067812919617,
		unitId	=	86,
		speed	=	0,
		coalition	=	"red",
		country	=	7,
		type	=	"M-2 Bradley",
	}, -- end of [118]
	[119] = 
	{
		y	=	-107643.1875,
		x	=	-140641.75,
		heading	=	-4.5475082033342e-13,
		unitId	=	87,
		speed	=	0,
		coalition	=	"red",
		country	=	7,
		type	=	"2S6 Tunguska",
	}, -- end of [119]
	[120] = 
	{
		y	=	-112657.1875,
		x	=	-139530.40625,
		heading	=	-2.9108965238223e-11,
		unitId	=	88,
		speed	=	0,
		coalition	=	"red",
		country	=	7,
		type	=	"Vulcan",
	}, -- end of [120]
	[121] = 
	{
		y	=	-111995.2109375,
		x	=	-139964.28125,
		heading	=	0,
		unitId	=	89,
		speed	=	0,
		coalition	=	"red",
		country	=	7,
		type	=	"Ural-375 ZU-23 Insurgent",
	}, -- end of [121]
	[122] = 
	{
		y	=	-109096.859375,
		x	=	-142336.953125,
		heading	=	0,
		unitId	=	90,
		speed	=	0,
		coalition	=	"red",
		country	=	7,
		type	=	"Tor 9A331",
	}, -- end of [122]
	[123] = 
	{
		y	=	-110729.3984375,
		x	=	-138805.8125,
		heading	=	-0.78539830446243,
		unitId	=	91,
		speed	=	0,
		coalition	=	"red",
		country	=	7,
		type	=	"2S6 Tunguska",
	}, -- end of [123]
	[124] = 
	{
		y	=	-91315.984375,
		x	=	-126951.984375,
		heading	=	0,
		unitId	=	92,
		speed	=	0,
		coalition	=	"red",
		country	=	7,
		type	=	"SA-11 Buk CC 9S470M1",
	}, -- end of [124]
	[125] = 
	{
		y	=	-91434.765625,
		x	=	-127026.8515625,
		heading	=	0,
		unitId	=	93,
		speed	=	0,
		coalition	=	"red",
		country	=	7,
		type	=	"SA-11 Buk LN 9A310M1",
	}, -- end of [125]
	[126] = 
	{
		y	=	-91346.28125,
		x	=	-127045.2890625,
		heading	=	0,
		unitId	=	94,
		speed	=	0,
		coalition	=	"red",
		country	=	7,
		type	=	"SA-11 Buk LN 9A310M1",
	}, -- end of [126]
	[127] = 
	{
		y	=	-91408.9609375,
		x	=	-126942.0546875,
		heading	=	0,
		unitId	=	95,
		speed	=	0,
		coalition	=	"red",
		country	=	7,
		type	=	"SA-11 Buk SR 9S18M1",
	}, -- end of [127]
	[128] = 
	{
		y	=	-89715.8828125,
		x	=	-125407.1953125,
		heading	=	-4.5475076612331e-13,
		unitId	=	96,
		speed	=	0,
		coalition	=	"red",
		country	=	7,
		type	=	"M978 HEMTT Tanker",
	}, -- end of [128]
	[129] = 
	{
		y	=	-91360.2265625,
		x	=	-126339.96875,
		heading	=	0,
		unitId	=	97,
		speed	=	0,
		coalition	=	"red",
		country	=	7,
		type	=	"Tigr_233036",
	}, -- end of [129]
	[130] = 
	{
		y	=	-86961.8046875,
		x	=	-126310.4765625,
		heading	=	0,
		unitId	=	98,
		speed	=	0,
		coalition	=	"red",
		country	=	7,
		type	=	"Strela-10M3",
	}, -- end of [130]
	[131] = 
	{
		y	=	-89812.078125,
		x	=	-126105.3984375,
		heading	=	0,
		unitId	=	99,
		speed	=	0,
		coalition	=	"red",
		country	=	7,
		type	=	"M-2 Bradley",
	}, -- end of [131]
	[132] = 
	{
		y	=	-88643.0078125,
		x	=	-125514.109375,
		heading	=	-9.0946602462547e-13,
		unitId	=	100,
		speed	=	0,
		coalition	=	"red",
		country	=	7,
		type	=	"Ural-375 ZU-23 Insurgent",
	}, -- end of [132]
	[133] = 
	{
		y	=	-88222.7109375,
		x	=	-126236.734375,
		heading	=	0,
		unitId	=	101,
		speed	=	0,
		coalition	=	"red",
		country	=	7,
		type	=	"M6 Linebacker",
	}, -- end of [133]
	[134] = 
	{
		y	=	-90744.515625,
		x	=	-125591.5390625,
		heading	=	0,
		unitId	=	102,
		speed	=	0,
		coalition	=	"red",
		country	=	7,
		type	=	"M-1 Abrams",
	}, -- end of [134]
	[135] = 
	{
		y	=	-91507.6953125,
		x	=	-126940.921875,
		heading	=	0,
		unitId	=	103,
		speed	=	0,
		coalition	=	"red",
		country	=	7,
		type	=	"Hummer",
	}, -- end of [135]
	[136] = 
	{
		y	=	-90711.3359375,
		x	=	-126421.078125,
		heading	=	0,
		unitId	=	104,
		speed	=	0,
		coalition	=	"red",
		country	=	7,
		type	=	"Gepard",
	}, -- end of [136]
	[137] = 
	{
		y	=	-90323.0703125,
		x	=	-99803.3984375,
		heading	=	0,
		unitId	=	105,
		speed	=	0,
		coalition	=	"red",
		country	=	7,
		type	=	"AAV7",
	}, -- end of [137]
	[138] = 
	{
		y	=	-89755.0390625,
		x	=	-100176.421875,
		heading	=	0,
		unitId	=	106,
		speed	=	0,
		coalition	=	"red",
		country	=	7,
		type	=	"Leclerc",
	}, -- end of [138]
	[139] = 
	{
		y	=	-90735.9453125,
		x	=	-99045.78125,
		heading	=	-3.0368728637695,
		unitId	=	107,
		speed	=	0,
		coalition	=	"red",
		country	=	7,
		type	=	"M-1 Abrams",
	}, -- end of [139]
	[140] = 
	{
		y	=	-86970.5546875,
		x	=	-101786.1015625,
		heading	=	-2.3561944961548,
		unitId	=	108,
		speed	=	0,
		coalition	=	"red",
		country	=	7,
		type	=	"Gepard",
	}, -- end of [140]
	[141] = 
	{
		y	=	-91034.53125,
		x	=	-100175.375,
		heading	=	-1.3788102865219,
		unitId	=	109,
		speed	=	0,
		coalition	=	"red",
		country	=	7,
		type	=	"Vulcan",
	}, -- end of [141]
	[142] = 
	{
		y	=	-88922.8359375,
		x	=	-101970.4921875,
		heading	=	-2.5132739543915,
		unitId	=	110,
		speed	=	0,
		coalition	=	"red",
		country	=	7,
		type	=	"Gepard",
	}, -- end of [142]
	[143] = 
	{
		y	=	-90955.7890625,
		x	=	-99651.875,
		heading	=	0,
		unitId	=	111,
		speed	=	0,
		coalition	=	"red",
		country	=	7,
		type	=	"Strela-10M3",
	}, -- end of [143]
	[144] = 
	{
		y	=	-87116.9296875,
		x	=	-101538.8046875,
		heading	=	-2.8099799156189,
		unitId	=	112,
		speed	=	0,
		coalition	=	"red",
		country	=	7,
		type	=	"2S6 Tunguska",
	}, -- end of [144]
	[145] = 
	{
		y	=	-85872.2109375,
		x	=	-101761.84375,
		heading	=	-0.20943959057331,
		unitId	=	113,
		speed	=	0,
		coalition	=	"red",
		country	=	7,
		type	=	"Gepard",
	}, -- end of [145]
	[146] = 
	{
		y	=	-86640.40625,
		x	=	-102020.5625,
		heading	=	-2.722713470459,
		unitId	=	114,
		speed	=	0,
		coalition	=	"red",
		country	=	7,
		type	=	"Hummer",
	}, -- end of [146]
	[147] = 
	{
		y	=	-88946.921875,
		x	=	-100669.609375,
		heading	=	-2.3561944961548,
		unitId	=	115,
		speed	=	0,
		coalition	=	"red",
		country	=	7,
		type	=	"Ural-375",
	}, -- end of [147]
	[148] = 
	{
		y	=	-89951.703125,
		x	=	-100463.1640625,
		heading	=	-2.2165682315826,
		unitId	=	116,
		speed	=	0,
		coalition	=	"red",
		country	=	7,
		type	=	"Gepard",
	}, -- end of [148]
	[149] = 
	{
		y	=	-90300.65625,
		x	=	-99268.8203125,
		heading	=	-2.60054063797,
		unitId	=	117,
		speed	=	0,
		coalition	=	"red",
		country	=	7,
		type	=	"ZSU-23-4 Shilka",
	}, -- end of [149]
	[150] = 
	{
		y	=	-86433.4140625,
		x	=	-102920.21875,
		heading	=	0,
		unitId	=	118,
		speed	=	0,
		coalition	=	"red",
		country	=	7,
		type	=	"2S6 Tunguska",
	}, -- end of [150]
	[151] = 
	{
		y	=	-90557.140625,
		x	=	-99206.484375,
		heading	=	-3.0543260574341,
		unitId	=	119,
		speed	=	0,
		coalition	=	"red",
		country	=	7,
		type	=	"Strela-1 9P31",
	}, -- end of [151]
	[152] = 
	{
		y	=	-74419.4140625,
		x	=	-91466.2265625,
		heading	=	-6.2831854820251,
		unitId	=	120,
		speed	=	0,
		coalition	=	"red",
		country	=	7,
		type	=	"AAV7",
	}, -- end of [152]
	[153] = 
	{
		y	=	-73297.34375,
		x	=	-93023.7265625,
		heading	=	0,
		unitId	=	121,
		speed	=	0,
		coalition	=	"red",
		country	=	7,
		type	=	"LAV-25",
	}, -- end of [153]
	[154] = 
	{
		y	=	-74624.5625,
		x	=	-92433.3828125,
		heading	=	0,
		unitId	=	122,
		speed	=	0,
		coalition	=	"red",
		country	=	7,
		type	=	"M-2 Bradley",
	}, -- end of [154]
	[155] = 
	{
		y	=	-71878.0078125,
		x	=	-92973.484375,
		heading	=	0,
		unitId	=	123,
		speed	=	0,
		coalition	=	"red",
		country	=	7,
		type	=	"BRDM-2",
	}, -- end of [155]
	[156] = 
	{
		y	=	-73284.78125,
		x	=	-91307.1328125,
		heading	=	0,
		unitId	=	124,
		speed	=	0,
		coalition	=	"red",
		country	=	7,
		type	=	"Marder",
	}, -- end of [156]
	[157] = 
	{
		y	=	-70915.0390625,
		x	=	-93254,
		heading	=	0,
		unitId	=	125,
		speed	=	0,
		coalition	=	"red",
		country	=	7,
		type	=	"Tor 9A331",
	}, -- end of [157]
	[158] = 
	{
		y	=	-76172.8125,
		x	=	-91628.6953125,
		heading	=	-6.2831854820251,
		unitId	=	126,
		speed	=	0,
		coalition	=	"red",
		country	=	7,
		type	=	"2S6 Tunguska",
	}, -- end of [158]
	[159] = 
	{
		y	=	-31324.490234375,
		x	=	-60533.73828125,
		heading	=	-1.4550710462913e-11,
		unitId	=	127,
		speed	=	0,
		coalition	=	"red",
		country	=	7,
		type	=	"Gepard",
	}, -- end of [159]
	[160] = 
	{
		y	=	-31086.98828125,
		x	=	-62170.390625,
		heading	=	0,
		unitId	=	128,
		speed	=	0,
		coalition	=	"red",
		country	=	7,
		type	=	"M-1 Abrams",
	}, -- end of [160]
	[161] = 
	{
		y	=	-30470.89453125,
		x	=	-60832.3828125,
		heading	=	0,
		unitId	=	129,
		speed	=	0,
		coalition	=	"red",
		country	=	7,
		type	=	"M-2 Bradley",
	}, -- end of [161]
	[162] = 
	{
		y	=	-30278.0703125,
		x	=	-63367.3046875,
		heading	=	0,
		unitId	=	130,
		speed	=	0,
		coalition	=	"red",
		country	=	7,
		type	=	"2S6 Tunguska",
	}, -- end of [162]
	[163] = 
	{
		y	=	-30604.3046875,
		x	=	-61663.34765625,
		heading	=	-1.7763568394003e-15,
		unitId	=	131,
		speed	=	0,
		coalition	=	"red",
		country	=	7,
		type	=	"BMP-3",
	}, -- end of [163]
	[164] = 
	{
		y	=	-30120.51953125,
		x	=	-61624.83984375,
		heading	=	0,
		unitId	=	132,
		speed	=	0,
		coalition	=	"red",
		country	=	7,
		type	=	"Tor 9A331",
	}, -- end of [164]
	[165] = 
	{
		y	=	-30640.6171875,
		x	=	-59996.23828125,
		heading	=	0,
		unitId	=	133,
		speed	=	0,
		coalition	=	"red",
		country	=	7,
		type	=	"1L13 EWR",
	}, -- end of [165]
	[166] = 
	{
		y	=	-31644.7109375,
		x	=	-59718.76171875,
		heading	=	0,
		unitId	=	1749,
		speed	=	0,
		coalition	=	"red",
		country	=	7,
		type	=	"55G6 EWR",
	}, -- end of [166]
	[167] = 
	{
		y	=	-121486.78125,
		x	=	-30505.28515625,
		heading	=	-3.0543260574341,
		unitId	=	146,
		speed	=	0,
		coalition	=	"red",
		country	=	7,
		type	=	"Gepard",
	}, -- end of [167]
	[168] = 
	{
		y	=	-123108.265625,
		x	=	-31473.470703125,
		heading	=	-3.0543260574341,
		unitId	=	147,
		speed	=	0,
		coalition	=	"red",
		country	=	7,
		type	=	"Gepard",
	}, -- end of [168]
	[169] = 
	{
		y	=	-121372.3046875,
		x	=	-32671.376953125,
		heading	=	-3.0543260574341,
		unitId	=	148,
		speed	=	0,
		coalition	=	"red",
		country	=	7,
		type	=	"Kub 2P25 ln",
	}, -- end of [169]
	[170] = 
	{
		y	=	-122238.5,
		x	=	-31106.267578125,
		heading	=	-3.0543260574341,
		unitId	=	149,
		speed	=	0,
		coalition	=	"red",
		country	=	7,
		type	=	"Kub 2P25 ln",
	}, -- end of [170]
	[171] = 
	{
		y	=	-119755.921875,
		x	=	-30957.60546875,
		heading	=	-3.0543260574341,
		unitId	=	150,
		speed	=	0,
		coalition	=	"red",
		country	=	7,
		type	=	"Osa 9A33 ln",
	}, -- end of [171]
	[172] = 
	{
		y	=	-122186.234375,
		x	=	-31083.484375,
		heading	=	-3.0543260574341,
		unitId	=	151,
		speed	=	0,
		coalition	=	"red",
		country	=	7,
		type	=	"Kub 1S91 str",
	}, -- end of [172]
	[173] = 
	{
		y	=	-121315.578125,
		x	=	-32669.013671875,
		heading	=	-3.0543260574341,
		unitId	=	152,
		speed	=	0,
		coalition	=	"red",
		country	=	7,
		type	=	"Kub 1S91 str",
	}, -- end of [173]
	[174] = 
	{
		y	=	-122227.7734375,
		x	=	-31070.08203125,
		heading	=	-3.0543260574341,
		unitId	=	1514,
		speed	=	0,
		coalition	=	"red",
		country	=	7,
		type	=	"Kub 2P25 ln",
	}, -- end of [174]
	[175] = 
	{
		y	=	-109888.375,
		x	=	9317.5830078125,
		heading	=	-3.0543260574341,
		unitId	=	153,
		speed	=	0,
		coalition	=	"red",
		country	=	7,
		type	=	"S_75M_Volhov",
	}, -- end of [175]
	[176] = 
	{
		y	=	-109870.203125,
		x	=	9319.6796875,
		heading	=	-3.0543260574341,
		unitId	=	154,
		speed	=	0,
		coalition	=	"red",
		country	=	7,
		type	=	"SNR_75V",
	}, -- end of [176]
	[177] = 
	{
		y	=	-109325.078125,
		x	=	9333.6572265625,
		heading	=	-3.0543260574341,
		unitId	=	155,
		speed	=	0,
		coalition	=	"red",
		country	=	7,
		type	=	"Gepard",
	}, -- end of [177]
	[178] = 
	{
		y	=	-109410.34375,
		x	=	8725.6279296875,
		heading	=	-3.0543260574341,
		unitId	=	156,
		speed	=	0,
		coalition	=	"red",
		country	=	7,
		type	=	"Ural-375 ZU-23 Insurgent",
	}, -- end of [178]
	[179] = 
	{
		y	=	-92043.828125,
		x	=	11624.677734375,
		heading	=	-3.0543260574341,
		unitId	=	157,
		speed	=	0,
		coalition	=	"red",
		country	=	7,
		type	=	"2S6 Tunguska",
	}, -- end of [179]
	[180] = 
	{
		y	=	-92063.796875,
		x	=	9630.759765625,
		heading	=	-3.0543260574341,
		unitId	=	158,
		speed	=	0,
		coalition	=	"red",
		country	=	7,
		type	=	"Ural-375 ZU-23",
	}, -- end of [180]
	[181] = 
	{
		y	=	-92912.625,
		x	=	10769.190429688,
		heading	=	-3.0543260574341,
		unitId	=	159,
		speed	=	0,
		coalition	=	"red",
		country	=	7,
		type	=	"Ural-375 ZU-23",
	}, -- end of [181]
	[182] = 
	{
		y	=	-93112.3515625,
		x	=	9480.9658203125,
		heading	=	-3.0543260574341,
		unitId	=	160,
		speed	=	0,
		coalition	=	"red",
		country	=	7,
		type	=	"2S6 Tunguska",
	}, -- end of [182]
	[183] = 
	{
		y	=	-412.64663696289,
		x	=	614.59625244141,
		heading	=	-1.7627823352814,
		unitId	=	161,
		speed	=	0,
		coalition	=	"red",
		country	=	7,
		type	=	"Cobra",
	}, -- end of [183]
	[184] = 
	{
		y	=	-727.59191894531,
		x	=	-1546.5802001953,
		heading	=	-6.2831854820251,
		unitId	=	162,
		speed	=	0,
		coalition	=	"red",
		country	=	7,
		type	=	"BMP-3",
	}, -- end of [184]
	[185] = 
	{
		y	=	467.02819824219,
		x	=	861.66540527344,
		heading	=	-1.6057027578354,
		unitId	=	163,
		speed	=	0,
		coalition	=	"red",
		country	=	7,
		type	=	"BMP-3",
	}, -- end of [185]
	[186] = 
	{
		y	=	-461.0703125,
		x	=	-447.34140014648,
		heading	=	0,
		unitId	=	164,
		speed	=	0,
		coalition	=	"red",
		country	=	7,
		type	=	"T-90",
	}, -- end of [186]
	[187] = 
	{
		y	=	952.22583007813,
		x	=	1030.6076660156,
		heading	=	-1.5533431768417,
		unitId	=	165,
		speed	=	0,
		coalition	=	"red",
		country	=	7,
		type	=	"HQ-7_LN_SP",
	}, -- end of [187]
	[188] = 
	{
		y	=	886.82867431641,
		x	=	1012.2147827148,
		heading	=	-1.6929692029953,
		unitId	=	166,
		speed	=	0,
		coalition	=	"red",
		country	=	7,
		type	=	"HQ-7_LN_SP",
	}, -- end of [188]
	[189] = 
	{
		y	=	892.95965576172,
		x	=	1055.1317138672,
		heading	=	0,
		unitId	=	167,
		speed	=	0,
		coalition	=	"red",
		country	=	7,
		type	=	"HQ-7_STR_SP",
	}, -- end of [189]
	[190] = 
	{
		y	=	152.08288574219,
		x	=	-1275.0755615234,
		heading	=	-1.5707963705063,
		unitId	=	168,
		speed	=	0,
		coalition	=	"red",
		country	=	7,
		type	=	"2S6 Tunguska",
	}, -- end of [190]
	[191] = 
	{
		y	=	76.06160736084,
		x	=	-487.71231079102,
		heading	=	-6.2831854820251,
		unitId	=	169,
		speed	=	0,
		coalition	=	"red",
		country	=	7,
		type	=	"Gepard",
	}, -- end of [191]
	[192] = 
	{
		y	=	-646.14056396484,
		x	=	-1234.3498535156,
		heading	=	-6.2831854820251,
		unitId	=	170,
		speed	=	0,
		coalition	=	"red",
		country	=	7,
		type	=	"ZSU-23-4 Shilka",
	}, -- end of [192]
	[193] = 
	{
		y	=	-390.92626953125,
		x	=	1122.3098144531,
		heading	=	-1.6231564283371,
		unitId	=	171,
		speed	=	0,
		coalition	=	"red",
		country	=	7,
		type	=	"Tor 9A331",
	}, -- end of [193]
	[194] = 
	{
		y	=	-34627.1328125,
		x	=	62686.109375,
		heading	=	0,
		unitId	=	183,
		speed	=	0,
		coalition	=	"red",
		country	=	7,
		type	=	"AAV7",
	}, -- end of [194]
	[195] = 
	{
		y	=	-34499.53515625,
		x	=	64893.13671875,
		heading	=	0,
		unitId	=	184,
		speed	=	0,
		coalition	=	"red",
		country	=	7,
		type	=	"Leclerc",
	}, -- end of [195]
	[196] = 
	{
		y	=	-33033.75390625,
		x	=	64818.17578125,
		heading	=	0,
		unitId	=	185,
		speed	=	0,
		coalition	=	"red",
		country	=	7,
		type	=	"M-1 Abrams",
	}, -- end of [196]
	[197] = 
	{
		y	=	-32538.255859375,
		x	=	64368.5546875,
		heading	=	-6.2831854820251,
		unitId	=	186,
		speed	=	0,
		coalition	=	"red",
		country	=	7,
		type	=	"Vulcan",
	}, -- end of [197]
	[198] = 
	{
		y	=	-31129.91796875,
		x	=	65427.171875,
		heading	=	-1.3788101673126,
		unitId	=	187,
		speed	=	0,
		coalition	=	"red",
		country	=	7,
		type	=	"ZSU-23-4 Shilka",
	}, -- end of [198]
	[199] = 
	{
		y	=	-30699.85546875,
		x	=	66211.6796875,
		heading	=	-1.2566368579865,
		unitId	=	188,
		speed	=	0,
		coalition	=	"red",
		country	=	7,
		type	=	"Gepard",
	}, -- end of [199]
	[200] = 
	{
		y	=	-35600.68359375,
		x	=	63702.19140625,
		heading	=	0,
		unitId	=	189,
		speed	=	0,
		coalition	=	"red",
		country	=	7,
		type	=	"2S6 Tunguska",
	}, -- end of [200]
	[201] = 
	{
		y	=	-33436.19140625,
		x	=	65129.4375,
		heading	=	0,
		unitId	=	190,
		speed	=	0,
		coalition	=	"red",
		country	=	7,
		type	=	"M48 Chaparral",
	}, -- end of [201]
	[202] = 
	{
		y	=	-32753.595703125,
		x	=	66084.296875,
		heading	=	-6.2831854820251,
		unitId	=	191,
		speed	=	0,
		coalition	=	"red",
		country	=	7,
		type	=	"Gepard",
	}, -- end of [202]
	[203] = 
	{
		y	=	-31796.279296875,
		x	=	65266.48828125,
		heading	=	-6.2831854820251,
		unitId	=	192,
		speed	=	0,
		coalition	=	"red",
		country	=	7,
		type	=	"Tor 9A331",
	}, -- end of [203]
	[204] = 
	{
		y	=	-30800.150390625,
		x	=	66204.8828125,
		heading	=	0,
		unitId	=	193,
		speed	=	0,
		coalition	=	"red",
		country	=	7,
		type	=	"Osa 9A33 ln",
	}, -- end of [204]
	[205] = 
	{
		y	=	-28971.642578125,
		x	=	58715.02734375,
		heading	=	-3.0543260574341,
		unitId	=	198,
		speed	=	0,
		coalition	=	"red",
		country	=	7,
		type	=	"Patriot AMG",
	}, -- end of [205]
	[206] = 
	{
		y	=	-28941.958984375,
		x	=	58751.17578125,
		heading	=	-3.0543260574341,
		unitId	=	205,
		speed	=	0,
		coalition	=	"red",
		country	=	7,
		type	=	"Patriot ECS",
	}, -- end of [206]
	[207] = 
	{
		y	=	-28914.3046875,
		x	=	58763.42578125,
		heading	=	-3.0543260574341,
		unitId	=	206,
		speed	=	0,
		coalition	=	"red",
		country	=	7,
		type	=	"Patriot EPP",
	}, -- end of [207]
	[208] = 
	{
		y	=	-28888.662109375,
		x	=	58781.265625,
		heading	=	-3.0543260574341,
		unitId	=	207,
		speed	=	0,
		coalition	=	"red",
		country	=	7,
		type	=	"Patriot cp",
	}, -- end of [208]
	[209] = 
	{
		y	=	-28871.380859375,
		x	=	58795.7578125,
		heading	=	-3.0543260574341,
		unitId	=	208,
		speed	=	0,
		coalition	=	"red",
		country	=	7,
		type	=	"Patriot ln",
	}, -- end of [209]
	[210] = 
	{
		y	=	-28847.966796875,
		x	=	58811.92578125,
		heading	=	-3.0543260574341,
		unitId	=	209,
		speed	=	0,
		coalition	=	"red",
		country	=	7,
		type	=	"Patriot ln",
	}, -- end of [210]
	[211] = 
	{
		y	=	-28823.99609375,
		x	=	58828.08984375,
		heading	=	-3.0543260574341,
		unitId	=	210,
		speed	=	0,
		coalition	=	"red",
		country	=	7,
		type	=	"Patriot str",
	}, -- end of [211]
	[212] = 
	{
		y	=	-6698.6420898438,
		x	=	108917.5390625,
		heading	=	-3.0543260574341,
		unitId	=	213,
		speed	=	0,
		coalition	=	"red",
		country	=	7,
		type	=	"Roland ADS",
	}, -- end of [212]
	[213] = 
	{
		y	=	-6734.744140625,
		x	=	108918.6015625,
		heading	=	-3.0543260574341,
		unitId	=	214,
		speed	=	0,
		coalition	=	"red",
		country	=	7,
		type	=	"Roland Radar",
	}, -- end of [213]
	[214] = 
	{
		y	=	-7711.623046875,
		x	=	108909.046875,
		heading	=	-3.0543260574341,
		unitId	=	215,
		speed	=	0,
		coalition	=	"red",
		country	=	7,
		type	=	"Gepard",
	}, -- end of [214]
	[215] = 
	{
		y	=	-4840.4624023438,
		x	=	109974.3984375,
		heading	=	-3.0543260574341,
		unitId	=	216,
		speed	=	0,
		coalition	=	"red",
		country	=	7,
		type	=	"Gepard",
	}, -- end of [215]
	[216] = 
	{
		y	=	-7121.2485351563,
		x	=	109298.734375,
		heading	=	-3.0543260574341,
		unitId	=	217,
		speed	=	0,
		coalition	=	"red",
		country	=	7,
		type	=	"Gepard",
	}, -- end of [216]
	[217] = 
	{
		y	=	-6709.2602539063,
		x	=	109372,
		heading	=	-3.0543260574341,
		unitId	=	218,
		speed	=	0,
		coalition	=	"red",
		country	=	7,
		type	=	"M-113",
	}, -- end of [217]
	[218] = 
	{
		y	=	-6470.3500976563,
		x	=	109640.640625,
		heading	=	-3.0543260574341,
		unitId	=	219,
		speed	=	0,
		coalition	=	"red",
		country	=	7,
		type	=	"BTR-82A",
	}, -- end of [218]
	[219] = 
	{
		y	=	-5395.7836914063,
		x	=	109070.4453125,
		heading	=	-3.0543260574341,
		unitId	=	220,
		speed	=	0,
		coalition	=	"red",
		country	=	7,
		type	=	"M-1 Abrams",
	}, -- end of [219]
	[220] = 
	{
		y	=	-5642.126953125,
		x	=	109892.296875,
		heading	=	-3.0543260574341,
		unitId	=	221,
		speed	=	0,
		coalition	=	"red",
		country	=	7,
		type	=	"BTR_D",
	}, -- end of [220]
	[221] = 
	{
		y	=	14275.379882813,
		x	=	116116.1015625,
		heading	=	0,
		unitId	=	222,
		speed	=	0,
		coalition	=	"red",
		country	=	7,
		type	=	"BTR-80",
	}, -- end of [221]
	[222] = 
	{
		y	=	14454.817382813,
		x	=	115933.2421875,
		heading	=	0,
		unitId	=	223,
		speed	=	0,
		coalition	=	"red",
		country	=	7,
		type	=	"Leopard1A3",
	}, -- end of [222]
	[223] = 
	{
		y	=	14461.383789063,
		x	=	116415.875,
		heading	=	0,
		unitId	=	224,
		speed	=	0,
		coalition	=	"red",
		country	=	7,
		type	=	"M-1 Abrams",
	}, -- end of [223]
	[224] = 
	{
		y	=	14841.48828125,
		x	=	116127.34375,
		heading	=	-3.6378946730031e-12,
		unitId	=	225,
		speed	=	0,
		coalition	=	"red",
		country	=	7,
		type	=	"Vulcan",
	}, -- end of [224]
	[225] = 
	{
		y	=	13534.322265625,
		x	=	115866.078125,
		heading	=	-1.3788101673126,
		unitId	=	226,
		speed	=	0,
		coalition	=	"red",
		country	=	7,
		type	=	"Vulcan",
	}, -- end of [225]
	[226] = 
	{
		y	=	13942.580078125,
		x	=	114992.1171875,
		heading	=	-1.2566369771957,
		unitId	=	227,
		speed	=	0,
		coalition	=	"red",
		country	=	7,
		type	=	"ZSU-23-4 Shilka",
	}, -- end of [226]
	[227] = 
	{
		y	=	12615.69140625,
		x	=	113790.4375,
		heading	=	0,
		unitId	=	228,
		speed	=	0,
		coalition	=	"red",
		country	=	7,
		type	=	"2S6 Tunguska",
	}, -- end of [227]
	[228] = 
	{
		y	=	15778.211914063,
		x	=	117346.8359375,
		heading	=	-3.6380690127125e-12,
		unitId	=	229,
		speed	=	0,
		coalition	=	"red",
		country	=	7,
		type	=	"M48 Chaparral",
	}, -- end of [228]
	[229] = 
	{
		y	=	15694.489257813,
		x	=	117635.6796875,
		heading	=	0,
		unitId	=	230,
		speed	=	0,
		coalition	=	"red",
		country	=	7,
		type	=	"Tor 9A331",
	}, -- end of [229]
	[230] = 
	{
		y	=	15146.1015625,
		x	=	117646.140625,
		heading	=	-6.2831854820251,
		unitId	=	231,
		speed	=	0,
		coalition	=	"red",
		country	=	7,
		type	=	"Hummer",
	}, -- end of [230]
	[231] = 
	{
		y	=	13528.5078125,
		x	=	115927.125,
		heading	=	0,
		unitId	=	232,
		speed	=	0,
		coalition	=	"red",
		country	=	7,
		type	=	"Ural-375",
	}, -- end of [231]
	[232] = 
	{
		y	=	13484.90234375,
		x	=	115180.015625,
		heading	=	0,
		unitId	=	233,
		speed	=	0,
		coalition	=	"red",
		country	=	7,
		type	=	"Gepard",
	}, -- end of [232]
	[233] = 
	{
		y	=	15231.91796875,
		x	=	118288.71875,
		heading	=	-6.2831854820251,
		unitId	=	234,
		speed	=	0,
		coalition	=	"red",
		country	=	7,
		type	=	"ZSU-23-4 Shilka",
	}, -- end of [233]
	[234] = 
	{
		y	=	12723.252929688,
		x	=	115028.84375,
		heading	=	-6.2831854820251,
		unitId	=	235,
		speed	=	0,
		coalition	=	"red",
		country	=	7,
		type	=	"2S6 Tunguska",
	}, -- end of [234]
	[235] = 
	{
		y	=	13892.438476563,
		x	=	116908.671875,
		heading	=	0,
		unitId	=	236,
		speed	=	0,
		coalition	=	"red",
		country	=	7,
		type	=	"Strela-1 9P31",
	}, -- end of [235]
	[236] = 
	{
		y	=	-141544.25,
		x	=	41265.13671875,
		heading	=	-3.0543260574341,
		unitId	=	237,
		speed	=	0,
		coalition	=	"red",
		country	=	7,
		type	=	"5p73 s-125 ln",
	}, -- end of [236]
	[237] = 
	{
		y	=	-141526.140625,
		x	=	41266.7109375,
		heading	=	-3.0543260574341,
		unitId	=	238,
		speed	=	0,
		coalition	=	"red",
		country	=	7,
		type	=	"snr s-125 tr",
	}, -- end of [237]
	[238] = 
	{
		y	=	-142378.640625,
		x	=	41061.26171875,
		heading	=	-3.0543260574341,
		unitId	=	239,
		speed	=	0,
		coalition	=	"red",
		country	=	7,
		type	=	"Gepard",
	}, -- end of [238]
	[239] = 
	{
		y	=	-140350.109375,
		x	=	41274.58203125,
		heading	=	-3.6128318309784,
		unitId	=	240,
		speed	=	0,
		coalition	=	"red",
		country	=	7,
		type	=	"Gepard",
	}, -- end of [239]
	[240] = 
	{
		y	=	-171821.65625,
		x	=	-27688.98828125,
		heading	=	-3.6128318309784,
		unitId	=	241,
		speed	=	0,
		coalition	=	"red",
		country	=	7,
		type	=	"Hawk cwar",
	}, -- end of [240]
	[241] = 
	{
		y	=	-171810.796875,
		x	=	-27673.125,
		heading	=	-3.6128318309784,
		unitId	=	247,
		speed	=	0,
		coalition	=	"red",
		country	=	7,
		type	=	"Hawk ln",
	}, -- end of [241]
	[242] = 
	{
		y	=	-171814.015625,
		x	=	-27661.8359375,
		heading	=	-3.6128318309784,
		unitId	=	248,
		speed	=	0,
		coalition	=	"red",
		country	=	7,
		type	=	"Hawk ln",
	}, -- end of [242]
	[243] = 
	{
		y	=	-171809.578125,
		x	=	-27643.693359375,
		heading	=	-3.6128318309784,
		unitId	=	249,
		speed	=	0,
		coalition	=	"red",
		country	=	7,
		type	=	"Hawk pcp",
	}, -- end of [243]
	[244] = 
	{
		y	=	-171812.40625,
		x	=	-27655.384765625,
		heading	=	-3.6128318309784,
		unitId	=	250,
		speed	=	0,
		coalition	=	"red",
		country	=	7,
		type	=	"Hawk sr",
	}, -- end of [244]
	[245] = 
	{
		y	=	-171803.125,
		x	=	-27648.53125,
		heading	=	-3.6128318309784,
		unitId	=	251,
		speed	=	0,
		coalition	=	"red",
		country	=	7,
		type	=	"Hawk tr",
	}, -- end of [245]
	[246] = 
	{
		y	=	-221969.921875,
		x	=	41964.40234375,
		heading	=	0,
		unitId	=	252,
		speed	=	0,
		coalition	=	"red",
		country	=	7,
		type	=	"SA-11 Buk CC 9S470M1",
	}, -- end of [246]
	[247] = 
	{
		y	=	-221995.46875,
		x	=	41878.60546875,
		heading	=	0,
		unitId	=	253,
		speed	=	0,
		coalition	=	"red",
		country	=	7,
		type	=	"SA-11 Buk LN 9A310M1",
	}, -- end of [247]
	[248] = 
	{
		y	=	-221949.828125,
		x	=	41922.41796875,
		heading	=	0,
		unitId	=	254,
		speed	=	0,
		coalition	=	"red",
		country	=	7,
		type	=	"SA-11 Buk LN 9A310M1",
	}, -- end of [248]
	[249] = 
	{
		y	=	-222011.90625,
		x	=	41927.89453125,
		heading	=	0,
		unitId	=	255,
		speed	=	0,
		coalition	=	"red",
		country	=	7,
		type	=	"SA-11 Buk SR 9S18M1",
	}, -- end of [249]
	[250] = 
	{
		y	=	-223906.21875,
		x	=	42834.7890625,
		heading	=	-5.8396600055577e-11,
		unitId	=	256,
		speed	=	0,
		coalition	=	"red",
		country	=	7,
		type	=	"M978 HEMTT Tanker",
	}, -- end of [250]
	[251] = 
	{
		y	=	-225114.375,
		x	=	42073.0546875,
		heading	=	-4.0840706825256,
		unitId	=	257,
		speed	=	0,
		coalition	=	"red",
		country	=	7,
		type	=	"Hummer",
	}, -- end of [251]
	[252] = 
	{
		y	=	-227097.546875,
		x	=	42235.69140625,
		heading	=	-3.8048179149628,
		unitId	=	258,
		speed	=	0,
		coalition	=	"red",
		country	=	7,
		type	=	"2S6 Tunguska",
	}, -- end of [252]
	[253] = 
	{
		y	=	-224794.078125,
		x	=	42979.171875,
		heading	=	-3.5255651473999,
		unitId	=	259,
		speed	=	0,
		coalition	=	"red",
		country	=	7,
		type	=	"Challenger2",
	}, -- end of [253]
	[254] = 
	{
		y	=	-225469.515625,
		x	=	42914.44921875,
		heading	=	0,
		unitId	=	260,
		speed	=	0,
		coalition	=	"red",
		country	=	7,
		type	=	"Gepard",
	}, -- end of [254]
	[255] = 
	{
		y	=	-227107.5,
		x	=	43274.5703125,
		heading	=	0,
		unitId	=	261,
		speed	=	0,
		coalition	=	"red",
		country	=	7,
		type	=	"Tor 9A331",
	}, -- end of [255]
	[256] = 
	{
		y	=	-223770.140625,
		x	=	42816.53515625,
		heading	=	-3.9444441795349,
		unitId	=	262,
		speed	=	0,
		coalition	=	"red",
		country	=	7,
		type	=	"M-1 Abrams",
	}, -- end of [256]
	[257] = 
	{
		y	=	-222042.9375,
		x	=	41984.484375,
		heading	=	-9.0948722077794e-13,
		unitId	=	263,
		speed	=	0,
		coalition	=	"red",
		country	=	7,
		type	=	"Hummer",
	}, -- end of [257]
	[258] = 
	{
		y	=	-223463.125,
		x	=	42076.375,
		heading	=	-4.2586035728455,
		unitId	=	264,
		speed	=	0,
		coalition	=	"red",
		country	=	7,
		type	=	"ZSU-23-4 Shilka",
	}, -- end of [258]
	[259] = 
	{
		y	=	-287844.125,
		x	=	75740.8203125,
		heading	=	-3.8048179149628,
		unitId	=	265,
		speed	=	0,
		coalition	=	"red",
		country	=	7,
		type	=	"Kub 2P25 ln",
	}, -- end of [259]
	[260] = 
	{
		y	=	-287836.1875,
		x	=	75749.421875,
		heading	=	-3.8048179149628,
		unitId	=	266,
		speed	=	0,
		coalition	=	"red",
		country	=	7,
		type	=	"Kub 2P25 ln",
	}, -- end of [260]
	[261] = 
	{
		y	=	-287893.75,
		x	=	75773.25,
		heading	=	-3.8048179149628,
		unitId	=	267,
		speed	=	0,
		coalition	=	"red",
		country	=	7,
		type	=	"Kub 1S91 str",
	}, -- end of [261]
	[262] = 
	{
		y	=	-287898.40625,
		x	=	75767.296875,
		heading	=	-3.8048179149628,
		unitId	=	268,
		speed	=	0,
		coalition	=	"red",
		country	=	7,
		type	=	"Kub 1S91 str",
	}, -- end of [262]
	[263] = 
	{
		y	=	-285531.125,
		x	=	75366.65625,
		heading	=	-3.8048179149628,
		unitId	=	270,
		speed	=	0,
		coalition	=	"red",
		country	=	7,
		type	=	"ZSU-23-4 Shilka",
	}, -- end of [263]
	[264] = 
	{
		y	=	-182288.828125,
		x	=	169204.203125,
		heading	=	-3.8048179149628,
		unitId	=	271,
		speed	=	0,
		coalition	=	"red",
		country	=	7,
		type	=	"BRDM-2",
	}, -- end of [264]
	[265] = 
	{
		y	=	-180597.1875,
		x	=	169493.34375,
		heading	=	-3.8048179149628,
		unitId	=	272,
		speed	=	0,
		coalition	=	"red",
		country	=	7,
		type	=	"Osa 9A33 ln",
	}, -- end of [265]
	[266] = 
	{
		y	=	-181957.625,
		x	=	168341.515625,
		heading	=	-3.8048179149628,
		unitId	=	273,
		speed	=	0,
		coalition	=	"red",
		country	=	7,
		type	=	"ZSU-23-4 Shilka",
	}, -- end of [266]
	[267] = 
	{
		y	=	-182710.46875,
		x	=	168521.046875,
		heading	=	-3.8048179149628,
		unitId	=	274,
		speed	=	0,
		coalition	=	"red",
		country	=	7,
		type	=	"ZSU-23-4 Shilka",
	}, -- end of [267]
	[268] = 
	{
		y	=	-183972.484375,
		x	=	168546.03125,
		heading	=	-3.8048179149628,
		unitId	=	275,
		speed	=	0,
		coalition	=	"red",
		country	=	7,
		type	=	"M1097 Avenger",
	}, -- end of [268]
	[269] = 
	{
		y	=	-182294.0625,
		x	=	168529.578125,
		heading	=	-3.8048179149628,
		unitId	=	276,
		speed	=	0,
		coalition	=	"red",
		country	=	7,
		type	=	"Vulcan",
	}, -- end of [269]
	[270] = 
	{
		y	=	-183254.0625,
		x	=	168485.796875,
		heading	=	-3.8048179149628,
		unitId	=	277,
		speed	=	0,
		coalition	=	"red",
		country	=	7,
		type	=	"Cobra",
	}, -- end of [270]
	[271] = 
	{
		y	=	-183760.921875,
		x	=	169190.984375,
		heading	=	-3.8048179149628,
		unitId	=	278,
		speed	=	0,
		coalition	=	"red",
		country	=	7,
		type	=	"BTR-80",
	}, -- end of [271]
	[272] = 
	{
		y	=	8353.8251953125,
		x	=	-117620.046875,
		heading	=	-3.8048179149628,
		unitId	=	279,
		speed	=	0,
		coalition	=	"red",
		country	=	7,
		type	=	"2S6 Tunguska",
	}, -- end of [272]
	[273] = 
	{
		y	=	8242.2451171875,
		x	=	-118198.703125,
		heading	=	-3.8048179149628,
		unitId	=	280,
		speed	=	0,
		coalition	=	"red",
		country	=	7,
		type	=	"Tor 9A331",
	}, -- end of [273]
	[274] = 
	{
		y	=	8781.4296875,
		x	=	-117398.0625,
		heading	=	-3.8048179149628,
		unitId	=	281,
		speed	=	0,
		coalition	=	"red",
		country	=	7,
		type	=	"Gepard",
	}, -- end of [274]
	[275] = 
	{
		y	=	6278.1030273438,
		x	=	-116581.78125,
		heading	=	-3.8048181533813,
		unitId	=	282,
		speed	=	0,
		coalition	=	"red",
		country	=	7,
		type	=	"Gepard",
	}, -- end of [275]
	[276] = 
	{
		y	=	141529.625,
		x	=	282493.46875,
		heading	=	-3.8048179149628,
		unitId	=	283,
		speed	=	0,
		coalition	=	"red",
		country	=	7,
		type	=	"ZSU-23-4 Shilka",
	}, -- end of [276]
	[277] = 
	{
		y	=	140678.671875,
		x	=	283770.84375,
		heading	=	-3.8048179149628,
		unitId	=	284,
		speed	=	0,
		coalition	=	"red",
		country	=	7,
		type	=	"Tor 9A331",
	}, -- end of [277]
	[278] = 
	{
		y	=	141955.796875,
		x	=	283274.59375,
		heading	=	-3.8048179149628,
		unitId	=	285,
		speed	=	0,
		coalition	=	"red",
		country	=	7,
		type	=	"Hawk cwar",
	}, -- end of [278]
	[279] = 
	{
		y	=	141918.21875,
		x	=	283298.34375,
		heading	=	-3.8048179149628,
		unitId	=	286,
		speed	=	0,
		coalition	=	"red",
		country	=	7,
		type	=	"Hawk ln",
	}, -- end of [279]
	[280] = 
	{
		y	=	141925.140625,
		x	=	283315.125,
		heading	=	-3.8048179149628,
		unitId	=	287,
		speed	=	0,
		coalition	=	"red",
		country	=	7,
		type	=	"Hawk ln",
	}, -- end of [280]
	[281] = 
	{
		y	=	141957.765625,
		x	=	283321.0625,
		heading	=	-3.8048179149628,
		unitId	=	288,
		speed	=	0,
		coalition	=	"red",
		country	=	7,
		type	=	"Hawk pcp",
	}, -- end of [281]
	[282] = 
	{
		y	=	141949.859375,
		x	=	283299.3125,
		heading	=	-3.8048179149628,
		unitId	=	289,
		speed	=	0,
		coalition	=	"red",
		country	=	7,
		type	=	"Hawk sr",
	}, -- end of [282]
	[283] = 
	{
		y	=	141937,
		x	=	283277.5625,
		heading	=	-3.8048179149628,
		unitId	=	290,
		speed	=	0,
		coalition	=	"red",
		country	=	7,
		type	=	"Hawk tr",
	}, -- end of [283]
	[284] = 
	{
		y	=	141124.4375,
		x	=	283171.6875,
		heading	=	-3.8048179149628,
		unitId	=	291,
		speed	=	0,
		coalition	=	"red",
		country	=	7,
		type	=	"M1043 HMMWV Armament",
	}, -- end of [284]
	[285] = 
	{
		y	=	142115.96875,
		x	=	283105.53125,
		heading	=	-3.8048179149628,
		unitId	=	292,
		speed	=	0,
		coalition	=	"red",
		country	=	7,
		type	=	"M1126 Stryker ICV",
	}, -- end of [285]
	[286] = 
	{
		y	=	141107.171875,
		x	=	283240.78125,
		heading	=	-3.8048179149628,
		unitId	=	293,
		speed	=	0,
		coalition	=	"red",
		country	=	7,
		type	=	"M-2 Bradley",
	}, -- end of [286]
	[287] = 
	{
		y	=	140943.390625,
		x	=	283300.21875,
		heading	=	-3.8048179149628,
		unitId	=	1452,
		speed	=	0,
		coalition	=	"red",
		country	=	7,
		type	=	"M-1 Abrams",
	}, -- end of [287]
	[288] = 
	{
		y	=	140454.875,
		x	=	282853.0625,
		heading	=	-3.8048179149628,
		unitId	=	1453,
		speed	=	0,
		coalition	=	"red",
		country	=	7,
		type	=	"ZSU-23-4 Shilka",
	}, -- end of [288]
	[289] = 
	{
		y	=	142579.40625,
		x	=	281276.21875,
		heading	=	-3.8048179149628,
		unitId	=	1454,
		speed	=	0,
		coalition	=	"red",
		country	=	7,
		type	=	"ZSU-23-4 Shilka",
	}, -- end of [289]
	[290] = 
	{
		y	=	96921.265625,
		x	=	210994.828125,
		heading	=	-1.9722222089767,
		unitId	=	294,
		speed	=	0,
		coalition	=	"red",
		country	=	7,
		type	=	"SA-11 Buk CC 9S470M1",
	}, -- end of [290]
	[291] = 
	{
		y	=	96936.6796875,
		x	=	211020.328125,
		heading	=	-2.0245816707611,
		unitId	=	295,
		speed	=	0,
		coalition	=	"red",
		country	=	7,
		type	=	"SA-11 Buk LN 9A310M1",
	}, -- end of [291]
	[292] = 
	{
		y	=	96919.3203125,
		x	=	211009.890625,
		heading	=	-1.7802361249924,
		unitId	=	296,
		speed	=	0,
		coalition	=	"red",
		country	=	7,
		type	=	"SA-11 Buk SR 9S18M1",
	}, -- end of [292]
	[293] = 
	{
		y	=	-186791.640625,
		x	=	-188667.578125,
		heading	=	-3.7699112892151,
		unitId	=	1202,
		speed	=	0,
		coalition	=	"red",
		country	=	7,
		type	=	"Vulcan",
	}, -- end of [293]
	[294] = 
	{
		y	=	-185673.625,
		x	=	-187678.15625,
		heading	=	-3.7699112892151,
		unitId	=	1203,
		speed	=	0,
		coalition	=	"red",
		country	=	7,
		type	=	"Strela-1 9P31",
	}, -- end of [294]
	[295] = 
	{
		y	=	-190728.953125,
		x	=	-189491.359375,
		heading	=	-1.0297445058823,
		unitId	=	1204,
		speed	=	0,
		coalition	=	"red",
		country	=	7,
		type	=	"M1043 HMMWV Armament",
	}, -- end of [295]
	[296] = 
	{
		y	=	-190591.9375,
		x	=	-187348.25,
		heading	=	-1.2217305898666,
		unitId	=	1205,
		speed	=	0,
		coalition	=	"red",
		country	=	7,
		type	=	"Cobra",
	}, -- end of [296]
	[297] = 
	{
		y	=	143605.90625,
		x	=	276646.6875,
		heading	=	-3.141592502594,
		unitId	=	1321,
		speed	=	0,
		coalition	=	"red",
		country	=	7,
		type	=	"Cobra",
	}, -- end of [297]
	[298] = 
	{
		y	=	143223.015625,
		x	=	277639.65625,
		heading	=	-3.2812192440033,
		unitId	=	1322,
		speed	=	0,
		coalition	=	"red",
		country	=	7,
		type	=	"Cobra",
	}, -- end of [298]
	[299] = 
	{
		y	=	143211.65625,
		x	=	274592.53125,
		heading	=	-3.4732053279877,
		unitId	=	1323,
		speed	=	0,
		coalition	=	"red",
		country	=	7,
		type	=	"M1043 HMMWV Armament",
	}, -- end of [299]
	[300] = 
	{
		y	=	144121.15625,
		x	=	277321.65625,
		heading	=	-3.2463126182556,
		unitId	=	1324,
		speed	=	0,
		coalition	=	"red",
		country	=	7,
		type	=	"M1043 HMMWV Armament",
	}, -- end of [300]
	[301] = 
	{
		y	=	145679.40625,
		x	=	270860.96875,
		heading	=	-3.7699112892151,
		unitId	=	1325,
		speed	=	0,
		coalition	=	"red",
		country	=	7,
		type	=	"TPZ",
	}, -- end of [301]
	[302] = 
	{
		y	=	-107569.6875,
		x	=	-117978.078125,
		heading	=	-4.9043750762939,
		unitId	=	1493,
		speed	=	0,
		coalition	=	"red",
		country	=	7,
		type	=	"Ural-375 ZU-23 Insurgent",
	}, -- end of [302]
	[303] = 
	{
		y	=	-103533.7109375,
		x	=	-116644.15625,
		heading	=	-2.0769417285919,
		unitId	=	1494,
		speed	=	0,
		coalition	=	"red",
		country	=	7,
		type	=	"Cobra",
	}, -- end of [303]
	[304] = 
	{
		y	=	-110968.4765625,
		x	=	-123792.90625,
		heading	=	-3.3335790634155,
		unitId	=	1495,
		speed	=	0,
		coalition	=	"red",
		country	=	7,
		type	=	"Cobra",
	}, -- end of [304]
	[305] = 
	{
		y	=	-103446.3046875,
		x	=	-116704.9609375,
		heading	=	-2.1991145610809,
		unitId	=	1496,
		speed	=	0,
		coalition	=	"red",
		country	=	7,
		type	=	"M1043 HMMWV Armament",
	}, -- end of [305]
	[306] = 
	{
		y	=	-111223.1484375,
		x	=	-121239.75,
		heading	=	-2.1816613674164,
		unitId	=	1497,
		speed	=	0,
		coalition	=	"red",
		country	=	7,
		type	=	"M1043 HMMWV Armament",
	}, -- end of [306]
	[307] = 
	{
		y	=	-106737.4140625,
		x	=	-115709.265625,
		heading	=	-4.9043750762939,
		unitId	=	1498,
		speed	=	0,
		coalition	=	"red",
		country	=	7,
		type	=	"Vulcan",
	}, -- end of [307]
	[308] = 
	{
		y	=	-102832.046875,
		x	=	-104605.5859375,
		heading	=	-4.9043750762939,
		unitId	=	1499,
		speed	=	0,
		coalition	=	"red",
		country	=	7,
		type	=	"Strela-1 9P31",
	}, -- end of [308]
	[309] = 
	{
		y	=	-114104.4921875,
		x	=	-117379.6953125,
		heading	=	-3.7175514698029,
		unitId	=	1500,
		speed	=	0,
		coalition	=	"red",
		country	=	7,
		type	=	"Osa 9A33 ln",
	}, -- end of [309]
	[310] = 
	{
		y	=	-66764.7109375,
		x	=	-62741.0234375,
		heading	=	-3.7175514698029,
		unitId	=	1501,
		speed	=	0,
		coalition	=	"red",
		country	=	7,
		type	=	"Osa 9A33 ln",
	}, -- end of [310]
	[311] = 
	{
		y	=	-95622.5078125,
		x	=	-91996.609375,
		heading	=	-3.7175514698029,
		unitId	=	1502,
		speed	=	0,
		coalition	=	"red",
		country	=	7,
		type	=	"Osa 9A33 ln",
	}, -- end of [311]
	[312] = 
	{
		y	=	-175429.1875,
		x	=	-210371.15625,
		heading	=	-5.4001703262329,
		unitId	=	1503,
		speed	=	0,
		coalition	=	"red",
		country	=	7,
		type	=	"Kub 2P25 ln",
	}, -- end of [312]
	[313] = 
	{
		y	=	-175395.3125,
		x	=	-210434.078125,
		heading	=	-5.4001703262329,
		unitId	=	1504,
		speed	=	0,
		coalition	=	"red",
		country	=	7,
		type	=	"Kub 1S91 str",
	}, -- end of [313]
	[314] = 
	{
		y	=	-84231.78125,
		x	=	-102585.65625,
		heading	=	-5.4001703262329,
		unitId	=	1506,
		speed	=	0,
		coalition	=	"red",
		country	=	7,
		type	=	"Hawk cwar",
	}, -- end of [314]
	[315] = 
	{
		y	=	-84378.4296875,
		x	=	-102744.46875,
		heading	=	-2.3736476898193,
		unitId	=	1508,
		speed	=	0,
		coalition	=	"red",
		country	=	7,
		type	=	"Hawk ln",
	}, -- end of [315]
	[316] = 
	{
		y	=	-84347.28125,
		x	=	-102720.3984375,
		heading	=	-2.303834438324,
		unitId	=	1509,
		speed	=	0,
		coalition	=	"red",
		country	=	7,
		type	=	"Hawk ln",
	}, -- end of [316]
	[317] = 
	{
		y	=	-84327.578125,
		x	=	-102701.578125,
		heading	=	-5.4001703262329,
		unitId	=	1510,
		speed	=	0,
		coalition	=	"red",
		country	=	7,
		type	=	"Hawk pcp",
	}, -- end of [317]
	[318] = 
	{
		y	=	-84355.40625,
		x	=	-102687.2265625,
		heading	=	-5.4001703262329,
		unitId	=	1511,
		speed	=	0,
		coalition	=	"red",
		country	=	7,
		type	=	"Hawk sr",
	}, -- end of [318]
	[319] = 
	{
		y	=	-84386.3125,
		x	=	-102712.6171875,
		heading	=	-5.4001703262329,
		unitId	=	1512,
		speed	=	0,
		coalition	=	"red",
		country	=	7,
		type	=	"Hawk sr",
	}, -- end of [319]
	[320] = 
	{
		y	=	-84417.21875,
		x	=	-102738.015625,
		heading	=	-2.3212878704071,
		unitId	=	1513,
		speed	=	0,
		coalition	=	"red",
		country	=	7,
		type	=	"Hawk tr",
	}, -- end of [320]
	[321] = 
	{
		y	=	15820.05078125,
		x	=	112193.5390625,
		heading	=	-5.4628806114197,
		unitId	=	1515,
		speed	=	0,
		coalition	=	"red",
		country	=	7,
		type	=	"S-300PS 54K6 cp",
	}, -- end of [321]
	[322] = 
	{
		y	=	15790.796875,
		x	=	112166.2578125,
		heading	=	-5.4628806114197,
		unitId	=	1522,
		speed	=	0,
		coalition	=	"red",
		country	=	7,
		type	=	"S-300PS 5P85C ln",
	}, -- end of [322]
	[323] = 
	{
		y	=	15761.54296875,
		x	=	112138.984375,
		heading	=	-5.4628806114197,
		unitId	=	1523,
		speed	=	0,
		coalition	=	"red",
		country	=	7,
		type	=	"S-300PS 5P85D ln",
	}, -- end of [323]
	[324] = 
	{
		y	=	15728.926757813,
		x	=	112175.9921875,
		heading	=	-5.4628806114197,
		unitId	=	1524,
		speed	=	0,
		coalition	=	"red",
		country	=	7,
		type	=	"S-300PS 40B6MD sr",
	}, -- end of [324]
	[325] = 
	{
		y	=	15785.424804688,
		x	=	112237.4765625,
		heading	=	-5.4628806114197,
		unitId	=	1525,
		speed	=	0,
		coalition	=	"red",
		country	=	7,
		type	=	"S-300PS 64H6E sr",
	}, -- end of [325]
	[326] = 
	{
		y	=	15753.852539063,
		x	=	112209.2265625,
		heading	=	-5.4628806114197,
		unitId	=	1526,
		speed	=	0,
		coalition	=	"red",
		country	=	7,
		type	=	"S-300PS 40B6M tr",
	}, -- end of [326]
	[327] = 
	{
		y	=	-179262.359375,
		x	=	168801.65625,
		heading	=	-5.4628806114197,
		unitId	=	1528,
		speed	=	0,
		coalition	=	"red",
		country	=	7,
		type	=	"Hawk cwar",
	}, -- end of [327]
	[328] = 
	{
		y	=	-179291.609375,
		x	=	168774.375,
		heading	=	-5.4628806114197,
		unitId	=	1534,
		speed	=	0,
		coalition	=	"red",
		country	=	7,
		type	=	"Hawk ln",
	}, -- end of [328]
	[329] = 
	{
		y	=	-179320.859375,
		x	=	168747.09375,
		heading	=	-5.4628806114197,
		unitId	=	1535,
		speed	=	0,
		coalition	=	"red",
		country	=	7,
		type	=	"Hawk ln",
	}, -- end of [329]
	[330] = 
	{
		y	=	-179350.109375,
		x	=	168719.828125,
		heading	=	-5.4628806114197,
		unitId	=	1536,
		speed	=	0,
		coalition	=	"red",
		country	=	7,
		type	=	"Hawk pcp",
	}, -- end of [330]
	[331] = 
	{
		y	=	-179379.375,
		x	=	168692.546875,
		heading	=	-5.4628806114197,
		unitId	=	1537,
		speed	=	0,
		coalition	=	"red",
		country	=	7,
		type	=	"Hawk sr",
	}, -- end of [331]
	[332] = 
	{
		y	=	-179408.625,
		x	=	168665.265625,
		heading	=	-5.4628806114197,
		unitId	=	1538,
		speed	=	0,
		coalition	=	"red",
		country	=	7,
		type	=	"Hawk tr",
	}, -- end of [332]
	[333] = 
	{
		y	=	-57062.30859375,
		x	=	-82418.109375,
		heading	=	0,
		unitId	=	1564,
		speed	=	0,
		coalition	=	"red",
		country	=	7,
		type	=	"rapier_fsa_blindfire_radar",
	}, -- end of [333]
	[334] = 
	{
		y	=	-57062.30859375,
		x	=	-82458.109375,
		heading	=	0,
		unitId	=	1565,
		speed	=	0,
		coalition	=	"red",
		country	=	7,
		type	=	"rapier_fsa_launcher",
	}, -- end of [334]
	[335] = 
	{
		y	=	-57062.30859375,
		x	=	-82498.109375,
		heading	=	0,
		unitId	=	1566,
		speed	=	0,
		coalition	=	"red",
		country	=	7,
		type	=	"rapier_fsa_optical_tracker_unit",
	}, -- end of [335]
	[336] = 
	{
		y	=	-10704.581054688,
		x	=	-4360.6479492188,
		heading	=	0,
		unitId	=	1567,
		speed	=	0,
		coalition	=	"red",
		country	=	7,
		type	=	"S_75M_Volhov",
	}, -- end of [336]
	[337] = 
	{
		y	=	-10687.45703125,
		x	=	-4292.1518554688,
		heading	=	0,
		unitId	=	1725,
		speed	=	0,
		coalition	=	"red",
		country	=	7,
		type	=	"SNR_75V",
	}, -- end of [337]
	[338] = 
	{
		y	=	-9598.3701171875,
		x	=	-2949.6293945313,
		heading	=	-2.7052602767944,
		unitId	=	1726,
		speed	=	0,
		coalition	=	"red",
		country	=	7,
		type	=	"M1043 HMMWV Armament",
	}, -- end of [338]
	[339] = 
	{
		y	=	-11348.444335938,
		x	=	-5518.2314453125,
		heading	=	-2.6878070831299,
		unitId	=	1727,
		speed	=	0,
		coalition	=	"red",
		country	=	7,
		type	=	"Cobra",
	}, -- end of [339]
	[340] = 
	{
		y	=	-9572.427734375,
		x	=	-7713.2407226563,
		heading	=	-1.9373152256012,
		unitId	=	1728,
		speed	=	0,
		coalition	=	"red",
		country	=	7,
		type	=	"BTR-80",
	}, -- end of [340]
	[341] = 
	{
		y	=	-84796.875,
		x	=	65463.9765625,
		heading	=	-1.1693705320358,
		unitId	=	1571,
		speed	=	0,
		coalition	=	"red",
		country	=	7,
		type	=	"5p73 s-125 ln",
	}, -- end of [341]
	[342] = 
	{
		y	=	-84760.0546875,
		x	=	65448.34765625,
		heading	=	-1.1693705320358,
		unitId	=	1573,
		speed	=	0,
		coalition	=	"red",
		country	=	7,
		type	=	"snr s-125 tr",
	}, -- end of [342]
	[343] = 
	{
		y	=	-204292.296875,
		x	=	115185,
		heading	=	-1.1693705320358,
		unitId	=	1574,
		speed	=	0,
		coalition	=	"red",
		country	=	7,
		type	=	"SA-18 Igla comm",
	}, -- end of [343]
	[344] = 
	{
		y	=	-204279.1875,
		x	=	115186.390625,
		heading	=	-1.1693705320358,
		unitId	=	1576,
		speed	=	0,
		coalition	=	"red",
		country	=	7,
		type	=	"Igla manpad INS",
	}, -- end of [344]
	[345] = 
	{
		y	=	-204284.90625,
		x	=	115181.71875,
		heading	=	-1.1693705320358,
		unitId	=	1577,
		speed	=	0,
		coalition	=	"red",
		country	=	7,
		type	=	"SA-18 Igla manpad",
	}, -- end of [345]
	[346] = 
	{
		y	=	-204274.96875,
		x	=	115179.8046875,
		heading	=	-1.1693705320358,
		unitId	=	1578,
		speed	=	0,
		coalition	=	"red",
		country	=	7,
		type	=	"SA-18 Igla-S comm",
	}, -- end of [346]
	[347] = 
	{
		y	=	-204287.375,
		x	=	115189.3125,
		heading	=	-1.1693705320358,
		unitId	=	1579,
		speed	=	0,
		coalition	=	"red",
		country	=	7,
		type	=	"SA-18 Igla-S manpad",
	}, -- end of [347]
	[348] = 
	{
		y	=	7437.080078125,
		x	=	7510.5375976563,
		heading	=	-1.1693705320358,
		unitId	=	1580,
		speed	=	0,
		coalition	=	"red",
		country	=	7,
		type	=	"SA-18 Igla comm",
	}, -- end of [348]
	[349] = 
	{
		y	=	7450.1982421875,
		x	=	7511.9282226563,
		heading	=	-1.1693705320358,
		unitId	=	1581,
		speed	=	0,
		coalition	=	"red",
		country	=	7,
		type	=	"Igla manpad INS",
	}, -- end of [349]
	[350] = 
	{
		y	=	7444.4682617188,
		x	=	7507.25390625,
		heading	=	-1.1693705320358,
		unitId	=	1582,
		speed	=	0,
		coalition	=	"red",
		country	=	7,
		type	=	"SA-18 Igla manpad",
	}, -- end of [350]
	[351] = 
	{
		y	=	7454.416015625,
		x	=	7505.3388671875,
		heading	=	-1.1693705320358,
		unitId	=	1583,
		speed	=	0,
		coalition	=	"red",
		country	=	7,
		type	=	"SA-18 Igla-S comm",
	}, -- end of [351]
	[352] = 
	{
		y	=	7442.0053710938,
		x	=	7514.84765625,
		heading	=	-1.1693705320358,
		unitId	=	1584,
		speed	=	0,
		coalition	=	"red",
		country	=	7,
		type	=	"SA-18 Igla-S manpad",
	}, -- end of [352]
	[353] = 
	{
		y	=	913.33172607422,
		x	=	-119539.28125,
		heading	=	-1.1693705320358,
		unitId	=	1585,
		speed	=	0,
		coalition	=	"red",
		country	=	7,
		type	=	"SA-18 Igla comm",
	}, -- end of [353]
	[354] = 
	{
		y	=	926.45013427734,
		x	=	-119537.890625,
		heading	=	-1.1693705320358,
		unitId	=	1586,
		speed	=	0,
		coalition	=	"red",
		country	=	7,
		type	=	"Igla manpad INS",
	}, -- end of [354]
	[355] = 
	{
		y	=	920.72021484375,
		x	=	-119542.5625,
		heading	=	-1.1693705320358,
		unitId	=	1587,
		speed	=	0,
		coalition	=	"red",
		country	=	7,
		type	=	"SA-18 Igla manpad",
	}, -- end of [355]
	[356] = 
	{
		y	=	930.66796875,
		x	=	-119544.4765625,
		heading	=	-1.1693705320358,
		unitId	=	1588,
		speed	=	0,
		coalition	=	"red",
		country	=	7,
		type	=	"SA-18 Igla-S comm",
	}, -- end of [356]
	[357] = 
	{
		y	=	918.25738525391,
		x	=	-119534.96875,
		heading	=	-1.1693705320358,
		unitId	=	1589,
		speed	=	0,
		coalition	=	"red",
		country	=	7,
		type	=	"SA-18 Igla-S manpad",
	}, -- end of [357]
	[358] = 
	{
		y	=	-137900.625,
		x	=	-183341.828125,
		heading	=	-1.1693705320358,
		unitId	=	1590,
		speed	=	0,
		coalition	=	"red",
		country	=	7,
		type	=	"SA-18 Igla comm",
	}, -- end of [358]
	[359] = 
	{
		y	=	-137887.515625,
		x	=	-183340.4375,
		heading	=	-1.1693705320358,
		unitId	=	1591,
		speed	=	0,
		coalition	=	"red",
		country	=	7,
		type	=	"Igla manpad INS",
	}, -- end of [359]
	[360] = 
	{
		y	=	-137893.234375,
		x	=	-183345.109375,
		heading	=	-1.1693705320358,
		unitId	=	1592,
		speed	=	0,
		coalition	=	"red",
		country	=	7,
		type	=	"SA-18 Igla manpad",
	}, -- end of [360]
	[361] = 
	{
		y	=	-137883.296875,
		x	=	-183347.015625,
		heading	=	-1.1693705320358,
		unitId	=	1593,
		speed	=	0,
		coalition	=	"red",
		country	=	7,
		type	=	"SA-18 Igla-S comm",
	}, -- end of [361]
	[362] = 
	{
		y	=	-137895.703125,
		x	=	-183337.515625,
		heading	=	-1.1693705320358,
		unitId	=	1594,
		speed	=	0,
		coalition	=	"red",
		country	=	7,
		type	=	"SA-18 Igla-S manpad",
	}, -- end of [362]
	[363] = 
	{
		y	=	20894.677734375,
		x	=	102003.90625,
		heading	=	-1.1693705320358,
		unitId	=	1595,
		speed	=	0,
		coalition	=	"red",
		country	=	7,
		type	=	"SA-18 Igla comm",
	}, -- end of [363]
	[364] = 
	{
		y	=	20907.794921875,
		x	=	102005.296875,
		heading	=	-1.1693705320358,
		unitId	=	1596,
		speed	=	0,
		coalition	=	"red",
		country	=	7,
		type	=	"Igla manpad INS",
	}, -- end of [364]
	[365] = 
	{
		y	=	20902.06640625,
		x	=	102000.625,
		heading	=	-1.1693705320358,
		unitId	=	1597,
		speed	=	0,
		coalition	=	"red",
		country	=	7,
		type	=	"SA-18 Igla manpad",
	}, -- end of [365]
	[366] = 
	{
		y	=	20912.013671875,
		x	=	101998.7109375,
		heading	=	-1.1693705320358,
		unitId	=	1598,
		speed	=	0,
		coalition	=	"red",
		country	=	7,
		type	=	"SA-18 Igla-S comm",
	}, -- end of [366]
	[367] = 
	{
		y	=	20899.603515625,
		x	=	102008.21875,
		heading	=	-1.1693705320358,
		unitId	=	1599,
		speed	=	0,
		coalition	=	"red",
		country	=	7,
		type	=	"SA-18 Igla-S manpad",
	}, -- end of [367]
	[368] = 
	{
		y	=	-75648.6875,
		x	=	-134619.296875,
		heading	=	-4.0789737701416,
		unitId	=	1608,
		speed	=	0,
		coalition	=	"red",
		country	=	7,
		type	=	"AAV7",
	}, -- end of [368]
	[369] = 
	{
		y	=	-76534,
		x	=	-133284.953125,
		heading	=	-4.0789737701416,
		unitId	=	1609,
		speed	=	0,
		coalition	=	"red",
		country	=	7,
		type	=	"TPZ",
	}, -- end of [369]
	[370] = 
	{
		y	=	-174035.984375,
		x	=	-211106.703125,
		heading	=	0,
		unitId	=	297,
		speed	=	0,
		coalition	=	"blue",
		country	=	0,
		type	=	"ZSU-23-4 Shilka",
	}, -- end of [370]
	[371] = 
	{
		y	=	-174771.296875,
		x	=	-210906.15625,
		heading	=	0,
		unitId	=	298,
		speed	=	0,
		coalition	=	"blue",
		country	=	0,
		type	=	"Tor 9A331",
	}, -- end of [371]
	[372] = 
	{
		y	=	-172037.265625,
		x	=	-213172.265625,
		heading	=	0,
		unitId	=	299,
		speed	=	0,
		coalition	=	"blue",
		country	=	0,
		type	=	"Tor 9A331",
	}, -- end of [372]
	[373] = 
	{
		y	=	-174713.859375,
		x	=	-211322.03125,
		heading	=	0,
		unitId	=	300,
		speed	=	0,
		coalition	=	"blue",
		country	=	0,
		type	=	"T-55",
	}, -- end of [373]
	[374] = 
	{
		y	=	-172864.84375,
		x	=	-211926.8125,
		heading	=	0,
		unitId	=	301,
		speed	=	0,
		coalition	=	"blue",
		country	=	0,
		type	=	"T-55",
	}, -- end of [374]
	[375] = 
	{
		y	=	-182637.5,
		x	=	-190512.84375,
		heading	=	0,
		unitId	=	302,
		speed	=	0,
		coalition	=	"blue",
		country	=	0,
		type	=	"ZSU-23-4 Shilka",
	}, -- end of [375]
	[376] = 
	{
		y	=	-182994.71875,
		x	=	-190205.640625,
		heading	=	0,
		unitId	=	303,
		speed	=	0,
		coalition	=	"blue",
		country	=	0,
		type	=	"Tor 9A331",
	}, -- end of [376]
	[377] = 
	{
		y	=	-181065.734375,
		x	=	-191780.96875,
		heading	=	0,
		unitId	=	304,
		speed	=	0,
		coalition	=	"blue",
		country	=	0,
		type	=	"Tor 9A331",
	}, -- end of [377]
	[378] = 
	{
		y	=	-175987.40625,
		x	=	-189188.28125,
		heading	=	0,
		unitId	=	307,
		speed	=	0,
		coalition	=	"blue",
		country	=	0,
		type	=	"ZSU-23-4 Shilka",
	}, -- end of [378]
	[379] = 
	{
		y	=	-176215.28125,
		x	=	-188544.203125,
		heading	=	-9.0949676175706e-13,
		unitId	=	308,
		speed	=	0,
		coalition	=	"blue",
		country	=	0,
		type	=	"Tor 9A331",
	}, -- end of [379]
	[380] = 
	{
		y	=	-175725.8125,
		x	=	-190623.359375,
		heading	=	0,
		unitId	=	309,
		speed	=	0,
		coalition	=	"blue",
		country	=	0,
		type	=	"Tor 9A331",
	}, -- end of [380]
	[381] = 
	{
		y	=	-162183.390625,
		x	=	-189715.453125,
		heading	=	0,
		unitId	=	312,
		speed	=	0,
		coalition	=	"blue",
		country	=	0,
		type	=	"ZSU-23-4 Shilka",
	}, -- end of [381]
	[382] = 
	{
		y	=	-163685.546875,
		x	=	-187681.890625,
		heading	=	0,
		unitId	=	313,
		speed	=	0,
		coalition	=	"blue",
		country	=	0,
		type	=	"Tor 9A331",
	}, -- end of [382]
	[383] = 
	{
		y	=	-160722.921875,
		x	=	-190741.71875,
		heading	=	0,
		unitId	=	314,
		speed	=	0,
		coalition	=	"blue",
		country	=	0,
		type	=	"Tor 9A331",
	}, -- end of [383]
	[384] = 
	{
		y	=	-161699.859375,
		x	=	-190554.234375,
		heading	=	-1.1609510575106e-10,
		unitId	=	315,
		speed	=	0,
		coalition	=	"blue",
		country	=	0,
		type	=	"T-55",
	}, -- end of [384]
	[385] = 
	{
		y	=	-161603.828125,
		x	=	-190295,
		heading	=	0,
		unitId	=	316,
		speed	=	0,
		coalition	=	"blue",
		country	=	0,
		type	=	"T-55",
	}, -- end of [385]
	[386] = 
	{
		y	=	-111570.1953125,
		x	=	-138888.765625,
		heading	=	0,
		unitId	=	317,
		speed	=	0,
		coalition	=	"blue",
		country	=	0,
		type	=	"ZSU-23-4 Shilka",
	}, -- end of [386]
	[387] = 
	{
		y	=	-112305.5078125,
		x	=	-138688.21875,
		heading	=	-1.8189736826144e-12,
		unitId	=	318,
		speed	=	0,
		coalition	=	"blue",
		country	=	0,
		type	=	"Tor 9A331",
	}, -- end of [387]
	[388] = 
	{
		y	=	-107919.7265625,
		x	=	-141135.859375,
		heading	=	0,
		unitId	=	319,
		speed	=	0,
		coalition	=	"blue",
		country	=	0,
		type	=	"Tor 9A331",
	}, -- end of [388]
	[389] = 
	{
		y	=	-111434.7265625,
		x	=	-139428.921875,
		heading	=	0,
		unitId	=	320,
		speed	=	0,
		coalition	=	"blue",
		country	=	0,
		type	=	"T-55",
	}, -- end of [389]
	[390] = 
	{
		y	=	-109701.9140625,
		x	=	-140117.421875,
		heading	=	0,
		unitId	=	321,
		speed	=	0,
		coalition	=	"blue",
		country	=	0,
		type	=	"T-55",
	}, -- end of [390]
	[391] = 
	{
		y	=	-89236.6953125,
		x	=	-125886.609375,
		heading	=	0,
		unitId	=	322,
		speed	=	0,
		coalition	=	"blue",
		country	=	0,
		type	=	"T-72B",
	}, -- end of [391]
	[392] = 
	{
		y	=	-91504.0859375,
		x	=	-126018.71875,
		heading	=	0,
		unitId	=	323,
		speed	=	0,
		coalition	=	"blue",
		country	=	0,
		type	=	"Tor 9A331",
	}, -- end of [392]
	[393] = 
	{
		y	=	-86769.40625,
		x	=	-125870.6796875,
		heading	=	0,
		unitId	=	324,
		speed	=	0,
		coalition	=	"blue",
		country	=	0,
		type	=	"Tor 9A331",
	}, -- end of [393]
	[394] = 
	{
		y	=	-88639.265625,
		x	=	-100607.3203125,
		heading	=	0,
		unitId	=	327,
		speed	=	0,
		coalition	=	"blue",
		country	=	0,
		type	=	"ZSU-23-4 Shilka",
	}, -- end of [394]
	[395] = 
	{
		y	=	-91538.171875,
		x	=	-100085.4375,
		heading	=	0,
		unitId	=	328,
		speed	=	0,
		coalition	=	"blue",
		country	=	0,
		type	=	"Tor 9A331",
	}, -- end of [395]
	[396] = 
	{
		y	=	-86527.7109375,
		x	=	-102151.7734375,
		heading	=	0,
		unitId	=	329,
		speed	=	0,
		coalition	=	"blue",
		country	=	0,
		type	=	"Tor 9A331",
	}, -- end of [396]
	[397] = 
	{
		y	=	-89134.09375,
		x	=	-100736.265625,
		heading	=	0,
		unitId	=	330,
		speed	=	0,
		coalition	=	"blue",
		country	=	0,
		type	=	"T-55",
	}, -- end of [397]
	[398] = 
	{
		y	=	-87477.90625,
		x	=	-101326.4453125,
		heading	=	0,
		unitId	=	331,
		speed	=	0,
		coalition	=	"blue",
		country	=	0,
		type	=	"T-55",
	}, -- end of [398]
	[399] = 
	{
		y	=	-74219.1484375,
		x	=	-91644.4140625,
		heading	=	0,
		unitId	=	332,
		speed	=	0,
		coalition	=	"blue",
		country	=	0,
		type	=	"ZSU-23-4 Shilka",
	}, -- end of [399]
	[400] = 
	{
		y	=	-75031.1171875,
		x	=	-91132.8671875,
		heading	=	0,
		unitId	=	333,
		speed	=	0,
		coalition	=	"blue",
		country	=	0,
		type	=	"Tor 9A331",
	}, -- end of [400]
	[401] = 
	{
		y	=	-71661.4375,
		x	=	-93268.3515625,
		heading	=	-6.2831854820251,
		unitId	=	334,
		speed	=	0,
		coalition	=	"blue",
		country	=	0,
		type	=	"Tor 9A331",
	}, -- end of [401]
	[402] = 
	{
		y	=	-73334.09375,
		x	=	-92196.5546875,
		heading	=	-6.2831854820251,
		unitId	=	335,
		speed	=	0,
		coalition	=	"blue",
		country	=	0,
		type	=	"T-55",
	}, -- end of [402]
	[403] = 
	{
		y	=	-30545.9609375,
		x	=	-60710.0078125,
		heading	=	-2.3235394164267e-10,
		unitId	=	337,
		speed	=	0,
		coalition	=	"blue",
		country	=	0,
		type	=	"ZSU-23-4 Shilka",
	}, -- end of [403]
	[404] = 
	{
		y	=	-31315.42578125,
		x	=	-59418.15234375,
		heading	=	0,
		unitId	=	338,
		speed	=	0,
		coalition	=	"blue",
		country	=	0,
		type	=	"Tor 9A331",
	}, -- end of [404]
	[405] = 
	{
		y	=	-30242.41015625,
		x	=	-62848.98046875,
		heading	=	0,
		unitId	=	339,
		speed	=	0,
		coalition	=	"blue",
		country	=	0,
		type	=	"Tor 9A331",
	}, -- end of [405]
	[406] = 
	{
		y	=	-30454.189453125,
		x	=	-60921.78515625,
		heading	=	-6.2831854820251,
		unitId	=	340,
		speed	=	0,
		coalition	=	"blue",
		country	=	0,
		type	=	"T-55",
	}, -- end of [406]
	[407] = 
	{
		y	=	-30313.001953125,
		x	=	-61768.90625,
		heading	=	0,
		unitId	=	341,
		speed	=	0,
		coalition	=	"blue",
		country	=	0,
		type	=	"T-55",
	}, -- end of [407]
	[408] = 
	{
		y	=	7496.8813476563,
		x	=	-117184.6953125,
		heading	=	-7.2760825142737e-12,
		unitId	=	342,
		speed	=	0,
		coalition	=	"blue",
		country	=	0,
		type	=	"ZSU-23-4 Shilka",
	}, -- end of [408]
	[409] = 
	{
		y	=	5768.6123046875,
		x	=	-116605.0234375,
		heading	=	-6.2831854820251,
		unitId	=	343,
		speed	=	0,
		coalition	=	"blue",
		country	=	0,
		type	=	"Tor 9A331",
	}, -- end of [409]
	[410] = 
	{
		y	=	9498.8828125,
		x	=	-118306.4609375,
		heading	=	-7.2770799802724e-12,
		unitId	=	344,
		speed	=	0,
		coalition	=	"blue",
		country	=	0,
		type	=	"Tor 9A331",
	}, -- end of [410]
	[411] = 
	{
		y	=	7387.34375,
		x	=	-117397.328125,
		heading	=	-6.2831854820251,
		unitId	=	345,
		speed	=	0,
		coalition	=	"blue",
		country	=	0,
		type	=	"T-55",
	}, -- end of [411]
	[412] = 
	{
		y	=	90.624984741211,
		x	=	430.29135131836,
		heading	=	-7.2756735532142e-12,
		unitId	=	347,
		speed	=	0,
		coalition	=	"blue",
		country	=	0,
		type	=	"ZSU-23-4 Shilka",
	}, -- end of [412]
	[413] = 
	{
		y	=	263.330078125,
		x	=	1280.6097412109,
		heading	=	0,
		unitId	=	348,
		speed	=	0,
		coalition	=	"blue",
		country	=	0,
		type	=	"Tor 9A331",
	}, -- end of [413]
	[414] = 
	{
		y	=	-290.20983886719,
		x	=	-976.40374755859,
		heading	=	-6.2831854820251,
		unitId	=	349,
		speed	=	0,
		coalition	=	"blue",
		country	=	0,
		type	=	"Tor 9A331",
	}, -- end of [414]
	[415] = 
	{
		y	=	21.59098815918,
		x	=	224.65135192871,
		heading	=	0,
		unitId	=	350,
		speed	=	0,
		coalition	=	"blue",
		country	=	0,
		type	=	"T-55",
	}, -- end of [415]
	[416] = 
	{
		y	=	-332.45837402344,
		x	=	-287.50546264648,
		heading	=	-1.1639055691459e-10,
		unitId	=	351,
		speed	=	0,
		coalition	=	"blue",
		country	=	0,
		type	=	"T-55",
	}, -- end of [416]
	[417] = 
	{
		y	=	-121523.5703125,
		x	=	-31402.33203125,
		heading	=	0,
		unitId	=	352,
		speed	=	0,
		coalition	=	"blue",
		country	=	0,
		type	=	"ZSU-23-4 Shilka",
	}, -- end of [417]
	[418] = 
	{
		y	=	-120963.9609375,
		x	=	-31594.62890625,
		heading	=	-2.2739538659174e-13,
		unitId	=	353,
		speed	=	0,
		coalition	=	"blue",
		country	=	0,
		type	=	"Tor 9A331",
	}, -- end of [418]
	[419] = 
	{
		y	=	-170993.0625,
		x	=	-26874.16796875,
		heading	=	-5.6843401920149e-14,
		unitId	=	357,
		speed	=	0,
		coalition	=	"blue",
		country	=	0,
		type	=	"ZSU-23-4 Shilka",
	}, -- end of [419]
	[420] = 
	{
		y	=	-169757.890625,
		x	=	-27543.921875,
		heading	=	0,
		unitId	=	362,
		speed	=	0,
		coalition	=	"blue",
		country	=	0,
		type	=	"Tor 9A331",
	}, -- end of [420]
	[421] = 
	{
		y	=	-92670.375,
		x	=	10367.321289063,
		heading	=	-6.2831854820251,
		unitId	=	368,
		speed	=	0,
		coalition	=	"blue",
		country	=	0,
		type	=	"ZSU-23-4 Shilka",
	}, -- end of [421]
	[422] = 
	{
		y	=	-109324.3203125,
		x	=	9096.2060546875,
		heading	=	0,
		unitId	=	369,
		speed	=	0,
		coalition	=	"blue",
		country	=	0,
		type	=	"Tor 9A331",
	}, -- end of [422]
	[423] = 
	{
		y	=	-92063.59375,
		x	=	11346.920898438,
		heading	=	0,
		unitId	=	370,
		speed	=	0,
		coalition	=	"blue",
		country	=	0,
		type	=	"Tor 9A331",
	}, -- end of [423]
	[424] = 
	{
		y	=	-141361,
		x	=	41550.92578125,
		heading	=	0,
		unitId	=	373,
		speed	=	0,
		coalition	=	"blue",
		country	=	0,
		type	=	"ZSU-23-4 Shilka",
	}, -- end of [424]
	[425] = 
	{
		y	=	-142343.59375,
		x	=	41404.9140625,
		heading	=	0,
		unitId	=	374,
		speed	=	0,
		coalition	=	"blue",
		country	=	0,
		type	=	"Tor 9A331",
	}, -- end of [425]
	[426] = 
	{
		y	=	-139576.578125,
		x	=	41838.37890625,
		heading	=	-1.1368697324689e-13,
		unitId	=	375,
		speed	=	0,
		coalition	=	"blue",
		country	=	0,
		type	=	"Tor 9A331",
	}, -- end of [426]
	[427] = 
	{
		y	=	-31666.359375,
		x	=	66369.4140625,
		heading	=	0,
		unitId	=	378,
		speed	=	0,
		coalition	=	"blue",
		country	=	0,
		type	=	"ZSU-23-4 Shilka",
	}, -- end of [427]
	[428] = 
	{
		y	=	-35158.71875,
		x	=	63270.16796875,
		heading	=	0,
		unitId	=	379,
		speed	=	0,
		coalition	=	"blue",
		country	=	0,
		type	=	"Tor 9A331",
	}, -- end of [428]
	[429] = 
	{
		y	=	-31453.734375,
		x	=	66134.5,
		heading	=	-3.6326475681692e-12,
		unitId	=	380,
		speed	=	0,
		coalition	=	"blue",
		country	=	0,
		type	=	"Tor 9A331",
	}, -- end of [429]
	[430] = 
	{
		y	=	-32204.833984375,
		x	=	65422.18359375,
		heading	=	-5.3756141662598,
		unitId	=	381,
		speed	=	0,
		coalition	=	"blue",
		country	=	0,
		type	=	"T-55",
	}, -- end of [430]
	[431] = 
	{
		y	=	-33178.2109375,
		x	=	64601.62890625,
		heading	=	0,
		unitId	=	382,
		speed	=	0,
		coalition	=	"blue",
		country	=	0,
		type	=	"T-55",
	}, -- end of [431]
	[432] = 
	{
		y	=	-225164.359375,
		x	=	42860.5078125,
		heading	=	0,
		unitId	=	383,
		speed	=	0,
		coalition	=	"blue",
		country	=	0,
		type	=	"T-55",
	}, -- end of [432]
	[433] = 
	{
		y	=	-227085.125,
		x	=	43111.421875,
		heading	=	0,
		unitId	=	384,
		speed	=	0,
		coalition	=	"blue",
		country	=	0,
		type	=	"Tor 9A331",
	}, -- end of [433]
	[434] = 
	{
		y	=	-223021.640625,
		x	=	42728.1484375,
		heading	=	0,
		unitId	=	385,
		speed	=	0,
		coalition	=	"blue",
		country	=	0,
		type	=	"Tor 9A331",
	}, -- end of [434]
	[435] = 
	{
		y	=	-287494.6875,
		x	=	76228.8359375,
		heading	=	-2.9111414667771e-11,
		unitId	=	388,
		speed	=	0,
		coalition	=	"blue",
		country	=	0,
		type	=	"ZSU-23-4 Shilka",
	}, -- end of [435]
	[436] = 
	{
		y	=	-288230,
		x	=	76429.375,
		heading	=	0,
		unitId	=	389,
		speed	=	0,
		coalition	=	"blue",
		country	=	0,
		type	=	"Tor 9A331",
	}, -- end of [436]
	[437] = 
	{
		y	=	-285544.0625,
		x	=	75441.4296875,
		heading	=	-5.8219901122314e-11,
		unitId	=	390,
		speed	=	0,
		coalition	=	"blue",
		country	=	0,
		type	=	"Tor 9A331",
	}, -- end of [437]
	[438] = 
	{
		y	=	-182582.109375,
		x	=	169157.765625,
		heading	=	0,
		unitId	=	393,
		speed	=	0,
		coalition	=	"blue",
		country	=	0,
		type	=	"ZSU-23-4 Shilka",
	}, -- end of [438]
	[439] = 
	{
		y	=	-183971.875,
		x	=	168916.3125,
		heading	=	0,
		unitId	=	394,
		speed	=	0,
		coalition	=	"blue",
		country	=	0,
		type	=	"Tor 9A331",
	}, -- end of [439]
	[440] = 
	{
		y	=	-180473.328125,
		x	=	168838.953125,
		heading	=	0,
		unitId	=	395,
		speed	=	0,
		coalition	=	"blue",
		country	=	0,
		type	=	"Tor 9A331",
	}, -- end of [440]
	[441] = 
	{
		y	=	-183077.71875,
		x	=	169234.34375,
		heading	=	0,
		unitId	=	396,
		speed	=	0,
		coalition	=	"blue",
		country	=	0,
		type	=	"T-55",
	}, -- end of [441]
	[442] = 
	{
		y	=	-7017.9033203125,
		x	=	109203.546875,
		heading	=	0,
		unitId	=	398,
		speed	=	0,
		coalition	=	"blue",
		country	=	0,
		type	=	"ZSU-23-4 Shilka",
	}, -- end of [442]
	[443] = 
	{
		y	=	-7375.2744140625,
		x	=	109131.765625,
		heading	=	0,
		unitId	=	399,
		speed	=	0,
		coalition	=	"blue",
		country	=	0,
		type	=	"Tor 9A331",
	}, -- end of [443]
	[444] = 
	{
		y	=	-5099.9409179688,
		x	=	109587.671875,
		heading	=	-9.0949502703358e-13,
		unitId	=	400,
		speed	=	0,
		coalition	=	"blue",
		country	=	0,
		type	=	"Tor 9A331",
	}, -- end of [444]
	[445] = 
	{
		y	=	-6910.2045898438,
		x	=	109223.9453125,
		heading	=	0,
		unitId	=	401,
		speed	=	0,
		coalition	=	"blue",
		country	=	0,
		type	=	"T-72B",
	}, -- end of [445]
	[446] = 
	{
		y	=	15043.538085938,
		x	=	116627.5703125,
		heading	=	0,
		unitId	=	403,
		speed	=	0,
		coalition	=	"blue",
		country	=	0,
		type	=	"ZSU-23-4 Shilka",
	}, -- end of [446]
	[447] = 
	{
		y	=	15111.875,
		x	=	116836.3515625,
		heading	=	0,
		unitId	=	404,
		speed	=	0,
		coalition	=	"blue",
		country	=	0,
		type	=	"Tor 9A331",
	}, -- end of [447]
	[448] = 
	{
		y	=	13583.181640625,
		x	=	113988.2109375,
		heading	=	-6.2831854820251,
		unitId	=	405,
		speed	=	0,
		coalition	=	"blue",
		country	=	0,
		type	=	"Tor 9A331",
	}, -- end of [448]
	[449] = 
	{
		y	=	140925.984375,
		x	=	283410.5,
		heading	=	0,
		unitId	=	408,
		speed	=	0,
		coalition	=	"blue",
		country	=	0,
		type	=	"ZSU-23-4 Shilka",
	}, -- end of [449]
	[450] = 
	{
		y	=	140297.90625,
		x	=	283679.9375,
		heading	=	0,
		unitId	=	409,
		speed	=	0,
		coalition	=	"blue",
		country	=	0,
		type	=	"Tor 9A331",
	}, -- end of [450]
	[451] = 
	{
		y	=	142948.3125,
		x	=	281499.5,
		heading	=	0,
		unitId	=	410,
		speed	=	0,
		coalition	=	"blue",
		country	=	0,
		type	=	"Tor 9A331",
	}, -- end of [451]
	[452] = 
	{
		y	=	-65180.5078125,
		x	=	-210396.1875,
		heading	=	0,
		unitId	=	411,
		speed	=	0,
		coalition	=	"blue",
		country	=	0,
		type	=	"ZSU-23-4 Shilka",
	}, -- end of [452]
	[453] = 
	{
		y	=	-64944.50390625,
		x	=	-208647.59375,
		heading	=	-6.2831854820251,
		unitId	=	412,
		speed	=	0,
		coalition	=	"blue",
		country	=	0,
		type	=	"Tor 9A331",
	}, -- end of [453]
	[454] = 
	{
		y	=	-65614.9765625,
		x	=	-213405.28125,
		heading	=	0,
		unitId	=	413,
		speed	=	0,
		coalition	=	"blue",
		country	=	0,
		type	=	"Tor 9A331",
	}, -- end of [454]
	[455] = 
	{
		y	=	-65223.41796875,
		x	=	-210589.28125,
		heading	=	0,
		unitId	=	414,
		speed	=	0,
		coalition	=	"blue",
		country	=	0,
		type	=	"T-55",
	}, -- end of [455]
	[456] = 
	{
		y	=	-65159.0546875,
		x	=	-211640.59375,
		heading	=	0,
		unitId	=	415,
		speed	=	0,
		coalition	=	"blue",
		country	=	0,
		type	=	"T-55",
	}, -- end of [456]
	[457] = 
	{
		y	=	-65841.171875,
		x	=	-141837.875,
		heading	=	-3.4179444313049,
		unitId	=	1112,
		speed	=	0,
		coalition	=	"blue",
		country	=	0,
		type	=	"Osa 9A33 ln",
	}, -- end of [457]
	[458] = 
	{
		y	=	-29894.09765625,
		x	=	-87689.4765625,
		heading	=	-3.4179444313049,
		unitId	=	1138,
		speed	=	0,
		coalition	=	"blue",
		country	=	0,
		type	=	"Strela-1 9P31",
	}, -- end of [458]
	[459] = 
	{
		y	=	-23817.095703125,
		x	=	84768.8828125,
		heading	=	-3.4179444313049,
		unitId	=	1147,
		speed	=	0,
		coalition	=	"blue",
		country	=	0,
		type	=	"Strela-1 9P31",
	}, -- end of [459]
	[460] = 
	{
		y	=	-191785.15625,
		x	=	64183.06640625,
		heading	=	-3.4179444313049,
		unitId	=	1156,
		speed	=	0,
		coalition	=	"blue",
		country	=	0,
		type	=	"Strela-1 9P31",
	}, -- end of [460]
	[461] = 
	{
		y	=	-202537.8125,
		x	=	148194.90625,
		heading	=	-3.4179444313049,
		unitId	=	1165,
		speed	=	0,
		coalition	=	"blue",
		country	=	0,
		type	=	"Strela-1 9P31",
	}, -- end of [461]
	[462] = 
	{
		y	=	145795.265625,
		x	=	259933.765625,
		heading	=	-3.4179444313049,
		unitId	=	1175,
		speed	=	0,
		coalition	=	"blue",
		country	=	0,
		type	=	"Strela-1 9P31",
	}, -- end of [462]
	[463] = 
	{
		y	=	-248105.453125,
		x	=	-275945.5,
		heading	=	-4.9043750762939,
		unitId	=	1488,
		speed	=	0,
		coalition	=	"blue",
		country	=	0,
		type	=	"Kub 2P25 ln",
	}, -- end of [463]
	[464] = 
	{
		y	=	-248489.09375,
		x	=	-275617.40625,
		heading	=	-4.9043750762939,
		unitId	=	1489,
		speed	=	0,
		coalition	=	"blue",
		country	=	0,
		type	=	"Kub 2P25 ln",
	}, -- end of [464]
	[465] = 
	{
		y	=	-248308.171875,
		x	=	-275790.15625,
		heading	=	-4.9043750762939,
		unitId	=	1490,
		speed	=	0,
		coalition	=	"blue",
		country	=	0,
		type	=	"Kub 2P25 ln",
	}, -- end of [465]
	[466] = 
	{
		y	=	-248376.9375,
		x	=	-275827.28125,
		heading	=	-4.9043750762939,
		unitId	=	1491,
		speed	=	0,
		coalition	=	"blue",
		country	=	0,
		type	=	"Kub 1S91 str",
	}, -- end of [466]
	[467] = 
	{
		y	=	-52546.33984375,
		x	=	-107128.3203125,
		heading	=	-3.4179444313049,
		unitId	=	1644,
		speed	=	0,
		coalition	=	"blue",
		country	=	0,
		type	=	"Osa 9A33 ln",
	}, -- end of [467]
	[468] = 
	{
		y	=	-16089.059570313,
		x	=	-18140.146484375,
		heading	=	-3.4179444313049,
		unitId	=	1662,
		speed	=	0,
		coalition	=	"blue",
		country	=	0,
		type	=	"Osa 9A33 ln",
	}, -- end of [468]
	[469] = 
	{
		y	=	-91978.65625,
		x	=	43059.7421875,
		heading	=	-3.4179444313049,
		unitId	=	1711,
		speed	=	0,
		coalition	=	"blue",
		country	=	0,
		type	=	"Osa 9A33 ln",
	}, -- end of [469]
	[470] = 
	{
		alt	=	4569.5,
		type	=	"KC130",
		country	=	2,
		coalition	=	"blue",
		x	=	-188066.203125,
		speed	=	174.69494628906,
		heading	=	-5.4037146568298,
		y	=	-251446.8125,
		unitId	=	1434,
	}, -- end of [470]
	[471] = 
	{
		alt	=	4568.2387695313,
		type	=	"KC-135",
		country	=	2,
		coalition	=	"blue",
		x	=	-192588.1875,
		speed	=	220.93524169922,
		heading	=	-5.5054793357849,
		y	=	-247286.59375,
		unitId	=	1435,
	}, -- end of [471]
	[472] = 
	{
		alt	=	4568.2387695313,
		type	=	"KC-135",
		country	=	2,
		coalition	=	"blue",
		x	=	-71101,
		speed	=	220.97222900391,
		heading	=	0.92288094758987,
		y	=	-116675.4140625,
		unitId	=	1436,
	}, -- end of [472]
	[473] = 
	{
		alt	=	4569.5,
		type	=	"KC130",
		country	=	2,
		coalition	=	"blue",
		x	=	-70281.3359375,
		speed	=	174.72222900391,
		heading	=	0.93677359819412,
		y	=	-118496.890625,
		unitId	=	1437,
	}, -- end of [473]
	[474] = 
	{
		alt	=	4568.2387695313,
		type	=	"KC-135",
		country	=	2,
		coalition	=	"blue",
		x	=	105437.6640625,
		speed	=	220.97222900391,
		heading	=	-1.6814535856247,
		y	=	-51879.890625,
		unitId	=	1438,
	}, -- end of [474]
	[475] = 
	{
		alt	=	4569.5,
		type	=	"KC130",
		country	=	2,
		coalition	=	"blue",
		x	=	98797.3515625,
		speed	=	174.72222900391,
		heading	=	-1.5707963705063,
		y	=	-50708.0703125,
		unitId	=	1439,
	}, -- end of [475]
	[476] = 
	{
		alt	=	9141.9541015625,
		type	=	"MQ-9 Reaper",
		country	=	2,
		coalition	=	"blue",
		x	=	-210854.609375,
		speed	=	46.25,
		heading	=	-1.8369040489197,
		y	=	-170706.328125,
		unitId	=	1442,
	}, -- end of [476]
	[477] = 
	{
		alt	=	9141.9541015625,
		type	=	"MQ-9 Reaper",
		country	=	2,
		coalition	=	"blue",
		x	=	-188654.828125,
		speed	=	46.25,
		heading	=	-1.941411614418,
		y	=	-158953,
		unitId	=	1443,
	}, -- end of [477]
	[478] = 
	{
		alt	=	9141.9541015625,
		type	=	"MQ-9 Reaper",
		country	=	2,
		coalition	=	"blue",
		x	=	-138980,
		speed	=	46.25,
		heading	=	-1.8238763809204,
		y	=	-106477.4765625,
		unitId	=	1444,
	}, -- end of [478]
	[479] = 
	{
		alt	=	9141.9541015625,
		type	=	"MQ-9 Reaper",
		country	=	2,
		coalition	=	"blue",
		x	=	-99894.171875,
		speed	=	46.25,
		heading	=	-1.8871026039124,
		y	=	-82639.71875,
		unitId	=	1445,
	}, -- end of [479]
	[480] = 
	{
		alt	=	9141.9541015625,
		type	=	"MQ-9 Reaper",
		country	=	2,
		coalition	=	"blue",
		x	=	-2469.2756347656,
		speed	=	46.25,
		heading	=	-1.2800533771515,
		y	=	6191.0625,
		unitId	=	1446,
	}, -- end of [480]
	[481] = 
	{
		alt	=	9141.9541015625,
		type	=	"MQ-9 Reaper",
		country	=	2,
		coalition	=	"blue",
		x	=	66214.578125,
		speed	=	46.25,
		heading	=	-1.2800533771515,
		y	=	-25403.509765625,
		unitId	=	1447,
	}, -- end of [481]
	[482] = 
	{
		alt	=	9141.9541015625,
		type	=	"MQ-9 Reaper",
		country	=	2,
		coalition	=	"blue",
		x	=	44284.21484375,
		speed	=	46.25,
		heading	=	-1.2800533771515,
		y	=	-221085.109375,
		unitId	=	1448,
	}, -- end of [482]
	[483] = 
	{
		alt	=	9141.9541015625,
		type	=	"MQ-9 Reaper",
		country	=	2,
		coalition	=	"blue",
		x	=	164717.46875,
		speed	=	46.25,
		heading	=	-0.40877848863602,
		y	=	-180398.046875,
		unitId	=	1449,
	}, -- end of [483]
	[484] = 
	{
		alt	=	9141.9541015625,
		type	=	"MQ-9 Reaper",
		country	=	2,
		coalition	=	"blue",
		x	=	114686.265625,
		speed	=	46.25,
		heading	=	-1.0905859470367,
		y	=	16467.025390625,
		unitId	=	1450,
	}, -- end of [484]
	[485] = 
	{
		alt	=	9141.9541015625,
		type	=	"MQ-9 Reaper",
		country	=	2,
		coalition	=	"blue",
		x	=	282273.3125,
		speed	=	46.25,
		heading	=	-1.3073643445969,
		y	=	144884.4375,
		unitId	=	1451,
	}, -- end of [485]
	[486] = 
	{
		alt	=	4569.5,
		type	=	"KC130",
		country	=	2,
		coalition	=	"blue",
		x	=	-179383.984375,
		speed	=	174.72222900391,
		heading	=	0.63707035779953,
		y	=	-225581.03125,
		unitId	=	1541,
	}, -- end of [486]
	[487] = 
	{
		alt	=	4568.2387695313,
		type	=	"KC-135",
		country	=	2,
		coalition	=	"blue",
		x	=	-175620.671875,
		speed	=	220.97222900391,
		heading	=	0.84654635190964,
		y	=	-226631.140625,
		unitId	=	1542,
	}, -- end of [487]
	[488] = 
	{
		alt	=	13096.23828125,
		type	=	"E-3A",
		country	=	2,
		coalition	=	"blue",
		x	=	-57094.35546875,
		speed	=	138.88888549805,
		heading	=	-0.19673292338848,
		y	=	24669.75,
		unitId	=	1563,
	}, -- end of [488]
	[489] = 
	{
		y	=	-139192.078125,
		x	=	-213340.953125,
		heading	=	-3.4179444313049,
		unitId	=	1107,
		speed	=	0,
		coalition	=	"blue",
		country	=	2,
		type	=	"Roland ADS",
	}, -- end of [489]
	[490] = 
	{
		y	=	-139171.765625,
		x	=	-213344.0625,
		heading	=	-3.4179444313049,
		unitId	=	1108,
		speed	=	0,
		coalition	=	"blue",
		country	=	2,
		type	=	"Roland Radar",
	}, -- end of [490]
	[491] = 
	{
		y	=	-65736.15625,
		x	=	-141841.6875,
		heading	=	-0.50614535808563,
		unitId	=	1607,
		speed	=	0,
		coalition	=	"blue",
		country	=	2,
		type	=	"M1045 HMMWV TOW",
	}, -- end of [491]
	[492] = 
	{
		y	=	-139321.609375,
		x	=	-213543.203125,
		unitId	=	1097,
		heading	=	-0,
		coalition	=	"blue",
		country	=	2,
		type	=	"FARP",
	}, -- end of [492]
} -- end of world_state
